-- The C compiler identification is GNU 11.4.0
-- The CXX compiler identification is GNU 11.4.0
-- Detecting C compiler ABI info
-- Detecting C compiler ABI info - done
-- Check for working C compiler: /usr/bin/cc - skipped
-- Detecting C compile features
-- Detecting C compile features - done
-- Detecting CXX compiler ABI info
-- Detecting CXX compiler ABI info - done
-- Check for working CXX compiler: /usr/bin/c++ - skipped
-- Detecting CXX compile features
-- Detecting CXX compile features - done
-- Found ament_cmake: 1.3.11 (/opt/ros/humble/share/ament_cmake/cmake)
-- Found Python3: /usr/bin/python3 (found version "3.10.12") found components: Interpreter 
-- Found rclcpp: 16.0.11 (/opt/ros/humble/share/rclcpp/cmake)
-- Found rosidl_generator_c: 3.1.6 (/opt/ros/humble/share/rosidl_generator_c/cmake)
-- Found rosidl_adapter: 3.1.6 (/opt/ros/humble/share/rosidl_adapter/cmake)
-- Found rosidl_generator_cpp: 3.1.6 (/opt/ros/humble/share/rosidl_generator_cpp/cmake)
-- Using all available rosidl_typesupport_c: rosidl_typesupport_fastrtps_c;rosidl_typesupport_introspection_c
-- Using all available rosidl_typesupport_cpp: rosidl_typesupport_fastrtps_cpp;rosidl_typesupport_introspection_cpp
-- Found rmw_implementation_cmake: 6.1.2 (/opt/ros/humble/share/rmw_implementation_cmake/cmake)
-- Found rmw_fastrtps_cpp: 6.2.7 (/opt/ros/humble/share/rmw_fastrtps_cpp/cmake)
-- Found OpenSSL: /usr/lib/x86_64-linux-gnu/libcrypto.so (found version "3.0.2")  
-- Found FastRTPS: /opt/ros/humble/include  
-- Using RMW implementation 'rmw_fastrtps_cpp' as default
-- Looking for pthread.h
-- Looking for pthread.h - found
-- Performing Test CMAKE_HAVE_LIBC_PTHREAD
-- Performing Test CMAKE_HAVE_LIBC_PTHREAD - Success
-- Found Threads: TRUE  
-- Found rosidl_default_generators: 1.2.0 (/opt/ros/humble/share/rosidl_default_generators/cmake)
-- Found ament_cmake_ros: 0.10.0 (/opt/ros/humble/share/ament_cmake_ros/cmake)
-- Using all available rosidl_typesupport_c: rosidl_typesupport_fastrtps_c;rosidl_typesupport_introspection_c
-- Using all available rosidl_typesupport_cpp: rosidl_typesupport_fastrtps_cpp;rosidl_typesupport_introspection_cpp
-- Found PythonInterp: /usr/bin/python3 (found suitable version "3.10.12", minimum required is "3.6") 
-- Found python_cmake_module: 0.10.0 (/opt/ros/humble/share/python_cmake_module/cmake)
-- Found PythonLibs: /usr/lib/x86_64-linux-gnu/libpython3.10.so (found suitable version "3.10.12", minimum required is "3.5") 
-- Using PYTHON_EXECUTABLE: /usr/bin/python3
-- Using PYTHON_INCLUDE_DIRS: /usr/include/python3.10
-- Using PYTHON_LIBRARIES: /usr/lib/x86_64-linux-gnu/libpython3.10.so
-- Found PythonExtra: .so  
-- Found ament_lint_auto: 0.12.11 (/opt/ros/humble/share/ament_lint_auto/cmake)
-- Added test 'cppcheck' to perform static code analysis on C / C++ code
-- Configured cppcheck include dirs: 
-- Configured cppcheck exclude dirs and/or files: 
-- Added test 'lint_cmake' to check CMake code style
-- Added test 'uncrustify' to check C / C++ code style
-- Configured uncrustify additional arguments: 
-- Added test 'xmllint' to check XML markup files
-- Configuring done
-- Generating done
-- Build files have been written to: /home/audric/Documents/GitHub/Tugas-Aksantara/build/map_manager
[  1%] [34m[1mGenerating C code for ROS interfaces[0m
[  3%] [34m[1mGenerating C++ code for ROS interfaces[0m
[  5%] [32mBuilding CXX object CMakeFiles/map_subscribe.dir/src/map_subscriber_function.cpp.o[0m
[  5%] Built target ament_cmake_python_copy_map_manager
running egg_info
creating map_manager.egg-info
writing map_manager.egg-info/PKG-INFO
writing dependency_links to map_manager.egg-info/dependency_links.txt
writing top-level names to map_manager.egg-info/top_level.txt
writing manifest file 'map_manager.egg-info/SOURCES.txt'
reading manifest file 'map_manager.egg-info/SOURCES.txt'
writing manifest file 'map_manager.egg-info/SOURCES.txt'
[  5%] Built target ament_cmake_python_build_map_manager_egg
[  5%] Built target map_manager__cpp
[  7%] [32mBuilding C object CMakeFiles/map_manager__rosidl_generator_c.dir/rosidl_generator_c/map_manager/msg/detail/map_state__functions.c.o[0m
[  9%] [32mBuilding C object CMakeFiles/map_manager__rosidl_generator_c.dir/rosidl_generator_c/map_manager/srv/detail/add_obstacle__functions.c.o[0m
[ 10%] [32mBuilding C object CMakeFiles/map_manager__rosidl_generator_c.dir/rosidl_generator_c/map_manager/srv/detail/add_victim__functions.c.o[0m
[ 16%] [34m[1mGenerating C++ type support for eProsima Fast-RTPS[0m
[ 16%] [34m[1mGenerating C++ type support dispatch for ROS interfaces[0m
[ 16%] [34m[1mGenerating C++ introspection for ROS interfaces[0m
[ 18%] [32m[1mLinking C shared library libmap_manager__rosidl_generator_c.so[0m
[ 18%] Built target map_manager__rosidl_generator_c
[ 23%] [34m[1mGenerating C type support dispatch for ROS interfaces[0m
[ 23%] [34m[1mGenerating C introspection for ROS interfaces[0m
[ 23%] [34m[1mGenerating C type support for eProsima Fast-RTPS[0m
[ 27%] [32mBuilding CXX object CMakeFiles/map_manager__rosidl_typesupport_cpp.dir/rosidl_typesupport_cpp/map_manager/msg/map_state__type_support.cpp.o[0m
[ 27%] [32mBuilding CXX object CMakeFiles/map_manager__rosidl_typesupport_cpp.dir/rosidl_typesupport_cpp/map_manager/srv/add_victim__type_support.cpp.o[0m
[ 29%] [32mBuilding CXX object CMakeFiles/map_manager__rosidl_typesupport_cpp.dir/rosidl_typesupport_cpp/map_manager/srv/add_obstacle__type_support.cpp.o[0m
[ 34%] [32mBuilding CXX object CMakeFiles/map_manager__rosidl_typesupport_introspection_cpp.dir/rosidl_typesupport_introspection_cpp/map_manager/srv/detail/add_obstacle__type_support.cpp.o[0m
[ 34%] [32mBuilding CXX object CMakeFiles/map_manager__rosidl_typesupport_introspection_cpp.dir/rosidl_typesupport_introspection_cpp/map_manager/srv/detail/add_victim__type_support.cpp.o[0m
[ 34%] [32mBuilding CXX object CMakeFiles/map_manager__rosidl_typesupport_introspection_cpp.dir/rosidl_typesupport_introspection_cpp/map_manager/msg/detail/map_state__type_support.cpp.o[0m
[ 40%] [32mBuilding CXX object CMakeFiles/map_manager__rosidl_typesupport_fastrtps_cpp.dir/rosidl_typesupport_fastrtps_cpp/map_manager/msg/detail/dds_fastrtps/map_state__type_support.cpp.o[0m
[ 40%] [32mBuilding CXX object CMakeFiles/map_manager__rosidl_typesupport_fastrtps_cpp.dir/rosidl_typesupport_fastrtps_cpp/map_manager/srv/detail/dds_fastrtps/add_victim__type_support.cpp.o[0m
[ 40%] [32mBuilding CXX object CMakeFiles/map_manager__rosidl_typesupport_fastrtps_cpp.dir/rosidl_typesupport_fastrtps_cpp/map_manager/srv/detail/dds_fastrtps/add_obstacle__type_support.cpp.o[0m
[ 45%] [32mBuilding CXX object CMakeFiles/map_manager__rosidl_typesupport_c.dir/rosidl_typesupport_c/map_manager/srv/add_obstacle__type_support.cpp.o[0m
[ 45%] [32mBuilding CXX object CMakeFiles/map_manager__rosidl_typesupport_c.dir/rosidl_typesupport_c/map_manager/msg/map_state__type_support.cpp.o[0m
[ 45%] [32mBuilding CXX object CMakeFiles/map_manager__rosidl_typesupport_c.dir/rosidl_typesupport_c/map_manager/srv/add_victim__type_support.cpp.o[0m
[ 47%] [32m[1mLinking CXX shared library libmap_manager__rosidl_typesupport_c.so[0m
[ 49%] [32mBuilding C object CMakeFiles/map_manager__rosidl_typesupport_introspection_c.dir/rosidl_typesupport_introspection_c/map_manager/msg/detail/map_state__type_support.c.o[0m
[ 50%] [32mBuilding C object CMakeFiles/map_manager__rosidl_typesupport_introspection_c.dir/rosidl_typesupport_introspection_c/map_manager/srv/detail/add_obstacle__type_support.c.o[0m
[ 52%] [32mBuilding C object CMakeFiles/map_manager__rosidl_typesupport_introspection_c.dir/rosidl_typesupport_introspection_c/map_manager/srv/detail/add_victim__type_support.c.o[0m
[ 52%] Built target map_manager__rosidl_typesupport_c
[ 54%] [32m[1mLinking C shared library libmap_manager__rosidl_typesupport_introspection_c.so[0m
[ 60%] [32mBuilding CXX object CMakeFiles/map_manager__rosidl_typesupport_fastrtps_c.dir/rosidl_typesupport_fastrtps_c/map_manager/srv/detail/add_victim__type_support_c.cpp.o[0m
[ 60%] [32mBuilding CXX object CMakeFiles/map_manager__rosidl_typesupport_fastrtps_c.dir/rosidl_typesupport_fastrtps_c/map_manager/msg/detail/map_state__type_support_c.cpp.o[0m
[ 60%] [32mBuilding CXX object CMakeFiles/map_manager__rosidl_typesupport_fastrtps_c.dir/rosidl_typesupport_fastrtps_c/map_manager/srv/detail/add_obstacle__type_support_c.cpp.o[0m
[ 60%] Built target map_manager__rosidl_typesupport_introspection_c
[ 61%] [32m[1mLinking CXX shared library libmap_manager__rosidl_typesupport_cpp.so[0m
[ 61%] Built target map_manager__rosidl_typesupport_cpp
[ 67%] [32mBuilding CXX object CMakeFiles/map_publish.dir/src/map_publisher_function.cpp.o[0m
[ 67%] [32mBuilding CXX object CMakeFiles/add_victim.dir/src/add_victim.cpp.o[0m
[ 67%] [32mBuilding CXX object CMakeFiles/add_obstacle.dir/src/add_obstacle.cpp.o[0m
[ 69%] [32m[1mLinking CXX shared library libmap_manager__rosidl_typesupport_introspection_cpp.so[0m
[ 70%] [32m[1mLinking CXX shared library libmap_manager__rosidl_typesupport_fastrtps_cpp.so[0m
[ 70%] Built target map_manager__rosidl_typesupport_introspection_cpp
[ 72%] [32m[1mLinking CXX shared library libmap_manager__rosidl_typesupport_fastrtps_c.so[0m
[ 72%] Built target map_manager__rosidl_typesupport_fastrtps_cpp
[ 72%] Built target map_manager__rosidl_typesupport_fastrtps_c
[ 72%] Built target map_manager
[ 74%] [34m[1mGenerating Python code for ROS interfaces[0m
[ 74%] Built target map_manager__py
[ 80%] [32mBuilding C object CMakeFiles/map_manager__rosidl_generator_py.dir/rosidl_generator_py/map_manager/srv/_add_victim_s.c.o[0m
[ 80%] [32mBuilding C object CMakeFiles/map_manager__rosidl_generator_py.dir/rosidl_generator_py/map_manager/msg/_map_state_s.c.o[0m
[ 80%] [32mBuilding C object CMakeFiles/map_manager__rosidl_generator_py.dir/rosidl_generator_py/map_manager/srv/_add_obstacle_s.c.o[0m
[ 81%] [32m[1mLinking C shared library rosidl_generator_py/map_manager/libmap_manager__rosidl_generator_py.so[0m
[ 81%] Built target map_manager__rosidl_generator_py
[ 87%] [32mBuilding C object CMakeFiles/map_manager__rosidl_typesupport_fastrtps_c__pyext.dir/rosidl_generator_py/map_manager/_map_manager_s.ep.rosidl_typesupport_fastrtps_c.c.o[0m
[ 87%] [32mBuilding C object CMakeFiles/map_manager__rosidl_typesupport_c__pyext.dir/rosidl_generator_py/map_manager/_map_manager_s.ep.rosidl_typesupport_c.c.o[0m
[ 87%] [32mBuilding C object CMakeFiles/map_manager__rosidl_typesupport_introspection_c__pyext.dir/rosidl_generator_py/map_manager/_map_manager_s.ep.rosidl_typesupport_introspection_c.c.o[0m
[ 92%] [32m[1mLinking C shared library rosidl_generator_py/map_manager/map_manager_s__rosidl_typesupport_fastrtps_c.cpython-310-x86_64-linux-gnu.so[0m
[ 92%] [32m[1mLinking C shared library rosidl_generator_py/map_manager/map_manager_s__rosidl_typesupport_c.cpython-310-x86_64-linux-gnu.so[0m
[ 92%] [32m[1mLinking C shared library rosidl_generator_py/map_manager/map_manager_s__rosidl_typesupport_introspection_c.cpython-310-x86_64-linux-gnu.so[0m
[ 92%] Built target map_manager__rosidl_typesupport_c__pyext
[ 92%] Built target map_manager__rosidl_typesupport_fastrtps_c__pyext
[ 92%] Built target map_manager__rosidl_typesupport_introspection_c__pyext
[ 94%] [32m[1mLinking CXX executable add_victim[0m
[ 96%] [32m[1mLinking CXX executable add_obstacle[0m
[ 96%] Built target add_obstacle
[ 96%] Built target add_victim
[ 98%] [32m[1mLinking CXX executable map_publish[0m
[ 98%] Built target map_publish
[100%] [32m[1mLinking CXX executable map_subscribe[0m
[100%] Built target map_subscribe
-- Install configuration: ""
-- Installing: /home/audric/Documents/GitHub/Tugas-Aksantara/install/map_manager/share/ament_index/resource_index/rosidl_interfaces/map_manager
-- Installing: /home/audric/Documents/GitHub/Tugas-Aksantara/install/map_manager/include/map_manager/map_manager
-- Installing: /home/audric/Documents/GitHub/Tugas-Aksantara/install/map_manager/include/map_manager/map_manager/msg
-- Installing: /home/audric/Documents/GitHub/Tugas-Aksantara/install/map_manager/include/map_manager/map_manager/msg/detail
-- Installing: /home/audric/Documents/GitHub/Tugas-Aksantara/install/map_manager/include/map_manager/map_manager/msg/detail/map_state__functions.c
-- Installing: /home/audric/Documents/GitHub/Tugas-Aksantara/install/map_manager/include/map_manager/map_manager/msg/detail/map_state__type_support.h
-- Installing: /home/audric/Documents/GitHub/Tugas-Aksantara/install/map_manager/include/map_manager/map_manager/msg/detail/map_state__functions.h
-- Installing: /home/audric/Documents/GitHub/Tugas-Aksantara/install/map_manager/include/map_manager/map_manager/msg/detail/map_state__struct.h
-- Installing: /home/audric/Documents/GitHub/Tugas-Aksantara/install/map_manager/include/map_manager/map_manager/msg/rosidl_generator_c__visibility_control.h
-- Installing: /home/audric/Documents/GitHub/Tugas-Aksantara/install/map_manager/include/map_manager/map_manager/msg/map_state.h
-- Installing: /home/audric/Documents/GitHub/Tugas-Aksantara/install/map_manager/include/map_manager/map_manager/srv
-- Installing: /home/audric/Documents/GitHub/Tugas-Aksantara/install/map_manager/include/map_manager/map_manager/srv/detail
-- Installing: /home/audric/Documents/GitHub/Tugas-Aksantara/install/map_manager/include/map_manager/map_manager/srv/detail/add_obstacle__functions.h
-- Installing: /home/audric/Documents/GitHub/Tugas-Aksantara/install/map_manager/include/map_manager/map_manager/srv/detail/add_obstacle__struct.h
-- Installing: /home/audric/Documents/GitHub/Tugas-Aksantara/install/map_manager/include/map_manager/map_manager/srv/detail/add_obstacle__functions.c
-- Installing: /home/audric/Documents/GitHub/Tugas-Aksantara/install/map_manager/include/map_manager/map_manager/srv/detail/add_victim__type_support.h
-- Installing: /home/audric/Documents/GitHub/Tugas-Aksantara/install/map_manager/include/map_manager/map_manager/srv/detail/add_obstacle__type_support.h
-- Installing: /home/audric/Documents/GitHub/Tugas-Aksantara/install/map_manager/include/map_manager/map_manager/srv/detail/add_victim__struct.h
-- Installing: /home/audric/Documents/GitHub/Tugas-Aksantara/install/map_manager/include/map_manager/map_manager/srv/detail/add_victim__functions.h
-- Installing: /home/audric/Documents/GitHub/Tugas-Aksantara/install/map_manager/include/map_manager/map_manager/srv/detail/add_victim__functions.c
-- Installing: /home/audric/Documents/GitHub/Tugas-Aksantara/install/map_manager/include/map_manager/map_manager/srv/add_obstacle.h
-- Installing: /home/audric/Documents/GitHub/Tugas-Aksantara/install/map_manager/include/map_manager/map_manager/srv/add_victim.h
-- Installing: /home/audric/Documents/GitHub/Tugas-Aksantara/install/map_manager/share/map_manager/environment/library_path.sh
-- Installing: /home/audric/Documents/GitHub/Tugas-Aksantara/install/map_manager/share/map_manager/environment/library_path.dsv
-- Installing: /home/audric/Documents/GitHub/Tugas-Aksantara/install/map_manager/lib/libmap_manager__rosidl_generator_c.so
-- Set runtime path of "/home/audric/Documents/GitHub/Tugas-Aksantara/install/map_manager/lib/libmap_manager__rosidl_generator_c.so" to ""
-- Up-to-date: /home/audric/Documents/GitHub/Tugas-Aksantara/install/map_manager/include/map_manager/map_manager
-- Up-to-date: /home/audric/Documents/GitHub/Tugas-Aksantara/install/map_manager/include/map_manager/map_manager/msg
-- Up-to-date: /home/audric/Documents/GitHub/Tugas-Aksantara/install/map_manager/include/map_manager/map_manager/msg/detail
-- Installing: /home/audric/Documents/GitHub/Tugas-Aksantara/install/map_manager/include/map_manager/map_manager/msg/detail/map_state__rosidl_typesupport_fastrtps_c.h
-- Installing: /home/audric/Documents/GitHub/Tugas-Aksantara/install/map_manager/include/map_manager/map_manager/msg/rosidl_typesupport_fastrtps_c__visibility_control.h
-- Up-to-date: /home/audric/Documents/GitHub/Tugas-Aksantara/install/map_manager/include/map_manager/map_manager/srv
-- Up-to-date: /home/audric/Documents/GitHub/Tugas-Aksantara/install/map_manager/include/map_manager/map_manager/srv/detail
-- Installing: /home/audric/Documents/GitHub/Tugas-Aksantara/install/map_manager/include/map_manager/map_manager/srv/detail/add_victim__rosidl_typesupport_fastrtps_c.h
-- Installing: /home/audric/Documents/GitHub/Tugas-Aksantara/install/map_manager/include/map_manager/map_manager/srv/detail/add_obstacle__rosidl_typesupport_fastrtps_c.h
-- Installing: /home/audric/Documents/GitHub/Tugas-Aksantara/install/map_manager/lib/libmap_manager__rosidl_typesupport_fastrtps_c.so
-- Set runtime path of "/home/audric/Documents/GitHub/Tugas-Aksantara/install/map_manager/lib/libmap_manager__rosidl_typesupport_fastrtps_c.so" to ""
-- Up-to-date: /home/audric/Documents/GitHub/Tugas-Aksantara/install/map_manager/include/map_manager/map_manager
-- Up-to-date: /home/audric/Documents/GitHub/Tugas-Aksantara/install/map_manager/include/map_manager/map_manager/msg
-- Up-to-date: /home/audric/Documents/GitHub/Tugas-Aksantara/install/map_manager/include/map_manager/map_manager/msg/detail
-- Installing: /home/audric/Documents/GitHub/Tugas-Aksantara/install/map_manager/include/map_manager/map_manager/msg/detail/map_state__builder.hpp
-- Installing: /home/audric/Documents/GitHub/Tugas-Aksantara/install/map_manager/include/map_manager/map_manager/msg/detail/map_state__traits.hpp
-- Installing: /home/audric/Documents/GitHub/Tugas-Aksantara/install/map_manager/include/map_manager/map_manager/msg/detail/map_state__type_support.hpp
-- Installing: /home/audric/Documents/GitHub/Tugas-Aksantara/install/map_manager/include/map_manager/map_manager/msg/detail/map_state__struct.hpp
-- Installing: /home/audric/Documents/GitHub/Tugas-Aksantara/install/map_manager/include/map_manager/map_manager/msg/rosidl_generator_cpp__visibility_control.hpp
-- Installing: /home/audric/Documents/GitHub/Tugas-Aksantara/install/map_manager/include/map_manager/map_manager/msg/map_state.hpp
-- Up-to-date: /home/audric/Documents/GitHub/Tugas-Aksantara/install/map_manager/include/map_manager/map_manager/srv
-- Up-to-date: /home/audric/Documents/GitHub/Tugas-Aksantara/install/map_manager/include/map_manager/map_manager/srv/detail
-- Installing: /home/audric/Documents/GitHub/Tugas-Aksantara/install/map_manager/include/map_manager/map_manager/srv/detail/add_obstacle__traits.hpp
-- Installing: /home/audric/Documents/GitHub/Tugas-Aksantara/install/map_manager/include/map_manager/map_manager/srv/detail/add_victim__struct.hpp
-- Installing: /home/audric/Documents/GitHub/Tugas-Aksantara/install/map_manager/include/map_manager/map_manager/srv/detail/add_victim__traits.hpp
-- Installing: /home/audric/Documents/GitHub/Tugas-Aksantara/install/map_manager/include/map_manager/map_manager/srv/detail/add_obstacle__type_support.hpp
-- Installing: /home/audric/Documents/GitHub/Tugas-Aksantara/install/map_manager/include/map_manager/map_manager/srv/detail/add_obstacle__builder.hpp
-- Installing: /home/audric/Documents/GitHub/Tugas-Aksantara/install/map_manager/include/map_manager/map_manager/srv/detail/add_obstacle__struct.hpp
-- Installing: /home/audric/Documents/GitHub/Tugas-Aksantara/install/map_manager/include/map_manager/map_manager/srv/detail/add_victim__builder.hpp
-- Installing: /home/audric/Documents/GitHub/Tugas-Aksantara/install/map_manager/include/map_manager/map_manager/srv/detail/add_victim__type_support.hpp
-- Installing: /home/audric/Documents/GitHub/Tugas-Aksantara/install/map_manager/include/map_manager/map_manager/srv/add_obstacle.hpp
-- Installing: /home/audric/Documents/GitHub/Tugas-Aksantara/install/map_manager/include/map_manager/map_manager/srv/add_victim.hpp
-- Up-to-date: /home/audric/Documents/GitHub/Tugas-Aksantara/install/map_manager/include/map_manager/map_manager
-- Up-to-date: /home/audric/Documents/GitHub/Tugas-Aksantara/install/map_manager/include/map_manager/map_manager/msg
-- Up-to-date: /home/audric/Documents/GitHub/Tugas-Aksantara/install/map_manager/include/map_manager/map_manager/msg/detail
-- Installing: /home/audric/Documents/GitHub/Tugas-Aksantara/install/map_manager/include/map_manager/map_manager/msg/detail/dds_fastrtps
-- Installing: /home/audric/Documents/GitHub/Tugas-Aksantara/install/map_manager/include/map_manager/map_manager/msg/detail/map_state__rosidl_typesupport_fastrtps_cpp.hpp
-- Installing: /home/audric/Documents/GitHub/Tugas-Aksantara/install/map_manager/include/map_manager/map_manager/msg/rosidl_typesupport_fastrtps_cpp__visibility_control.h
-- Up-to-date: /home/audric/Documents/GitHub/Tugas-Aksantara/install/map_manager/include/map_manager/map_manager/srv
-- Up-to-date: /home/audric/Documents/GitHub/Tugas-Aksantara/install/map_manager/include/map_manager/map_manager/srv/detail
-- Installing: /home/audric/Documents/GitHub/Tugas-Aksantara/install/map_manager/include/map_manager/map_manager/srv/detail/dds_fastrtps
-- Installing: /home/audric/Documents/GitHub/Tugas-Aksantara/install/map_manager/include/map_manager/map_manager/srv/detail/add_victim__rosidl_typesupport_fastrtps_cpp.hpp
-- Installing: /home/audric/Documents/GitHub/Tugas-Aksantara/install/map_manager/include/map_manager/map_manager/srv/detail/add_obstacle__rosidl_typesupport_fastrtps_cpp.hpp
-- Installing: /home/audric/Documents/GitHub/Tugas-Aksantara/install/map_manager/lib/libmap_manager__rosidl_typesupport_fastrtps_cpp.so
-- Set runtime path of "/home/audric/Documents/GitHub/Tugas-Aksantara/install/map_manager/lib/libmap_manager__rosidl_typesupport_fastrtps_cpp.so" to ""
-- Up-to-date: /home/audric/Documents/GitHub/Tugas-Aksantara/install/map_manager/include/map_manager/map_manager
-- Up-to-date: /home/audric/Documents/GitHub/Tugas-Aksantara/install/map_manager/include/map_manager/map_manager/msg
-- Up-to-date: /home/audric/Documents/GitHub/Tugas-Aksantara/install/map_manager/include/map_manager/map_manager/msg/detail
-- Installing: /home/audric/Documents/GitHub/Tugas-Aksantara/install/map_manager/include/map_manager/map_manager/msg/detail/map_state__type_support.c
-- Installing: /home/audric/Documents/GitHub/Tugas-Aksantara/install/map_manager/include/map_manager/map_manager/msg/detail/map_state__rosidl_typesupport_introspection_c.h
-- Installing: /home/audric/Documents/GitHub/Tugas-Aksantara/install/map_manager/include/map_manager/map_manager/msg/rosidl_typesupport_introspection_c__visibility_control.h
-- Up-to-date: /home/audric/Documents/GitHub/Tugas-Aksantara/install/map_manager/include/map_manager/map_manager/srv
-- Up-to-date: /home/audric/Documents/GitHub/Tugas-Aksantara/install/map_manager/include/map_manager/map_manager/srv/detail
-- Installing: /home/audric/Documents/GitHub/Tugas-Aksantara/install/map_manager/include/map_manager/map_manager/srv/detail/add_obstacle__type_support.c
-- Installing: /home/audric/Documents/GitHub/Tugas-Aksantara/install/map_manager/include/map_manager/map_manager/srv/detail/add_victim__type_support.c
-- Installing: /home/audric/Documents/GitHub/Tugas-Aksantara/install/map_manager/include/map_manager/map_manager/srv/detail/add_victim__rosidl_typesupport_introspection_c.h
-- Installing: /home/audric/Documents/GitHub/Tugas-Aksantara/install/map_manager/include/map_manager/map_manager/srv/detail/add_obstacle__rosidl_typesupport_introspection_c.h
-- Installing: /home/audric/Documents/GitHub/Tugas-Aksantara/install/map_manager/lib/libmap_manager__rosidl_typesupport_introspection_c.so
-- Set runtime path of "/home/audric/Documents/GitHub/Tugas-Aksantara/install/map_manager/lib/libmap_manager__rosidl_typesupport_introspection_c.so" to ""
-- Installing: /home/audric/Documents/GitHub/Tugas-Aksantara/install/map_manager/lib/libmap_manager__rosidl_typesupport_c.so
-- Set runtime path of "/home/audric/Documents/GitHub/Tugas-Aksantara/install/map_manager/lib/libmap_manager__rosidl_typesupport_c.so" to ""
-- Up-to-date: /home/audric/Documents/GitHub/Tugas-Aksantara/install/map_manager/include/map_manager/map_manager
-- Up-to-date: /home/audric/Documents/GitHub/Tugas-Aksantara/install/map_manager/include/map_manager/map_manager/msg
-- Up-to-date: /home/audric/Documents/GitHub/Tugas-Aksantara/install/map_manager/include/map_manager/map_manager/msg/detail
-- Installing: /home/audric/Documents/GitHub/Tugas-Aksantara/install/map_manager/include/map_manager/map_manager/msg/detail/map_state__rosidl_typesupport_introspection_cpp.hpp
-- Installing: /home/audric/Documents/GitHub/Tugas-Aksantara/install/map_manager/include/map_manager/map_manager/msg/detail/map_state__type_support.cpp
-- Up-to-date: /home/audric/Documents/GitHub/Tugas-Aksantara/install/map_manager/include/map_manager/map_manager/srv
-- Up-to-date: /home/audric/Documents/GitHub/Tugas-Aksantara/install/map_manager/include/map_manager/map_manager/srv/detail
-- Installing: /home/audric/Documents/GitHub/Tugas-Aksantara/install/map_manager/include/map_manager/map_manager/srv/detail/add_victim__rosidl_typesupport_introspection_cpp.hpp
-- Installing: /home/audric/Documents/GitHub/Tugas-Aksantara/install/map_manager/include/map_manager/map_manager/srv/detail/add_victim__type_support.cpp
-- Installing: /home/audric/Documents/GitHub/Tugas-Aksantara/install/map_manager/include/map_manager/map_manager/srv/detail/add_obstacle__type_support.cpp
-- Installing: /home/audric/Documents/GitHub/Tugas-Aksantara/install/map_manager/include/map_manager/map_manager/srv/detail/add_obstacle__rosidl_typesupport_introspection_cpp.hpp
-- Installing: /home/audric/Documents/GitHub/Tugas-Aksantara/install/map_manager/lib/libmap_manager__rosidl_typesupport_introspection_cpp.so
-- Set runtime path of "/home/audric/Documents/GitHub/Tugas-Aksantara/install/map_manager/lib/libmap_manager__rosidl_typesupport_introspection_cpp.so" to ""
-- Installing: /home/audric/Documents/GitHub/Tugas-Aksantara/install/map_manager/lib/libmap_manager__rosidl_typesupport_cpp.so
-- Set runtime path of "/home/audric/Documents/GitHub/Tugas-Aksantara/install/map_manager/lib/libmap_manager__rosidl_typesupport_cpp.so" to ""
-- Installing: /home/audric/Documents/GitHub/Tugas-Aksantara/install/map_manager/share/map_manager/environment/pythonpath.sh
-- Installing: /home/audric/Documents/GitHub/Tugas-Aksantara/install/map_manager/share/map_manager/environment/pythonpath.dsv
-- Installing: /home/audric/Documents/GitHub/Tugas-Aksantara/install/map_manager/local/lib/python3.10/dist-packages/map_manager-0.0.0-py3.10.egg-info
-- Installing: /home/audric/Documents/GitHub/Tugas-Aksantara/install/map_manager/local/lib/python3.10/dist-packages/map_manager-0.0.0-py3.10.egg-info/PKG-INFO
-- Installing: /home/audric/Documents/GitHub/Tugas-Aksantara/install/map_manager/local/lib/python3.10/dist-packages/map_manager-0.0.0-py3.10.egg-info/top_level.txt
-- Installing: /home/audric/Documents/GitHub/Tugas-Aksantara/install/map_manager/local/lib/python3.10/dist-packages/map_manager-0.0.0-py3.10.egg-info/SOURCES.txt
-- Installing: /home/audric/Documents/GitHub/Tugas-Aksantara/install/map_manager/local/lib/python3.10/dist-packages/map_manager-0.0.0-py3.10.egg-info/dependency_links.txt
-- Installing: /home/audric/Documents/GitHub/Tugas-Aksantara/install/map_manager/local/lib/python3.10/dist-packages/map_manager
-- Installing: /home/audric/Documents/GitHub/Tugas-Aksantara/install/map_manager/local/lib/python3.10/dist-packages/map_manager/_map_manager_s.ep.rosidl_typesupport_fastrtps_c.c
-- Installing: /home/audric/Documents/GitHub/Tugas-Aksantara/install/map_manager/local/lib/python3.10/dist-packages/map_manager/map_manager_s__rosidl_typesupport_fastrtps_c.cpython-310-x86_64-linux-gnu.so
-- Installing: /home/audric/Documents/GitHub/Tugas-Aksantara/install/map_manager/local/lib/python3.10/dist-packages/map_manager/_map_manager_s.ep.rosidl_typesupport_c.c
-- Installing: /home/audric/Documents/GitHub/Tugas-Aksantara/install/map_manager/local/lib/python3.10/dist-packages/map_manager/map_manager_s__rosidl_typesupport_c.cpython-310-x86_64-linux-gnu.so
-- Installing: /home/audric/Documents/GitHub/Tugas-Aksantara/install/map_manager/local/lib/python3.10/dist-packages/map_manager/msg
-- Installing: /home/audric/Documents/GitHub/Tugas-Aksantara/install/map_manager/local/lib/python3.10/dist-packages/map_manager/msg/_map_state.py
-- Installing: /home/audric/Documents/GitHub/Tugas-Aksantara/install/map_manager/local/lib/python3.10/dist-packages/map_manager/msg/__init__.py
-- Installing: /home/audric/Documents/GitHub/Tugas-Aksantara/install/map_manager/local/lib/python3.10/dist-packages/map_manager/msg/_map_state_s.c
-- Installing: /home/audric/Documents/GitHub/Tugas-Aksantara/install/map_manager/local/lib/python3.10/dist-packages/map_manager/__init__.py
-- Installing: /home/audric/Documents/GitHub/Tugas-Aksantara/install/map_manager/local/lib/python3.10/dist-packages/map_manager/map_manager_s__rosidl_typesupport_introspection_c.cpython-310-x86_64-linux-gnu.so
-- Installing: /home/audric/Documents/GitHub/Tugas-Aksantara/install/map_manager/local/lib/python3.10/dist-packages/map_manager/srv
-- Installing: /home/audric/Documents/GitHub/Tugas-Aksantara/install/map_manager/local/lib/python3.10/dist-packages/map_manager/srv/_add_obstacle.py
-- Installing: /home/audric/Documents/GitHub/Tugas-Aksantara/install/map_manager/local/lib/python3.10/dist-packages/map_manager/srv/_add_victim.py
-- Installing: /home/audric/Documents/GitHub/Tugas-Aksantara/install/map_manager/local/lib/python3.10/dist-packages/map_manager/srv/__init__.py
-- Installing: /home/audric/Documents/GitHub/Tugas-Aksantara/install/map_manager/local/lib/python3.10/dist-packages/map_manager/srv/_add_victim_s.c
-- Installing: /home/audric/Documents/GitHub/Tugas-Aksantara/install/map_manager/local/lib/python3.10/dist-packages/map_manager/srv/_add_obstacle_s.c
-- Installing: /home/audric/Documents/GitHub/Tugas-Aksantara/install/map_manager/local/lib/python3.10/dist-packages/map_manager/_map_manager_s.ep.rosidl_typesupport_introspection_c.c
-- Installing: /home/audric/Documents/GitHub/Tugas-Aksantara/install/map_manager/local/lib/python3.10/dist-packages/map_manager/libmap_manager__rosidl_generator_py.so
Listing '/home/audric/Documents/GitHub/Tugas-Aksantara/install/map_manager/local/lib/python3.10/dist-packages/map_manager'...
Compiling '/home/audric/Documents/GitHub/Tugas-Aksantara/install/map_manager/local/lib/python3.10/dist-packages/map_manager/__init__.py'...
Listing '/home/audric/Documents/GitHub/Tugas-Aksantara/install/map_manager/local/lib/python3.10/dist-packages/map_manager/msg'...
Compiling '/home/audric/Documents/GitHub/Tugas-Aksantara/install/map_manager/local/lib/python3.10/dist-packages/map_manager/msg/__init__.py'...
Compiling '/home/audric/Documents/GitHub/Tugas-Aksantara/install/map_manager/local/lib/python3.10/dist-packages/map_manager/msg/_map_state.py'...
Listing '/home/audric/Documents/GitHub/Tugas-Aksantara/install/map_manager/local/lib/python3.10/dist-packages/map_manager/srv'...
Compiling '/home/audric/Documents/GitHub/Tugas-Aksantara/install/map_manager/local/lib/python3.10/dist-packages/map_manager/srv/__init__.py'...
Compiling '/home/audric/Documents/GitHub/Tugas-Aksantara/install/map_manager/local/lib/python3.10/dist-packages/map_manager/srv/_add_obstacle.py'...
Compiling '/home/audric/Documents/GitHub/Tugas-Aksantara/install/map_manager/local/lib/python3.10/dist-packages/map_manager/srv/_add_victim.py'...
-- Installing: /home/audric/Documents/GitHub/Tugas-Aksantara/install/map_manager/local/lib/python3.10/dist-packages/map_manager/map_manager_s__rosidl_typesupport_fastrtps_c.cpython-310-x86_64-linux-gnu.so
-- Set runtime path of "/home/audric/Documents/GitHub/Tugas-Aksantara/install/map_manager/local/lib/python3.10/dist-packages/map_manager/map_manager_s__rosidl_typesupport_fastrtps_c.cpython-310-x86_64-linux-gnu.so" to ""
-- Installing: /home/audric/Documents/GitHub/Tugas-Aksantara/install/map_manager/local/lib/python3.10/dist-packages/map_manager/map_manager_s__rosidl_typesupport_introspection_c.cpython-310-x86_64-linux-gnu.so
-- Set runtime path of "/home/audric/Documents/GitHub/Tugas-Aksantara/install/map_manager/local/lib/python3.10/dist-packages/map_manager/map_manager_s__rosidl_typesupport_introspection_c.cpython-310-x86_64-linux-gnu.so" to ""
-- Installing: /home/audric/Documents/GitHub/Tugas-Aksantara/install/map_manager/local/lib/python3.10/dist-packages/map_manager/map_manager_s__rosidl_typesupport_c.cpython-310-x86_64-linux-gnu.so
-- Set runtime path of "/home/audric/Documents/GitHub/Tugas-Aksantara/install/map_manager/local/lib/python3.10/dist-packages/map_manager/map_manager_s__rosidl_typesupport_c.cpython-310-x86_64-linux-gnu.so" to ""
-- Installing: /home/audric/Documents/GitHub/Tugas-Aksantara/install/map_manager/lib/libmap_manager__rosidl_generator_py.so
-- Set runtime path of "/home/audric/Documents/GitHub/Tugas-Aksantara/install/map_manager/lib/libmap_manager__rosidl_generator_py.so" to ""
-- Installing: /home/audric/Documents/GitHub/Tugas-Aksantara/install/map_manager/share/map_manager/msg/MapState.idl
-- Installing: /home/audric/Documents/GitHub/Tugas-Aksantara/install/map_manager/share/map_manager/srv/AddObstacle.idl
-- Installing: /home/audric/Documents/GitHub/Tugas-Aksantara/install/map_manager/share/map_manager/srv/AddVictim.idl
-- Installing: /home/audric/Documents/GitHub/Tugas-Aksantara/install/map_manager/share/map_manager/msg/MapState.msg
-- Installing: /home/audric/Documents/GitHub/Tugas-Aksantara/install/map_manager/share/map_manager/srv/AddObstacle.srv
-- Installing: /home/audric/Documents/GitHub/Tugas-Aksantara/install/map_manager/share/map_manager/srv/AddObstacle_Request.msg
-- Installing: /home/audric/Documents/GitHub/Tugas-Aksantara/install/map_manager/share/map_manager/srv/AddObstacle_Response.msg
-- Installing: /home/audric/Documents/GitHub/Tugas-Aksantara/install/map_manager/share/map_manager/srv/AddVictim.srv
-- Installing: /home/audric/Documents/GitHub/Tugas-Aksantara/install/map_manager/share/map_manager/srv/AddVictim_Request.msg
-- Installing: /home/audric/Documents/GitHub/Tugas-Aksantara/install/map_manager/share/map_manager/srv/AddVictim_Response.msg
-- Installing: /home/audric/Documents/GitHub/Tugas-Aksantara/install/map_manager/lib/map_manager/map_publish
-- Set runtime path of "/home/audric/Documents/GitHub/Tugas-Aksantara/install/map_manager/lib/map_manager/map_publish" to ""
-- Installing: /home/audric/Documents/GitHub/Tugas-Aksantara/install/map_manager/lib/map_manager/map_subscribe
-- Set runtime path of "/home/audric/Documents/GitHub/Tugas-Aksantara/install/map_manager/lib/map_manager/map_subscribe" to ""
-- Installing: /home/audric/Documents/GitHub/Tugas-Aksantara/install/map_manager/lib/map_manager/add_obstacle
-- Set runtime path of "/home/audric/Documents/GitHub/Tugas-Aksantara/install/map_manager/lib/map_manager/add_obstacle" to ""
-- Installing: /home/audric/Documents/GitHub/Tugas-Aksantara/install/map_manager/lib/map_manager/add_victim
-- Set runtime path of "/home/audric/Documents/GitHub/Tugas-Aksantara/install/map_manager/lib/map_manager/add_victim" to ""
-- Installing: /home/audric/Documents/GitHub/Tugas-Aksantara/install/map_manager/share/ament_index/resource_index/package_run_dependencies/map_manager
-- Installing: /home/audric/Documents/GitHub/Tugas-Aksantara/install/map_manager/share/ament_index/resource_index/parent_prefix_path/map_manager
-- Installing: /home/audric/Documents/GitHub/Tugas-Aksantara/install/map_manager/share/map_manager/environment/ament_prefix_path.sh
-- Installing: /home/audric/Documents/GitHub/Tugas-Aksantara/install/map_manager/share/map_manager/environment/ament_prefix_path.dsv
-- Installing: /home/audric/Documents/GitHub/Tugas-Aksantara/install/map_manager/share/map_manager/environment/path.sh
-- Installing: /home/audric/Documents/GitHub/Tugas-Aksantara/install/map_manager/share/map_manager/environment/path.dsv
-- Installing: /home/audric/Documents/GitHub/Tugas-Aksantara/install/map_manager/share/map_manager/local_setup.bash
-- Installing: /home/audric/Documents/GitHub/Tugas-Aksantara/install/map_manager/share/map_manager/local_setup.sh
-- Installing: /home/audric/Documents/GitHub/Tugas-Aksantara/install/map_manager/share/map_manager/local_setup.zsh
-- Installing: /home/audric/Documents/GitHub/Tugas-Aksantara/install/map_manager/share/map_manager/local_setup.dsv
-- Installing: /home/audric/Documents/GitHub/Tugas-Aksantara/install/map_manager/share/map_manager/package.dsv
-- Installing: /home/audric/Documents/GitHub/Tugas-Aksantara/install/map_manager/share/ament_index/resource_index/packages/map_manager
-- Installing: /home/audric/Documents/GitHub/Tugas-Aksantara/install/map_manager/share/map_manager/cmake/export_map_manager__rosidl_generator_cExport.cmake
-- Installing: /home/audric/Documents/GitHub/Tugas-Aksantara/install/map_manager/share/map_manager/cmake/export_map_manager__rosidl_generator_cExport-noconfig.cmake
-- Installing: /home/audric/Documents/GitHub/Tugas-Aksantara/install/map_manager/share/map_manager/cmake/export_map_manager__rosidl_typesupport_fastrtps_cExport.cmake
-- Installing: /home/audric/Documents/GitHub/Tugas-Aksantara/install/map_manager/share/map_manager/cmake/export_map_manager__rosidl_typesupport_fastrtps_cExport-noconfig.cmake
-- Installing: /home/audric/Documents/GitHub/Tugas-Aksantara/install/map_manager/share/map_manager/cmake/export_map_manager__rosidl_generator_cppExport.cmake
-- Installing: /home/audric/Documents/GitHub/Tugas-Aksantara/install/map_manager/share/map_manager/cmake/export_map_manager__rosidl_typesupport_fastrtps_cppExport.cmake
-- Installing: /home/audric/Documents/GitHub/Tugas-Aksantara/install/map_manager/share/map_manager/cmake/export_map_manager__rosidl_typesupport_fastrtps_cppExport-noconfig.cmake
-- Installing: /home/audric/Documents/GitHub/Tugas-Aksantara/install/map_manager/share/map_manager/cmake/map_manager__rosidl_typesupport_introspection_cExport.cmake
-- Installing: /home/audric/Documents/GitHub/Tugas-Aksantara/install/map_manager/share/map_manager/cmake/map_manager__rosidl_typesupport_introspection_cExport-noconfig.cmake
-- Installing: /home/audric/Documents/GitHub/Tugas-Aksantara/install/map_manager/share/map_manager/cmake/map_manager__rosidl_typesupport_cExport.cmake
-- Installing: /home/audric/Documents/GitHub/Tugas-Aksantara/install/map_manager/share/map_manager/cmake/map_manager__rosidl_typesupport_cExport-noconfig.cmake
-- Installing: /home/audric/Documents/GitHub/Tugas-Aksantara/install/map_manager/share/map_manager/cmake/map_manager__rosidl_typesupport_introspection_cppExport.cmake
-- Installing: /home/audric/Documents/GitHub/Tugas-Aksantara/install/map_manager/share/map_manager/cmake/map_manager__rosidl_typesupport_introspection_cppExport-noconfig.cmake
-- Installing: /home/audric/Documents/GitHub/Tugas-Aksantara/install/map_manager/share/map_manager/cmake/map_manager__rosidl_typesupport_cppExport.cmake
-- Installing: /home/audric/Documents/GitHub/Tugas-Aksantara/install/map_manager/share/map_manager/cmake/map_manager__rosidl_typesupport_cppExport-noconfig.cmake
-- Installing: /home/audric/Documents/GitHub/Tugas-Aksantara/install/map_manager/share/map_manager/cmake/export_map_manager__rosidl_generator_pyExport.cmake
-- Installing: /home/audric/Documents/GitHub/Tugas-Aksantara/install/map_manager/share/map_manager/cmake/export_map_manager__rosidl_generator_pyExport-noconfig.cmake
-- Installing: /home/audric/Documents/GitHub/Tugas-Aksantara/install/map_manager/share/map_manager/cmake/rosidl_cmake-extras.cmake
-- Installing: /home/audric/Documents/GitHub/Tugas-Aksantara/install/map_manager/share/map_manager/cmake/ament_cmake_export_dependencies-extras.cmake
-- Installing: /home/audric/Documents/GitHub/Tugas-Aksantara/install/map_manager/share/map_manager/cmake/ament_cmake_export_include_directories-extras.cmake
-- Installing: /home/audric/Documents/GitHub/Tugas-Aksantara/install/map_manager/share/map_manager/cmake/ament_cmake_export_libraries-extras.cmake
-- Installing: /home/audric/Documents/GitHub/Tugas-Aksantara/install/map_manager/share/map_manager/cmake/ament_cmake_export_targets-extras.cmake
-- Installing: /home/audric/Documents/GitHub/Tugas-Aksantara/install/map_manager/share/map_manager/cmake/rosidl_cmake_export_typesupport_targets-extras.cmake
-- Installing: /home/audric/Documents/GitHub/Tugas-Aksantara/install/map_manager/share/map_manager/cmake/rosidl_cmake_export_typesupport_libraries-extras.cmake
-- Installing: /home/audric/Documents/GitHub/Tugas-Aksantara/install/map_manager/share/map_manager/cmake/map_managerConfig.cmake
-- Installing: /home/audric/Documents/GitHub/Tugas-Aksantara/install/map_manager/share/map_manager/cmake/map_managerConfig-version.cmake
-- Installing: /home/audric/Documents/GitHub/Tugas-Aksantara/install/map_manager/share/map_manager/package.xml
