[0.006s] Invoking command in '/home/audric/Documents/GitHub/Tugas-Aksantara/build/map_manager': CMAKE_PREFIX_PATH=${CMAKE_PREFIX_PATH}:/opt/ros/humble /usr/bin/cmake /home/audric/Documents/GitHub/Tugas-Aksantara/src/map_manager -DCMAKE_INSTALL_PREFIX=/home/audric/Documents/GitHub/Tugas-Aksantara/install/map_manager
[0.047s] -- The C compiler identification is GNU 11.4.0
[0.087s] -- The CXX compiler identification is GNU 11.4.0
[0.094s] -- Detecting C compiler ABI info
[0.146s] -- Detecting C compiler ABI info - done
[0.150s] -- Check for working C compiler: /usr/bin/cc - skipped
[0.150s] -- Detecting C compile features
[0.150s] -- Detecting C compile features - done
[0.152s] -- Detecting CXX compiler ABI info
[0.209s] -- Detecting CXX compiler ABI info - done
[0.213s] -- Check for working CXX compiler: /usr/bin/c++ - skipped
[0.213s] -- Detecting CXX compile features
[0.213s] -- Detecting CXX compile features - done
[0.214s] -- Found ament_cmake: 1.3.11 (/opt/ros/humble/share/ament_cmake/cmake)
[0.309s] -- Found Python3: /usr/bin/python3 (found version "3.10.12") found components: Interpreter 
[0.363s] -- Found rclcpp: 16.0.11 (/opt/ros/humble/share/rclcpp/cmake)
[0.384s] -- Found rosidl_generator_c: 3.1.6 (/opt/ros/humble/share/rosidl_generator_c/cmake)
[0.387s] -- Found rosidl_adapter: 3.1.6 (/opt/ros/humble/share/rosidl_adapter/cmake)
[0.391s] -- Found rosidl_generator_cpp: 3.1.6 (/opt/ros/humble/share/rosidl_generator_cpp/cmake)
[0.399s] -- Using all available rosidl_typesupport_c: rosidl_typesupport_fastrtps_c;rosidl_typesupport_introspection_c
[0.407s] -- Using all available rosidl_typesupport_cpp: rosidl_typesupport_fastrtps_cpp;rosidl_typesupport_introspection_cpp
[0.430s] -- Found rmw_implementation_cmake: 6.1.2 (/opt/ros/humble/share/rmw_implementation_cmake/cmake)
[0.431s] -- Found rmw_fastrtps_cpp: 6.2.7 (/opt/ros/humble/share/rmw_fastrtps_cpp/cmake)
[0.499s] -- Found OpenSSL: /usr/lib/x86_64-linux-gnu/libcrypto.so (found version "3.0.2")  
[0.516s] -- Found FastRTPS: /opt/ros/humble/include  
[0.547s] -- Using RMW implementation 'rmw_fastrtps_cpp' as default
[0.551s] -- Looking for pthread.h
[0.600s] -- Looking for pthread.h - found
[0.601s] -- Performing Test CMAKE_HAVE_LIBC_PTHREAD
[0.659s] -- Performing Test CMAKE_HAVE_LIBC_PTHREAD - Success
[0.660s] -- Found Threads: TRUE  
[0.691s] -- Found rosidl_default_generators: 1.2.0 (/opt/ros/humble/share/rosidl_default_generators/cmake)
[0.885s] -- Found ament_cmake_ros: 0.10.0 (/opt/ros/humble/share/ament_cmake_ros/cmake)
[1.116s] -- Using all available rosidl_typesupport_c: rosidl_typesupport_fastrtps_c;rosidl_typesupport_introspection_c
[1.206s] -- Using all available rosidl_typesupport_cpp: rosidl_typesupport_fastrtps_cpp;rosidl_typesupport_introspection_cpp
[1.220s] -- Found PythonInterp: /usr/bin/python3 (found suitable version "3.10.12", minimum required is "3.6") 
[1.221s] -- Found python_cmake_module: 0.10.0 (/opt/ros/humble/share/python_cmake_module/cmake)
[1.240s] -- Found PythonLibs: /usr/lib/x86_64-linux-gnu/libpython3.10.so (found suitable version "3.10.12", minimum required is "3.5") 
[1.240s] -- Using PYTHON_EXECUTABLE: /usr/bin/python3
[1.240s] -- Using PYTHON_INCLUDE_DIRS: /usr/include/python3.10
[1.240s] -- Using PYTHON_LIBRARIES: /usr/lib/x86_64-linux-gnu/libpython3.10.so
[1.253s] -- Found PythonExtra: .so  
[1.282s] -- Found ament_lint_auto: 0.12.11 (/opt/ros/humble/share/ament_lint_auto/cmake)
[1.293s] -- Added test 'cppcheck' to perform static code analysis on C / C++ code
[1.294s] -- Configured cppcheck include dirs: 
[1.294s] -- Configured cppcheck exclude dirs and/or files: 
[1.294s] -- Added test 'lint_cmake' to check CMake code style
[1.295s] -- Added test 'uncrustify' to check C / C++ code style
[1.295s] -- Configured uncrustify additional arguments: 
[1.295s] -- Added test 'xmllint' to check XML markup files
[1.297s] -- Configuring done
[1.328s] -- Generating done
[1.338s] -- Build files have been written to: /home/audric/Documents/GitHub/Tugas-Aksantara/build/map_manager
[1.348s] Invoked command in '/home/audric/Documents/GitHub/Tugas-Aksantara/build/map_manager' returned '0': CMAKE_PREFIX_PATH=${CMAKE_PREFIX_PATH}:/opt/ros/humble /usr/bin/cmake /home/audric/Documents/GitHub/Tugas-Aksantara/src/map_manager -DCMAKE_INSTALL_PREFIX=/home/audric/Documents/GitHub/Tugas-Aksantara/install/map_manager
[1.350s] Invoking command in '/home/audric/Documents/GitHub/Tugas-Aksantara/build/map_manager': CMAKE_PREFIX_PATH=${CMAKE_PREFIX_PATH}:/opt/ros/humble /usr/bin/cmake --build /home/audric/Documents/GitHub/Tugas-Aksantara/build/map_manager -- -j16 -l16
[1.382s] [  1%] [34m[1mGenerating C code for ROS interfaces[0m
[1.389s] [  3%] [34m[1mGenerating C++ code for ROS interfaces[0m
[1.389s] [  5%] [32mBuilding CXX object CMakeFiles/map_subscribe.dir/src/map_subscriber_function.cpp.o[0m
[1.397s] [  5%] Built target ament_cmake_python_copy_map_manager
[1.570s] running egg_info
[1.570s] creating map_manager.egg-info
[1.570s] writing map_manager.egg-info/PKG-INFO
[1.571s] writing dependency_links to map_manager.egg-info/dependency_links.txt
[1.571s] writing top-level names to map_manager.egg-info/top_level.txt
[1.571s] writing manifest file 'map_manager.egg-info/SOURCES.txt'
[1.572s] reading manifest file 'map_manager.egg-info/SOURCES.txt'
[1.572s] writing manifest file 'map_manager.egg-info/SOURCES.txt'
[1.599s] [  5%] Built target ament_cmake_python_build_map_manager_egg
[1.695s] [  5%] Built target map_manager__cpp
[1.696s] [  7%] [32mBuilding C object CMakeFiles/map_manager__rosidl_generator_c.dir/rosidl_generator_c/map_manager/msg/detail/map_state__functions.c.o[0m
[1.696s] [  9%] [32mBuilding C object CMakeFiles/map_manager__rosidl_generator_c.dir/rosidl_generator_c/map_manager/srv/detail/add_obstacle__functions.c.o[0m
[1.696s] [ 10%] [32mBuilding C object CMakeFiles/map_manager__rosidl_generator_c.dir/rosidl_generator_c/map_manager/srv/detail/add_victim__functions.c.o[0m
[1.707s] [ 16%] [34m[1mGenerating C++ type support for eProsima Fast-RTPS[0m
[1.707s] [ 16%] [34m[1mGenerating C++ type support dispatch for ROS interfaces[0m
[1.707s] [ 16%] [34m[1mGenerating C++ introspection for ROS interfaces[0m
[1.756s] [ 18%] [32m[1mLinking C shared library libmap_manager__rosidl_generator_c.so[0m
[1.796s] [ 18%] Built target map_manager__rosidl_generator_c
[1.807s] [ 23%] [34m[1mGenerating C type support dispatch for ROS interfaces[0m
[1.807s] [ 23%] [34m[1mGenerating C introspection for ROS interfaces[0m
[1.807s] [ 23%] [34m[1mGenerating C type support for eProsima Fast-RTPS[0m
[1.980s] [ 27%] [32mBuilding CXX object CMakeFiles/map_manager__rosidl_typesupport_cpp.dir/rosidl_typesupport_cpp/map_manager/msg/map_state__type_support.cpp.o[0m
[1.980s] [ 27%] [32mBuilding CXX object CMakeFiles/map_manager__rosidl_typesupport_cpp.dir/rosidl_typesupport_cpp/map_manager/srv/add_victim__type_support.cpp.o[0m
[1.981s] [ 29%] [32mBuilding CXX object CMakeFiles/map_manager__rosidl_typesupport_cpp.dir/rosidl_typesupport_cpp/map_manager/srv/add_obstacle__type_support.cpp.o[0m
[2.033s] [ 34%] [32mBuilding CXX object CMakeFiles/map_manager__rosidl_typesupport_introspection_cpp.dir/rosidl_typesupport_introspection_cpp/map_manager/srv/detail/add_obstacle__type_support.cpp.o[0m
[2.033s] [ 34%] [32mBuilding CXX object CMakeFiles/map_manager__rosidl_typesupport_introspection_cpp.dir/rosidl_typesupport_introspection_cpp/map_manager/srv/detail/add_victim__type_support.cpp.o[0m
[2.035s] [ 34%] [32mBuilding CXX object CMakeFiles/map_manager__rosidl_typesupport_introspection_cpp.dir/rosidl_typesupport_introspection_cpp/map_manager/msg/detail/map_state__type_support.cpp.o[0m
[2.074s] [ 40%] [32mBuilding CXX object CMakeFiles/map_manager__rosidl_typesupport_fastrtps_cpp.dir/rosidl_typesupport_fastrtps_cpp/map_manager/msg/detail/dds_fastrtps/map_state__type_support.cpp.o[0m
[2.074s] [ 40%] [32mBuilding CXX object CMakeFiles/map_manager__rosidl_typesupport_fastrtps_cpp.dir/rosidl_typesupport_fastrtps_cpp/map_manager/srv/detail/dds_fastrtps/add_victim__type_support.cpp.o[0m
[2.074s] [ 40%] [32mBuilding CXX object CMakeFiles/map_manager__rosidl_typesupport_fastrtps_cpp.dir/rosidl_typesupport_fastrtps_cpp/map_manager/srv/detail/dds_fastrtps/add_obstacle__type_support.cpp.o[0m
[2.120s] [ 45%] [32mBuilding CXX object CMakeFiles/map_manager__rosidl_typesupport_c.dir/rosidl_typesupport_c/map_manager/srv/add_obstacle__type_support.cpp.o[0m
[2.121s] [ 45%] [32mBuilding CXX object CMakeFiles/map_manager__rosidl_typesupport_c.dir/rosidl_typesupport_c/map_manager/msg/map_state__type_support.cpp.o[0m
[2.121s] [ 45%] [32mBuilding CXX object CMakeFiles/map_manager__rosidl_typesupport_c.dir/rosidl_typesupport_c/map_manager/srv/add_victim__type_support.cpp.o[0m
[2.177s] [ 47%] [32m[1mLinking CXX shared library libmap_manager__rosidl_typesupport_c.so[0m
[2.210s] [ 49%] [32mBuilding C object CMakeFiles/map_manager__rosidl_typesupport_introspection_c.dir/rosidl_typesupport_introspection_c/map_manager/msg/detail/map_state__type_support.c.o[0m
[2.210s] [ 50%] [32mBuilding C object CMakeFiles/map_manager__rosidl_typesupport_introspection_c.dir/rosidl_typesupport_introspection_c/map_manager/srv/detail/add_obstacle__type_support.c.o[0m
[2.211s] [ 52%] [32mBuilding C object CMakeFiles/map_manager__rosidl_typesupport_introspection_c.dir/rosidl_typesupport_introspection_c/map_manager/srv/detail/add_victim__type_support.c.o[0m
[2.255s] [ 52%] Built target map_manager__rosidl_typesupport_c
[2.273s] [ 54%] [32m[1mLinking C shared library libmap_manager__rosidl_typesupport_introspection_c.so[0m
[2.283s] [ 60%] [32mBuilding CXX object CMakeFiles/map_manager__rosidl_typesupport_fastrtps_c.dir/rosidl_typesupport_fastrtps_c/map_manager/srv/detail/add_victim__type_support_c.cpp.o[0m
[2.283s] [ 60%] [32mBuilding CXX object CMakeFiles/map_manager__rosidl_typesupport_fastrtps_c.dir/rosidl_typesupport_fastrtps_c/map_manager/msg/detail/map_state__type_support_c.cpp.o[0m
[2.283s] [ 60%] [32mBuilding CXX object CMakeFiles/map_manager__rosidl_typesupport_fastrtps_c.dir/rosidl_typesupport_fastrtps_c/map_manager/srv/detail/add_obstacle__type_support_c.cpp.o[0m
[2.322s] [ 60%] Built target map_manager__rosidl_typesupport_introspection_c
[2.379s] [ 61%] [32m[1mLinking CXX shared library libmap_manager__rosidl_typesupport_cpp.so[0m
[2.455s] [ 61%] Built target map_manager__rosidl_typesupport_cpp
[2.491s] [ 67%] [32mBuilding CXX object CMakeFiles/map_publish.dir/src/map_publisher_function.cpp.o[0m
[2.491s] [ 67%] [32mBuilding CXX object CMakeFiles/add_victim.dir/src/add_victim.cpp.o[0m
[2.491s] [ 67%] [32mBuilding CXX object CMakeFiles/add_obstacle.dir/src/add_obstacle.cpp.o[0m
[2.631s] [ 69%] [32m[1mLinking CXX shared library libmap_manager__rosidl_typesupport_introspection_cpp.so[0m
[2.705s] [ 70%] [32m[1mLinking CXX shared library libmap_manager__rosidl_typesupport_fastrtps_cpp.so[0m
[2.720s] [ 70%] Built target map_manager__rosidl_typesupport_introspection_cpp
[2.772s] [ 72%] [32m[1mLinking CXX shared library libmap_manager__rosidl_typesupport_fastrtps_c.so[0m
[2.786s] [ 72%] Built target map_manager__rosidl_typesupport_fastrtps_cpp
[2.848s] [ 72%] Built target map_manager__rosidl_typesupport_fastrtps_c
[2.871s] [ 72%] Built target map_manager
[2.894s] [ 74%] [34m[1mGenerating Python code for ROS interfaces[0m
[3.361s] [ 74%] Built target map_manager__py
[3.384s] [ 80%] [32mBuilding C object CMakeFiles/map_manager__rosidl_generator_py.dir/rosidl_generator_py/map_manager/srv/_add_victim_s.c.o[0m
[3.384s] [ 80%] [32mBuilding C object CMakeFiles/map_manager__rosidl_generator_py.dir/rosidl_generator_py/map_manager/msg/_map_state_s.c.o[0m
[3.385s] [ 80%] [32mBuilding C object CMakeFiles/map_manager__rosidl_generator_py.dir/rosidl_generator_py/map_manager/srv/_add_obstacle_s.c.o[0m
[3.499s] [ 81%] [32m[1mLinking C shared library rosidl_generator_py/map_manager/libmap_manager__rosidl_generator_py.so[0m
[3.547s] [ 81%] Built target map_manager__rosidl_generator_py
[3.568s] [ 87%] [32mBuilding C object CMakeFiles/map_manager__rosidl_typesupport_fastrtps_c__pyext.dir/rosidl_generator_py/map_manager/_map_manager_s.ep.rosidl_typesupport_fastrtps_c.c.o[0m
[3.568s] [ 87%] [32mBuilding C object CMakeFiles/map_manager__rosidl_typesupport_c__pyext.dir/rosidl_generator_py/map_manager/_map_manager_s.ep.rosidl_typesupport_c.c.o[0m
[3.568s] [ 87%] [32mBuilding C object CMakeFiles/map_manager__rosidl_typesupport_introspection_c__pyext.dir/rosidl_generator_py/map_manager/_map_manager_s.ep.rosidl_typesupport_introspection_c.c.o[0m
[3.675s] [ 92%] [32m[1mLinking C shared library rosidl_generator_py/map_manager/map_manager_s__rosidl_typesupport_fastrtps_c.cpython-310-x86_64-linux-gnu.so[0m
[3.675s] [ 92%] [32m[1mLinking C shared library rosidl_generator_py/map_manager/map_manager_s__rosidl_typesupport_c.cpython-310-x86_64-linux-gnu.so[0m
[3.675s] [ 92%] [32m[1mLinking C shared library rosidl_generator_py/map_manager/map_manager_s__rosidl_typesupport_introspection_c.cpython-310-x86_64-linux-gnu.so[0m
[3.715s] [ 92%] Built target map_manager__rosidl_typesupport_c__pyext
[3.715s] [ 92%] Built target map_manager__rosidl_typesupport_fastrtps_c__pyext
[3.715s] [ 92%] Built target map_manager__rosidl_typesupport_introspection_c__pyext
[5.416s] [ 94%] [32m[1mLinking CXX executable add_victim[0m
[5.419s] [ 96%] [32m[1mLinking CXX executable add_obstacle[0m
[5.541s] [ 96%] Built target add_obstacle
[5.541s] [ 96%] Built target add_victim
[7.297s] [ 98%] [32m[1mLinking CXX executable map_publish[0m
[7.465s] [ 98%] Built target map_publish
[7.970s] [100%] [32m[1mLinking CXX executable map_subscribe[0m
[8.175s] [100%] Built target map_subscribe
[8.186s] Invoked command in '/home/audric/Documents/GitHub/Tugas-Aksantara/build/map_manager' returned '0': CMAKE_PREFIX_PATH=${CMAKE_PREFIX_PATH}:/opt/ros/humble /usr/bin/cmake --build /home/audric/Documents/GitHub/Tugas-Aksantara/build/map_manager -- -j16 -l16
[8.188s] Invoking command in '/home/audric/Documents/GitHub/Tugas-Aksantara/build/map_manager': CMAKE_PREFIX_PATH=${CMAKE_PREFIX_PATH}:/opt/ros/humble /usr/bin/cmake --install /home/audric/Documents/GitHub/Tugas-Aksantara/build/map_manager
[8.193s] -- Install configuration: ""
[8.193s] -- Installing: /home/audric/Documents/GitHub/Tugas-Aksantara/install/map_manager/share/ament_index/resource_index/rosidl_interfaces/map_manager
[8.193s] -- Installing: /home/audric/Documents/GitHub/Tugas-Aksantara/install/map_manager/include/map_manager/map_manager
[8.193s] -- Installing: /home/audric/Documents/GitHub/Tugas-Aksantara/install/map_manager/include/map_manager/map_manager/msg
[8.193s] -- Installing: /home/audric/Documents/GitHub/Tugas-Aksantara/install/map_manager/include/map_manager/map_manager/msg/detail
[8.193s] -- Installing: /home/audric/Documents/GitHub/Tugas-Aksantara/install/map_manager/include/map_manager/map_manager/msg/detail/map_state__functions.c
[8.194s] -- Installing: /home/audric/Documents/GitHub/Tugas-Aksantara/install/map_manager/include/map_manager/map_manager/msg/detail/map_state__type_support.h
[8.194s] -- Installing: /home/audric/Documents/GitHub/Tugas-Aksantara/install/map_manager/include/map_manager/map_manager/msg/detail/map_state__functions.h
[8.194s] -- Installing: /home/audric/Documents/GitHub/Tugas-Aksantara/install/map_manager/include/map_manager/map_manager/msg/detail/map_state__struct.h
[8.194s] -- Installing: /home/audric/Documents/GitHub/Tugas-Aksantara/install/map_manager/include/map_manager/map_manager/msg/rosidl_generator_c__visibility_control.h
[8.194s] -- Installing: /home/audric/Documents/GitHub/Tugas-Aksantara/install/map_manager/include/map_manager/map_manager/msg/map_state.h
[8.194s] -- Installing: /home/audric/Documents/GitHub/Tugas-Aksantara/install/map_manager/include/map_manager/map_manager/srv
[8.194s] -- Installing: /home/audric/Documents/GitHub/Tugas-Aksantara/install/map_manager/include/map_manager/map_manager/srv/detail
[8.194s] -- Installing: /home/audric/Documents/GitHub/Tugas-Aksantara/install/map_manager/include/map_manager/map_manager/srv/detail/add_obstacle__functions.h
[8.194s] -- Installing: /home/audric/Documents/GitHub/Tugas-Aksantara/install/map_manager/include/map_manager/map_manager/srv/detail/add_obstacle__struct.h
[8.194s] -- Installing: /home/audric/Documents/GitHub/Tugas-Aksantara/install/map_manager/include/map_manager/map_manager/srv/detail/add_obstacle__functions.c
[8.194s] -- Installing: /home/audric/Documents/GitHub/Tugas-Aksantara/install/map_manager/include/map_manager/map_manager/srv/detail/add_victim__type_support.h
[8.194s] -- Installing: /home/audric/Documents/GitHub/Tugas-Aksantara/install/map_manager/include/map_manager/map_manager/srv/detail/add_obstacle__type_support.h
[8.194s] -- Installing: /home/audric/Documents/GitHub/Tugas-Aksantara/install/map_manager/include/map_manager/map_manager/srv/detail/add_victim__struct.h
[8.194s] -- Installing: /home/audric/Documents/GitHub/Tugas-Aksantara/install/map_manager/include/map_manager/map_manager/srv/detail/add_victim__functions.h
[8.194s] -- Installing: /home/audric/Documents/GitHub/Tugas-Aksantara/install/map_manager/include/map_manager/map_manager/srv/detail/add_victim__functions.c
[8.194s] -- Installing: /home/audric/Documents/GitHub/Tugas-Aksantara/install/map_manager/include/map_manager/map_manager/srv/add_obstacle.h
[8.195s] -- Installing: /home/audric/Documents/GitHub/Tugas-Aksantara/install/map_manager/include/map_manager/map_manager/srv/add_victim.h
[8.195s] -- Installing: /home/audric/Documents/GitHub/Tugas-Aksantara/install/map_manager/share/map_manager/environment/library_path.sh
[8.195s] -- Installing: /home/audric/Documents/GitHub/Tugas-Aksantara/install/map_manager/share/map_manager/environment/library_path.dsv
[8.195s] -- Installing: /home/audric/Documents/GitHub/Tugas-Aksantara/install/map_manager/lib/libmap_manager__rosidl_generator_c.so
[8.195s] -- Set runtime path of "/home/audric/Documents/GitHub/Tugas-Aksantara/install/map_manager/lib/libmap_manager__rosidl_generator_c.so" to ""
[8.195s] -- Up-to-date: /home/audric/Documents/GitHub/Tugas-Aksantara/install/map_manager/include/map_manager/map_manager
[8.195s] -- Up-to-date: /home/audric/Documents/GitHub/Tugas-Aksantara/install/map_manager/include/map_manager/map_manager/msg
[8.195s] -- Up-to-date: /home/audric/Documents/GitHub/Tugas-Aksantara/install/map_manager/include/map_manager/map_manager/msg/detail
[8.195s] -- Installing: /home/audric/Documents/GitHub/Tugas-Aksantara/install/map_manager/include/map_manager/map_manager/msg/detail/map_state__rosidl_typesupport_fastrtps_c.h
[8.195s] -- Installing: /home/audric/Documents/GitHub/Tugas-Aksantara/install/map_manager/include/map_manager/map_manager/msg/rosidl_typesupport_fastrtps_c__visibility_control.h
[8.195s] -- Up-to-date: /home/audric/Documents/GitHub/Tugas-Aksantara/install/map_manager/include/map_manager/map_manager/srv
[8.195s] -- Up-to-date: /home/audric/Documents/GitHub/Tugas-Aksantara/install/map_manager/include/map_manager/map_manager/srv/detail
[8.195s] -- Installing: /home/audric/Documents/GitHub/Tugas-Aksantara/install/map_manager/include/map_manager/map_manager/srv/detail/add_victim__rosidl_typesupport_fastrtps_c.h
[8.196s] -- Installing: /home/audric/Documents/GitHub/Tugas-Aksantara/install/map_manager/include/map_manager/map_manager/srv/detail/add_obstacle__rosidl_typesupport_fastrtps_c.h
[8.196s] -- Installing: /home/audric/Documents/GitHub/Tugas-Aksantara/install/map_manager/lib/libmap_manager__rosidl_typesupport_fastrtps_c.so
[8.196s] -- Set runtime path of "/home/audric/Documents/GitHub/Tugas-Aksantara/install/map_manager/lib/libmap_manager__rosidl_typesupport_fastrtps_c.so" to ""
[8.196s] -- Up-to-date: /home/audric/Documents/GitHub/Tugas-Aksantara/install/map_manager/include/map_manager/map_manager
[8.196s] -- Up-to-date: /home/audric/Documents/GitHub/Tugas-Aksantara/install/map_manager/include/map_manager/map_manager/msg
[8.196s] -- Up-to-date: /home/audric/Documents/GitHub/Tugas-Aksantara/install/map_manager/include/map_manager/map_manager/msg/detail
[8.196s] -- Installing: /home/audric/Documents/GitHub/Tugas-Aksantara/install/map_manager/include/map_manager/map_manager/msg/detail/map_state__builder.hpp
[8.196s] -- Installing: /home/audric/Documents/GitHub/Tugas-Aksantara/install/map_manager/include/map_manager/map_manager/msg/detail/map_state__traits.hpp
[8.196s] -- Installing: /home/audric/Documents/GitHub/Tugas-Aksantara/install/map_manager/include/map_manager/map_manager/msg/detail/map_state__type_support.hpp
[8.196s] -- Installing: /home/audric/Documents/GitHub/Tugas-Aksantara/install/map_manager/include/map_manager/map_manager/msg/detail/map_state__struct.hpp
[8.196s] -- Installing: /home/audric/Documents/GitHub/Tugas-Aksantara/install/map_manager/include/map_manager/map_manager/msg/rosidl_generator_cpp__visibility_control.hpp
[8.196s] -- Installing: /home/audric/Documents/GitHub/Tugas-Aksantara/install/map_manager/include/map_manager/map_manager/msg/map_state.hpp
[8.196s] -- Up-to-date: /home/audric/Documents/GitHub/Tugas-Aksantara/install/map_manager/include/map_manager/map_manager/srv
[8.196s] -- Up-to-date: /home/audric/Documents/GitHub/Tugas-Aksantara/install/map_manager/include/map_manager/map_manager/srv/detail
[8.196s] -- Installing: /home/audric/Documents/GitHub/Tugas-Aksantara/install/map_manager/include/map_manager/map_manager/srv/detail/add_obstacle__traits.hpp
[8.197s] -- Installing: /home/audric/Documents/GitHub/Tugas-Aksantara/install/map_manager/include/map_manager/map_manager/srv/detail/add_victim__struct.hpp
[8.197s] -- Installing: /home/audric/Documents/GitHub/Tugas-Aksantara/install/map_manager/include/map_manager/map_manager/srv/detail/add_victim__traits.hpp
[8.197s] -- Installing: /home/audric/Documents/GitHub/Tugas-Aksantara/install/map_manager/include/map_manager/map_manager/srv/detail/add_obstacle__type_support.hpp
[8.197s] -- Installing: /home/audric/Documents/GitHub/Tugas-Aksantara/install/map_manager/include/map_manager/map_manager/srv/detail/add_obstacle__builder.hpp
[8.197s] -- Installing: /home/audric/Documents/GitHub/Tugas-Aksantara/install/map_manager/include/map_manager/map_manager/srv/detail/add_obstacle__struct.hpp
[8.197s] -- Installing: /home/audric/Documents/GitHub/Tugas-Aksantara/install/map_manager/include/map_manager/map_manager/srv/detail/add_victim__builder.hpp
[8.197s] -- Installing: /home/audric/Documents/GitHub/Tugas-Aksantara/install/map_manager/include/map_manager/map_manager/srv/detail/add_victim__type_support.hpp
[8.197s] -- Installing: /home/audric/Documents/GitHub/Tugas-Aksantara/install/map_manager/include/map_manager/map_manager/srv/add_obstacle.hpp
[8.197s] -- Installing: /home/audric/Documents/GitHub/Tugas-Aksantara/install/map_manager/include/map_manager/map_manager/srv/add_victim.hpp
[8.197s] -- Up-to-date: /home/audric/Documents/GitHub/Tugas-Aksantara/install/map_manager/include/map_manager/map_manager
[8.197s] -- Up-to-date: /home/audric/Documents/GitHub/Tugas-Aksantara/install/map_manager/include/map_manager/map_manager/msg
[8.197s] -- Up-to-date: /home/audric/Documents/GitHub/Tugas-Aksantara/install/map_manager/include/map_manager/map_manager/msg/detail
[8.197s] -- Installing: /home/audric/Documents/GitHub/Tugas-Aksantara/install/map_manager/include/map_manager/map_manager/msg/detail/dds_fastrtps
[8.197s] -- Installing: /home/audric/Documents/GitHub/Tugas-Aksantara/install/map_manager/include/map_manager/map_manager/msg/detail/map_state__rosidl_typesupport_fastrtps_cpp.hpp
[8.197s] -- Installing: /home/audric/Documents/GitHub/Tugas-Aksantara/install/map_manager/include/map_manager/map_manager/msg/rosidl_typesupport_fastrtps_cpp__visibility_control.h
[8.198s] -- Up-to-date: /home/audric/Documents/GitHub/Tugas-Aksantara/install/map_manager/include/map_manager/map_manager/srv
[8.198s] -- Up-to-date: /home/audric/Documents/GitHub/Tugas-Aksantara/install/map_manager/include/map_manager/map_manager/srv/detail
[8.198s] -- Installing: /home/audric/Documents/GitHub/Tugas-Aksantara/install/map_manager/include/map_manager/map_manager/srv/detail/dds_fastrtps
[8.198s] -- Installing: /home/audric/Documents/GitHub/Tugas-Aksantara/install/map_manager/include/map_manager/map_manager/srv/detail/add_victim__rosidl_typesupport_fastrtps_cpp.hpp
[8.198s] -- Installing: /home/audric/Documents/GitHub/Tugas-Aksantara/install/map_manager/include/map_manager/map_manager/srv/detail/add_obstacle__rosidl_typesupport_fastrtps_cpp.hpp
[8.198s] -- Installing: /home/audric/Documents/GitHub/Tugas-Aksantara/install/map_manager/lib/libmap_manager__rosidl_typesupport_fastrtps_cpp.so
[8.198s] -- Set runtime path of "/home/audric/Documents/GitHub/Tugas-Aksantara/install/map_manager/lib/libmap_manager__rosidl_typesupport_fastrtps_cpp.so" to ""
[8.198s] -- Up-to-date: /home/audric/Documents/GitHub/Tugas-Aksantara/install/map_manager/include/map_manager/map_manager
[8.198s] -- Up-to-date: /home/audric/Documents/GitHub/Tugas-Aksantara/install/map_manager/include/map_manager/map_manager/msg
[8.198s] -- Up-to-date: /home/audric/Documents/GitHub/Tugas-Aksantara/install/map_manager/include/map_manager/map_manager/msg/detail
[8.198s] -- Installing: /home/audric/Documents/GitHub/Tugas-Aksantara/install/map_manager/include/map_manager/map_manager/msg/detail/map_state__type_support.c
[8.198s] -- Installing: /home/audric/Documents/GitHub/Tugas-Aksantara/install/map_manager/include/map_manager/map_manager/msg/detail/map_state__rosidl_typesupport_introspection_c.h
[8.198s] -- Installing: /home/audric/Documents/GitHub/Tugas-Aksantara/install/map_manager/include/map_manager/map_manager/msg/rosidl_typesupport_introspection_c__visibility_control.h
[8.198s] -- Up-to-date: /home/audric/Documents/GitHub/Tugas-Aksantara/install/map_manager/include/map_manager/map_manager/srv
[8.198s] -- Up-to-date: /home/audric/Documents/GitHub/Tugas-Aksantara/install/map_manager/include/map_manager/map_manager/srv/detail
[8.198s] -- Installing: /home/audric/Documents/GitHub/Tugas-Aksantara/install/map_manager/include/map_manager/map_manager/srv/detail/add_obstacle__type_support.c
[8.199s] -- Installing: /home/audric/Documents/GitHub/Tugas-Aksantara/install/map_manager/include/map_manager/map_manager/srv/detail/add_victim__type_support.c
[8.199s] -- Installing: /home/audric/Documents/GitHub/Tugas-Aksantara/install/map_manager/include/map_manager/map_manager/srv/detail/add_victim__rosidl_typesupport_introspection_c.h
[8.199s] -- Installing: /home/audric/Documents/GitHub/Tugas-Aksantara/install/map_manager/include/map_manager/map_manager/srv/detail/add_obstacle__rosidl_typesupport_introspection_c.h
[8.199s] -- Installing: /home/audric/Documents/GitHub/Tugas-Aksantara/install/map_manager/lib/libmap_manager__rosidl_typesupport_introspection_c.so
[8.199s] -- Set runtime path of "/home/audric/Documents/GitHub/Tugas-Aksantara/install/map_manager/lib/libmap_manager__rosidl_typesupport_introspection_c.so" to ""
[8.199s] -- Installing: /home/audric/Documents/GitHub/Tugas-Aksantara/install/map_manager/lib/libmap_manager__rosidl_typesupport_c.so
[8.199s] -- Set runtime path of "/home/audric/Documents/GitHub/Tugas-Aksantara/install/map_manager/lib/libmap_manager__rosidl_typesupport_c.so" to ""
[8.199s] -- Up-to-date: /home/audric/Documents/GitHub/Tugas-Aksantara/install/map_manager/include/map_manager/map_manager
[8.199s] -- Up-to-date: /home/audric/Documents/GitHub/Tugas-Aksantara/install/map_manager/include/map_manager/map_manager/msg
[8.200s] -- Up-to-date: /home/audric/Documents/GitHub/Tugas-Aksantara/install/map_manager/include/map_manager/map_manager/msg/detail
[8.200s] -- Installing: /home/audric/Documents/GitHub/Tugas-Aksantara/install/map_manager/include/map_manager/map_manager/msg/detail/map_state__rosidl_typesupport_introspection_cpp.hpp
[8.200s] -- Installing: /home/audric/Documents/GitHub/Tugas-Aksantara/install/map_manager/include/map_manager/map_manager/msg/detail/map_state__type_support.cpp
[8.200s] -- Up-to-date: /home/audric/Documents/GitHub/Tugas-Aksantara/install/map_manager/include/map_manager/map_manager/srv
[8.200s] -- Up-to-date: /home/audric/Documents/GitHub/Tugas-Aksantara/install/map_manager/include/map_manager/map_manager/srv/detail
[8.200s] -- Installing: /home/audric/Documents/GitHub/Tugas-Aksantara/install/map_manager/include/map_manager/map_manager/srv/detail/add_victim__rosidl_typesupport_introspection_cpp.hpp
[8.200s] -- Installing: /home/audric/Documents/GitHub/Tugas-Aksantara/install/map_manager/include/map_manager/map_manager/srv/detail/add_victim__type_support.cpp
[8.200s] -- Installing: /home/audric/Documents/GitHub/Tugas-Aksantara/install/map_manager/include/map_manager/map_manager/srv/detail/add_obstacle__type_support.cpp
[8.200s] -- Installing: /home/audric/Documents/GitHub/Tugas-Aksantara/install/map_manager/include/map_manager/map_manager/srv/detail/add_obstacle__rosidl_typesupport_introspection_cpp.hpp
[8.200s] -- Installing: /home/audric/Documents/GitHub/Tugas-Aksantara/install/map_manager/lib/libmap_manager__rosidl_typesupport_introspection_cpp.so
[8.200s] -- Set runtime path of "/home/audric/Documents/GitHub/Tugas-Aksantara/install/map_manager/lib/libmap_manager__rosidl_typesupport_introspection_cpp.so" to ""
[8.200s] -- Installing: /home/audric/Documents/GitHub/Tugas-Aksantara/install/map_manager/lib/libmap_manager__rosidl_typesupport_cpp.so
[8.201s] -- Set runtime path of "/home/audric/Documents/GitHub/Tugas-Aksantara/install/map_manager/lib/libmap_manager__rosidl_typesupport_cpp.so" to ""
[8.201s] -- Installing: /home/audric/Documents/GitHub/Tugas-Aksantara/install/map_manager/share/map_manager/environment/pythonpath.sh
[8.201s] -- Installing: /home/audric/Documents/GitHub/Tugas-Aksantara/install/map_manager/share/map_manager/environment/pythonpath.dsv
[8.201s] -- Installing: /home/audric/Documents/GitHub/Tugas-Aksantara/install/map_manager/local/lib/python3.10/dist-packages/map_manager-0.0.0-py3.10.egg-info
[8.201s] -- Installing: /home/audric/Documents/GitHub/Tugas-Aksantara/install/map_manager/local/lib/python3.10/dist-packages/map_manager-0.0.0-py3.10.egg-info/PKG-INFO
[8.201s] -- Installing: /home/audric/Documents/GitHub/Tugas-Aksantara/install/map_manager/local/lib/python3.10/dist-packages/map_manager-0.0.0-py3.10.egg-info/top_level.txt
[8.201s] -- Installing: /home/audric/Documents/GitHub/Tugas-Aksantara/install/map_manager/local/lib/python3.10/dist-packages/map_manager-0.0.0-py3.10.egg-info/SOURCES.txt
[8.201s] -- Installing: /home/audric/Documents/GitHub/Tugas-Aksantara/install/map_manager/local/lib/python3.10/dist-packages/map_manager-0.0.0-py3.10.egg-info/dependency_links.txt
[8.201s] -- Installing: /home/audric/Documents/GitHub/Tugas-Aksantara/install/map_manager/local/lib/python3.10/dist-packages/map_manager
[8.201s] -- Installing: /home/audric/Documents/GitHub/Tugas-Aksantara/install/map_manager/local/lib/python3.10/dist-packages/map_manager/_map_manager_s.ep.rosidl_typesupport_fastrtps_c.c
[8.201s] -- Installing: /home/audric/Documents/GitHub/Tugas-Aksantara/install/map_manager/local/lib/python3.10/dist-packages/map_manager/map_manager_s__rosidl_typesupport_fastrtps_c.cpython-310-x86_64-linux-gnu.so
[8.201s] -- Installing: /home/audric/Documents/GitHub/Tugas-Aksantara/install/map_manager/local/lib/python3.10/dist-packages/map_manager/_map_manager_s.ep.rosidl_typesupport_c.c
[8.202s] -- Installing: /home/audric/Documents/GitHub/Tugas-Aksantara/install/map_manager/local/lib/python3.10/dist-packages/map_manager/map_manager_s__rosidl_typesupport_c.cpython-310-x86_64-linux-gnu.so
[8.202s] -- Installing: /home/audric/Documents/GitHub/Tugas-Aksantara/install/map_manager/local/lib/python3.10/dist-packages/map_manager/msg
[8.202s] -- Installing: /home/audric/Documents/GitHub/Tugas-Aksantara/install/map_manager/local/lib/python3.10/dist-packages/map_manager/msg/_map_state.py
[8.202s] -- Installing: /home/audric/Documents/GitHub/Tugas-Aksantara/install/map_manager/local/lib/python3.10/dist-packages/map_manager/msg/__init__.py
[8.202s] -- Installing: /home/audric/Documents/GitHub/Tugas-Aksantara/install/map_manager/local/lib/python3.10/dist-packages/map_manager/msg/_map_state_s.c
[8.202s] -- Installing: /home/audric/Documents/GitHub/Tugas-Aksantara/install/map_manager/local/lib/python3.10/dist-packages/map_manager/__init__.py
[8.203s] -- Installing: /home/audric/Documents/GitHub/Tugas-Aksantara/install/map_manager/local/lib/python3.10/dist-packages/map_manager/map_manager_s__rosidl_typesupport_introspection_c.cpython-310-x86_64-linux-gnu.so
[8.204s] -- Installing: /home/audric/Documents/GitHub/Tugas-Aksantara/install/map_manager/local/lib/python3.10/dist-packages/map_manager/srv
[8.204s] -- Installing: /home/audric/Documents/GitHub/Tugas-Aksantara/install/map_manager/local/lib/python3.10/dist-packages/map_manager/srv/_add_obstacle.py
[8.204s] -- Installing: /home/audric/Documents/GitHub/Tugas-Aksantara/install/map_manager/local/lib/python3.10/dist-packages/map_manager/srv/_add_victim.py
[8.204s] -- Installing: /home/audric/Documents/GitHub/Tugas-Aksantara/install/map_manager/local/lib/python3.10/dist-packages/map_manager/srv/__init__.py
[8.204s] -- Installing: /home/audric/Documents/GitHub/Tugas-Aksantara/install/map_manager/local/lib/python3.10/dist-packages/map_manager/srv/_add_victim_s.c
[8.204s] -- Installing: /home/audric/Documents/GitHub/Tugas-Aksantara/install/map_manager/local/lib/python3.10/dist-packages/map_manager/srv/_add_obstacle_s.c
[8.204s] -- Installing: /home/audric/Documents/GitHub/Tugas-Aksantara/install/map_manager/local/lib/python3.10/dist-packages/map_manager/_map_manager_s.ep.rosidl_typesupport_introspection_c.c
[8.204s] -- Installing: /home/audric/Documents/GitHub/Tugas-Aksantara/install/map_manager/local/lib/python3.10/dist-packages/map_manager/libmap_manager__rosidl_generator_py.so
[8.225s] Listing '/home/audric/Documents/GitHub/Tugas-Aksantara/install/map_manager/local/lib/python3.10/dist-packages/map_manager'...
[8.225s] Compiling '/home/audric/Documents/GitHub/Tugas-Aksantara/install/map_manager/local/lib/python3.10/dist-packages/map_manager/__init__.py'...
[8.226s] Listing '/home/audric/Documents/GitHub/Tugas-Aksantara/install/map_manager/local/lib/python3.10/dist-packages/map_manager/msg'...
[8.226s] Compiling '/home/audric/Documents/GitHub/Tugas-Aksantara/install/map_manager/local/lib/python3.10/dist-packages/map_manager/msg/__init__.py'...
[8.226s] Compiling '/home/audric/Documents/GitHub/Tugas-Aksantara/install/map_manager/local/lib/python3.10/dist-packages/map_manager/msg/_map_state.py'...
[8.226s] Listing '/home/audric/Documents/GitHub/Tugas-Aksantara/install/map_manager/local/lib/python3.10/dist-packages/map_manager/srv'...
[8.226s] Compiling '/home/audric/Documents/GitHub/Tugas-Aksantara/install/map_manager/local/lib/python3.10/dist-packages/map_manager/srv/__init__.py'...
[8.226s] Compiling '/home/audric/Documents/GitHub/Tugas-Aksantara/install/map_manager/local/lib/python3.10/dist-packages/map_manager/srv/_add_obstacle.py'...
[8.226s] Compiling '/home/audric/Documents/GitHub/Tugas-Aksantara/install/map_manager/local/lib/python3.10/dist-packages/map_manager/srv/_add_victim.py'...
[8.228s] -- Installing: /home/audric/Documents/GitHub/Tugas-Aksantara/install/map_manager/local/lib/python3.10/dist-packages/map_manager/map_manager_s__rosidl_typesupport_fastrtps_c.cpython-310-x86_64-linux-gnu.so
[8.229s] -- Set runtime path of "/home/audric/Documents/GitHub/Tugas-Aksantara/install/map_manager/local/lib/python3.10/dist-packages/map_manager/map_manager_s__rosidl_typesupport_fastrtps_c.cpython-310-x86_64-linux-gnu.so" to ""
[8.229s] -- Installing: /home/audric/Documents/GitHub/Tugas-Aksantara/install/map_manager/local/lib/python3.10/dist-packages/map_manager/map_manager_s__rosidl_typesupport_introspection_c.cpython-310-x86_64-linux-gnu.so
[8.229s] -- Set runtime path of "/home/audric/Documents/GitHub/Tugas-Aksantara/install/map_manager/local/lib/python3.10/dist-packages/map_manager/map_manager_s__rosidl_typesupport_introspection_c.cpython-310-x86_64-linux-gnu.so" to ""
[8.229s] -- Installing: /home/audric/Documents/GitHub/Tugas-Aksantara/install/map_manager/local/lib/python3.10/dist-packages/map_manager/map_manager_s__rosidl_typesupport_c.cpython-310-x86_64-linux-gnu.so
[8.230s] -- Set runtime path of "/home/audric/Documents/GitHub/Tugas-Aksantara/install/map_manager/local/lib/python3.10/dist-packages/map_manager/map_manager_s__rosidl_typesupport_c.cpython-310-x86_64-linux-gnu.so" to ""
[8.230s] -- Installing: /home/audric/Documents/GitHub/Tugas-Aksantara/install/map_manager/lib/libmap_manager__rosidl_generator_py.so
[8.230s] -- Set runtime path of "/home/audric/Documents/GitHub/Tugas-Aksantara/install/map_manager/lib/libmap_manager__rosidl_generator_py.so" to ""
[8.230s] -- Installing: /home/audric/Documents/GitHub/Tugas-Aksantara/install/map_manager/share/map_manager/msg/MapState.idl
[8.230s] -- Installing: /home/audric/Documents/GitHub/Tugas-Aksantara/install/map_manager/share/map_manager/srv/AddObstacle.idl
[8.230s] -- Installing: /home/audric/Documents/GitHub/Tugas-Aksantara/install/map_manager/share/map_manager/srv/AddVictim.idl
[8.230s] -- Installing: /home/audric/Documents/GitHub/Tugas-Aksantara/install/map_manager/share/map_manager/msg/MapState.msg
[8.230s] -- Installing: /home/audric/Documents/GitHub/Tugas-Aksantara/install/map_manager/share/map_manager/srv/AddObstacle.srv
[8.230s] -- Installing: /home/audric/Documents/GitHub/Tugas-Aksantara/install/map_manager/share/map_manager/srv/AddObstacle_Request.msg
[8.230s] -- Installing: /home/audric/Documents/GitHub/Tugas-Aksantara/install/map_manager/share/map_manager/srv/AddObstacle_Response.msg
[8.231s] -- Installing: /home/audric/Documents/GitHub/Tugas-Aksantara/install/map_manager/share/map_manager/srv/AddVictim.srv
[8.231s] -- Installing: /home/audric/Documents/GitHub/Tugas-Aksantara/install/map_manager/share/map_manager/srv/AddVictim_Request.msg
[8.231s] -- Installing: /home/audric/Documents/GitHub/Tugas-Aksantara/install/map_manager/share/map_manager/srv/AddVictim_Response.msg
[8.231s] -- Installing: /home/audric/Documents/GitHub/Tugas-Aksantara/install/map_manager/lib/map_manager/map_publish
[8.232s] -- Set runtime path of "/home/audric/Documents/GitHub/Tugas-Aksantara/install/map_manager/lib/map_manager/map_publish" to ""
[8.232s] -- Installing: /home/audric/Documents/GitHub/Tugas-Aksantara/install/map_manager/lib/map_manager/map_subscribe
[8.235s] -- Set runtime path of "/home/audric/Documents/GitHub/Tugas-Aksantara/install/map_manager/lib/map_manager/map_subscribe" to ""
[8.235s] -- Installing: /home/audric/Documents/GitHub/Tugas-Aksantara/install/map_manager/lib/map_manager/add_obstacle
[8.235s] -- Set runtime path of "/home/audric/Documents/GitHub/Tugas-Aksantara/install/map_manager/lib/map_manager/add_obstacle" to ""
[8.236s] -- Installing: /home/audric/Documents/GitHub/Tugas-Aksantara/install/map_manager/lib/map_manager/add_victim
[8.236s] -- Set runtime path of "/home/audric/Documents/GitHub/Tugas-Aksantara/install/map_manager/lib/map_manager/add_victim" to ""
[8.236s] -- Installing: /home/audric/Documents/GitHub/Tugas-Aksantara/install/map_manager/share/ament_index/resource_index/package_run_dependencies/map_manager
[8.236s] -- Installing: /home/audric/Documents/GitHub/Tugas-Aksantara/install/map_manager/share/ament_index/resource_index/parent_prefix_path/map_manager
[8.236s] -- Installing: /home/audric/Documents/GitHub/Tugas-Aksantara/install/map_manager/share/map_manager/environment/ament_prefix_path.sh
[8.236s] -- Installing: /home/audric/Documents/GitHub/Tugas-Aksantara/install/map_manager/share/map_manager/environment/ament_prefix_path.dsv
[8.236s] -- Installing: /home/audric/Documents/GitHub/Tugas-Aksantara/install/map_manager/share/map_manager/environment/path.sh
[8.236s] -- Installing: /home/audric/Documents/GitHub/Tugas-Aksantara/install/map_manager/share/map_manager/environment/path.dsv
[8.236s] -- Installing: /home/audric/Documents/GitHub/Tugas-Aksantara/install/map_manager/share/map_manager/local_setup.bash
[8.237s] -- Installing: /home/audric/Documents/GitHub/Tugas-Aksantara/install/map_manager/share/map_manager/local_setup.sh
[8.237s] -- Installing: /home/audric/Documents/GitHub/Tugas-Aksantara/install/map_manager/share/map_manager/local_setup.zsh
[8.237s] -- Installing: /home/audric/Documents/GitHub/Tugas-Aksantara/install/map_manager/share/map_manager/local_setup.dsv
[8.237s] -- Installing: /home/audric/Documents/GitHub/Tugas-Aksantara/install/map_manager/share/map_manager/package.dsv
[8.237s] -- Installing: /home/audric/Documents/GitHub/Tugas-Aksantara/install/map_manager/share/ament_index/resource_index/packages/map_manager
[8.237s] -- Installing: /home/audric/Documents/GitHub/Tugas-Aksantara/install/map_manager/share/map_manager/cmake/export_map_manager__rosidl_generator_cExport.cmake
[8.237s] -- Installing: /home/audric/Documents/GitHub/Tugas-Aksantara/install/map_manager/share/map_manager/cmake/export_map_manager__rosidl_generator_cExport-noconfig.cmake
[8.237s] -- Installing: /home/audric/Documents/GitHub/Tugas-Aksantara/install/map_manager/share/map_manager/cmake/export_map_manager__rosidl_typesupport_fastrtps_cExport.cmake
[8.237s] -- Installing: /home/audric/Documents/GitHub/Tugas-Aksantara/install/map_manager/share/map_manager/cmake/export_map_manager__rosidl_typesupport_fastrtps_cExport-noconfig.cmake
[8.237s] -- Installing: /home/audric/Documents/GitHub/Tugas-Aksantara/install/map_manager/share/map_manager/cmake/export_map_manager__rosidl_generator_cppExport.cmake
[8.238s] -- Installing: /home/audric/Documents/GitHub/Tugas-Aksantara/install/map_manager/share/map_manager/cmake/export_map_manager__rosidl_typesupport_fastrtps_cppExport.cmake
[8.238s] -- Installing: /home/audric/Documents/GitHub/Tugas-Aksantara/install/map_manager/share/map_manager/cmake/export_map_manager__rosidl_typesupport_fastrtps_cppExport-noconfig.cmake
[8.238s] -- Installing: /home/audric/Documents/GitHub/Tugas-Aksantara/install/map_manager/share/map_manager/cmake/map_manager__rosidl_typesupport_introspection_cExport.cmake
[8.238s] -- Installing: /home/audric/Documents/GitHub/Tugas-Aksantara/install/map_manager/share/map_manager/cmake/map_manager__rosidl_typesupport_introspection_cExport-noconfig.cmake
[8.238s] -- Installing: /home/audric/Documents/GitHub/Tugas-Aksantara/install/map_manager/share/map_manager/cmake/map_manager__rosidl_typesupport_cExport.cmake
[8.238s] -- Installing: /home/audric/Documents/GitHub/Tugas-Aksantara/install/map_manager/share/map_manager/cmake/map_manager__rosidl_typesupport_cExport-noconfig.cmake
[8.238s] -- Installing: /home/audric/Documents/GitHub/Tugas-Aksantara/install/map_manager/share/map_manager/cmake/map_manager__rosidl_typesupport_introspection_cppExport.cmake
[8.238s] -- Installing: /home/audric/Documents/GitHub/Tugas-Aksantara/install/map_manager/share/map_manager/cmake/map_manager__rosidl_typesupport_introspection_cppExport-noconfig.cmake
[8.238s] -- Installing: /home/audric/Documents/GitHub/Tugas-Aksantara/install/map_manager/share/map_manager/cmake/map_manager__rosidl_typesupport_cppExport.cmake
[8.238s] -- Installing: /home/audric/Documents/GitHub/Tugas-Aksantara/install/map_manager/share/map_manager/cmake/map_manager__rosidl_typesupport_cppExport-noconfig.cmake
[8.239s] -- Installing: /home/audric/Documents/GitHub/Tugas-Aksantara/install/map_manager/share/map_manager/cmake/export_map_manager__rosidl_generator_pyExport.cmake
[8.239s] -- Installing: /home/audric/Documents/GitHub/Tugas-Aksantara/install/map_manager/share/map_manager/cmake/export_map_manager__rosidl_generator_pyExport-noconfig.cmake
[8.239s] -- Installing: /home/audric/Documents/GitHub/Tugas-Aksantara/install/map_manager/share/map_manager/cmake/rosidl_cmake-extras.cmake
[8.239s] -- Installing: /home/audric/Documents/GitHub/Tugas-Aksantara/install/map_manager/share/map_manager/cmake/ament_cmake_export_dependencies-extras.cmake
[8.239s] -- Installing: /home/audric/Documents/GitHub/Tugas-Aksantara/install/map_manager/share/map_manager/cmake/ament_cmake_export_include_directories-extras.cmake
[8.239s] -- Installing: /home/audric/Documents/GitHub/Tugas-Aksantara/install/map_manager/share/map_manager/cmake/ament_cmake_export_libraries-extras.cmake
[8.239s] -- Installing: /home/audric/Documents/GitHub/Tugas-Aksantara/install/map_manager/share/map_manager/cmake/ament_cmake_export_targets-extras.cmake
[8.239s] -- Installing: /home/audric/Documents/GitHub/Tugas-Aksantara/install/map_manager/share/map_manager/cmake/rosidl_cmake_export_typesupport_targets-extras.cmake
[8.239s] -- Installing: /home/audric/Documents/GitHub/Tugas-Aksantara/install/map_manager/share/map_manager/cmake/rosidl_cmake_export_typesupport_libraries-extras.cmake
[8.239s] -- Installing: /home/audric/Documents/GitHub/Tugas-Aksantara/install/map_manager/share/map_manager/cmake/map_managerConfig.cmake
[8.239s] -- Installing: /home/audric/Documents/GitHub/Tugas-Aksantara/install/map_manager/share/map_manager/cmake/map_managerConfig-version.cmake
[8.240s] -- Installing: /home/audric/Documents/GitHub/Tugas-Aksantara/install/map_manager/share/map_manager/package.xml
[8.242s] Invoked command in '/home/audric/Documents/GitHub/Tugas-Aksantara/build/map_manager' returned '0': CMAKE_PREFIX_PATH=${CMAKE_PREFIX_PATH}:/opt/ros/humble /usr/bin/cmake --install /home/audric/Documents/GitHub/Tugas-Aksantara/build/map_manager
