-- Found ament_cmake: 1.3.11 (/opt/ros/humble/share/ament_cmake/cmake)
-- Found rclcpp: 16.0.11 (/opt/ros/humble/share/rclcpp/cmake)
-- Found rosidl_generator_c: 3.1.6 (/opt/ros/humble/share/rosidl_generator_c/cmake)
-- Found rosidl_adapter: 3.1.6 (/opt/ros/humble/share/rosidl_adapter/cmake)
-- Found rosidl_generator_cpp: 3.1.6 (/opt/ros/humble/share/rosidl_generator_cpp/cmake)
-- Using all available rosidl_typesupport_c: rosidl_typesupport_fastrtps_c;rosidl_typesupport_introspection_c
-- Using all available rosidl_typesupport_cpp: rosidl_typesupport_fastrtps_cpp;rosidl_typesupport_introspection_cpp
-- Found rmw_implementation_cmake: 6.1.2 (/opt/ros/humble/share/rmw_implementation_cmake/cmake)
-- Found rmw_fastrtps_cpp: 6.2.7 (/opt/ros/humble/share/rmw_fastrtps_cpp/cmake)
-- Using RMW implementation 'rmw_fastrtps_cpp' as default
-- Found std_srvs: 4.2.4 (/opt/ros/humble/share/std_srvs/cmake)
-- Found ament_lint_auto: 0.12.11 (/opt/ros/humble/share/ament_lint_auto/cmake)
-- Added test 'cppcheck' to perform static code analysis on C / C++ code
-- Configured cppcheck include dirs: 
-- Configured cppcheck exclude dirs and/or files: 
-- Added test 'lint_cmake' to check CMake code style
-- Added test 'uncrustify' to check C / C++ code style
-- Configured uncrustify additional arguments: 
-- Added test 'xmllint' to check XML markup files
-- Configuring done
-- Generating done
-- Build files have been written to: /home/audric/Documents/GitHub/Tugas-Aksantara/build/drone_controller
[ 50%] [32mBuilding CXX object CMakeFiles/simulation_service.dir/src/simulation_service.cpp.o[0m
[100%] [32m[1mLinking CXX executable simulation_service[0m
[100%] Built target simulation_service
-- Install configuration: ""
-- Installing: /home/audric/Documents/GitHub/Tugas-Aksantara/install/drone_controller/lib/drone_controller/simulation_service
-- Set runtime path of "/home/audric/Documents/GitHub/Tugas-Aksantara/install/drone_controller/lib/drone_controller/simulation_service" to ""
-- Installing: /home/audric/Documents/GitHub/Tugas-Aksantara/install/drone_controller/share/ament_index/resource_index/package_run_dependencies/drone_controller
-- Installing: /home/audric/Documents/GitHub/Tugas-Aksantara/install/drone_controller/share/ament_index/resource_index/parent_prefix_path/drone_controller
-- Up-to-date: /home/audric/Documents/GitHub/Tugas-Aksantara/install/drone_controller/share/drone_controller/environment/ament_prefix_path.sh
-- Installing: /home/audric/Documents/GitHub/Tugas-Aksantara/install/drone_controller/share/drone_controller/environment/ament_prefix_path.dsv
-- Up-to-date: /home/audric/Documents/GitHub/Tugas-Aksantara/install/drone_controller/share/drone_controller/environment/path.sh
-- Installing: /home/audric/Documents/GitHub/Tugas-Aksantara/install/drone_controller/share/drone_controller/environment/path.dsv
-- Up-to-date: /home/audric/Documents/GitHub/Tugas-Aksantara/install/drone_controller/share/drone_controller/local_setup.bash
-- Up-to-date: /home/audric/Documents/GitHub/Tugas-Aksantara/install/drone_controller/share/drone_controller/local_setup.sh
-- Up-to-date: /home/audric/Documents/GitHub/Tugas-Aksantara/install/drone_controller/share/drone_controller/local_setup.zsh
-- Installing: /home/audric/Documents/GitHub/Tugas-Aksantara/install/drone_controller/share/drone_controller/local_setup.dsv
-- Installing: /home/audric/Documents/GitHub/Tugas-Aksantara/install/drone_controller/share/drone_controller/package.dsv
-- Up-to-date: /home/audric/Documents/GitHub/Tugas-Aksantara/install/drone_controller/share/ament_index/resource_index/packages/drone_controller
-- Up-to-date: /home/audric/Documents/GitHub/Tugas-Aksantara/install/drone_controller/share/drone_controller/cmake/drone_controllerConfig.cmake
-- Up-to-date: /home/audric/Documents/GitHub/Tugas-Aksantara/install/drone_controller/share/drone_controller/cmake/drone_controllerConfig-version.cmake
-- Installing: /home/audric/Documents/GitHub/Tugas-Aksantara/install/drone_controller/share/drone_controller/package.xml
