[0.009s] Invoking command in '/home/audric/Documents/GitHub/Tugas-Aksantara/build/drone_controller': CMAKE_PREFIX_PATH=${CMAKE_PREFIX_PATH}:/opt/ros/humble /usr/bin/cmake --build /home/audric/Documents/GitHub/Tugas-Aksantara/build/drone_controller -- -j16 -l16
[0.031s] -- Found ament_cmake: 1.3.11 (/opt/ros/humble/share/ament_cmake/cmake)
[0.121s] -- Found rclcpp: 16.0.11 (/opt/ros/humble/share/rclcpp/cmake)
[0.138s] -- Found rosidl_generator_c: 3.1.6 (/opt/ros/humble/share/rosidl_generator_c/cmake)
[0.140s] -- Found rosidl_adapter: 3.1.6 (/opt/ros/humble/share/rosidl_adapter/cmake)
[0.143s] -- Found rosidl_generator_cpp: 3.1.6 (/opt/ros/humble/share/rosidl_generator_cpp/cmake)
[0.149s] -- Using all available rosidl_typesupport_c: rosidl_typesupport_fastrtps_c;rosidl_typesupport_introspection_c
[0.157s] -- Using all available rosidl_typesupport_cpp: rosidl_typesupport_fastrtps_cpp;rosidl_typesupport_introspection_cpp
[0.175s] -- Found rmw_implementation_cmake: 6.1.2 (/opt/ros/humble/share/rmw_implementation_cmake/cmake)
[0.176s] -- Found rmw_fastrtps_cpp: 6.2.7 (/opt/ros/humble/share/rmw_fastrtps_cpp/cmake)
[0.249s] -- Using RMW implementation 'rmw_fastrtps_cpp' as default
[0.281s] -- Found std_srvs: 4.2.4 (/opt/ros/humble/share/std_srvs/cmake)
[0.288s] -- Found ament_lint_auto: 0.12.11 (/opt/ros/humble/share/ament_lint_auto/cmake)
[0.337s] -- Added test 'cppcheck' to perform static code analysis on C / C++ code
[0.337s] -- Configured cppcheck include dirs: 
[0.337s] -- Configured cppcheck exclude dirs and/or files: 
[0.338s] -- Added test 'lint_cmake' to check CMake code style
[0.338s] -- Added test 'uncrustify' to check C / C++ code style
[0.338s] -- Configured uncrustify additional arguments: 
[0.338s] -- Added test 'xmllint' to check XML markup files
[0.339s] -- Configuring done
[0.345s] -- Generating done
[0.348s] -- Build files have been written to: /home/audric/Documents/GitHub/Tugas-Aksantara/build/drone_controller
[0.379s] [ 50%] [32mBuilding CXX object CMakeFiles/simulation_service.dir/src/simulation_service.cpp.o[0m
[2.798s] [100%] [32m[1mLinking CXX executable simulation_service[0m
[2.901s] [100%] Built target simulation_service
[2.910s] Invoked command in '/home/audric/Documents/GitHub/Tugas-Aksantara/build/drone_controller' returned '0': CMAKE_PREFIX_PATH=${CMAKE_PREFIX_PATH}:/opt/ros/humble /usr/bin/cmake --build /home/audric/Documents/GitHub/Tugas-Aksantara/build/drone_controller -- -j16 -l16
[2.911s] Invoking command in '/home/audric/Documents/GitHub/Tugas-Aksantara/build/drone_controller': CMAKE_PREFIX_PATH=${CMAKE_PREFIX_PATH}:/opt/ros/humble /usr/bin/cmake --install /home/audric/Documents/GitHub/Tugas-Aksantara/build/drone_controller
[2.917s] -- Install configuration: ""
[2.917s] -- Installing: /home/audric/Documents/GitHub/Tugas-Aksantara/install/drone_controller/lib/drone_controller/simulation_service
[2.918s] -- Set runtime path of "/home/audric/Documents/GitHub/Tugas-Aksantara/install/drone_controller/lib/drone_controller/simulation_service" to ""
[2.918s] -- Installing: /home/audric/Documents/GitHub/Tugas-Aksantara/install/drone_controller/share/ament_index/resource_index/package_run_dependencies/drone_controller
[2.919s] -- Installing: /home/audric/Documents/GitHub/Tugas-Aksantara/install/drone_controller/share/ament_index/resource_index/parent_prefix_path/drone_controller
[2.919s] -- Up-to-date: /home/audric/Documents/GitHub/Tugas-Aksantara/install/drone_controller/share/drone_controller/environment/ament_prefix_path.sh
[2.919s] -- Installing: /home/audric/Documents/GitHub/Tugas-Aksantara/install/drone_controller/share/drone_controller/environment/ament_prefix_path.dsv
[2.919s] -- Up-to-date: /home/audric/Documents/GitHub/Tugas-Aksantara/install/drone_controller/share/drone_controller/environment/path.sh
[2.919s] -- Installing: /home/audric/Documents/GitHub/Tugas-Aksantara/install/drone_controller/share/drone_controller/environment/path.dsv
[2.919s] -- Up-to-date: /home/audric/Documents/GitHub/Tugas-Aksantara/install/drone_controller/share/drone_controller/local_setup.bash
[2.919s] -- Up-to-date: /home/audric/Documents/GitHub/Tugas-Aksantara/install/drone_controller/share/drone_controller/local_setup.sh
[2.919s] -- Up-to-date: /home/audric/Documents/GitHub/Tugas-Aksantara/install/drone_controller/share/drone_controller/local_setup.zsh
[2.919s] -- Installing: /home/audric/Documents/GitHub/Tugas-Aksantara/install/drone_controller/share/drone_controller/local_setup.dsv
[2.919s] -- Installing: /home/audric/Documents/GitHub/Tugas-Aksantara/install/drone_controller/share/drone_controller/package.dsv
[2.920s] -- Up-to-date: /home/audric/Documents/GitHub/Tugas-Aksantara/install/drone_controller/share/ament_index/resource_index/packages/drone_controller
[2.920s] -- Up-to-date: /home/audric/Documents/GitHub/Tugas-Aksantara/install/drone_controller/share/drone_controller/cmake/drone_controllerConfig.cmake
[2.920s] -- Up-to-date: /home/audric/Documents/GitHub/Tugas-Aksantara/install/drone_controller/share/drone_controller/cmake/drone_controllerConfig-version.cmake
[2.920s] -- Installing: /home/audric/Documents/GitHub/Tugas-Aksantara/install/drone_controller/share/drone_controller/package.xml
[2.921s] Invoked command in '/home/audric/Documents/GitHub/Tugas-Aksantara/build/drone_controller' returned '0': CMAKE_PREFIX_PATH=${CMAKE_PREFIX_PATH}:/opt/ros/humble /usr/bin/cmake --install /home/audric/Documents/GitHub/Tugas-Aksantara/build/drone_controller
