[0.008s] Invoking command in '/home/audric/Documents/GitHub/Tugas-Aksantara/build/drone_controller': CMAKE_PREFIX_PATH=${CMAKE_PREFIX_PATH}:/opt/ros/humble /usr/bin/cmake /home/audric/Documents/GitHub/Tugas-Aksantara/src/drone_controller -DCMAKE_INSTALL_PREFIX=/home/audric/Documents/GitHub/Tugas-Aksantara/install/drone_controller
[0.048s] -- The C compiler identification is GNU 11.4.0
[0.086s] -- The CXX compiler identification is GNU 11.4.0
[0.091s] -- Detecting C compiler ABI info
[0.148s] -- Detecting C compiler ABI info - done
[0.152s] -- Check for working C compiler: /usr/bin/cc - skipped
[0.152s] -- Detecting C compile features
[0.153s] -- Detecting C compile features - done
[0.155s] -- Detecting CXX compiler ABI info
[0.212s] -- Detecting CXX compiler ABI info - done
[0.216s] -- Check for working CXX compiler: /usr/bin/c++ - skipped
[0.216s] -- Detecting CXX compile features
[0.216s] -- Detecting CXX compile features - done
[0.218s] -- Found ament_cmake: 1.3.11 (/opt/ros/humble/share/ament_cmake/cmake)
[0.314s] -- Found Python3: /usr/bin/python3 (found version "3.10.12") found components: Interpreter 
[0.367s] -- Found rclcpp: 16.0.11 (/opt/ros/humble/share/rclcpp/cmake)
[0.389s] -- Found rosidl_generator_c: 3.1.6 (/opt/ros/humble/share/rosidl_generator_c/cmake)
[0.392s] -- Found rosidl_adapter: 3.1.6 (/opt/ros/humble/share/rosidl_adapter/cmake)
[0.396s] -- Found rosidl_generator_cpp: 3.1.6 (/opt/ros/humble/share/rosidl_generator_cpp/cmake)
[0.403s] -- Using all available rosidl_typesupport_c: rosidl_typesupport_fastrtps_c;rosidl_typesupport_introspection_c
[0.412s] -- Using all available rosidl_typesupport_cpp: rosidl_typesupport_fastrtps_cpp;rosidl_typesupport_introspection_cpp
[0.434s] -- Found rmw_implementation_cmake: 6.1.2 (/opt/ros/humble/share/rmw_implementation_cmake/cmake)
[0.435s] -- Found rmw_fastrtps_cpp: 6.2.7 (/opt/ros/humble/share/rmw_fastrtps_cpp/cmake)
[0.499s] -- Found OpenSSL: /usr/lib/x86_64-linux-gnu/libcrypto.so (found version "3.0.2")  
[0.516s] -- Found FastRTPS: /opt/ros/humble/include  
[0.544s] -- Using RMW implementation 'rmw_fastrtps_cpp' as default
[0.548s] -- Looking for pthread.h
[0.606s] -- Looking for pthread.h - found
[0.606s] -- Performing Test CMAKE_HAVE_LIBC_PTHREAD
[0.663s] -- Performing Test CMAKE_HAVE_LIBC_PTHREAD - Success
[0.664s] -- Found Threads: TRUE  
[0.695s] -- Found ament_lint_auto: 0.12.11 (/opt/ros/humble/share/ament_lint_auto/cmake)
[0.745s] -- Added test 'lint_cmake' to check CMake code style
[0.746s] -- Added test 'xmllint' to check XML markup files
[0.746s] -- Configuring done
[0.750s] -- Generating done
[0.752s] -- Build files have been written to: /home/audric/Documents/GitHub/Tugas-Aksantara/build/drone_controller
[0.761s] Invoked command in '/home/audric/Documents/GitHub/Tugas-Aksantara/build/drone_controller' returned '0': CMAKE_PREFIX_PATH=${CMAKE_PREFIX_PATH}:/opt/ros/humble /usr/bin/cmake /home/audric/Documents/GitHub/Tugas-Aksantara/src/drone_controller -DCMAKE_INSTALL_PREFIX=/home/audric/Documents/GitHub/Tugas-Aksantara/install/drone_controller
[0.762s] Invoking command in '/home/audric/Documents/GitHub/Tugas-Aksantara/build/drone_controller': CMAKE_PREFIX_PATH=${CMAKE_PREFIX_PATH}:/opt/ros/humble /usr/bin/cmake --build /home/audric/Documents/GitHub/Tugas-Aksantara/build/drone_controller -- -j16 -l16
[0.798s] Invoked command in '/home/audric/Documents/GitHub/Tugas-Aksantara/build/drone_controller' returned '0': CMAKE_PREFIX_PATH=${CMAKE_PREFIX_PATH}:/opt/ros/humble /usr/bin/cmake --build /home/audric/Documents/GitHub/Tugas-Aksantara/build/drone_controller -- -j16 -l16
[0.807s] Invoking command in '/home/audric/Documents/GitHub/Tugas-Aksantara/build/drone_controller': CMAKE_PREFIX_PATH=${CMAKE_PREFIX_PATH}:/opt/ros/humble /usr/bin/cmake --install /home/audric/Documents/GitHub/Tugas-Aksantara/build/drone_controller
[0.813s] -- Install configuration: ""
[0.813s] -- Installing: /home/audric/Documents/GitHub/Tugas-Aksantara/install/drone_controller/share/ament_index/resource_index/package_run_dependencies/drone_controller
[0.814s] -- Installing: /home/audric/Documents/GitHub/Tugas-Aksantara/install/drone_controller/share/ament_index/resource_index/parent_prefix_path/drone_controller
[0.814s] -- Installing: /home/audric/Documents/GitHub/Tugas-Aksantara/install/drone_controller/share/drone_controller/environment/ament_prefix_path.sh
[0.814s] -- Installing: /home/audric/Documents/GitHub/Tugas-Aksantara/install/drone_controller/share/drone_controller/environment/ament_prefix_path.dsv
[0.814s] -- Installing: /home/audric/Documents/GitHub/Tugas-Aksantara/install/drone_controller/share/drone_controller/environment/path.sh
[0.814s] -- Installing: /home/audric/Documents/GitHub/Tugas-Aksantara/install/drone_controller/share/drone_controller/environment/path.dsv
[0.814s] -- Installing: /home/audric/Documents/GitHub/Tugas-Aksantara/install/drone_controller/share/drone_controller/local_setup.bash
[0.814s] -- Installing: /home/audric/Documents/GitHub/Tugas-Aksantara/install/drone_controller/share/drone_controller/local_setup.sh
[0.814s] -- Installing: /home/audric/Documents/GitHub/Tugas-Aksantara/install/drone_controller/share/drone_controller/local_setup.zsh
[0.814s] -- Installing: /home/audric/Documents/GitHub/Tugas-Aksantara/install/drone_controller/share/drone_controller/local_setup.dsv
[0.815s] -- Installing: /home/audric/Documents/GitHub/Tugas-Aksantara/install/drone_controller/share/drone_controller/package.dsv
[0.815s] -- Installing: /home/audric/Documents/GitHub/Tugas-Aksantara/install/drone_controller/share/ament_index/resource_index/packages/drone_controller
[0.815s] -- Installing: /home/audric/Documents/GitHub/Tugas-Aksantara/install/drone_controller/share/drone_controller/cmake/drone_controllerConfig.cmake
[0.815s] -- Installing: /home/audric/Documents/GitHub/Tugas-Aksantara/install/drone_controller/share/drone_controller/cmake/drone_controllerConfig-version.cmake
[0.815s] -- Installing: /home/audric/Documents/GitHub/Tugas-Aksantara/install/drone_controller/share/drone_controller/package.xml
[0.817s] Invoked command in '/home/audric/Documents/GitHub/Tugas-Aksantara/build/drone_controller' returned '0': CMAKE_PREFIX_PATH=${CMAKE_PREFIX_PATH}:/opt/ros/humble /usr/bin/cmake --install /home/audric/Documents/GitHub/Tugas-Aksantara/build/drone_controller
