[  1%] Built target map_manager__cpp
[ 11%] Built target map_manager__rosidl_generator_c
[ 15%] Built target map_subscribe
[ 15%] Built target ament_cmake_python_copy_map_manager
[ 25%] Built target map_manager__rosidl_typesupport_cpp
[ 45%] Built target map_manager__rosidl_typesupport_c
[ 45%] Built target map_manager__rosidl_typesupport_fastrtps_cpp
[ 54%] Built target map_manager__rosidl_typesupport_introspection_c
[ 64%] Built target map_manager__rosidl_typesupport_fastrtps_c
[ 74%] Built target map_manager__rosidl_typesupport_introspection_cpp
[ 74%] Built target map_manager
[ 76%] [32mBuilding CXX object CMakeFiles/map_publish.dir/src/map_publisher_function.cpp.o[0m
[ 78%] Built target map_manager__py
[ 86%] Built target map_manager__rosidl_generator_py
[ 94%] Built target map_manager__rosidl_typesupport_introspection_c__pyext
[ 94%] Built target map_manager__rosidl_typesupport_c__pyext
[ 98%] Built target map_manager__rosidl_typesupport_fastrtps_c__pyext
running egg_info
writing map_manager.egg-info/PKG-INFO
writing dependency_links to map_manager.egg-info/dependency_links.txt
writing top-level names to map_manager.egg-info/top_level.txt
reading manifest file 'map_manager.egg-info/SOURCES.txt'
writing manifest file 'map_manager.egg-info/SOURCES.txt'
[ 98%] Built target ament_cmake_python_build_map_manager_egg
