[0.009s] Invoking command in '/home/audric/Documents/GitHub/Tugas-Aksantara/build/drone_controller': CMAKE_PREFIX_PATH=${CMAKE_PREFIX_PATH}:/opt/ros/humble /usr/bin/cmake --build /home/audric/Documents/GitHub/Tugas-Aksantara/build/drone_controller -- -j16 -l16
[0.045s] Invoked command in '/home/audric/Documents/GitHub/Tugas-Aksantara/build/drone_controller' returned '0': CMAKE_PREFIX_PATH=${CMAKE_PREFIX_PATH}:/opt/ros/humble /usr/bin/cmake --build /home/audric/Documents/GitHub/Tugas-Aksantara/build/drone_controller -- -j16 -l16
[0.054s] Invoking command in '/home/audric/Documents/GitHub/Tugas-Aksantara/build/drone_controller': CMAKE_PREFIX_PATH=${CMAKE_PREFIX_PATH}:/opt/ros/humble /usr/bin/cmake --install /home/audric/Documents/GitHub/Tugas-Aksantara/build/drone_controller
[0.059s] -- Install configuration: ""
[0.059s] -- Up-to-date: /home/audric/Documents/GitHub/Tugas-Aksantara/install/drone_controller/share/ament_index/resource_index/package_run_dependencies/drone_controller
[0.059s] -- Up-to-date: /home/audric/Documents/GitHub/Tugas-Aksantara/install/drone_controller/share/ament_index/resource_index/parent_prefix_path/drone_controller
[0.059s] -- Up-to-date: /home/audric/Documents/GitHub/Tugas-Aksantara/install/drone_controller/share/drone_controller/environment/ament_prefix_path.sh
[0.059s] -- Up-to-date: /home/audric/Documents/GitHub/Tugas-Aksantara/install/drone_controller/share/drone_controller/environment/ament_prefix_path.dsv
[0.059s] -- Up-to-date: /home/audric/Documents/GitHub/Tugas-Aksantara/install/drone_controller/share/drone_controller/environment/path.sh
[0.059s] -- Up-to-date: /home/audric/Documents/GitHub/Tugas-Aksantara/install/drone_controller/share/drone_controller/environment/path.dsv
[0.059s] -- Up-to-date: /home/audric/Documents/GitHub/Tugas-Aksantara/install/drone_controller/share/drone_controller/local_setup.bash
[0.059s] -- Up-to-date: /home/audric/Documents/GitHub/Tugas-Aksantara/install/drone_controller/share/drone_controller/local_setup.sh
[0.059s] -- Up-to-date: /home/audric/Documents/GitHub/Tugas-Aksantara/install/drone_controller/share/drone_controller/local_setup.zsh
[0.060s] -- Up-to-date: /home/audric/Documents/GitHub/Tugas-Aksantara/install/drone_controller/share/drone_controller/local_setup.dsv
[0.060s] -- Up-to-date: /home/audric/Documents/GitHub/Tugas-Aksantara/install/drone_controller/share/drone_controller/package.dsv
[0.060s] -- Up-to-date: /home/audric/Documents/GitHub/Tugas-Aksantara/install/drone_controller/share/ament_index/resource_index/packages/drone_controller
[0.060s] -- Up-to-date: /home/audric/Documents/GitHub/Tugas-Aksantara/install/drone_controller/share/drone_controller/cmake/drone_controllerConfig.cmake
[0.060s] -- Up-to-date: /home/audric/Documents/GitHub/Tugas-Aksantara/install/drone_controller/share/drone_controller/cmake/drone_controllerConfig-version.cmake
[0.060s] -- Up-to-date: /home/audric/Documents/GitHub/Tugas-Aksantara/install/drone_controller/share/drone_controller/package.xml
[0.062s] Invoked command in '/home/audric/Documents/GitHub/Tugas-Aksantara/build/drone_controller' returned '0': CMAKE_PREFIX_PATH=${CMAKE_PREFIX_PATH}:/opt/ros/humble /usr/bin/cmake --install /home/audric/Documents/GitHub/Tugas-Aksantara/build/drone_controller
