[35m[1mConsolidate compiler generated dependencies of target simulation_service[0m
[ 50%] [32mBuilding CXX object CMakeFiles/simulation_service.dir/src/simulation_service.cpp.o[0m
[100%] [32m[1mLinking CXX executable simulation_service[0m
[100%] Built target simulation_service
-- Install configuration: ""
-- Installing: /home/audric/Documents/GitHub/Tugas-Aksantara/install/drone_controller/lib/drone_controller/simulation_service
-- Set runtime path of "/home/audric/Documents/GitHub/Tugas-Aksantara/install/drone_controller/lib/drone_controller/simulation_service" to ""
-- Up-to-date: /home/audric/Documents/GitHub/Tugas-Aksantara/install/drone_controller/share/ament_index/resource_index/package_run_dependencies/drone_controller
-- Up-to-date: /home/audric/Documents/GitHub/Tugas-Aksantara/install/drone_controller/share/ament_index/resource_index/parent_prefix_path/drone_controller
-- Up-to-date: /home/audric/Documents/GitHub/Tugas-Aksantara/install/drone_controller/share/drone_controller/environment/ament_prefix_path.sh
-- Up-to-date: /home/audric/Documents/GitHub/Tugas-Aksantara/install/drone_controller/share/drone_controller/environment/ament_prefix_path.dsv
-- Up-to-date: /home/audric/Documents/GitHub/Tugas-Aksantara/install/drone_controller/share/drone_controller/environment/path.sh
-- Up-to-date: /home/audric/Documents/GitHub/Tugas-Aksantara/install/drone_controller/share/drone_controller/environment/path.dsv
-- Up-to-date: /home/audric/Documents/GitHub/Tugas-Aksantara/install/drone_controller/share/drone_controller/local_setup.bash
-- Up-to-date: /home/audric/Documents/GitHub/Tugas-Aksantara/install/drone_controller/share/drone_controller/local_setup.sh
-- Up-to-date: /home/audric/Documents/GitHub/Tugas-Aksantara/install/drone_controller/share/drone_controller/local_setup.zsh
-- Up-to-date: /home/audric/Documents/GitHub/Tugas-Aksantara/install/drone_controller/share/drone_controller/local_setup.dsv
-- Installing: /home/audric/Documents/GitHub/Tugas-Aksantara/install/drone_controller/share/drone_controller/package.dsv
-- Up-to-date: /home/audric/Documents/GitHub/Tugas-Aksantara/install/drone_controller/share/ament_index/resource_index/packages/drone_controller
-- Up-to-date: /home/audric/Documents/GitHub/Tugas-Aksantara/install/drone_controller/share/drone_controller/cmake/drone_controllerConfig.cmake
-- Up-to-date: /home/audric/Documents/GitHub/Tugas-Aksantara/install/drone_controller/share/drone_controller/cmake/drone_controllerConfig-version.cmake
-- Up-to-date: /home/audric/Documents/GitHub/Tugas-Aksantara/install/drone_controller/share/drone_controller/package.xml
