[0.050s] DEBUG:colcon:Command line arguments: ['/usr/bin/colcon', 'build']
[0.050s] DEBUG:colcon:Parsed command line arguments: Namespace(log_base=None, log_level=None, verb_name='build', build_base='build', install_base='install', merge_install=False, symlink_install=False, test_result_base=None, continue_on_error=False, executor='parallel', parallel_workers=16, event_handlers=None, ignore_user_meta=False, metas=['./colcon.meta'], base_paths=['.'], packages_ignore=None, packages_ignore_regex=None, paths=None, packages_up_to=None, packages_up_to_regex=None, packages_above=None, packages_above_and_dependencies=None, packages_above_depth=None, packages_select_by_dep=None, packages_skip_by_dep=None, packages_skip_up_to=None, packages_select_build_failed=False, packages_skip_build_finished=False, packages_select_test_failures=False, packages_skip_test_passed=False, packages_select=None, packages_skip=None, packages_select_regex=None, packages_skip_regex=None, packages_start=None, packages_end=None, allow_overriding=[], cmake_args=None, cmake_target=None, cmake_target_skip_unavailable=False, cmake_clean_cache=False, cmake_clean_first=False, cmake_force_configure=False, ament_cmake_args=None, catkin_cmake_args=None, catkin_skip_building_tests=False, verb_parser=<colcon_defaults.argument_parser.defaults.DefaultArgumentsDecorator object at 0x7e30b9942590>, verb_extension=<colcon_core.verb.build.BuildVerb object at 0x7e30b9a3ba00>, main=<bound method BuildVerb.main of <colcon_core.verb.build.BuildVerb object at 0x7e30b9a3ba00>>)
[0.121s] Level 1:colcon.colcon_core.package_discovery:discover_packages(colcon_meta) check parameters
[0.121s] Level 1:colcon.colcon_core.package_discovery:discover_packages(recursive) check parameters
[0.121s] Level 1:colcon.colcon_core.package_discovery:discover_packages(ignore) check parameters
[0.121s] Level 1:colcon.colcon_core.package_discovery:discover_packages(path) check parameters
[0.121s] Level 1:colcon.colcon_core.package_discovery:discover_packages(colcon_meta) discover
[0.121s] Level 1:colcon.colcon_core.package_discovery:discover_packages(recursive) discover
[0.121s] INFO:colcon.colcon_core.package_discovery:Crawling recursively for packages in '/home/audric/Documents/GitHub/Tugas-Aksantara'
[0.121s] Level 1:colcon.colcon_core.package_identification:_identify(.) by extensions ['ignore', 'ignore_ament_install']
[0.121s] Level 1:colcon.colcon_core.package_identification:_identify(.) by extension 'ignore'
[0.121s] Level 1:colcon.colcon_core.package_identification:_identify(.) by extension 'ignore_ament_install'
[0.121s] Level 1:colcon.colcon_core.package_identification:_identify(.) by extensions ['colcon_pkg']
[0.122s] Level 1:colcon.colcon_core.package_identification:_identify(.) by extension 'colcon_pkg'
[0.122s] Level 1:colcon.colcon_core.package_identification:_identify(.) by extensions ['colcon_meta']
[0.122s] Level 1:colcon.colcon_core.package_identification:_identify(.) by extension 'colcon_meta'
[0.122s] Level 1:colcon.colcon_core.package_identification:_identify(.) by extensions ['ros']
[0.122s] Level 1:colcon.colcon_core.package_identification:_identify(.) by extension 'ros'
[0.127s] Level 1:colcon.colcon_core.package_identification:_identify(.) by extensions ['cmake', 'python']
[0.127s] Level 1:colcon.colcon_core.package_identification:_identify(.) by extension 'cmake'
[0.127s] Level 1:colcon.colcon_core.package_identification:_identify(.) by extension 'python'
[0.127s] Level 1:colcon.colcon_core.package_identification:_identify(.) by extensions ['python_setup_py']
[0.127s] Level 1:colcon.colcon_core.package_identification:_identify(.) by extension 'python_setup_py'
[0.128s] Level 1:colcon.colcon_core.package_identification:_identify(build) by extensions ['ignore', 'ignore_ament_install']
[0.128s] Level 1:colcon.colcon_core.package_identification:_identify(build) by extension 'ignore'
[0.128s] Level 1:colcon.colcon_core.package_identification:_identify(build) ignored
[0.128s] Level 1:colcon.colcon_core.package_identification:_identify(install) by extensions ['ignore', 'ignore_ament_install']
[0.128s] Level 1:colcon.colcon_core.package_identification:_identify(install) by extension 'ignore'
[0.128s] Level 1:colcon.colcon_core.package_identification:_identify(install) ignored
[0.128s] Level 1:colcon.colcon_core.package_identification:_identify(log) by extensions ['ignore', 'ignore_ament_install']
[0.128s] Level 1:colcon.colcon_core.package_identification:_identify(log) by extension 'ignore'
[0.128s] Level 1:colcon.colcon_core.package_identification:_identify(log) ignored
[0.128s] Level 1:colcon.colcon_core.package_identification:_identify(src) by extensions ['ignore', 'ignore_ament_install']
[0.128s] Level 1:colcon.colcon_core.package_identification:_identify(src) by extension 'ignore'
[0.128s] Level 1:colcon.colcon_core.package_identification:_identify(src) by extension 'ignore_ament_install'
[0.128s] Level 1:colcon.colcon_core.package_identification:_identify(src) by extensions ['colcon_pkg']
[0.128s] Level 1:colcon.colcon_core.package_identification:_identify(src) by extension 'colcon_pkg'
[0.128s] Level 1:colcon.colcon_core.package_identification:_identify(src) by extensions ['colcon_meta']
[0.128s] Level 1:colcon.colcon_core.package_identification:_identify(src) by extension 'colcon_meta'
[0.128s] Level 1:colcon.colcon_core.package_identification:_identify(src) by extensions ['ros']
[0.128s] Level 1:colcon.colcon_core.package_identification:_identify(src) by extension 'ros'
[0.128s] Level 1:colcon.colcon_core.package_identification:_identify(src) by extensions ['cmake', 'python']
[0.128s] Level 1:colcon.colcon_core.package_identification:_identify(src) by extension 'cmake'
[0.128s] Level 1:colcon.colcon_core.package_identification:_identify(src) by extension 'python'
[0.128s] Level 1:colcon.colcon_core.package_identification:_identify(src) by extensions ['python_setup_py']
[0.128s] Level 1:colcon.colcon_core.package_identification:_identify(src) by extension 'python_setup_py'
[0.128s] Level 1:colcon.colcon_core.package_identification:_identify(src/drone_controller) by extensions ['ignore', 'ignore_ament_install']
[0.128s] Level 1:colcon.colcon_core.package_identification:_identify(src/drone_controller) by extension 'ignore'
[0.128s] Level 1:colcon.colcon_core.package_identification:_identify(src/drone_controller) by extension 'ignore_ament_install'
[0.128s] Level 1:colcon.colcon_core.package_identification:_identify(src/drone_controller) by extensions ['colcon_pkg']
[0.128s] Level 1:colcon.colcon_core.package_identification:_identify(src/drone_controller) by extension 'colcon_pkg'
[0.128s] Level 1:colcon.colcon_core.package_identification:_identify(src/drone_controller) by extensions ['colcon_meta']
[0.128s] Level 1:colcon.colcon_core.package_identification:_identify(src/drone_controller) by extension 'colcon_meta'
[0.128s] Level 1:colcon.colcon_core.package_identification:_identify(src/drone_controller) by extensions ['ros']
[0.128s] Level 1:colcon.colcon_core.package_identification:_identify(src/drone_controller) by extension 'ros'
[0.129s] DEBUG:colcon.colcon_core.package_identification:Package 'src/drone_controller' with type 'ros.ament_cmake' and name 'drone_controller'
[0.129s] Level 1:colcon.colcon_core.package_identification:_identify(src/map_manager) by extensions ['ignore', 'ignore_ament_install']
[0.129s] Level 1:colcon.colcon_core.package_identification:_identify(src/map_manager) by extension 'ignore'
[0.129s] Level 1:colcon.colcon_core.package_identification:_identify(src/map_manager) by extension 'ignore_ament_install'
[0.129s] Level 1:colcon.colcon_core.package_identification:_identify(src/map_manager) by extensions ['colcon_pkg']
[0.129s] Level 1:colcon.colcon_core.package_identification:_identify(src/map_manager) by extension 'colcon_pkg'
[0.129s] Level 1:colcon.colcon_core.package_identification:_identify(src/map_manager) by extensions ['colcon_meta']
[0.129s] Level 1:colcon.colcon_core.package_identification:_identify(src/map_manager) by extension 'colcon_meta'
[0.130s] Level 1:colcon.colcon_core.package_identification:_identify(src/map_manager) by extensions ['ros']
[0.130s] Level 1:colcon.colcon_core.package_identification:_identify(src/map_manager) by extension 'ros'
[0.130s] DEBUG:colcon.colcon_core.package_identification:Package 'src/map_manager' with type 'ros.ament_cmake' and name 'map_manager'
[0.130s] Level 1:colcon.colcon_core.package_discovery:discover_packages(recursive) using defaults
[0.130s] Level 1:colcon.colcon_core.package_discovery:discover_packages(ignore) discover
[0.130s] Level 1:colcon.colcon_core.package_discovery:discover_packages(ignore) using defaults
[0.130s] Level 1:colcon.colcon_core.package_discovery:discover_packages(path) discover
[0.130s] Level 1:colcon.colcon_core.package_discovery:discover_packages(path) using defaults
[0.139s] Level 1:colcon.colcon_core.package_discovery:discover_packages(prefix_path) check parameters
[0.139s] Level 1:colcon.colcon_core.package_discovery:discover_packages(prefix_path) discover
[0.140s] DEBUG:colcon.colcon_installed_package_information.package_discovery:Found 1 installed packages in /home/audric/handson1_ws/install
[0.141s] DEBUG:colcon.colcon_installed_package_information.package_discovery:Found 271 installed packages in /opt/ros/humble
[0.142s] Level 1:colcon.colcon_core.package_discovery:discover_packages(prefix_path) using defaults
[0.169s] Level 5:colcon.colcon_core.verb:set package 'drone_controller' build argument 'cmake_args' from command line to 'None'
[0.169s] Level 5:colcon.colcon_core.verb:set package 'drone_controller' build argument 'cmake_target' from command line to 'None'
[0.169s] Level 5:colcon.colcon_core.verb:set package 'drone_controller' build argument 'cmake_target_skip_unavailable' from command line to 'False'
[0.169s] Level 5:colcon.colcon_core.verb:set package 'drone_controller' build argument 'cmake_clean_cache' from command line to 'False'
[0.169s] Level 5:colcon.colcon_core.verb:set package 'drone_controller' build argument 'cmake_clean_first' from command line to 'False'
[0.169s] Level 5:colcon.colcon_core.verb:set package 'drone_controller' build argument 'cmake_force_configure' from command line to 'False'
[0.169s] Level 5:colcon.colcon_core.verb:set package 'drone_controller' build argument 'ament_cmake_args' from command line to 'None'
[0.169s] Level 5:colcon.colcon_core.verb:set package 'drone_controller' build argument 'catkin_cmake_args' from command line to 'None'
[0.169s] Level 5:colcon.colcon_core.verb:set package 'drone_controller' build argument 'catkin_skip_building_tests' from command line to 'False'
[0.169s] DEBUG:colcon.colcon_core.verb:Building package 'drone_controller' with the following arguments: {'ament_cmake_args': None, 'build_base': '/home/audric/Documents/GitHub/Tugas-Aksantara/build/drone_controller', 'catkin_cmake_args': None, 'catkin_skip_building_tests': False, 'cmake_args': None, 'cmake_clean_cache': False, 'cmake_clean_first': False, 'cmake_force_configure': False, 'cmake_target': None, 'cmake_target_skip_unavailable': False, 'install_base': '/home/audric/Documents/GitHub/Tugas-Aksantara/install/drone_controller', 'merge_install': False, 'path': '/home/audric/Documents/GitHub/Tugas-Aksantara/src/drone_controller', 'symlink_install': False, 'test_result_base': None}
[0.169s] Level 5:colcon.colcon_core.verb:set package 'map_manager' build argument 'cmake_args' from command line to 'None'
[0.169s] Level 5:colcon.colcon_core.verb:set package 'map_manager' build argument 'cmake_target' from command line to 'None'
[0.169s] Level 5:colcon.colcon_core.verb:set package 'map_manager' build argument 'cmake_target_skip_unavailable' from command line to 'False'
[0.169s] Level 5:colcon.colcon_core.verb:set package 'map_manager' build argument 'cmake_clean_cache' from command line to 'False'
[0.169s] Level 5:colcon.colcon_core.verb:set package 'map_manager' build argument 'cmake_clean_first' from command line to 'False'
[0.169s] Level 5:colcon.colcon_core.verb:set package 'map_manager' build argument 'cmake_force_configure' from command line to 'False'
[0.169s] Level 5:colcon.colcon_core.verb:set package 'map_manager' build argument 'ament_cmake_args' from command line to 'None'
[0.169s] Level 5:colcon.colcon_core.verb:set package 'map_manager' build argument 'catkin_cmake_args' from command line to 'None'
[0.170s] Level 5:colcon.colcon_core.verb:set package 'map_manager' build argument 'catkin_skip_building_tests' from command line to 'False'
[0.170s] DEBUG:colcon.colcon_core.verb:Building package 'map_manager' with the following arguments: {'ament_cmake_args': None, 'build_base': '/home/audric/Documents/GitHub/Tugas-Aksantara/build/map_manager', 'catkin_cmake_args': None, 'catkin_skip_building_tests': False, 'cmake_args': None, 'cmake_clean_cache': False, 'cmake_clean_first': False, 'cmake_force_configure': False, 'cmake_target': None, 'cmake_target_skip_unavailable': False, 'install_base': '/home/audric/Documents/GitHub/Tugas-Aksantara/install/map_manager', 'merge_install': False, 'path': '/home/audric/Documents/GitHub/Tugas-Aksantara/src/map_manager', 'symlink_install': False, 'test_result_base': None}
[0.170s] INFO:colcon.colcon_core.executor:Executing jobs using 'parallel' executor
[0.170s] DEBUG:colcon.colcon_parallel_executor.executor.parallel:run_until_complete
[0.170s] INFO:colcon.colcon_ros.task.ament_cmake.build:Building ROS package in '/home/audric/Documents/GitHub/Tugas-Aksantara/src/drone_controller' with build type 'ament_cmake'
[0.171s] INFO:colcon.colcon_cmake.task.cmake.build:Building CMake package in '/home/audric/Documents/GitHub/Tugas-Aksantara/src/drone_controller'
[0.172s] INFO:colcon.colcon_core.plugin_system:Skipping extension 'colcon_core.shell.bat': Not used on non-Windows systems
[0.173s] INFO:colcon.colcon_core.shell:Skip shell extension 'powershell' for command environment: Not usable outside of PowerShell
[0.173s] DEBUG:colcon.colcon_core.shell:Skip shell extension 'dsv' for command environment
[0.175s] INFO:colcon.colcon_ros.task.ament_cmake.build:Building ROS package in '/home/audric/Documents/GitHub/Tugas-Aksantara/src/map_manager' with build type 'ament_cmake'
[0.175s] INFO:colcon.colcon_cmake.task.cmake.build:Building CMake package in '/home/audric/Documents/GitHub/Tugas-Aksantara/src/map_manager'
[0.175s] INFO:colcon.colcon_core.shell:Skip shell extension 'powershell' for command environment: Not usable outside of PowerShell
[0.175s] DEBUG:colcon.colcon_core.shell:Skip shell extension 'dsv' for command environment
[0.180s] DEBUG:colcon.colcon_core.event_handler.log_command:Invoking command in '/home/audric/Documents/GitHub/Tugas-Aksantara/build/drone_controller': CMAKE_PREFIX_PATH=${CMAKE_PREFIX_PATH}:/opt/ros/humble /usr/bin/cmake /home/audric/Documents/GitHub/Tugas-Aksantara/src/drone_controller -DCMAKE_INSTALL_PREFIX=/home/audric/Documents/GitHub/Tugas-Aksantara/install/drone_controller
[0.181s] DEBUG:colcon.colcon_core.event_handler.log_command:Invoking command in '/home/audric/Documents/GitHub/Tugas-Aksantara/build/map_manager': CMAKE_PREFIX_PATH=${CMAKE_PREFIX_PATH}:/opt/ros/humble /usr/bin/cmake /home/audric/Documents/GitHub/Tugas-Aksantara/src/map_manager -DCMAKE_INSTALL_PREFIX=/home/audric/Documents/GitHub/Tugas-Aksantara/install/map_manager
[0.932s] DEBUG:colcon.colcon_core.event_handler.log_command:Invoked command in '/home/audric/Documents/GitHub/Tugas-Aksantara/build/drone_controller' returned '0': CMAKE_PREFIX_PATH=${CMAKE_PREFIX_PATH}:/opt/ros/humble /usr/bin/cmake /home/audric/Documents/GitHub/Tugas-Aksantara/src/drone_controller -DCMAKE_INSTALL_PREFIX=/home/audric/Documents/GitHub/Tugas-Aksantara/install/drone_controller
[0.933s] DEBUG:colcon.colcon_core.event_handler.log_command:Invoking command in '/home/audric/Documents/GitHub/Tugas-Aksantara/build/drone_controller': CMAKE_PREFIX_PATH=${CMAKE_PREFIX_PATH}:/opt/ros/humble /usr/bin/cmake --build /home/audric/Documents/GitHub/Tugas-Aksantara/build/drone_controller -- -j16 -l16
[0.969s] DEBUG:colcon.colcon_core.event_handler.log_command:Invoked command in '/home/audric/Documents/GitHub/Tugas-Aksantara/build/drone_controller' returned '0': CMAKE_PREFIX_PATH=${CMAKE_PREFIX_PATH}:/opt/ros/humble /usr/bin/cmake --build /home/audric/Documents/GitHub/Tugas-Aksantara/build/drone_controller -- -j16 -l16
[0.978s] DEBUG:colcon.colcon_core.event_handler.log_command:Invoking command in '/home/audric/Documents/GitHub/Tugas-Aksantara/build/drone_controller': CMAKE_PREFIX_PATH=${CMAKE_PREFIX_PATH}:/opt/ros/humble /usr/bin/cmake --install /home/audric/Documents/GitHub/Tugas-Aksantara/build/drone_controller
[0.988s] Level 1:colcon.colcon_core.environment:create_environment_scripts_only(drone_controller)
[0.988s] DEBUG:colcon.colcon_core.event_handler.log_command:Invoked command in '/home/audric/Documents/GitHub/Tugas-Aksantara/build/drone_controller' returned '0': CMAKE_PREFIX_PATH=${CMAKE_PREFIX_PATH}:/opt/ros/humble /usr/bin/cmake --install /home/audric/Documents/GitHub/Tugas-Aksantara/build/drone_controller
[0.989s] Level 1:colcon.colcon_core.environment:checking '/home/audric/Documents/GitHub/Tugas-Aksantara/install/drone_controller' for CMake module files
[0.989s] Level 1:colcon.colcon_core.environment:checking '/home/audric/Documents/GitHub/Tugas-Aksantara/install/drone_controller' for CMake config files
[0.990s] Level 1:colcon.colcon_core.shell:create_environment_hook('drone_controller', 'cmake_prefix_path')
[0.990s] INFO:colcon.colcon_core.shell:Creating environment hook '/home/audric/Documents/GitHub/Tugas-Aksantara/install/drone_controller/share/drone_controller/hook/cmake_prefix_path.ps1'
[0.990s] INFO:colcon.colcon_core.shell:Creating environment descriptor '/home/audric/Documents/GitHub/Tugas-Aksantara/install/drone_controller/share/drone_controller/hook/cmake_prefix_path.dsv'
[0.990s] INFO:colcon.colcon_core.shell:Creating environment hook '/home/audric/Documents/GitHub/Tugas-Aksantara/install/drone_controller/share/drone_controller/hook/cmake_prefix_path.sh'
[0.991s] Level 1:colcon.colcon_core.environment:checking '/home/audric/Documents/GitHub/Tugas-Aksantara/install/drone_controller/bin'
[0.991s] Level 1:colcon.colcon_core.environment:checking '/home/audric/Documents/GitHub/Tugas-Aksantara/install/drone_controller/lib/pkgconfig/drone_controller.pc'
[0.991s] Level 1:colcon.colcon_core.environment:checking '/home/audric/Documents/GitHub/Tugas-Aksantara/install/drone_controller/lib/python3.10/site-packages'
[0.991s] Level 1:colcon.colcon_core.environment:checking '/home/audric/Documents/GitHub/Tugas-Aksantara/install/drone_controller/bin'
[0.991s] INFO:colcon.colcon_core.shell:Creating package script '/home/audric/Documents/GitHub/Tugas-Aksantara/install/drone_controller/share/drone_controller/package.ps1'
[0.992s] INFO:colcon.colcon_core.shell:Creating package descriptor '/home/audric/Documents/GitHub/Tugas-Aksantara/install/drone_controller/share/drone_controller/package.dsv'
[0.992s] INFO:colcon.colcon_core.shell:Creating package script '/home/audric/Documents/GitHub/Tugas-Aksantara/install/drone_controller/share/drone_controller/package.sh'
[0.992s] INFO:colcon.colcon_core.shell:Creating package script '/home/audric/Documents/GitHub/Tugas-Aksantara/install/drone_controller/share/drone_controller/package.bash'
[0.993s] INFO:colcon.colcon_core.shell:Creating package script '/home/audric/Documents/GitHub/Tugas-Aksantara/install/drone_controller/share/drone_controller/package.zsh'
[0.993s] Level 1:colcon.colcon_core.environment:create_file_with_runtime_dependencies(/home/audric/Documents/GitHub/Tugas-Aksantara/install/drone_controller/share/colcon-core/packages/drone_controller)
[0.994s] Level 1:colcon.colcon_core.environment:create_environment_scripts_only(drone_controller)
[0.994s] Level 1:colcon.colcon_core.environment:checking '/home/audric/Documents/GitHub/Tugas-Aksantara/install/drone_controller' for CMake module files
[0.994s] Level 1:colcon.colcon_core.environment:checking '/home/audric/Documents/GitHub/Tugas-Aksantara/install/drone_controller' for CMake config files
[0.994s] Level 1:colcon.colcon_core.shell:create_environment_hook('drone_controller', 'cmake_prefix_path')
[0.994s] INFO:colcon.colcon_core.shell:Creating environment hook '/home/audric/Documents/GitHub/Tugas-Aksantara/install/drone_controller/share/drone_controller/hook/cmake_prefix_path.ps1'
[0.994s] INFO:colcon.colcon_core.shell:Creating environment descriptor '/home/audric/Documents/GitHub/Tugas-Aksantara/install/drone_controller/share/drone_controller/hook/cmake_prefix_path.dsv'
[0.995s] INFO:colcon.colcon_core.shell:Creating environment hook '/home/audric/Documents/GitHub/Tugas-Aksantara/install/drone_controller/share/drone_controller/hook/cmake_prefix_path.sh'
[0.995s] Level 1:colcon.colcon_core.environment:checking '/home/audric/Documents/GitHub/Tugas-Aksantara/install/drone_controller/bin'
[0.995s] Level 1:colcon.colcon_core.environment:checking '/home/audric/Documents/GitHub/Tugas-Aksantara/install/drone_controller/lib/pkgconfig/drone_controller.pc'
[0.995s] Level 1:colcon.colcon_core.environment:checking '/home/audric/Documents/GitHub/Tugas-Aksantara/install/drone_controller/lib/python3.10/site-packages'
[0.995s] Level 1:colcon.colcon_core.environment:checking '/home/audric/Documents/GitHub/Tugas-Aksantara/install/drone_controller/bin'
[0.995s] INFO:colcon.colcon_core.shell:Creating package script '/home/audric/Documents/GitHub/Tugas-Aksantara/install/drone_controller/share/drone_controller/package.ps1'
[0.996s] INFO:colcon.colcon_core.shell:Creating package descriptor '/home/audric/Documents/GitHub/Tugas-Aksantara/install/drone_controller/share/drone_controller/package.dsv'
[0.996s] INFO:colcon.colcon_core.shell:Creating package script '/home/audric/Documents/GitHub/Tugas-Aksantara/install/drone_controller/share/drone_controller/package.sh'
[0.996s] INFO:colcon.colcon_core.shell:Creating package script '/home/audric/Documents/GitHub/Tugas-Aksantara/install/drone_controller/share/drone_controller/package.bash'
[0.997s] INFO:colcon.colcon_core.shell:Creating package script '/home/audric/Documents/GitHub/Tugas-Aksantara/install/drone_controller/share/drone_controller/package.zsh'
[0.997s] Level 1:colcon.colcon_core.environment:create_file_with_runtime_dependencies(/home/audric/Documents/GitHub/Tugas-Aksantara/install/drone_controller/share/colcon-core/packages/drone_controller)
[1.524s] DEBUG:colcon.colcon_core.event_handler.log_command:Invoked command in '/home/audric/Documents/GitHub/Tugas-Aksantara/build/map_manager' returned '0': CMAKE_PREFIX_PATH=${CMAKE_PREFIX_PATH}:/opt/ros/humble /usr/bin/cmake /home/audric/Documents/GitHub/Tugas-Aksantara/src/map_manager -DCMAKE_INSTALL_PREFIX=/home/audric/Documents/GitHub/Tugas-Aksantara/install/map_manager
[1.525s] DEBUG:colcon.colcon_core.event_handler.log_command:Invoking command in '/home/audric/Documents/GitHub/Tugas-Aksantara/build/map_manager': CMAKE_PREFIX_PATH=${CMAKE_PREFIX_PATH}:/opt/ros/humble /usr/bin/cmake --build /home/audric/Documents/GitHub/Tugas-Aksantara/build/map_manager -- -j16 -l16
[8.361s] DEBUG:colcon.colcon_core.event_handler.log_command:Invoked command in '/home/audric/Documents/GitHub/Tugas-Aksantara/build/map_manager' returned '0': CMAKE_PREFIX_PATH=${CMAKE_PREFIX_PATH}:/opt/ros/humble /usr/bin/cmake --build /home/audric/Documents/GitHub/Tugas-Aksantara/build/map_manager -- -j16 -l16
[8.363s] DEBUG:colcon.colcon_core.event_handler.log_command:Invoking command in '/home/audric/Documents/GitHub/Tugas-Aksantara/build/map_manager': CMAKE_PREFIX_PATH=${CMAKE_PREFIX_PATH}:/opt/ros/humble /usr/bin/cmake --install /home/audric/Documents/GitHub/Tugas-Aksantara/build/map_manager
[8.417s] Level 1:colcon.colcon_core.environment:create_environment_scripts_only(map_manager)
[8.417s] Level 1:colcon.colcon_core.environment:checking '/home/audric/Documents/GitHub/Tugas-Aksantara/install/map_manager' for CMake module files
[8.417s] DEBUG:colcon.colcon_core.event_handler.log_command:Invoked command in '/home/audric/Documents/GitHub/Tugas-Aksantara/build/map_manager' returned '0': CMAKE_PREFIX_PATH=${CMAKE_PREFIX_PATH}:/opt/ros/humble /usr/bin/cmake --install /home/audric/Documents/GitHub/Tugas-Aksantara/build/map_manager
[8.418s] Level 1:colcon.colcon_core.environment:checking '/home/audric/Documents/GitHub/Tugas-Aksantara/install/map_manager' for CMake config files
[8.418s] Level 1:colcon.colcon_core.shell:create_environment_hook('map_manager', 'cmake_prefix_path')
[8.418s] INFO:colcon.colcon_core.shell:Creating environment hook '/home/audric/Documents/GitHub/Tugas-Aksantara/install/map_manager/share/map_manager/hook/cmake_prefix_path.ps1'
[8.418s] INFO:colcon.colcon_core.shell:Creating environment descriptor '/home/audric/Documents/GitHub/Tugas-Aksantara/install/map_manager/share/map_manager/hook/cmake_prefix_path.dsv'
[8.419s] INFO:colcon.colcon_core.shell:Creating environment hook '/home/audric/Documents/GitHub/Tugas-Aksantara/install/map_manager/share/map_manager/hook/cmake_prefix_path.sh'
[8.419s] Level 1:colcon.colcon_core.environment:checking '/home/audric/Documents/GitHub/Tugas-Aksantara/install/map_manager/lib'
[8.419s] Level 1:colcon.colcon_core.shell:create_environment_hook('map_manager', 'ld_library_path_lib')
[8.419s] INFO:colcon.colcon_core.shell:Creating environment hook '/home/audric/Documents/GitHub/Tugas-Aksantara/install/map_manager/share/map_manager/hook/ld_library_path_lib.ps1'
[8.419s] INFO:colcon.colcon_core.shell:Creating environment descriptor '/home/audric/Documents/GitHub/Tugas-Aksantara/install/map_manager/share/map_manager/hook/ld_library_path_lib.dsv'
[8.419s] INFO:colcon.colcon_core.shell:Creating environment hook '/home/audric/Documents/GitHub/Tugas-Aksantara/install/map_manager/share/map_manager/hook/ld_library_path_lib.sh'
[8.420s] Level 1:colcon.colcon_core.environment:checking '/home/audric/Documents/GitHub/Tugas-Aksantara/install/map_manager/bin'
[8.420s] Level 1:colcon.colcon_core.environment:checking '/home/audric/Documents/GitHub/Tugas-Aksantara/install/map_manager/lib/pkgconfig/map_manager.pc'
[8.420s] Level 1:colcon.colcon_core.environment:checking '/home/audric/Documents/GitHub/Tugas-Aksantara/install/map_manager/lib/python3.10/site-packages'
[8.420s] Level 1:colcon.colcon_core.environment:checking '/home/audric/Documents/GitHub/Tugas-Aksantara/install/map_manager/bin'
[8.420s] INFO:colcon.colcon_core.shell:Creating package script '/home/audric/Documents/GitHub/Tugas-Aksantara/install/map_manager/share/map_manager/package.ps1'
[8.420s] INFO:colcon.colcon_core.shell:Creating package descriptor '/home/audric/Documents/GitHub/Tugas-Aksantara/install/map_manager/share/map_manager/package.dsv'
[8.420s] INFO:colcon.colcon_core.shell:Creating package script '/home/audric/Documents/GitHub/Tugas-Aksantara/install/map_manager/share/map_manager/package.sh'
[8.421s] INFO:colcon.colcon_core.shell:Creating package script '/home/audric/Documents/GitHub/Tugas-Aksantara/install/map_manager/share/map_manager/package.bash'
[8.421s] INFO:colcon.colcon_core.shell:Creating package script '/home/audric/Documents/GitHub/Tugas-Aksantara/install/map_manager/share/map_manager/package.zsh'
[8.421s] Level 1:colcon.colcon_core.environment:create_file_with_runtime_dependencies(/home/audric/Documents/GitHub/Tugas-Aksantara/install/map_manager/share/colcon-core/packages/map_manager)
[8.421s] Level 1:colcon.colcon_core.environment:create_environment_scripts_only(map_manager)
[8.421s] Level 1:colcon.colcon_core.environment:checking '/home/audric/Documents/GitHub/Tugas-Aksantara/install/map_manager' for CMake module files
[8.422s] Level 1:colcon.colcon_core.environment:checking '/home/audric/Documents/GitHub/Tugas-Aksantara/install/map_manager' for CMake config files
[8.422s] Level 1:colcon.colcon_core.shell:create_environment_hook('map_manager', 'cmake_prefix_path')
[8.422s] INFO:colcon.colcon_core.shell:Creating environment hook '/home/audric/Documents/GitHub/Tugas-Aksantara/install/map_manager/share/map_manager/hook/cmake_prefix_path.ps1'
[8.422s] INFO:colcon.colcon_core.shell:Creating environment descriptor '/home/audric/Documents/GitHub/Tugas-Aksantara/install/map_manager/share/map_manager/hook/cmake_prefix_path.dsv'
[8.423s] INFO:colcon.colcon_core.shell:Creating environment hook '/home/audric/Documents/GitHub/Tugas-Aksantara/install/map_manager/share/map_manager/hook/cmake_prefix_path.sh'
[8.423s] Level 1:colcon.colcon_core.environment:checking '/home/audric/Documents/GitHub/Tugas-Aksantara/install/map_manager/lib'
[8.423s] Level 1:colcon.colcon_core.shell:create_environment_hook('map_manager', 'ld_library_path_lib')
[8.423s] INFO:colcon.colcon_core.shell:Creating environment hook '/home/audric/Documents/GitHub/Tugas-Aksantara/install/map_manager/share/map_manager/hook/ld_library_path_lib.ps1'
[8.423s] INFO:colcon.colcon_core.shell:Creating environment descriptor '/home/audric/Documents/GitHub/Tugas-Aksantara/install/map_manager/share/map_manager/hook/ld_library_path_lib.dsv'
[8.423s] INFO:colcon.colcon_core.shell:Creating environment hook '/home/audric/Documents/GitHub/Tugas-Aksantara/install/map_manager/share/map_manager/hook/ld_library_path_lib.sh'
[8.423s] Level 1:colcon.colcon_core.environment:checking '/home/audric/Documents/GitHub/Tugas-Aksantara/install/map_manager/bin'
[8.424s] Level 1:colcon.colcon_core.environment:checking '/home/audric/Documents/GitHub/Tugas-Aksantara/install/map_manager/lib/pkgconfig/map_manager.pc'
[8.424s] Level 1:colcon.colcon_core.environment:checking '/home/audric/Documents/GitHub/Tugas-Aksantara/install/map_manager/lib/python3.10/site-packages'
[8.424s] Level 1:colcon.colcon_core.environment:checking '/home/audric/Documents/GitHub/Tugas-Aksantara/install/map_manager/bin'
[8.424s] INFO:colcon.colcon_core.shell:Creating package script '/home/audric/Documents/GitHub/Tugas-Aksantara/install/map_manager/share/map_manager/package.ps1'
[8.424s] INFO:colcon.colcon_core.shell:Creating package descriptor '/home/audric/Documents/GitHub/Tugas-Aksantara/install/map_manager/share/map_manager/package.dsv'
[8.424s] INFO:colcon.colcon_core.shell:Creating package script '/home/audric/Documents/GitHub/Tugas-Aksantara/install/map_manager/share/map_manager/package.sh'
[8.425s] INFO:colcon.colcon_core.shell:Creating package script '/home/audric/Documents/GitHub/Tugas-Aksantara/install/map_manager/share/map_manager/package.bash'
[8.425s] INFO:colcon.colcon_core.shell:Creating package script '/home/audric/Documents/GitHub/Tugas-Aksantara/install/map_manager/share/map_manager/package.zsh'
[8.425s] Level 1:colcon.colcon_core.environment:create_file_with_runtime_dependencies(/home/audric/Documents/GitHub/Tugas-Aksantara/install/map_manager/share/colcon-core/packages/map_manager)
[8.425s] DEBUG:colcon.colcon_parallel_executor.executor.parallel:closing loop
[8.425s] DEBUG:colcon.colcon_parallel_executor.executor.parallel:loop closed
[8.425s] DEBUG:colcon.colcon_parallel_executor.executor.parallel:run_until_complete finished with '0'
[8.425s] DEBUG:colcon.colcon_core.event_reactor:joining thread
[8.429s] INFO:colcon.colcon_core.plugin_system:Skipping extension 'colcon_notification.desktop_notification.terminal_notifier': Not used on non-Darwin systems
[8.429s] INFO:colcon.colcon_core.plugin_system:Skipping extension 'colcon_notification.desktop_notification.win32': Not used on non-Windows systems
[8.429s] INFO:colcon.colcon_notification.desktop_notification:Sending desktop notification using 'notify2'
[8.439s] DEBUG:colcon.colcon_core.event_reactor:joined thread
[8.439s] INFO:colcon.colcon_core.shell:Creating prefix script '/home/audric/Documents/GitHub/Tugas-Aksantara/install/local_setup.ps1'
[8.440s] INFO:colcon.colcon_core.shell:Creating prefix util module '/home/audric/Documents/GitHub/Tugas-Aksantara/install/_local_setup_util_ps1.py'
[8.441s] INFO:colcon.colcon_core.shell:Creating prefix chain script '/home/audric/Documents/GitHub/Tugas-Aksantara/install/setup.ps1'
[8.441s] INFO:colcon.colcon_core.shell:Creating prefix script '/home/audric/Documents/GitHub/Tugas-Aksantara/install/local_setup.sh'
[8.442s] INFO:colcon.colcon_core.shell:Creating prefix util module '/home/audric/Documents/GitHub/Tugas-Aksantara/install/_local_setup_util_sh.py'
[8.442s] INFO:colcon.colcon_core.shell:Creating prefix chain script '/home/audric/Documents/GitHub/Tugas-Aksantara/install/setup.sh'
[8.442s] INFO:colcon.colcon_core.shell:Creating prefix script '/home/audric/Documents/GitHub/Tugas-Aksantara/install/local_setup.bash'
[8.443s] INFO:colcon.colcon_core.shell:Creating prefix chain script '/home/audric/Documents/GitHub/Tugas-Aksantara/install/setup.bash'
[8.443s] INFO:colcon.colcon_core.shell:Creating prefix script '/home/audric/Documents/GitHub/Tugas-Aksantara/install/local_setup.zsh'
[8.443s] INFO:colcon.colcon_core.shell:Creating prefix chain script '/home/audric/Documents/GitHub/Tugas-Aksantara/install/setup.zsh'
