[0.009s] Invoking command in '/home/aqib/ros_learning/ros2_3/build/map_manager': CMAKE_PREFIX_PATH=${CMAKE_PREFIX_PATH}:/home/aqib/ros_learning/ros2_test/install/launch_testing_examples:/home/aqib/ros_learning/ros2_test/install/examples_rclpy_pointcloud_publisher:/home/aqib/ros_learning/ros2_test/install/examples_rclpy_minimal_subscriber:/home/aqib/ros_learning/ros2_test/install/examples_rclpy_minimal_service:/home/aqib/ros_learning/ros2_test/install/examples_rclpy_minimal_publisher:/home/aqib/ros_learning/ros2_test/install/examples_rclpy_minimal_client:/home/aqib/ros_learning/ros2_test/install/examples_rclpy_minimal_action_server:/home/aqib/ros_learning/ros2_test/install/examples_rclpy_minimal_action_client:/home/aqib/ros_learning/ros2_test/install/examples_rclpy_guard_conditions:/home/aqib/ros_learning/ros2_test/install/examples_rclpy_executors:/home/aqib/ros2_ws/install/my_robot_controller:/opt/ros/humble /usr/bin/cmake --build /home/aqib/ros_learning/ros2_3/build/map_manager -- -j12 -l12
[0.026s] -- Found ament_cmake: 1.3.11 (/opt/ros/humble/share/ament_cmake/cmake)
[0.121s] -- Found rclcpp: 16.0.11 (/opt/ros/humble/share/rclcpp/cmake)
[0.139s] -- Found rosidl_generator_c: 3.1.6 (/opt/ros/humble/share/rosidl_generator_c/cmake)
[0.140s] -- Found rosidl_adapter: 3.1.6 (/opt/ros/humble/share/rosidl_adapter/cmake)
[0.143s] -- Found rosidl_generator_cpp: 3.1.6 (/opt/ros/humble/share/rosidl_generator_cpp/cmake)
[0.149s] -- Using all available rosidl_typesupport_c: rosidl_typesupport_fastrtps_c;rosidl_typesupport_introspection_c
[0.157s] -- Using all available rosidl_typesupport_cpp: rosidl_typesupport_fastrtps_cpp;rosidl_typesupport_introspection_cpp
[0.178s] -- Found rmw_implementation_cmake: 6.1.2 (/opt/ros/humble/share/rmw_implementation_cmake/cmake)
[0.179s] -- Found rmw_fastrtps_cpp: 6.2.7 (/opt/ros/humble/share/rmw_fastrtps_cpp/cmake)
[0.249s] -- Using RMW implementation 'rmw_fastrtps_cpp' as default
[0.278s] -- Found rosidl_default_generators: 1.2.0 (/opt/ros/humble/share/rosidl_default_generators/cmake)
[0.489s] -- Found ament_cmake_ros: 0.10.0 (/opt/ros/humble/share/ament_cmake_ros/cmake)
[0.750s] -- Using all available rosidl_typesupport_c: rosidl_typesupport_fastrtps_c;rosidl_typesupport_introspection_c
[0.854s] -- Using all available rosidl_typesupport_cpp: rosidl_typesupport_fastrtps_cpp;rosidl_typesupport_introspection_cpp
[0.872s] -- Found python_cmake_module: 0.10.0 (/opt/ros/humble/share/python_cmake_module/cmake)
[0.890s] -- Using PYTHON_EXECUTABLE: /usr/bin/python3
[0.890s] -- Using PYTHON_INCLUDE_DIRS: /usr/include/python3.10
[0.890s] -- Using PYTHON_LIBRARIES: /usr/lib/x86_64-linux-gnu/libpython3.10.so
[0.917s] -- Found ament_lint_auto: 0.12.11 (/opt/ros/humble/share/ament_lint_auto/cmake)
[0.922s] -- Added test 'cppcheck' to perform static code analysis on C / C++ code
[0.922s] -- Configured cppcheck include dirs: 
[0.922s] -- Configured cppcheck exclude dirs and/or files: 
[0.923s] -- Added test 'lint_cmake' to check CMake code style
[0.923s] -- Added test 'uncrustify' to check C / C++ code style
[0.923s] -- Configured uncrustify additional arguments: 
[0.923s] -- Added test 'xmllint' to check XML markup files
[0.924s] -- Configuring done
[0.948s] -- Generating done
[0.958s] -- Build files have been written to: /home/aqib/ros_learning/ros2_3/build/map_manager
[0.977s] [35m[1mConsolidate compiler generated dependencies of target map_manager__rosidl_generator_c[0m
[0.977s] [35m[1mConsolidate compiler generated dependencies of target map_subscribe[0m
[0.983s] [  1%] Built target map_manager__cpp
[0.984s] [ 11%] Built target map_manager__rosidl_generator_c
[0.988s] [ 15%] Built target map_subscribe
[0.989s] [ 15%] Built target ament_cmake_python_copy_map_manager
[0.990s] [ 17%] [34m[1mGenerating C++ type support for eProsima Fast-RTPS[0m
[0.990s] [ 19%] [34m[1mGenerating C++ type support dispatch for ROS interfaces[0m
[0.990s] [ 21%] [34m[1mGenerating C++ introspection for ROS interfaces[0m
[0.990s] [ 23%] [34m[1mGenerating C type support for eProsima Fast-RTPS[0m
[0.993s] [ 27%] [34m[1mGenerating C type support dispatch for ROS interfaces[0m
[0.993s] [ 27%] [34m[1mGenerating C introspection for ROS interfaces[0m
[1.187s] running egg_info
[1.187s] writing map_manager.egg-info/PKG-INFO
[1.187s] writing dependency_links to map_manager.egg-info/dependency_links.txt
[1.188s] writing top-level names to map_manager.egg-info/top_level.txt
[1.190s] reading manifest file 'map_manager.egg-info/SOURCES.txt'
[1.191s] writing manifest file 'map_manager.egg-info/SOURCES.txt'
[1.212s] [ 27%] Built target ament_cmake_python_build_map_manager_egg
[1.232s] [ 31%] [32mBuilding CXX object CMakeFiles/map_manager__rosidl_typesupport_c.dir/rosidl_typesupport_c/map_manager/srv/add_obstacle__type_support.cpp.o[0m
[1.232s] [ 31%] [32mBuilding CXX object CMakeFiles/map_manager__rosidl_typesupport_c.dir/rosidl_typesupport_c/map_manager/srv/add_victim__type_support.cpp.o[0m
[1.232s] [ 33%] [32mBuilding CXX object CMakeFiles/map_manager__rosidl_typesupport_c.dir/rosidl_typesupport_c/map_manager/msg/map_state__type_support.cpp.o[0m
[1.256s] [ 39%] [32mBuilding CXX object CMakeFiles/map_manager__rosidl_typesupport_introspection_cpp.dir/rosidl_typesupport_introspection_cpp/map_manager/msg/detail/map_state__type_support.cpp.o[0m
[1.256s] [ 39%] [32mBuilding CXX object CMakeFiles/map_manager__rosidl_typesupport_introspection_cpp.dir/rosidl_typesupport_introspection_cpp/map_manager/srv/detail/add_obstacle__type_support.cpp.o[0m
[1.256s] [ 39%] [32mBuilding CXX object CMakeFiles/map_manager__rosidl_typesupport_introspection_cpp.dir/rosidl_typesupport_introspection_cpp/map_manager/srv/detail/add_victim__type_support.cpp.o[0m
[1.260s] [ 41%] [32m[1mLinking CXX shared library libmap_manager__rosidl_typesupport_c.so[0m
[1.266s] [ 47%] [32mBuilding C object CMakeFiles/map_manager__rosidl_typesupport_introspection_c.dir/rosidl_typesupport_introspection_c/map_manager/srv/detail/add_victim__type_support.c.o[0m
[1.266s] [ 47%] [32mBuilding C object CMakeFiles/map_manager__rosidl_typesupport_introspection_c.dir/rosidl_typesupport_introspection_c/map_manager/srv/detail/add_obstacle__type_support.c.o[0m
[1.266s] [ 47%] [32mBuilding C object CMakeFiles/map_manager__rosidl_typesupport_introspection_c.dir/rosidl_typesupport_introspection_c/map_manager/msg/detail/map_state__type_support.c.o[0m
[1.294s] [ 52%] [32mBuilding CXX object CMakeFiles/map_manager__rosidl_typesupport_fastrtps_cpp.dir/rosidl_typesupport_fastrtps_cpp/map_manager/srv/detail/dds_fastrtps/add_obstacle__type_support.cpp.o[0m
[1.294s] [ 52%] [32mBuilding CXX object CMakeFiles/map_manager__rosidl_typesupport_fastrtps_cpp.dir/rosidl_typesupport_fastrtps_cpp/map_manager/msg/detail/dds_fastrtps/map_state__type_support.cpp.o[0m
[1.294s] [ 52%] [32mBuilding CXX object CMakeFiles/map_manager__rosidl_typesupport_fastrtps_cpp.dir/rosidl_typesupport_fastrtps_cpp/map_manager/srv/detail/dds_fastrtps/add_victim__type_support.cpp.o[0m
[1.303s] [ 52%] Built target map_manager__rosidl_typesupport_c
[1.308s] [ 54%] [32m[1mLinking C shared library libmap_manager__rosidl_typesupport_introspection_c.so[0m
[1.343s] [ 54%] Built target map_manager__rosidl_typesupport_introspection_c
[1.394s] [ 60%] [32mBuilding CXX object CMakeFiles/map_manager__rosidl_typesupport_cpp.dir/rosidl_typesupport_cpp/map_manager/srv/add_victim__type_support.cpp.o[0m
[1.395s] [ 60%] [32mBuilding CXX object CMakeFiles/map_manager__rosidl_typesupport_cpp.dir/rosidl_typesupport_cpp/map_manager/msg/map_state__type_support.cpp.o[0m
[1.395s] [ 60%] [32mBuilding CXX object CMakeFiles/map_manager__rosidl_typesupport_cpp.dir/rosidl_typesupport_cpp/map_manager/srv/add_obstacle__type_support.cpp.o[0m
[1.470s] [ 64%] [32mBuilding CXX object CMakeFiles/map_manager__rosidl_typesupport_fastrtps_c.dir/rosidl_typesupport_fastrtps_c/map_manager/srv/detail/add_obstacle__type_support_c.cpp.o[0m
[1.470s] [ 64%] [32mBuilding CXX object CMakeFiles/map_manager__rosidl_typesupport_fastrtps_c.dir/rosidl_typesupport_fastrtps_c/map_manager/msg/detail/map_state__type_support_c.cpp.o[0m
[1.474s] [ 66%] [32mBuilding CXX object CMakeFiles/map_manager__rosidl_typesupport_fastrtps_c.dir/rosidl_typesupport_fastrtps_c/map_manager/srv/detail/add_victim__type_support_c.cpp.o[0m
[1.692s] [ 68%] [32m[1mLinking CXX shared library libmap_manager__rosidl_typesupport_introspection_cpp.so[0m
[1.696s] [ 70%] [32m[1mLinking CXX shared library libmap_manager__rosidl_typesupport_cpp.so[0m
[1.725s] [ 70%] Built target map_manager__rosidl_typesupport_cpp
[1.741s] [ 72%] [32mBuilding CXX object CMakeFiles/map_publish.dir/src/map_publisher_function.cpp.o[0m
[1.749s] [ 72%] Built target map_manager__rosidl_typesupport_introspection_cpp
[1.751s] [ 74%] [32m[1mLinking CXX shared library libmap_manager__rosidl_typesupport_fastrtps_cpp.so[0m
[1.804s] [ 74%] Built target map_manager__rosidl_typesupport_fastrtps_cpp
[1.838s] [ 76%] [32m[1mLinking CXX shared library libmap_manager__rosidl_typesupport_fastrtps_c.so[0m
[1.886s] [ 76%] Built target map_manager__rosidl_typesupport_fastrtps_c
[1.899s] [ 76%] Built target map_manager
[1.912s] [ 78%] [34m[1mGenerating Python code for ROS interfaces[0m
[2.307s] [ 78%] Built target map_manager__py
[2.321s] [ 82%] [32mBuilding C object CMakeFiles/map_manager__rosidl_generator_py.dir/rosidl_generator_py/map_manager/msg/_map_state_s.c.o[0m
[2.321s] [ 84%] [32mBuilding C object CMakeFiles/map_manager__rosidl_generator_py.dir/rosidl_generator_py/map_manager/srv/_add_obstacle_s.c.o[0m
[2.321s] [ 84%] [32mBuilding C object CMakeFiles/map_manager__rosidl_generator_py.dir/rosidl_generator_py/map_manager/srv/_add_victim_s.c.o[0m
[2.393s] [ 86%] [32m[1mLinking C shared library rosidl_generator_py/map_manager/libmap_manager__rosidl_generator_py.so[0m
[2.421s] [ 86%] Built target map_manager__rosidl_generator_py
[2.435s] [ 92%] [32mBuilding C object CMakeFiles/map_manager__rosidl_typesupport_introspection_c__pyext.dir/rosidl_generator_py/map_manager/_map_manager_s.ep.rosidl_typesupport_introspection_c.c.o[0m
[2.435s] [ 92%] [32mBuilding C object CMakeFiles/map_manager__rosidl_typesupport_c__pyext.dir/rosidl_generator_py/map_manager/_map_manager_s.ep.rosidl_typesupport_c.c.o[0m
[2.435s] [ 92%] [32mBuilding C object CMakeFiles/map_manager__rosidl_typesupport_fastrtps_c__pyext.dir/rosidl_generator_py/map_manager/_map_manager_s.ep.rosidl_typesupport_fastrtps_c.c.o[0m
[2.507s] [ 96%] [32m[1mLinking C shared library rosidl_generator_py/map_manager/map_manager_s__rosidl_typesupport_introspection_c.cpython-310-x86_64-linux-gnu.so[0m
[2.507s] [ 96%] [32m[1mLinking C shared library rosidl_generator_py/map_manager/map_manager_s__rosidl_typesupport_c.cpython-310-x86_64-linux-gnu.so[0m
[2.522s] [ 98%] [32m[1mLinking C shared library rosidl_generator_py/map_manager/map_manager_s__rosidl_typesupport_fastrtps_c.cpython-310-x86_64-linux-gnu.so[0m
[2.533s] [ 98%] Built target map_manager__rosidl_typesupport_c__pyext
[2.534s] [ 98%] Built target map_manager__rosidl_typesupport_introspection_c__pyext
[2.548s] [ 98%] Built target map_manager__rosidl_typesupport_fastrtps_c__pyext
[4.490s] [100%] [32m[1mLinking CXX executable map_publish[0m
[4.603s] [100%] Built target map_publish
[4.610s] Invoked command in '/home/aqib/ros_learning/ros2_3/build/map_manager' returned '0': CMAKE_PREFIX_PATH=${CMAKE_PREFIX_PATH}:/home/aqib/ros_learning/ros2_test/install/launch_testing_examples:/home/aqib/ros_learning/ros2_test/install/examples_rclpy_pointcloud_publisher:/home/aqib/ros_learning/ros2_test/install/examples_rclpy_minimal_subscriber:/home/aqib/ros_learning/ros2_test/install/examples_rclpy_minimal_service:/home/aqib/ros_learning/ros2_test/install/examples_rclpy_minimal_publisher:/home/aqib/ros_learning/ros2_test/install/examples_rclpy_minimal_client:/home/aqib/ros_learning/ros2_test/install/examples_rclpy_minimal_action_server:/home/aqib/ros_learning/ros2_test/install/examples_rclpy_minimal_action_client:/home/aqib/ros_learning/ros2_test/install/examples_rclpy_guard_conditions:/home/aqib/ros_learning/ros2_test/install/examples_rclpy_executors:/home/aqib/ros2_ws/install/my_robot_controller:/opt/ros/humble /usr/bin/cmake --build /home/aqib/ros_learning/ros2_3/build/map_manager -- -j12 -l12
[4.617s] Invoking command in '/home/aqib/ros_learning/ros2_3/build/map_manager': CMAKE_PREFIX_PATH=${CMAKE_PREFIX_PATH}:/home/aqib/ros_learning/ros2_test/install/launch_testing_examples:/home/aqib/ros_learning/ros2_test/install/examples_rclpy_pointcloud_publisher:/home/aqib/ros_learning/ros2_test/install/examples_rclpy_minimal_subscriber:/home/aqib/ros_learning/ros2_test/install/examples_rclpy_minimal_service:/home/aqib/ros_learning/ros2_test/install/examples_rclpy_minimal_publisher:/home/aqib/ros_learning/ros2_test/install/examples_rclpy_minimal_client:/home/aqib/ros_learning/ros2_test/install/examples_rclpy_minimal_action_server:/home/aqib/ros_learning/ros2_test/install/examples_rclpy_minimal_action_client:/home/aqib/ros_learning/ros2_test/install/examples_rclpy_guard_conditions:/home/aqib/ros_learning/ros2_test/install/examples_rclpy_executors:/home/aqib/ros2_ws/install/my_robot_controller:/opt/ros/humble /usr/bin/cmake --install /home/aqib/ros_learning/ros2_3/build/map_manager
[4.622s] -- Install configuration: ""
[4.622s] -- Installing: /home/aqib/ros_learning/ros2_3/install/map_manager/share/ament_index/resource_index/rosidl_interfaces/map_manager
[4.622s] -- Installing: /home/aqib/ros_learning/ros2_3/install/map_manager/include/map_manager/map_manager
[4.622s] -- Installing: /home/aqib/ros_learning/ros2_3/install/map_manager/include/map_manager/map_manager/srv
[4.622s] -- Installing: /home/aqib/ros_learning/ros2_3/install/map_manager/include/map_manager/map_manager/srv/add_obstacle.h
[4.622s] -- Installing: /home/aqib/ros_learning/ros2_3/install/map_manager/include/map_manager/map_manager/srv/add_victim.h
[4.622s] -- Installing: /home/aqib/ros_learning/ros2_3/install/map_manager/include/map_manager/map_manager/srv/detail
[4.622s] -- Installing: /home/aqib/ros_learning/ros2_3/install/map_manager/include/map_manager/map_manager/srv/detail/add_victim__type_support.h
[4.623s] -- Installing: /home/aqib/ros_learning/ros2_3/install/map_manager/include/map_manager/map_manager/srv/detail/add_victim__functions.c
[4.623s] -- Installing: /home/aqib/ros_learning/ros2_3/install/map_manager/include/map_manager/map_manager/srv/detail/add_obstacle__functions.c
[4.623s] -- Installing: /home/aqib/ros_learning/ros2_3/install/map_manager/include/map_manager/map_manager/srv/detail/add_obstacle__type_support.h
[4.623s] -- Installing: /home/aqib/ros_learning/ros2_3/install/map_manager/include/map_manager/map_manager/srv/detail/add_obstacle__struct.h
[4.623s] -- Installing: /home/aqib/ros_learning/ros2_3/install/map_manager/include/map_manager/map_manager/srv/detail/add_victim__struct.h
[4.623s] -- Installing: /home/aqib/ros_learning/ros2_3/install/map_manager/include/map_manager/map_manager/srv/detail/add_victim__functions.h
[4.623s] -- Installing: /home/aqib/ros_learning/ros2_3/install/map_manager/include/map_manager/map_manager/srv/detail/add_obstacle__functions.h
[4.623s] -- Installing: /home/aqib/ros_learning/ros2_3/install/map_manager/include/map_manager/map_manager/msg
[4.623s] -- Installing: /home/aqib/ros_learning/ros2_3/install/map_manager/include/map_manager/map_manager/msg/map_state.h
[4.623s] -- Installing: /home/aqib/ros_learning/ros2_3/install/map_manager/include/map_manager/map_manager/msg/detail
[4.623s] -- Installing: /home/aqib/ros_learning/ros2_3/install/map_manager/include/map_manager/map_manager/msg/detail/map_state__type_support.h
[4.623s] -- Installing: /home/aqib/ros_learning/ros2_3/install/map_manager/include/map_manager/map_manager/msg/detail/map_state__struct.h
[4.623s] -- Installing: /home/aqib/ros_learning/ros2_3/install/map_manager/include/map_manager/map_manager/msg/detail/map_state__functions.c
[4.623s] -- Installing: /home/aqib/ros_learning/ros2_3/install/map_manager/include/map_manager/map_manager/msg/detail/map_state__functions.h
[4.623s] -- Installing: /home/aqib/ros_learning/ros2_3/install/map_manager/include/map_manager/map_manager/msg/rosidl_generator_c__visibility_control.h
[4.623s] -- Installing: /home/aqib/ros_learning/ros2_3/install/map_manager/share/map_manager/environment/library_path.sh
[4.623s] -- Installing: /home/aqib/ros_learning/ros2_3/install/map_manager/share/map_manager/environment/library_path.dsv
[4.623s] -- Installing: /home/aqib/ros_learning/ros2_3/install/map_manager/lib/libmap_manager__rosidl_generator_c.so
[4.624s] -- Set runtime path of "/home/aqib/ros_learning/ros2_3/install/map_manager/lib/libmap_manager__rosidl_generator_c.so" to ""
[4.624s] -- Up-to-date: /home/aqib/ros_learning/ros2_3/install/map_manager/include/map_manager/map_manager
[4.624s] -- Up-to-date: /home/aqib/ros_learning/ros2_3/install/map_manager/include/map_manager/map_manager/srv
[4.624s] -- Up-to-date: /home/aqib/ros_learning/ros2_3/install/map_manager/include/map_manager/map_manager/srv/detail
[4.624s] -- Installing: /home/aqib/ros_learning/ros2_3/install/map_manager/include/map_manager/map_manager/srv/detail/add_victim__rosidl_typesupport_fastrtps_c.h
[4.624s] -- Installing: /home/aqib/ros_learning/ros2_3/install/map_manager/include/map_manager/map_manager/srv/detail/add_obstacle__rosidl_typesupport_fastrtps_c.h
[4.624s] -- Up-to-date: /home/aqib/ros_learning/ros2_3/install/map_manager/include/map_manager/map_manager/msg
[4.624s] -- Installing: /home/aqib/ros_learning/ros2_3/install/map_manager/include/map_manager/map_manager/msg/rosidl_typesupport_fastrtps_c__visibility_control.h
[4.624s] -- Up-to-date: /home/aqib/ros_learning/ros2_3/install/map_manager/include/map_manager/map_manager/msg/detail
[4.624s] -- Installing: /home/aqib/ros_learning/ros2_3/install/map_manager/include/map_manager/map_manager/msg/detail/map_state__rosidl_typesupport_fastrtps_c.h
[4.624s] -- Installing: /home/aqib/ros_learning/ros2_3/install/map_manager/lib/libmap_manager__rosidl_typesupport_fastrtps_c.so
[4.624s] -- Set runtime path of "/home/aqib/ros_learning/ros2_3/install/map_manager/lib/libmap_manager__rosidl_typesupport_fastrtps_c.so" to ""
[4.624s] -- Up-to-date: /home/aqib/ros_learning/ros2_3/install/map_manager/include/map_manager/map_manager
[4.624s] -- Up-to-date: /home/aqib/ros_learning/ros2_3/install/map_manager/include/map_manager/map_manager/srv
[4.624s] -- Installing: /home/aqib/ros_learning/ros2_3/install/map_manager/include/map_manager/map_manager/srv/add_obstacle.hpp
[4.625s] -- Up-to-date: /home/aqib/ros_learning/ros2_3/install/map_manager/include/map_manager/map_manager/srv/detail
[4.625s] -- Installing: /home/aqib/ros_learning/ros2_3/install/map_manager/include/map_manager/map_manager/srv/detail/add_obstacle__traits.hpp
[4.625s] -- Installing: /home/aqib/ros_learning/ros2_3/install/map_manager/include/map_manager/map_manager/srv/detail/add_victim__builder.hpp
[4.625s] -- Installing: /home/aqib/ros_learning/ros2_3/install/map_manager/include/map_manager/map_manager/srv/detail/add_obstacle__builder.hpp
[4.625s] -- Installing: /home/aqib/ros_learning/ros2_3/install/map_manager/include/map_manager/map_manager/srv/detail/add_victim__traits.hpp
[4.625s] -- Installing: /home/aqib/ros_learning/ros2_3/install/map_manager/include/map_manager/map_manager/srv/detail/add_victim__type_support.hpp
[4.625s] -- Installing: /home/aqib/ros_learning/ros2_3/install/map_manager/include/map_manager/map_manager/srv/detail/add_obstacle__struct.hpp
[4.625s] -- Installing: /home/aqib/ros_learning/ros2_3/install/map_manager/include/map_manager/map_manager/srv/detail/add_obstacle__type_support.hpp
[4.625s] -- Installing: /home/aqib/ros_learning/ros2_3/install/map_manager/include/map_manager/map_manager/srv/detail/add_victim__struct.hpp
[4.625s] -- Installing: /home/aqib/ros_learning/ros2_3/install/map_manager/include/map_manager/map_manager/srv/add_victim.hpp
[4.625s] -- Up-to-date: /home/aqib/ros_learning/ros2_3/install/map_manager/include/map_manager/map_manager/msg
[4.625s] -- Installing: /home/aqib/ros_learning/ros2_3/install/map_manager/include/map_manager/map_manager/msg/map_state.hpp
[4.625s] -- Installing: /home/aqib/ros_learning/ros2_3/install/map_manager/include/map_manager/map_manager/msg/rosidl_generator_cpp__visibility_control.hpp
[4.625s] -- Up-to-date: /home/aqib/ros_learning/ros2_3/install/map_manager/include/map_manager/map_manager/msg/detail
[4.625s] -- Installing: /home/aqib/ros_learning/ros2_3/install/map_manager/include/map_manager/map_manager/msg/detail/map_state__struct.hpp
[4.625s] -- Installing: /home/aqib/ros_learning/ros2_3/install/map_manager/include/map_manager/map_manager/msg/detail/map_state__builder.hpp
[4.625s] -- Installing: /home/aqib/ros_learning/ros2_3/install/map_manager/include/map_manager/map_manager/msg/detail/map_state__traits.hpp
[4.625s] -- Installing: /home/aqib/ros_learning/ros2_3/install/map_manager/include/map_manager/map_manager/msg/detail/map_state__type_support.hpp
[4.625s] -- Up-to-date: /home/aqib/ros_learning/ros2_3/install/map_manager/include/map_manager/map_manager
[4.626s] -- Up-to-date: /home/aqib/ros_learning/ros2_3/install/map_manager/include/map_manager/map_manager/srv
[4.626s] -- Up-to-date: /home/aqib/ros_learning/ros2_3/install/map_manager/include/map_manager/map_manager/srv/detail
[4.626s] -- Installing: /home/aqib/ros_learning/ros2_3/install/map_manager/include/map_manager/map_manager/srv/detail/dds_fastrtps
[4.626s] -- Installing: /home/aqib/ros_learning/ros2_3/install/map_manager/include/map_manager/map_manager/srv/detail/add_obstacle__rosidl_typesupport_fastrtps_cpp.hpp
[4.626s] -- Installing: /home/aqib/ros_learning/ros2_3/install/map_manager/include/map_manager/map_manager/srv/detail/add_victim__rosidl_typesupport_fastrtps_cpp.hpp
[4.626s] -- Up-to-date: /home/aqib/ros_learning/ros2_3/install/map_manager/include/map_manager/map_manager/msg
[4.626s] -- Installing: /home/aqib/ros_learning/ros2_3/install/map_manager/include/map_manager/map_manager/msg/rosidl_typesupport_fastrtps_cpp__visibility_control.h
[4.626s] -- Up-to-date: /home/aqib/ros_learning/ros2_3/install/map_manager/include/map_manager/map_manager/msg/detail
[4.626s] -- Installing: /home/aqib/ros_learning/ros2_3/install/map_manager/include/map_manager/map_manager/msg/detail/map_state__rosidl_typesupport_fastrtps_cpp.hpp
[4.626s] -- Installing: /home/aqib/ros_learning/ros2_3/install/map_manager/include/map_manager/map_manager/msg/detail/dds_fastrtps
[4.626s] -- Installing: /home/aqib/ros_learning/ros2_3/install/map_manager/lib/libmap_manager__rosidl_typesupport_fastrtps_cpp.so
[4.626s] -- Set runtime path of "/home/aqib/ros_learning/ros2_3/install/map_manager/lib/libmap_manager__rosidl_typesupport_fastrtps_cpp.so" to ""
[4.626s] -- Up-to-date: /home/aqib/ros_learning/ros2_3/install/map_manager/include/map_manager/map_manager
[4.626s] -- Up-to-date: /home/aqib/ros_learning/ros2_3/install/map_manager/include/map_manager/map_manager/srv
[4.626s] -- Up-to-date: /home/aqib/ros_learning/ros2_3/install/map_manager/include/map_manager/map_manager/srv/detail
[4.626s] -- Installing: /home/aqib/ros_learning/ros2_3/install/map_manager/include/map_manager/map_manager/srv/detail/add_victim__rosidl_typesupport_introspection_c.h
[4.626s] -- Installing: /home/aqib/ros_learning/ros2_3/install/map_manager/include/map_manager/map_manager/srv/detail/add_obstacle__rosidl_typesupport_introspection_c.h
[4.626s] -- Installing: /home/aqib/ros_learning/ros2_3/install/map_manager/include/map_manager/map_manager/srv/detail/add_victim__type_support.c
[4.626s] -- Installing: /home/aqib/ros_learning/ros2_3/install/map_manager/include/map_manager/map_manager/srv/detail/add_obstacle__type_support.c
[4.626s] -- Up-to-date: /home/aqib/ros_learning/ros2_3/install/map_manager/include/map_manager/map_manager/msg
[4.626s] -- Up-to-date: /home/aqib/ros_learning/ros2_3/install/map_manager/include/map_manager/map_manager/msg/detail
[4.626s] -- Installing: /home/aqib/ros_learning/ros2_3/install/map_manager/include/map_manager/map_manager/msg/detail/map_state__type_support.c
[4.626s] -- Installing: /home/aqib/ros_learning/ros2_3/install/map_manager/include/map_manager/map_manager/msg/detail/map_state__rosidl_typesupport_introspection_c.h
[4.626s] -- Installing: /home/aqib/ros_learning/ros2_3/install/map_manager/include/map_manager/map_manager/msg/rosidl_typesupport_introspection_c__visibility_control.h
[4.626s] -- Installing: /home/aqib/ros_learning/ros2_3/install/map_manager/lib/libmap_manager__rosidl_typesupport_introspection_c.so
[4.627s] -- Set runtime path of "/home/aqib/ros_learning/ros2_3/install/map_manager/lib/libmap_manager__rosidl_typesupport_introspection_c.so" to ""
[4.627s] -- Installing: /home/aqib/ros_learning/ros2_3/install/map_manager/lib/libmap_manager__rosidl_typesupport_c.so
[4.627s] -- Set runtime path of "/home/aqib/ros_learning/ros2_3/install/map_manager/lib/libmap_manager__rosidl_typesupport_c.so" to ""
[4.627s] -- Up-to-date: /home/aqib/ros_learning/ros2_3/install/map_manager/include/map_manager/map_manager
[4.627s] -- Up-to-date: /home/aqib/ros_learning/ros2_3/install/map_manager/include/map_manager/map_manager/srv
[4.627s] -- Up-to-date: /home/aqib/ros_learning/ros2_3/install/map_manager/include/map_manager/map_manager/srv/detail
[4.627s] -- Installing: /home/aqib/ros_learning/ros2_3/install/map_manager/include/map_manager/map_manager/srv/detail/add_victim__type_support.cpp
[4.627s] -- Installing: /home/aqib/ros_learning/ros2_3/install/map_manager/include/map_manager/map_manager/srv/detail/add_victim__rosidl_typesupport_introspection_cpp.hpp
[4.627s] -- Installing: /home/aqib/ros_learning/ros2_3/install/map_manager/include/map_manager/map_manager/srv/detail/add_obstacle__rosidl_typesupport_introspection_cpp.hpp
[4.627s] -- Installing: /home/aqib/ros_learning/ros2_3/install/map_manager/include/map_manager/map_manager/srv/detail/add_obstacle__type_support.cpp
[4.627s] -- Up-to-date: /home/aqib/ros_learning/ros2_3/install/map_manager/include/map_manager/map_manager/msg
[4.627s] -- Up-to-date: /home/aqib/ros_learning/ros2_3/install/map_manager/include/map_manager/map_manager/msg/detail
[4.627s] -- Installing: /home/aqib/ros_learning/ros2_3/install/map_manager/include/map_manager/map_manager/msg/detail/map_state__type_support.cpp
[4.627s] -- Installing: /home/aqib/ros_learning/ros2_3/install/map_manager/include/map_manager/map_manager/msg/detail/map_state__rosidl_typesupport_introspection_cpp.hpp
[4.627s] -- Installing: /home/aqib/ros_learning/ros2_3/install/map_manager/lib/libmap_manager__rosidl_typesupport_introspection_cpp.so
[4.627s] -- Set runtime path of "/home/aqib/ros_learning/ros2_3/install/map_manager/lib/libmap_manager__rosidl_typesupport_introspection_cpp.so" to ""
[4.627s] -- Installing: /home/aqib/ros_learning/ros2_3/install/map_manager/lib/libmap_manager__rosidl_typesupport_cpp.so
[4.628s] -- Set runtime path of "/home/aqib/ros_learning/ros2_3/install/map_manager/lib/libmap_manager__rosidl_typesupport_cpp.so" to ""
[4.628s] -- Installing: /home/aqib/ros_learning/ros2_3/install/map_manager/share/map_manager/environment/pythonpath.sh
[4.628s] -- Installing: /home/aqib/ros_learning/ros2_3/install/map_manager/share/map_manager/environment/pythonpath.dsv
[4.628s] -- Installing: /home/aqib/ros_learning/ros2_3/install/map_manager/local/lib/python3.10/dist-packages/map_manager-0.0.0-py3.10.egg-info
[4.628s] -- Installing: /home/aqib/ros_learning/ros2_3/install/map_manager/local/lib/python3.10/dist-packages/map_manager-0.0.0-py3.10.egg-info/top_level.txt
[4.628s] -- Installing: /home/aqib/ros_learning/ros2_3/install/map_manager/local/lib/python3.10/dist-packages/map_manager-0.0.0-py3.10.egg-info/dependency_links.txt
[4.628s] -- Installing: /home/aqib/ros_learning/ros2_3/install/map_manager/local/lib/python3.10/dist-packages/map_manager-0.0.0-py3.10.egg-info/SOURCES.txt
[4.628s] -- Installing: /home/aqib/ros_learning/ros2_3/install/map_manager/local/lib/python3.10/dist-packages/map_manager-0.0.0-py3.10.egg-info/PKG-INFO
[4.628s] -- Installing: /home/aqib/ros_learning/ros2_3/install/map_manager/local/lib/python3.10/dist-packages/map_manager
[4.628s] -- Installing: /home/aqib/ros_learning/ros2_3/install/map_manager/local/lib/python3.10/dist-packages/map_manager/__init__.py
[4.628s] -- Installing: /home/aqib/ros_learning/ros2_3/install/map_manager/local/lib/python3.10/dist-packages/map_manager/map_manager_s__rosidl_typesupport_fastrtps_c.cpython-310-x86_64-linux-gnu.so
[4.628s] -- Installing: /home/aqib/ros_learning/ros2_3/install/map_manager/local/lib/python3.10/dist-packages/map_manager/_map_manager_s.ep.rosidl_typesupport_c.c
[4.628s] -- Installing: /home/aqib/ros_learning/ros2_3/install/map_manager/local/lib/python3.10/dist-packages/map_manager/_map_manager_s.ep.rosidl_typesupport_fastrtps_c.c
[4.628s] -- Installing: /home/aqib/ros_learning/ros2_3/install/map_manager/local/lib/python3.10/dist-packages/map_manager/map_manager_s__rosidl_typesupport_introspection_c.cpython-310-x86_64-linux-gnu.so
[4.628s] -- Installing: /home/aqib/ros_learning/ros2_3/install/map_manager/local/lib/python3.10/dist-packages/map_manager/libmap_manager__rosidl_generator_py.so
[4.628s] -- Installing: /home/aqib/ros_learning/ros2_3/install/map_manager/local/lib/python3.10/dist-packages/map_manager/srv
[4.628s] -- Installing: /home/aqib/ros_learning/ros2_3/install/map_manager/local/lib/python3.10/dist-packages/map_manager/srv/__init__.py
[4.628s] -- Installing: /home/aqib/ros_learning/ros2_3/install/map_manager/local/lib/python3.10/dist-packages/map_manager/srv/_add_obstacle.py
[4.629s] -- Installing: /home/aqib/ros_learning/ros2_3/install/map_manager/local/lib/python3.10/dist-packages/map_manager/srv/_add_obstacle_s.c
[4.629s] -- Installing: /home/aqib/ros_learning/ros2_3/install/map_manager/local/lib/python3.10/dist-packages/map_manager/srv/_add_victim.py
[4.629s] -- Installing: /home/aqib/ros_learning/ros2_3/install/map_manager/local/lib/python3.10/dist-packages/map_manager/srv/_add_victim_s.c
[4.629s] -- Installing: /home/aqib/ros_learning/ros2_3/install/map_manager/local/lib/python3.10/dist-packages/map_manager/map_manager_s__rosidl_typesupport_c.cpython-310-x86_64-linux-gnu.so
[4.629s] -- Installing: /home/aqib/ros_learning/ros2_3/install/map_manager/local/lib/python3.10/dist-packages/map_manager/_map_manager_s.ep.rosidl_typesupport_introspection_c.c
[4.629s] -- Installing: /home/aqib/ros_learning/ros2_3/install/map_manager/local/lib/python3.10/dist-packages/map_manager/msg
[4.629s] -- Installing: /home/aqib/ros_learning/ros2_3/install/map_manager/local/lib/python3.10/dist-packages/map_manager/msg/__init__.py
[4.629s] -- Installing: /home/aqib/ros_learning/ros2_3/install/map_manager/local/lib/python3.10/dist-packages/map_manager/msg/_map_state_s.c
[4.629s] -- Installing: /home/aqib/ros_learning/ros2_3/install/map_manager/local/lib/python3.10/dist-packages/map_manager/msg/_map_state.py
[4.662s] Listing '/home/aqib/ros_learning/ros2_3/install/map_manager/local/lib/python3.10/dist-packages/map_manager'...
[4.662s] Compiling '/home/aqib/ros_learning/ros2_3/install/map_manager/local/lib/python3.10/dist-packages/map_manager/__init__.py'...
[4.662s] Listing '/home/aqib/ros_learning/ros2_3/install/map_manager/local/lib/python3.10/dist-packages/map_manager/msg'...
[4.662s] Compiling '/home/aqib/ros_learning/ros2_3/install/map_manager/local/lib/python3.10/dist-packages/map_manager/msg/__init__.py'...
[4.662s] Compiling '/home/aqib/ros_learning/ros2_3/install/map_manager/local/lib/python3.10/dist-packages/map_manager/msg/_map_state.py'...
[4.662s] Listing '/home/aqib/ros_learning/ros2_3/install/map_manager/local/lib/python3.10/dist-packages/map_manager/srv'...
[4.662s] Compiling '/home/aqib/ros_learning/ros2_3/install/map_manager/local/lib/python3.10/dist-packages/map_manager/srv/__init__.py'...
[4.662s] Compiling '/home/aqib/ros_learning/ros2_3/install/map_manager/local/lib/python3.10/dist-packages/map_manager/srv/_add_obstacle.py'...
[4.662s] Compiling '/home/aqib/ros_learning/ros2_3/install/map_manager/local/lib/python3.10/dist-packages/map_manager/srv/_add_victim.py'...
[4.665s] -- Installing: /home/aqib/ros_learning/ros2_3/install/map_manager/local/lib/python3.10/dist-packages/map_manager/map_manager_s__rosidl_typesupport_fastrtps_c.cpython-310-x86_64-linux-gnu.so
[4.665s] -- Set runtime path of "/home/aqib/ros_learning/ros2_3/install/map_manager/local/lib/python3.10/dist-packages/map_manager/map_manager_s__rosidl_typesupport_fastrtps_c.cpython-310-x86_64-linux-gnu.so" to ""
[4.665s] -- Installing: /home/aqib/ros_learning/ros2_3/install/map_manager/local/lib/python3.10/dist-packages/map_manager/map_manager_s__rosidl_typesupport_introspection_c.cpython-310-x86_64-linux-gnu.so
[4.665s] -- Set runtime path of "/home/aqib/ros_learning/ros2_3/install/map_manager/local/lib/python3.10/dist-packages/map_manager/map_manager_s__rosidl_typesupport_introspection_c.cpython-310-x86_64-linux-gnu.so" to ""
[4.665s] -- Installing: /home/aqib/ros_learning/ros2_3/install/map_manager/local/lib/python3.10/dist-packages/map_manager/map_manager_s__rosidl_typesupport_c.cpython-310-x86_64-linux-gnu.so
[4.665s] -- Set runtime path of "/home/aqib/ros_learning/ros2_3/install/map_manager/local/lib/python3.10/dist-packages/map_manager/map_manager_s__rosidl_typesupport_c.cpython-310-x86_64-linux-gnu.so" to ""
[4.665s] -- Installing: /home/aqib/ros_learning/ros2_3/install/map_manager/lib/libmap_manager__rosidl_generator_py.so
[4.666s] -- Set runtime path of "/home/aqib/ros_learning/ros2_3/install/map_manager/lib/libmap_manager__rosidl_generator_py.so" to ""
[4.666s] -- Installing: /home/aqib/ros_learning/ros2_3/install/map_manager/share/map_manager/msg/MapState.idl
[4.666s] -- Installing: /home/aqib/ros_learning/ros2_3/install/map_manager/share/map_manager/srv/AddObstacle.idl
[4.666s] -- Installing: /home/aqib/ros_learning/ros2_3/install/map_manager/share/map_manager/srv/AddVictim.idl
[4.666s] -- Installing: /home/aqib/ros_learning/ros2_3/install/map_manager/share/map_manager/msg/MapState.msg
[4.666s] -- Installing: /home/aqib/ros_learning/ros2_3/install/map_manager/share/map_manager/srv/AddObstacle.srv
[4.666s] -- Installing: /home/aqib/ros_learning/ros2_3/install/map_manager/share/map_manager/srv/AddObstacle_Request.msg
[4.666s] -- Installing: /home/aqib/ros_learning/ros2_3/install/map_manager/share/map_manager/srv/AddObstacle_Response.msg
[4.666s] -- Installing: /home/aqib/ros_learning/ros2_3/install/map_manager/share/map_manager/srv/AddVictim.srv
[4.666s] -- Installing: /home/aqib/ros_learning/ros2_3/install/map_manager/share/map_manager/srv/AddVictim_Request.msg
[4.666s] -- Installing: /home/aqib/ros_learning/ros2_3/install/map_manager/share/map_manager/srv/AddVictim_Response.msg
[4.666s] -- Installing: /home/aqib/ros_learning/ros2_3/install/map_manager/lib/map_manager/map_publish
[4.667s] -- Set runtime path of "/home/aqib/ros_learning/ros2_3/install/map_manager/lib/map_manager/map_publish" to ""
[4.667s] -- Installing: /home/aqib/ros_learning/ros2_3/install/map_manager/lib/map_manager/map_subscribe
[4.669s] -- Set runtime path of "/home/aqib/ros_learning/ros2_3/install/map_manager/lib/map_manager/map_subscribe" to ""
[4.669s] -- Installing: /home/aqib/ros_learning/ros2_3/install/map_manager/share/ament_index/resource_index/package_run_dependencies/map_manager
[4.669s] -- Installing: /home/aqib/ros_learning/ros2_3/install/map_manager/share/ament_index/resource_index/parent_prefix_path/map_manager
[4.669s] -- Installing: /home/aqib/ros_learning/ros2_3/install/map_manager/share/map_manager/environment/ament_prefix_path.sh
[4.669s] -- Installing: /home/aqib/ros_learning/ros2_3/install/map_manager/share/map_manager/environment/ament_prefix_path.dsv
[4.669s] -- Installing: /home/aqib/ros_learning/ros2_3/install/map_manager/share/map_manager/environment/path.sh
[4.669s] -- Installing: /home/aqib/ros_learning/ros2_3/install/map_manager/share/map_manager/environment/path.dsv
[4.669s] -- Installing: /home/aqib/ros_learning/ros2_3/install/map_manager/share/map_manager/local_setup.bash
[4.669s] -- Installing: /home/aqib/ros_learning/ros2_3/install/map_manager/share/map_manager/local_setup.sh
[4.669s] -- Installing: /home/aqib/ros_learning/ros2_3/install/map_manager/share/map_manager/local_setup.zsh
[4.669s] -- Installing: /home/aqib/ros_learning/ros2_3/install/map_manager/share/map_manager/local_setup.dsv
[4.669s] -- Installing: /home/aqib/ros_learning/ros2_3/install/map_manager/share/map_manager/package.dsv
[4.669s] -- Installing: /home/aqib/ros_learning/ros2_3/install/map_manager/share/ament_index/resource_index/packages/map_manager
[4.670s] -- Installing: /home/aqib/ros_learning/ros2_3/install/map_manager/share/map_manager/cmake/export_map_manager__rosidl_generator_cExport.cmake
[4.670s] -- Installing: /home/aqib/ros_learning/ros2_3/install/map_manager/share/map_manager/cmake/export_map_manager__rosidl_generator_cExport-noconfig.cmake
[4.670s] -- Installing: /home/aqib/ros_learning/ros2_3/install/map_manager/share/map_manager/cmake/export_map_manager__rosidl_typesupport_fastrtps_cExport.cmake
[4.670s] -- Installing: /home/aqib/ros_learning/ros2_3/install/map_manager/share/map_manager/cmake/export_map_manager__rosidl_typesupport_fastrtps_cExport-noconfig.cmake
[4.670s] -- Installing: /home/aqib/ros_learning/ros2_3/install/map_manager/share/map_manager/cmake/export_map_manager__rosidl_generator_cppExport.cmake
[4.670s] -- Installing: /home/aqib/ros_learning/ros2_3/install/map_manager/share/map_manager/cmake/export_map_manager__rosidl_typesupport_fastrtps_cppExport.cmake
[4.670s] -- Installing: /home/aqib/ros_learning/ros2_3/install/map_manager/share/map_manager/cmake/export_map_manager__rosidl_typesupport_fastrtps_cppExport-noconfig.cmake
[4.670s] -- Installing: /home/aqib/ros_learning/ros2_3/install/map_manager/share/map_manager/cmake/map_manager__rosidl_typesupport_introspection_cExport.cmake
[4.670s] -- Installing: /home/aqib/ros_learning/ros2_3/install/map_manager/share/map_manager/cmake/map_manager__rosidl_typesupport_introspection_cExport-noconfig.cmake
[4.670s] -- Installing: /home/aqib/ros_learning/ros2_3/install/map_manager/share/map_manager/cmake/map_manager__rosidl_typesupport_cExport.cmake
[4.670s] -- Installing: /home/aqib/ros_learning/ros2_3/install/map_manager/share/map_manager/cmake/map_manager__rosidl_typesupport_cExport-noconfig.cmake
[4.670s] -- Installing: /home/aqib/ros_learning/ros2_3/install/map_manager/share/map_manager/cmake/map_manager__rosidl_typesupport_introspection_cppExport.cmake
[4.670s] -- Installing: /home/aqib/ros_learning/ros2_3/install/map_manager/share/map_manager/cmake/map_manager__rosidl_typesupport_introspection_cppExport-noconfig.cmake
[4.670s] -- Installing: /home/aqib/ros_learning/ros2_3/install/map_manager/share/map_manager/cmake/map_manager__rosidl_typesupport_cppExport.cmake
[4.670s] -- Installing: /home/aqib/ros_learning/ros2_3/install/map_manager/share/map_manager/cmake/map_manager__rosidl_typesupport_cppExport-noconfig.cmake
[4.671s] -- Installing: /home/aqib/ros_learning/ros2_3/install/map_manager/share/map_manager/cmake/export_map_manager__rosidl_generator_pyExport.cmake
[4.671s] -- Installing: /home/aqib/ros_learning/ros2_3/install/map_manager/share/map_manager/cmake/export_map_manager__rosidl_generator_pyExport-noconfig.cmake
[4.671s] -- Installing: /home/aqib/ros_learning/ros2_3/install/map_manager/share/map_manager/cmake/rosidl_cmake-extras.cmake
[4.671s] -- Installing: /home/aqib/ros_learning/ros2_3/install/map_manager/share/map_manager/cmake/ament_cmake_export_dependencies-extras.cmake
[4.671s] -- Installing: /home/aqib/ros_learning/ros2_3/install/map_manager/share/map_manager/cmake/ament_cmake_export_include_directories-extras.cmake
[4.671s] -- Installing: /home/aqib/ros_learning/ros2_3/install/map_manager/share/map_manager/cmake/ament_cmake_export_libraries-extras.cmake
[4.671s] -- Installing: /home/aqib/ros_learning/ros2_3/install/map_manager/share/map_manager/cmake/ament_cmake_export_targets-extras.cmake
[4.671s] -- Installing: /home/aqib/ros_learning/ros2_3/install/map_manager/share/map_manager/cmake/rosidl_cmake_export_typesupport_targets-extras.cmake
[4.671s] -- Installing: /home/aqib/ros_learning/ros2_3/install/map_manager/share/map_manager/cmake/rosidl_cmake_export_typesupport_libraries-extras.cmake
[4.671s] -- Installing: /home/aqib/ros_learning/ros2_3/install/map_manager/share/map_manager/cmake/map_managerConfig.cmake
[4.671s] -- Installing: /home/aqib/ros_learning/ros2_3/install/map_manager/share/map_manager/cmake/map_managerConfig-version.cmake
[4.671s] -- Installing: /home/aqib/ros_learning/ros2_3/install/map_manager/share/map_manager/package.xml
[4.673s] Invoked command in '/home/aqib/ros_learning/ros2_3/build/map_manager' returned '0': CMAKE_PREFIX_PATH=${CMAKE_PREFIX_PATH}:/home/aqib/ros_learning/ros2_test/install/launch_testing_examples:/home/aqib/ros_learning/ros2_test/install/examples_rclpy_pointcloud_publisher:/home/aqib/ros_learning/ros2_test/install/examples_rclpy_minimal_subscriber:/home/aqib/ros_learning/ros2_test/install/examples_rclpy_minimal_service:/home/aqib/ros_learning/ros2_test/install/examples_rclpy_minimal_publisher:/home/aqib/ros_learning/ros2_test/install/examples_rclpy_minimal_client:/home/aqib/ros_learning/ros2_test/install/examples_rclpy_minimal_action_server:/home/aqib/ros_learning/ros2_test/install/examples_rclpy_minimal_action_client:/home/aqib/ros_learning/ros2_test/install/examples_rclpy_guard_conditions:/home/aqib/ros_learning/ros2_test/install/examples_rclpy_executors:/home/aqib/ros2_ws/install/my_robot_controller:/opt/ros/humble /usr/bin/cmake --install /home/aqib/ros_learning/ros2_3/build/map_manager
