[0.054s] DEBUG:colcon:Command line arguments: ['/usr/bin/colcon', 'build']
[0.054s] DEBUG:colcon:Parsed command line arguments: Namespace(log_base=None, log_level=None, verb_name='build', build_base='build', install_base='install', merge_install=False, symlink_install=False, test_result_base=None, continue_on_error=False, executor='parallel', parallel_workers=16, event_handlers=None, ignore_user_meta=False, metas=['./colcon.meta'], base_paths=['.'], packages_ignore=None, packages_ignore_regex=None, paths=None, packages_up_to=None, packages_up_to_regex=None, packages_above=None, packages_above_and_dependencies=None, packages_above_depth=None, packages_select_by_dep=None, packages_skip_by_dep=None, packages_skip_up_to=None, packages_select_build_failed=False, packages_skip_build_finished=False, packages_select_test_failures=False, packages_skip_test_passed=False, packages_select=None, packages_skip=None, packages_select_regex=None, packages_skip_regex=None, packages_start=None, packages_end=None, allow_overriding=[], cmake_args=None, cmake_target=None, cmake_target_skip_unavailable=False, cmake_clean_cache=False, cmake_clean_first=False, cmake_force_configure=False, ament_cmake_args=None, catkin_cmake_args=None, catkin_skip_building_tests=False, verb_parser=<colcon_defaults.argument_parser.defaults.DefaultArgumentsDecorator object at 0x72beda2a6800>, verb_extension=<colcon_core.verb.build.BuildVerb object at 0x72beda39bc70>, main=<bound method BuildVerb.main of <colcon_core.verb.build.BuildVerb object at 0x72beda39bc70>>)
[0.131s] Level 1:colcon.colcon_core.package_discovery:discover_packages(colcon_meta) check parameters
[0.131s] Level 1:colcon.colcon_core.package_discovery:discover_packages(recursive) check parameters
[0.131s] Level 1:colcon.colcon_core.package_discovery:discover_packages(ignore) check parameters
[0.131s] Level 1:colcon.colcon_core.package_discovery:discover_packages(path) check parameters
[0.131s] Level 1:colcon.colcon_core.package_discovery:discover_packages(colcon_meta) discover
[0.131s] Level 1:colcon.colcon_core.package_discovery:discover_packages(recursive) discover
[0.131s] INFO:colcon.colcon_core.package_discovery:Crawling recursively for packages in '/home/audric/Documents/GitHub/Tugas-Aksantara'
[0.131s] Level 1:colcon.colcon_core.package_identification:_identify(.) by extensions ['ignore', 'ignore_ament_install']
[0.131s] Level 1:colcon.colcon_core.package_identification:_identify(.) by extension 'ignore'
[0.131s] Level 1:colcon.colcon_core.package_identification:_identify(.) by extension 'ignore_ament_install'
[0.131s] Level 1:colcon.colcon_core.package_identification:_identify(.) by extensions ['colcon_pkg']
[0.131s] Level 1:colcon.colcon_core.package_identification:_identify(.) by extension 'colcon_pkg'
[0.131s] Level 1:colcon.colcon_core.package_identification:_identify(.) by extensions ['colcon_meta']
[0.131s] Level 1:colcon.colcon_core.package_identification:_identify(.) by extension 'colcon_meta'
[0.131s] Level 1:colcon.colcon_core.package_identification:_identify(.) by extensions ['ros']
[0.131s] Level 1:colcon.colcon_core.package_identification:_identify(.) by extension 'ros'
[0.138s] Level 1:colcon.colcon_core.package_identification:_identify(.) by extensions ['cmake', 'python']
[0.138s] Level 1:colcon.colcon_core.package_identification:_identify(.) by extension 'cmake'
[0.138s] Level 1:colcon.colcon_core.package_identification:_identify(.) by extension 'python'
[0.138s] Level 1:colcon.colcon_core.package_identification:_identify(.) by extensions ['python_setup_py']
[0.138s] Level 1:colcon.colcon_core.package_identification:_identify(.) by extension 'python_setup_py'
[0.138s] Level 1:colcon.colcon_core.package_identification:_identify(build) by extensions ['ignore', 'ignore_ament_install']
[0.138s] Level 1:colcon.colcon_core.package_identification:_identify(build) by extension 'ignore'
[0.138s] Level 1:colcon.colcon_core.package_identification:_identify(build) ignored
[0.138s] Level 1:colcon.colcon_core.package_identification:_identify(install) by extensions ['ignore', 'ignore_ament_install']
[0.138s] Level 1:colcon.colcon_core.package_identification:_identify(install) by extension 'ignore'
[0.138s] Level 1:colcon.colcon_core.package_identification:_identify(install) ignored
[0.138s] Level 1:colcon.colcon_core.package_identification:_identify(log) by extensions ['ignore', 'ignore_ament_install']
[0.138s] Level 1:colcon.colcon_core.package_identification:_identify(log) by extension 'ignore'
[0.138s] Level 1:colcon.colcon_core.package_identification:_identify(log) ignored
[0.138s] Level 1:colcon.colcon_core.package_identification:_identify(src) by extensions ['ignore', 'ignore_ament_install']
[0.138s] Level 1:colcon.colcon_core.package_identification:_identify(src) by extension 'ignore'
[0.138s] Level 1:colcon.colcon_core.package_identification:_identify(src) by extension 'ignore_ament_install'
[0.138s] Level 1:colcon.colcon_core.package_identification:_identify(src) by extensions ['colcon_pkg']
[0.138s] Level 1:colcon.colcon_core.package_identification:_identify(src) by extension 'colcon_pkg'
[0.138s] Level 1:colcon.colcon_core.package_identification:_identify(src) by extensions ['colcon_meta']
[0.138s] Level 1:colcon.colcon_core.package_identification:_identify(src) by extension 'colcon_meta'
[0.138s] Level 1:colcon.colcon_core.package_identification:_identify(src) by extensions ['ros']
[0.138s] Level 1:colcon.colcon_core.package_identification:_identify(src) by extension 'ros'
[0.138s] Level 1:colcon.colcon_core.package_identification:_identify(src) by extensions ['cmake', 'python']
[0.138s] Level 1:colcon.colcon_core.package_identification:_identify(src) by extension 'cmake'
[0.139s] Level 1:colcon.colcon_core.package_identification:_identify(src) by extension 'python'
[0.139s] Level 1:colcon.colcon_core.package_identification:_identify(src) by extensions ['python_setup_py']
[0.139s] Level 1:colcon.colcon_core.package_identification:_identify(src) by extension 'python_setup_py'
[0.139s] Level 1:colcon.colcon_core.package_identification:_identify(src/drone_controller) by extensions ['ignore', 'ignore_ament_install']
[0.139s] Level 1:colcon.colcon_core.package_identification:_identify(src/drone_controller) by extension 'ignore'
[0.139s] Level 1:colcon.colcon_core.package_identification:_identify(src/drone_controller) by extension 'ignore_ament_install'
[0.139s] Level 1:colcon.colcon_core.package_identification:_identify(src/drone_controller) by extensions ['colcon_pkg']
[0.139s] Level 1:colcon.colcon_core.package_identification:_identify(src/drone_controller) by extension 'colcon_pkg'
[0.139s] Level 1:colcon.colcon_core.package_identification:_identify(src/drone_controller) by extensions ['colcon_meta']
[0.139s] Level 1:colcon.colcon_core.package_identification:_identify(src/drone_controller) by extension 'colcon_meta'
[0.139s] Level 1:colcon.colcon_core.package_identification:_identify(src/drone_controller) by extensions ['ros']
[0.139s] Level 1:colcon.colcon_core.package_identification:_identify(src/drone_controller) by extension 'ros'
[0.140s] DEBUG:colcon.colcon_core.package_identification:Package 'src/drone_controller' with type 'ros.ament_cmake' and name 'drone_controller'
[0.140s] Level 1:colcon.colcon_core.package_identification:_identify(src/map_manager) by extensions ['ignore', 'ignore_ament_install']
[0.140s] Level 1:colcon.colcon_core.package_identification:_identify(src/map_manager) by extension 'ignore'
[0.140s] Level 1:colcon.colcon_core.package_identification:_identify(src/map_manager) by extension 'ignore_ament_install'
[0.140s] Level 1:colcon.colcon_core.package_identification:_identify(src/map_manager) by extensions ['colcon_pkg']
[0.140s] Level 1:colcon.colcon_core.package_identification:_identify(src/map_manager) by extension 'colcon_pkg'
[0.140s] Level 1:colcon.colcon_core.package_identification:_identify(src/map_manager) by extensions ['colcon_meta']
[0.140s] Level 1:colcon.colcon_core.package_identification:_identify(src/map_manager) by extension 'colcon_meta'
[0.140s] Level 1:colcon.colcon_core.package_identification:_identify(src/map_manager) by extensions ['ros']
[0.140s] Level 1:colcon.colcon_core.package_identification:_identify(src/map_manager) by extension 'ros'
[0.141s] DEBUG:colcon.colcon_core.package_identification:Package 'src/map_manager' with type 'ros.ament_cmake' and name 'map_manager'
[0.141s] Level 1:colcon.colcon_core.package_discovery:discover_packages(recursive) using defaults
[0.141s] Level 1:colcon.colcon_core.package_discovery:discover_packages(ignore) discover
[0.141s] Level 1:colcon.colcon_core.package_discovery:discover_packages(ignore) using defaults
[0.141s] Level 1:colcon.colcon_core.package_discovery:discover_packages(path) discover
[0.141s] Level 1:colcon.colcon_core.package_discovery:discover_packages(path) using defaults
[0.151s] Level 1:colcon.colcon_core.package_discovery:discover_packages(prefix_path) check parameters
[0.151s] Level 1:colcon.colcon_core.package_discovery:discover_packages(prefix_path) discover
[0.152s] DEBUG:colcon.colcon_installed_package_information.package_discovery:Found 2 installed packages in /home/audric/Documents/GitHub/Tugas-Aksantara/install
[0.152s] DEBUG:colcon.colcon_installed_package_information.package_discovery:Found 1 installed packages in /home/audric/handson1_ws/install
[0.153s] DEBUG:colcon.colcon_installed_package_information.package_discovery:Found 271 installed packages in /opt/ros/humble
[0.154s] Level 1:colcon.colcon_core.package_discovery:discover_packages(prefix_path) using defaults
[0.181s] Level 5:colcon.colcon_core.verb:set package 'drone_controller' build argument 'cmake_args' from command line to 'None'
[0.181s] Level 5:colcon.colcon_core.verb:set package 'drone_controller' build argument 'cmake_target' from command line to 'None'
[0.181s] Level 5:colcon.colcon_core.verb:set package 'drone_controller' build argument 'cmake_target_skip_unavailable' from command line to 'False'
[0.181s] Level 5:colcon.colcon_core.verb:set package 'drone_controller' build argument 'cmake_clean_cache' from command line to 'False'
[0.181s] Level 5:colcon.colcon_core.verb:set package 'drone_controller' build argument 'cmake_clean_first' from command line to 'False'
[0.181s] Level 5:colcon.colcon_core.verb:set package 'drone_controller' build argument 'cmake_force_configure' from command line to 'False'
[0.181s] Level 5:colcon.colcon_core.verb:set package 'drone_controller' build argument 'ament_cmake_args' from command line to 'None'
[0.181s] Level 5:colcon.colcon_core.verb:set package 'drone_controller' build argument 'catkin_cmake_args' from command line to 'None'
[0.181s] Level 5:colcon.colcon_core.verb:set package 'drone_controller' build argument 'catkin_skip_building_tests' from command line to 'False'
[0.181s] DEBUG:colcon.colcon_core.verb:Building package 'drone_controller' with the following arguments: {'ament_cmake_args': None, 'build_base': '/home/audric/Documents/GitHub/Tugas-Aksantara/build/drone_controller', 'catkin_cmake_args': None, 'catkin_skip_building_tests': False, 'cmake_args': None, 'cmake_clean_cache': False, 'cmake_clean_first': False, 'cmake_force_configure': False, 'cmake_target': None, 'cmake_target_skip_unavailable': False, 'install_base': '/home/audric/Documents/GitHub/Tugas-Aksantara/install/drone_controller', 'merge_install': False, 'path': '/home/audric/Documents/GitHub/Tugas-Aksantara/src/drone_controller', 'symlink_install': False, 'test_result_base': None}
[0.181s] Level 5:colcon.colcon_core.verb:set package 'map_manager' build argument 'cmake_args' from command line to 'None'
[0.181s] Level 5:colcon.colcon_core.verb:set package 'map_manager' build argument 'cmake_target' from command line to 'None'
[0.181s] Level 5:colcon.colcon_core.verb:set package 'map_manager' build argument 'cmake_target_skip_unavailable' from command line to 'False'
[0.181s] Level 5:colcon.colcon_core.verb:set package 'map_manager' build argument 'cmake_clean_cache' from command line to 'False'
[0.181s] Level 5:colcon.colcon_core.verb:set package 'map_manager' build argument 'cmake_clean_first' from command line to 'False'
[0.181s] Level 5:colcon.colcon_core.verb:set package 'map_manager' build argument 'cmake_force_configure' from command line to 'False'
[0.181s] Level 5:colcon.colcon_core.verb:set package 'map_manager' build argument 'ament_cmake_args' from command line to 'None'
[0.181s] Level 5:colcon.colcon_core.verb:set package 'map_manager' build argument 'catkin_cmake_args' from command line to 'None'
[0.181s] Level 5:colcon.colcon_core.verb:set package 'map_manager' build argument 'catkin_skip_building_tests' from command line to 'False'
[0.181s] DEBUG:colcon.colcon_core.verb:Building package 'map_manager' with the following arguments: {'ament_cmake_args': None, 'build_base': '/home/audric/Documents/GitHub/Tugas-Aksantara/build/map_manager', 'catkin_cmake_args': None, 'catkin_skip_building_tests': False, 'cmake_args': None, 'cmake_clean_cache': False, 'cmake_clean_first': False, 'cmake_force_configure': False, 'cmake_target': None, 'cmake_target_skip_unavailable': False, 'install_base': '/home/audric/Documents/GitHub/Tugas-Aksantara/install/map_manager', 'merge_install': False, 'path': '/home/audric/Documents/GitHub/Tugas-Aksantara/src/map_manager', 'symlink_install': False, 'test_result_base': None}
[0.181s] INFO:colcon.colcon_core.executor:Executing jobs using 'parallel' executor
[0.182s] DEBUG:colcon.colcon_parallel_executor.executor.parallel:run_until_complete
[0.182s] INFO:colcon.colcon_ros.task.ament_cmake.build:Building ROS package in '/home/audric/Documents/GitHub/Tugas-Aksantara/src/drone_controller' with build type 'ament_cmake'
[0.182s] INFO:colcon.colcon_cmake.task.cmake.build:Building CMake package in '/home/audric/Documents/GitHub/Tugas-Aksantara/src/drone_controller'
[0.184s] INFO:colcon.colcon_core.plugin_system:Skipping extension 'colcon_core.shell.bat': Not used on non-Windows systems
[0.184s] INFO:colcon.colcon_core.shell:Skip shell extension 'powershell' for command environment: Not usable outside of PowerShell
[0.184s] DEBUG:colcon.colcon_core.shell:Skip shell extension 'dsv' for command environment
[0.187s] INFO:colcon.colcon_ros.task.ament_cmake.build:Building ROS package in '/home/audric/Documents/GitHub/Tugas-Aksantara/src/map_manager' with build type 'ament_cmake'
[0.187s] INFO:colcon.colcon_cmake.task.cmake.build:Building CMake package in '/home/audric/Documents/GitHub/Tugas-Aksantara/src/map_manager'
[0.187s] INFO:colcon.colcon_core.shell:Skip shell extension 'powershell' for command environment: Not usable outside of PowerShell
[0.187s] DEBUG:colcon.colcon_core.shell:Skip shell extension 'dsv' for command environment
[0.192s] DEBUG:colcon.colcon_core.event_handler.log_command:Invoking command in '/home/audric/Documents/GitHub/Tugas-Aksantara/build/drone_controller': CMAKE_PREFIX_PATH=${CMAKE_PREFIX_PATH}:/opt/ros/humble /usr/bin/cmake --build /home/audric/Documents/GitHub/Tugas-Aksantara/build/drone_controller -- -j16 -l16
[0.195s] DEBUG:colcon.colcon_core.event_handler.log_command:Invoking command in '/home/audric/Documents/GitHub/Tugas-Aksantara/build/map_manager': CMAKE_PREFIX_PATH=${CMAKE_PREFIX_PATH}:/opt/ros/humble /usr/bin/cmake --build /home/audric/Documents/GitHub/Tugas-Aksantara/build/map_manager -- -j16 -l16
[0.414s] DEBUG:colcon.colcon_core.event_handler.log_command:Invoked command in '/home/audric/Documents/GitHub/Tugas-Aksantara/build/map_manager' returned '0': CMAKE_PREFIX_PATH=${CMAKE_PREFIX_PATH}:/opt/ros/humble /usr/bin/cmake --build /home/audric/Documents/GitHub/Tugas-Aksantara/build/map_manager -- -j16 -l16
[0.424s] DEBUG:colcon.colcon_core.event_handler.log_command:Invoking command in '/home/audric/Documents/GitHub/Tugas-Aksantara/build/map_manager': CMAKE_PREFIX_PATH=${CMAKE_PREFIX_PATH}:/opt/ros/humble /usr/bin/cmake --install /home/audric/Documents/GitHub/Tugas-Aksantara/build/map_manager
[0.464s] Level 1:colcon.colcon_core.environment:create_environment_scripts_only(map_manager)
[0.465s] DEBUG:colcon.colcon_core.event_handler.log_command:Invoked command in '/home/audric/Documents/GitHub/Tugas-Aksantara/build/map_manager' returned '0': CMAKE_PREFIX_PATH=${CMAKE_PREFIX_PATH}:/opt/ros/humble /usr/bin/cmake --install /home/audric/Documents/GitHub/Tugas-Aksantara/build/map_manager
[0.466s] Level 1:colcon.colcon_core.environment:checking '/home/audric/Documents/GitHub/Tugas-Aksantara/install/map_manager' for CMake module files
[0.467s] Level 1:colcon.colcon_core.environment:checking '/home/audric/Documents/GitHub/Tugas-Aksantara/install/map_manager' for CMake config files
[0.467s] Level 1:colcon.colcon_core.shell:create_environment_hook('map_manager', 'cmake_prefix_path')
[0.468s] INFO:colcon.colcon_core.shell:Creating environment hook '/home/audric/Documents/GitHub/Tugas-Aksantara/install/map_manager/share/map_manager/hook/cmake_prefix_path.ps1'
[0.468s] INFO:colcon.colcon_core.shell:Creating environment descriptor '/home/audric/Documents/GitHub/Tugas-Aksantara/install/map_manager/share/map_manager/hook/cmake_prefix_path.dsv'
[0.469s] INFO:colcon.colcon_core.shell:Creating environment hook '/home/audric/Documents/GitHub/Tugas-Aksantara/install/map_manager/share/map_manager/hook/cmake_prefix_path.sh'
[0.469s] Level 1:colcon.colcon_core.environment:checking '/home/audric/Documents/GitHub/Tugas-Aksantara/install/map_manager/lib'
[0.469s] Level 1:colcon.colcon_core.shell:create_environment_hook('map_manager', 'ld_library_path_lib')
[0.470s] INFO:colcon.colcon_core.shell:Creating environment hook '/home/audric/Documents/GitHub/Tugas-Aksantara/install/map_manager/share/map_manager/hook/ld_library_path_lib.ps1'
[0.470s] INFO:colcon.colcon_core.shell:Creating environment descriptor '/home/audric/Documents/GitHub/Tugas-Aksantara/install/map_manager/share/map_manager/hook/ld_library_path_lib.dsv'
[0.470s] INFO:colcon.colcon_core.shell:Creating environment hook '/home/audric/Documents/GitHub/Tugas-Aksantara/install/map_manager/share/map_manager/hook/ld_library_path_lib.sh'
[0.470s] Level 1:colcon.colcon_core.environment:checking '/home/audric/Documents/GitHub/Tugas-Aksantara/install/map_manager/bin'
[0.470s] Level 1:colcon.colcon_core.environment:checking '/home/audric/Documents/GitHub/Tugas-Aksantara/install/map_manager/lib/pkgconfig/map_manager.pc'
[0.471s] Level 1:colcon.colcon_core.environment:checking '/home/audric/Documents/GitHub/Tugas-Aksantara/install/map_manager/lib/python3.10/site-packages'
[0.471s] Level 1:colcon.colcon_core.environment:checking '/home/audric/Documents/GitHub/Tugas-Aksantara/install/map_manager/bin'
[0.471s] INFO:colcon.colcon_core.shell:Creating package script '/home/audric/Documents/GitHub/Tugas-Aksantara/install/map_manager/share/map_manager/package.ps1'
[0.471s] INFO:colcon.colcon_core.shell:Creating package descriptor '/home/audric/Documents/GitHub/Tugas-Aksantara/install/map_manager/share/map_manager/package.dsv'
[0.472s] INFO:colcon.colcon_core.shell:Creating package script '/home/audric/Documents/GitHub/Tugas-Aksantara/install/map_manager/share/map_manager/package.sh'
[0.472s] INFO:colcon.colcon_core.shell:Creating package script '/home/audric/Documents/GitHub/Tugas-Aksantara/install/map_manager/share/map_manager/package.bash'
[0.473s] INFO:colcon.colcon_core.shell:Creating package script '/home/audric/Documents/GitHub/Tugas-Aksantara/install/map_manager/share/map_manager/package.zsh'
[0.473s] Level 1:colcon.colcon_core.environment:create_file_with_runtime_dependencies(/home/audric/Documents/GitHub/Tugas-Aksantara/install/map_manager/share/colcon-core/packages/map_manager)
[0.473s] Level 1:colcon.colcon_core.environment:create_environment_scripts_only(map_manager)
[0.474s] Level 1:colcon.colcon_core.environment:checking '/home/audric/Documents/GitHub/Tugas-Aksantara/install/map_manager' for CMake module files
[0.474s] Level 1:colcon.colcon_core.environment:checking '/home/audric/Documents/GitHub/Tugas-Aksantara/install/map_manager' for CMake config files
[0.474s] Level 1:colcon.colcon_core.shell:create_environment_hook('map_manager', 'cmake_prefix_path')
[0.475s] INFO:colcon.colcon_core.shell:Creating environment hook '/home/audric/Documents/GitHub/Tugas-Aksantara/install/map_manager/share/map_manager/hook/cmake_prefix_path.ps1'
[0.475s] INFO:colcon.colcon_core.shell:Creating environment descriptor '/home/audric/Documents/GitHub/Tugas-Aksantara/install/map_manager/share/map_manager/hook/cmake_prefix_path.dsv'
[0.475s] INFO:colcon.colcon_core.shell:Creating environment hook '/home/audric/Documents/GitHub/Tugas-Aksantara/install/map_manager/share/map_manager/hook/cmake_prefix_path.sh'
[0.475s] Level 1:colcon.colcon_core.environment:checking '/home/audric/Documents/GitHub/Tugas-Aksantara/install/map_manager/lib'
[0.475s] Level 1:colcon.colcon_core.shell:create_environment_hook('map_manager', 'ld_library_path_lib')
[0.475s] INFO:colcon.colcon_core.shell:Creating environment hook '/home/audric/Documents/GitHub/Tugas-Aksantara/install/map_manager/share/map_manager/hook/ld_library_path_lib.ps1'
[0.476s] INFO:colcon.colcon_core.shell:Creating environment descriptor '/home/audric/Documents/GitHub/Tugas-Aksantara/install/map_manager/share/map_manager/hook/ld_library_path_lib.dsv'
[0.476s] INFO:colcon.colcon_core.shell:Creating environment hook '/home/audric/Documents/GitHub/Tugas-Aksantara/install/map_manager/share/map_manager/hook/ld_library_path_lib.sh'
[0.476s] Level 1:colcon.colcon_core.environment:checking '/home/audric/Documents/GitHub/Tugas-Aksantara/install/map_manager/bin'
[0.476s] Level 1:colcon.colcon_core.environment:checking '/home/audric/Documents/GitHub/Tugas-Aksantara/install/map_manager/lib/pkgconfig/map_manager.pc'
[0.476s] Level 1:colcon.colcon_core.environment:checking '/home/audric/Documents/GitHub/Tugas-Aksantara/install/map_manager/lib/python3.10/site-packages'
[0.476s] Level 1:colcon.colcon_core.environment:checking '/home/audric/Documents/GitHub/Tugas-Aksantara/install/map_manager/bin'
[0.476s] INFO:colcon.colcon_core.shell:Creating package script '/home/audric/Documents/GitHub/Tugas-Aksantara/install/map_manager/share/map_manager/package.ps1'
[0.477s] INFO:colcon.colcon_core.shell:Creating package descriptor '/home/audric/Documents/GitHub/Tugas-Aksantara/install/map_manager/share/map_manager/package.dsv'
[0.477s] INFO:colcon.colcon_core.shell:Creating package script '/home/audric/Documents/GitHub/Tugas-Aksantara/install/map_manager/share/map_manager/package.sh'
[0.477s] INFO:colcon.colcon_core.shell:Creating package script '/home/audric/Documents/GitHub/Tugas-Aksantara/install/map_manager/share/map_manager/package.bash'
[0.477s] INFO:colcon.colcon_core.shell:Creating package script '/home/audric/Documents/GitHub/Tugas-Aksantara/install/map_manager/share/map_manager/package.zsh'
[0.478s] Level 1:colcon.colcon_core.environment:create_file_with_runtime_dependencies(/home/audric/Documents/GitHub/Tugas-Aksantara/install/map_manager/share/colcon-core/packages/map_manager)
[0.479s] DEBUG:colcon.colcon_core.event_handler.log_command:Invoked command in '/home/audric/Documents/GitHub/Tugas-Aksantara/build/drone_controller' returned '2': CMAKE_PREFIX_PATH=${CMAKE_PREFIX_PATH}:/opt/ros/humble /usr/bin/cmake --build /home/audric/Documents/GitHub/Tugas-Aksantara/build/drone_controller -- -j16 -l16
[0.479s] Level 1:colcon.colcon_core.environment:create_environment_scripts_only(drone_controller)
[0.480s] Level 1:colcon.colcon_core.environment:checking '/home/audric/Documents/GitHub/Tugas-Aksantara/install/drone_controller' for CMake module files
[0.480s] Level 1:colcon.colcon_core.environment:checking '/home/audric/Documents/GitHub/Tugas-Aksantara/install/drone_controller' for CMake config files
[0.480s] Level 1:colcon.colcon_core.shell:create_environment_hook('drone_controller', 'cmake_prefix_path')
[0.480s] INFO:colcon.colcon_core.shell:Creating environment hook '/home/audric/Documents/GitHub/Tugas-Aksantara/install/drone_controller/share/drone_controller/hook/cmake_prefix_path.ps1'
[0.480s] INFO:colcon.colcon_core.shell:Creating environment descriptor '/home/audric/Documents/GitHub/Tugas-Aksantara/install/drone_controller/share/drone_controller/hook/cmake_prefix_path.dsv'
[0.481s] INFO:colcon.colcon_core.shell:Creating environment hook '/home/audric/Documents/GitHub/Tugas-Aksantara/install/drone_controller/share/drone_controller/hook/cmake_prefix_path.sh'
[0.481s] Level 1:colcon.colcon_core.environment:checking '/home/audric/Documents/GitHub/Tugas-Aksantara/install/drone_controller/bin'
[0.481s] Level 1:colcon.colcon_core.environment:checking '/home/audric/Documents/GitHub/Tugas-Aksantara/install/drone_controller/lib/pkgconfig/drone_controller.pc'
[0.482s] Level 1:colcon.colcon_core.environment:checking '/home/audric/Documents/GitHub/Tugas-Aksantara/install/drone_controller/lib/python3.10/site-packages'
[0.482s] Level 1:colcon.colcon_core.environment:checking '/home/audric/Documents/GitHub/Tugas-Aksantara/install/drone_controller/bin'
[0.482s] INFO:colcon.colcon_core.shell:Creating package script '/home/audric/Documents/GitHub/Tugas-Aksantara/install/drone_controller/share/drone_controller/package.ps1'
[0.482s] INFO:colcon.colcon_core.shell:Creating package descriptor '/home/audric/Documents/GitHub/Tugas-Aksantara/install/drone_controller/share/drone_controller/package.dsv'
[0.482s] INFO:colcon.colcon_core.shell:Creating package script '/home/audric/Documents/GitHub/Tugas-Aksantara/install/drone_controller/share/drone_controller/package.sh'
[0.483s] INFO:colcon.colcon_core.shell:Creating package script '/home/audric/Documents/GitHub/Tugas-Aksantara/install/drone_controller/share/drone_controller/package.bash'
[0.483s] INFO:colcon.colcon_core.shell:Creating package script '/home/audric/Documents/GitHub/Tugas-Aksantara/install/drone_controller/share/drone_controller/package.zsh'
[0.483s] Level 1:colcon.colcon_core.environment:create_file_with_runtime_dependencies(/home/audric/Documents/GitHub/Tugas-Aksantara/install/drone_controller/share/colcon-core/packages/drone_controller)
[0.493s] DEBUG:colcon.colcon_parallel_executor.executor.parallel:closing loop
[0.494s] DEBUG:colcon.colcon_parallel_executor.executor.parallel:loop closed
[0.494s] DEBUG:colcon.colcon_parallel_executor.executor.parallel:run_until_complete finished with '2'
[0.494s] DEBUG:colcon.colcon_core.event_reactor:joining thread
[0.498s] INFO:colcon.colcon_core.plugin_system:Skipping extension 'colcon_notification.desktop_notification.terminal_notifier': Not used on non-Darwin systems
[0.498s] INFO:colcon.colcon_core.plugin_system:Skipping extension 'colcon_notification.desktop_notification.win32': Not used on non-Windows systems
[0.498s] INFO:colcon.colcon_notification.desktop_notification:Sending desktop notification using 'notify2'
[0.508s] DEBUG:colcon.colcon_core.event_reactor:joined thread
[0.508s] INFO:colcon.colcon_core.shell:Creating prefix script '/home/audric/Documents/GitHub/Tugas-Aksantara/install/local_setup.ps1'
[0.510s] INFO:colcon.colcon_core.shell:Creating prefix util module '/home/audric/Documents/GitHub/Tugas-Aksantara/install/_local_setup_util_ps1.py'
[0.511s] INFO:colcon.colcon_core.shell:Creating prefix chain script '/home/audric/Documents/GitHub/Tugas-Aksantara/install/setup.ps1'
[0.511s] INFO:colcon.colcon_core.shell:Creating prefix script '/home/audric/Documents/GitHub/Tugas-Aksantara/install/local_setup.sh'
[0.512s] INFO:colcon.colcon_core.shell:Creating prefix util module '/home/audric/Documents/GitHub/Tugas-Aksantara/install/_local_setup_util_sh.py'
[0.512s] INFO:colcon.colcon_core.shell:Creating prefix chain script '/home/audric/Documents/GitHub/Tugas-Aksantara/install/setup.sh'
[0.513s] INFO:colcon.colcon_core.shell:Creating prefix script '/home/audric/Documents/GitHub/Tugas-Aksantara/install/local_setup.bash'
[0.513s] INFO:colcon.colcon_core.shell:Creating prefix chain script '/home/audric/Documents/GitHub/Tugas-Aksantara/install/setup.bash'
[0.514s] INFO:colcon.colcon_core.shell:Creating prefix script '/home/audric/Documents/GitHub/Tugas-Aksantara/install/local_setup.zsh'
[0.514s] INFO:colcon.colcon_core.shell:Creating prefix chain script '/home/audric/Documents/GitHub/Tugas-Aksantara/install/setup.zsh'
