[0.009s] Invoking command in '/home/aqib/ros_learning/ros2_3/build/map_manager': CMAKE_PREFIX_PATH=${CMAKE_PREFIX_PATH}:/home/aqib/ros_learning/ros2_test/install/launch_testing_examples:/home/aqib/ros_learning/ros2_test/install/examples_rclpy_pointcloud_publisher:/home/aqib/ros_learning/ros2_test/install/examples_rclpy_minimal_subscriber:/home/aqib/ros_learning/ros2_test/install/examples_rclpy_minimal_service:/home/aqib/ros_learning/ros2_test/install/examples_rclpy_minimal_publisher:/home/aqib/ros_learning/ros2_test/install/examples_rclpy_minimal_client:/home/aqib/ros_learning/ros2_test/install/examples_rclpy_minimal_action_server:/home/aqib/ros_learning/ros2_test/install/examples_rclpy_minimal_action_client:/home/aqib/ros_learning/ros2_test/install/examples_rclpy_guard_conditions:/home/aqib/ros_learning/ros2_test/install/examples_rclpy_executors:/home/aqib/ros2_ws/install/my_robot_controller:/opt/ros/humble /usr/bin/cmake --build /home/aqib/ros_learning/ros2_3/build/map_manager -- -j12 -l12
[0.044s] [  1%] Built target map_manager__cpp
[0.045s] [ 11%] Built target map_manager__rosidl_generator_c
[0.048s] [ 15%] Built target map_subscribe
[0.052s] [ 15%] Built target ament_cmake_python_copy_map_manager
[0.062s] [ 33%] Built target map_manager__rosidl_typesupport_cpp
[0.062s] [ 35%] Built target map_manager__rosidl_typesupport_c
[0.062s] [ 47%] Built target map_manager__rosidl_typesupport_fastrtps_c
[0.062s] [ 54%] Built target map_manager__rosidl_typesupport_fastrtps_cpp
[0.064s] [ 64%] Built target map_manager__rosidl_typesupport_introspection_c
[0.065s] [ 74%] Built target map_manager__rosidl_typesupport_introspection_cpp
[0.079s] [ 74%] Built target map_manager
[0.079s] [ 76%] [32mBuilding CXX object CMakeFiles/map_publish.dir/src/map_publisher_function.cpp.o[0m
[0.093s] [ 78%] Built target map_manager__py
[0.111s] [ 86%] Built target map_manager__rosidl_generator_py
[0.128s] [ 98%] Built target map_manager__rosidl_typesupport_introspection_c__pyext
[0.128s] [ 98%] Built target map_manager__rosidl_typesupport_fastrtps_c__pyext
[0.128s] [ 98%] Built target map_manager__rosidl_typesupport_c__pyext
[0.241s] running egg_info
[0.242s] writing map_manager.egg-info/PKG-INFO
[0.242s] writing dependency_links to map_manager.egg-info/dependency_links.txt
[0.242s] writing top-level names to map_manager.egg-info/top_level.txt
[0.244s] reading manifest file 'map_manager.egg-info/SOURCES.txt'
[0.245s] writing manifest file 'map_manager.egg-info/SOURCES.txt'
[0.264s] [ 98%] Built target ament_cmake_python_build_map_manager_egg
[2.806s] [100%] [32m[1mLinking CXX executable map_publish[0m
[2.919s] [100%] Built target map_publish
[2.927s] Invoked command in '/home/aqib/ros_learning/ros2_3/build/map_manager' returned '0': CMAKE_PREFIX_PATH=${CMAKE_PREFIX_PATH}:/home/aqib/ros_learning/ros2_test/install/launch_testing_examples:/home/aqib/ros_learning/ros2_test/install/examples_rclpy_pointcloud_publisher:/home/aqib/ros_learning/ros2_test/install/examples_rclpy_minimal_subscriber:/home/aqib/ros_learning/ros2_test/install/examples_rclpy_minimal_service:/home/aqib/ros_learning/ros2_test/install/examples_rclpy_minimal_publisher:/home/aqib/ros_learning/ros2_test/install/examples_rclpy_minimal_client:/home/aqib/ros_learning/ros2_test/install/examples_rclpy_minimal_action_server:/home/aqib/ros_learning/ros2_test/install/examples_rclpy_minimal_action_client:/home/aqib/ros_learning/ros2_test/install/examples_rclpy_guard_conditions:/home/aqib/ros_learning/ros2_test/install/examples_rclpy_executors:/home/aqib/ros2_ws/install/my_robot_controller:/opt/ros/humble /usr/bin/cmake --build /home/aqib/ros_learning/ros2_3/build/map_manager -- -j12 -l12
[2.934s] Invoking command in '/home/aqib/ros_learning/ros2_3/build/map_manager': CMAKE_PREFIX_PATH=${CMAKE_PREFIX_PATH}:/home/aqib/ros_learning/ros2_test/install/launch_testing_examples:/home/aqib/ros_learning/ros2_test/install/examples_rclpy_pointcloud_publisher:/home/aqib/ros_learning/ros2_test/install/examples_rclpy_minimal_subscriber:/home/aqib/ros_learning/ros2_test/install/examples_rclpy_minimal_service:/home/aqib/ros_learning/ros2_test/install/examples_rclpy_minimal_publisher:/home/aqib/ros_learning/ros2_test/install/examples_rclpy_minimal_client:/home/aqib/ros_learning/ros2_test/install/examples_rclpy_minimal_action_server:/home/aqib/ros_learning/ros2_test/install/examples_rclpy_minimal_action_client:/home/aqib/ros_learning/ros2_test/install/examples_rclpy_guard_conditions:/home/aqib/ros_learning/ros2_test/install/examples_rclpy_executors:/home/aqib/ros2_ws/install/my_robot_controller:/opt/ros/humble /usr/bin/cmake --install /home/aqib/ros_learning/ros2_3/build/map_manager
[2.939s] -- Install configuration: ""
[2.939s] -- Up-to-date: /home/aqib/ros_learning/ros2_3/install/map_manager/share/ament_index/resource_index/rosidl_interfaces/map_manager
[2.939s] -- Up-to-date: /home/aqib/ros_learning/ros2_3/install/map_manager/include/map_manager/map_manager
[2.939s] -- Up-to-date: /home/aqib/ros_learning/ros2_3/install/map_manager/include/map_manager/map_manager/srv
[2.939s] -- Up-to-date: /home/aqib/ros_learning/ros2_3/install/map_manager/include/map_manager/map_manager/srv/add_obstacle.h
[2.939s] -- Up-to-date: /home/aqib/ros_learning/ros2_3/install/map_manager/include/map_manager/map_manager/srv/add_victim.h
[2.939s] -- Up-to-date: /home/aqib/ros_learning/ros2_3/install/map_manager/include/map_manager/map_manager/srv/detail
[2.939s] -- Up-to-date: /home/aqib/ros_learning/ros2_3/install/map_manager/include/map_manager/map_manager/srv/detail/add_victim__type_support.h
[2.939s] -- Up-to-date: /home/aqib/ros_learning/ros2_3/install/map_manager/include/map_manager/map_manager/srv/detail/add_victim__functions.c
[2.939s] -- Up-to-date: /home/aqib/ros_learning/ros2_3/install/map_manager/include/map_manager/map_manager/srv/detail/add_obstacle__functions.c
[2.939s] -- Up-to-date: /home/aqib/ros_learning/ros2_3/install/map_manager/include/map_manager/map_manager/srv/detail/add_obstacle__type_support.h
[2.940s] -- Up-to-date: /home/aqib/ros_learning/ros2_3/install/map_manager/include/map_manager/map_manager/srv/detail/add_obstacle__struct.h
[2.940s] -- Up-to-date: /home/aqib/ros_learning/ros2_3/install/map_manager/include/map_manager/map_manager/srv/detail/add_victim__struct.h
[2.940s] -- Up-to-date: /home/aqib/ros_learning/ros2_3/install/map_manager/include/map_manager/map_manager/srv/detail/add_victim__functions.h
[2.940s] -- Up-to-date: /home/aqib/ros_learning/ros2_3/install/map_manager/include/map_manager/map_manager/srv/detail/add_obstacle__functions.h
[2.940s] -- Up-to-date: /home/aqib/ros_learning/ros2_3/install/map_manager/include/map_manager/map_manager/msg
[2.940s] -- Up-to-date: /home/aqib/ros_learning/ros2_3/install/map_manager/include/map_manager/map_manager/msg/map_state.h
[2.940s] -- Up-to-date: /home/aqib/ros_learning/ros2_3/install/map_manager/include/map_manager/map_manager/msg/detail
[2.940s] -- Up-to-date: /home/aqib/ros_learning/ros2_3/install/map_manager/include/map_manager/map_manager/msg/detail/map_state__type_support.h
[2.940s] -- Up-to-date: /home/aqib/ros_learning/ros2_3/install/map_manager/include/map_manager/map_manager/msg/detail/map_state__struct.h
[2.940s] -- Up-to-date: /home/aqib/ros_learning/ros2_3/install/map_manager/include/map_manager/map_manager/msg/detail/map_state__functions.c
[2.940s] -- Up-to-date: /home/aqib/ros_learning/ros2_3/install/map_manager/include/map_manager/map_manager/msg/detail/map_state__functions.h
[2.940s] -- Up-to-date: /home/aqib/ros_learning/ros2_3/install/map_manager/include/map_manager/map_manager/msg/rosidl_generator_c__visibility_control.h
[2.940s] -- Up-to-date: /home/aqib/ros_learning/ros2_3/install/map_manager/share/map_manager/environment/library_path.sh
[2.940s] -- Installing: /home/aqib/ros_learning/ros2_3/install/map_manager/share/map_manager/environment/library_path.dsv
[2.940s] -- Up-to-date: /home/aqib/ros_learning/ros2_3/install/map_manager/lib/libmap_manager__rosidl_generator_c.so
[2.940s] -- Up-to-date: /home/aqib/ros_learning/ros2_3/install/map_manager/include/map_manager/map_manager
[2.940s] -- Up-to-date: /home/aqib/ros_learning/ros2_3/install/map_manager/include/map_manager/map_manager/srv
[2.940s] -- Up-to-date: /home/aqib/ros_learning/ros2_3/install/map_manager/include/map_manager/map_manager/srv/detail
[2.940s] -- Up-to-date: /home/aqib/ros_learning/ros2_3/install/map_manager/include/map_manager/map_manager/srv/detail/add_victim__rosidl_typesupport_fastrtps_c.h
[2.940s] -- Up-to-date: /home/aqib/ros_learning/ros2_3/install/map_manager/include/map_manager/map_manager/srv/detail/add_obstacle__rosidl_typesupport_fastrtps_c.h
[2.940s] -- Up-to-date: /home/aqib/ros_learning/ros2_3/install/map_manager/include/map_manager/map_manager/msg
[2.940s] -- Up-to-date: /home/aqib/ros_learning/ros2_3/install/map_manager/include/map_manager/map_manager/msg/rosidl_typesupport_fastrtps_c__visibility_control.h
[2.941s] -- Up-to-date: /home/aqib/ros_learning/ros2_3/install/map_manager/include/map_manager/map_manager/msg/detail
[2.941s] -- Up-to-date: /home/aqib/ros_learning/ros2_3/install/map_manager/include/map_manager/map_manager/msg/detail/map_state__rosidl_typesupport_fastrtps_c.h
[2.941s] -- Up-to-date: /home/aqib/ros_learning/ros2_3/install/map_manager/lib/libmap_manager__rosidl_typesupport_fastrtps_c.so
[2.941s] -- Up-to-date: /home/aqib/ros_learning/ros2_3/install/map_manager/include/map_manager/map_manager
[2.941s] -- Up-to-date: /home/aqib/ros_learning/ros2_3/install/map_manager/include/map_manager/map_manager/srv
[2.941s] -- Up-to-date: /home/aqib/ros_learning/ros2_3/install/map_manager/include/map_manager/map_manager/srv/add_obstacle.hpp
[2.941s] -- Up-to-date: /home/aqib/ros_learning/ros2_3/install/map_manager/include/map_manager/map_manager/srv/detail
[2.941s] -- Up-to-date: /home/aqib/ros_learning/ros2_3/install/map_manager/include/map_manager/map_manager/srv/detail/add_obstacle__traits.hpp
[2.941s] -- Up-to-date: /home/aqib/ros_learning/ros2_3/install/map_manager/include/map_manager/map_manager/srv/detail/add_victim__builder.hpp
[2.941s] -- Up-to-date: /home/aqib/ros_learning/ros2_3/install/map_manager/include/map_manager/map_manager/srv/detail/add_obstacle__builder.hpp
[2.941s] -- Up-to-date: /home/aqib/ros_learning/ros2_3/install/map_manager/include/map_manager/map_manager/srv/detail/add_victim__traits.hpp
[2.941s] -- Up-to-date: /home/aqib/ros_learning/ros2_3/install/map_manager/include/map_manager/map_manager/srv/detail/add_victim__type_support.hpp
[2.941s] -- Up-to-date: /home/aqib/ros_learning/ros2_3/install/map_manager/include/map_manager/map_manager/srv/detail/add_obstacle__struct.hpp
[2.941s] -- Up-to-date: /home/aqib/ros_learning/ros2_3/install/map_manager/include/map_manager/map_manager/srv/detail/add_obstacle__type_support.hpp
[2.941s] -- Up-to-date: /home/aqib/ros_learning/ros2_3/install/map_manager/include/map_manager/map_manager/srv/detail/add_victim__struct.hpp
[2.941s] -- Up-to-date: /home/aqib/ros_learning/ros2_3/install/map_manager/include/map_manager/map_manager/srv/add_victim.hpp
[2.941s] -- Up-to-date: /home/aqib/ros_learning/ros2_3/install/map_manager/include/map_manager/map_manager/msg
[2.941s] -- Up-to-date: /home/aqib/ros_learning/ros2_3/install/map_manager/include/map_manager/map_manager/msg/map_state.hpp
[2.941s] -- Up-to-date: /home/aqib/ros_learning/ros2_3/install/map_manager/include/map_manager/map_manager/msg/rosidl_generator_cpp__visibility_control.hpp
[2.941s] -- Up-to-date: /home/aqib/ros_learning/ros2_3/install/map_manager/include/map_manager/map_manager/msg/detail
[2.941s] -- Up-to-date: /home/aqib/ros_learning/ros2_3/install/map_manager/include/map_manager/map_manager/msg/detail/map_state__struct.hpp
[2.942s] -- Up-to-date: /home/aqib/ros_learning/ros2_3/install/map_manager/include/map_manager/map_manager/msg/detail/map_state__builder.hpp
[2.942s] -- Up-to-date: /home/aqib/ros_learning/ros2_3/install/map_manager/include/map_manager/map_manager/msg/detail/map_state__traits.hpp
[2.942s] -- Up-to-date: /home/aqib/ros_learning/ros2_3/install/map_manager/include/map_manager/map_manager/msg/detail/map_state__type_support.hpp
[2.942s] -- Up-to-date: /home/aqib/ros_learning/ros2_3/install/map_manager/include/map_manager/map_manager
[2.942s] -- Up-to-date: /home/aqib/ros_learning/ros2_3/install/map_manager/include/map_manager/map_manager/srv
[2.942s] -- Up-to-date: /home/aqib/ros_learning/ros2_3/install/map_manager/include/map_manager/map_manager/srv/detail
[2.942s] -- Up-to-date: /home/aqib/ros_learning/ros2_3/install/map_manager/include/map_manager/map_manager/srv/detail/dds_fastrtps
[2.942s] -- Up-to-date: /home/aqib/ros_learning/ros2_3/install/map_manager/include/map_manager/map_manager/srv/detail/add_obstacle__rosidl_typesupport_fastrtps_cpp.hpp
[2.942s] -- Up-to-date: /home/aqib/ros_learning/ros2_3/install/map_manager/include/map_manager/map_manager/srv/detail/add_victim__rosidl_typesupport_fastrtps_cpp.hpp
[2.942s] -- Up-to-date: /home/aqib/ros_learning/ros2_3/install/map_manager/include/map_manager/map_manager/msg
[2.942s] -- Up-to-date: /home/aqib/ros_learning/ros2_3/install/map_manager/include/map_manager/map_manager/msg/rosidl_typesupport_fastrtps_cpp__visibility_control.h
[2.942s] -- Up-to-date: /home/aqib/ros_learning/ros2_3/install/map_manager/include/map_manager/map_manager/msg/detail
[2.942s] -- Up-to-date: /home/aqib/ros_learning/ros2_3/install/map_manager/include/map_manager/map_manager/msg/detail/map_state__rosidl_typesupport_fastrtps_cpp.hpp
[2.942s] -- Up-to-date: /home/aqib/ros_learning/ros2_3/install/map_manager/include/map_manager/map_manager/msg/detail/dds_fastrtps
[2.942s] -- Up-to-date: /home/aqib/ros_learning/ros2_3/install/map_manager/lib/libmap_manager__rosidl_typesupport_fastrtps_cpp.so
[2.942s] -- Up-to-date: /home/aqib/ros_learning/ros2_3/install/map_manager/include/map_manager/map_manager
[2.942s] -- Up-to-date: /home/aqib/ros_learning/ros2_3/install/map_manager/include/map_manager/map_manager/srv
[2.942s] -- Up-to-date: /home/aqib/ros_learning/ros2_3/install/map_manager/include/map_manager/map_manager/srv/detail
[2.942s] -- Up-to-date: /home/aqib/ros_learning/ros2_3/install/map_manager/include/map_manager/map_manager/srv/detail/add_victim__rosidl_typesupport_introspection_c.h
[2.942s] -- Up-to-date: /home/aqib/ros_learning/ros2_3/install/map_manager/include/map_manager/map_manager/srv/detail/add_obstacle__rosidl_typesupport_introspection_c.h
[2.942s] -- Up-to-date: /home/aqib/ros_learning/ros2_3/install/map_manager/include/map_manager/map_manager/srv/detail/add_victim__type_support.c
[2.942s] -- Up-to-date: /home/aqib/ros_learning/ros2_3/install/map_manager/include/map_manager/map_manager/srv/detail/add_obstacle__type_support.c
[2.942s] -- Up-to-date: /home/aqib/ros_learning/ros2_3/install/map_manager/include/map_manager/map_manager/msg
[2.942s] -- Up-to-date: /home/aqib/ros_learning/ros2_3/install/map_manager/include/map_manager/map_manager/msg/detail
[2.942s] -- Up-to-date: /home/aqib/ros_learning/ros2_3/install/map_manager/include/map_manager/map_manager/msg/detail/map_state__type_support.c
[2.942s] -- Up-to-date: /home/aqib/ros_learning/ros2_3/install/map_manager/include/map_manager/map_manager/msg/detail/map_state__rosidl_typesupport_introspection_c.h
[2.943s] -- Up-to-date: /home/aqib/ros_learning/ros2_3/install/map_manager/include/map_manager/map_manager/msg/rosidl_typesupport_introspection_c__visibility_control.h
[2.943s] -- Up-to-date: /home/aqib/ros_learning/ros2_3/install/map_manager/lib/libmap_manager__rosidl_typesupport_introspection_c.so
[2.943s] -- Up-to-date: /home/aqib/ros_learning/ros2_3/install/map_manager/lib/libmap_manager__rosidl_typesupport_c.so
[2.943s] -- Up-to-date: /home/aqib/ros_learning/ros2_3/install/map_manager/include/map_manager/map_manager
[2.943s] -- Up-to-date: /home/aqib/ros_learning/ros2_3/install/map_manager/include/map_manager/map_manager/srv
[2.943s] -- Up-to-date: /home/aqib/ros_learning/ros2_3/install/map_manager/include/map_manager/map_manager/srv/detail
[2.943s] -- Up-to-date: /home/aqib/ros_learning/ros2_3/install/map_manager/include/map_manager/map_manager/srv/detail/add_victim__type_support.cpp
[2.943s] -- Up-to-date: /home/aqib/ros_learning/ros2_3/install/map_manager/include/map_manager/map_manager/srv/detail/add_victim__rosidl_typesupport_introspection_cpp.hpp
[2.943s] -- Up-to-date: /home/aqib/ros_learning/ros2_3/install/map_manager/include/map_manager/map_manager/srv/detail/add_obstacle__rosidl_typesupport_introspection_cpp.hpp
[2.943s] -- Up-to-date: /home/aqib/ros_learning/ros2_3/install/map_manager/include/map_manager/map_manager/srv/detail/add_obstacle__type_support.cpp
[2.943s] -- Up-to-date: /home/aqib/ros_learning/ros2_3/install/map_manager/include/map_manager/map_manager/msg
[2.943s] -- Up-to-date: /home/aqib/ros_learning/ros2_3/install/map_manager/include/map_manager/map_manager/msg/detail
[2.943s] -- Up-to-date: /home/aqib/ros_learning/ros2_3/install/map_manager/include/map_manager/map_manager/msg/detail/map_state__type_support.cpp
[2.943s] -- Up-to-date: /home/aqib/ros_learning/ros2_3/install/map_manager/include/map_manager/map_manager/msg/detail/map_state__rosidl_typesupport_introspection_cpp.hpp
[2.943s] -- Up-to-date: /home/aqib/ros_learning/ros2_3/install/map_manager/lib/libmap_manager__rosidl_typesupport_introspection_cpp.so
[2.943s] -- Up-to-date: /home/aqib/ros_learning/ros2_3/install/map_manager/lib/libmap_manager__rosidl_typesupport_cpp.so
[2.943s] -- Up-to-date: /home/aqib/ros_learning/ros2_3/install/map_manager/share/map_manager/environment/pythonpath.sh
[2.943s] -- Installing: /home/aqib/ros_learning/ros2_3/install/map_manager/share/map_manager/environment/pythonpath.dsv
[2.943s] -- Up-to-date: /home/aqib/ros_learning/ros2_3/install/map_manager/local/lib/python3.10/dist-packages/map_manager-0.0.0-py3.10.egg-info
[2.943s] -- Installing: /home/aqib/ros_learning/ros2_3/install/map_manager/local/lib/python3.10/dist-packages/map_manager-0.0.0-py3.10.egg-info/top_level.txt
[2.943s] -- Installing: /home/aqib/ros_learning/ros2_3/install/map_manager/local/lib/python3.10/dist-packages/map_manager-0.0.0-py3.10.egg-info/dependency_links.txt
[2.943s] -- Installing: /home/aqib/ros_learning/ros2_3/install/map_manager/local/lib/python3.10/dist-packages/map_manager-0.0.0-py3.10.egg-info/SOURCES.txt
[2.943s] -- Installing: /home/aqib/ros_learning/ros2_3/install/map_manager/local/lib/python3.10/dist-packages/map_manager-0.0.0-py3.10.egg-info/PKG-INFO
[2.943s] -- Up-to-date: /home/aqib/ros_learning/ros2_3/install/map_manager/local/lib/python3.10/dist-packages/map_manager
[2.943s] -- Installing: /home/aqib/ros_learning/ros2_3/install/map_manager/local/lib/python3.10/dist-packages/map_manager/__init__.py
[2.943s] -- Up-to-date: /home/aqib/ros_learning/ros2_3/install/map_manager/local/lib/python3.10/dist-packages/map_manager/map_manager_s__rosidl_typesupport_fastrtps_c.cpython-310-x86_64-linux-gnu.so
[2.943s] -- Up-to-date: /home/aqib/ros_learning/ros2_3/install/map_manager/local/lib/python3.10/dist-packages/map_manager/_map_manager_s.ep.rosidl_typesupport_c.c
[2.943s] -- Up-to-date: /home/aqib/ros_learning/ros2_3/install/map_manager/local/lib/python3.10/dist-packages/map_manager/_map_manager_s.ep.rosidl_typesupport_fastrtps_c.c
[2.944s] -- Up-to-date: /home/aqib/ros_learning/ros2_3/install/map_manager/local/lib/python3.10/dist-packages/map_manager/map_manager_s__rosidl_typesupport_introspection_c.cpython-310-x86_64-linux-gnu.so
[2.944s] -- Up-to-date: /home/aqib/ros_learning/ros2_3/install/map_manager/local/lib/python3.10/dist-packages/map_manager/libmap_manager__rosidl_generator_py.so
[2.944s] -- Up-to-date: /home/aqib/ros_learning/ros2_3/install/map_manager/local/lib/python3.10/dist-packages/map_manager/srv
[2.944s] -- Up-to-date: /home/aqib/ros_learning/ros2_3/install/map_manager/local/lib/python3.10/dist-packages/map_manager/srv/__init__.py
[2.944s] -- Up-to-date: /home/aqib/ros_learning/ros2_3/install/map_manager/local/lib/python3.10/dist-packages/map_manager/srv/_add_obstacle.py
[2.944s] -- Up-to-date: /home/aqib/ros_learning/ros2_3/install/map_manager/local/lib/python3.10/dist-packages/map_manager/srv/_add_obstacle_s.c
[2.944s] -- Up-to-date: /home/aqib/ros_learning/ros2_3/install/map_manager/local/lib/python3.10/dist-packages/map_manager/srv/_add_victim.py
[2.944s] -- Up-to-date: /home/aqib/ros_learning/ros2_3/install/map_manager/local/lib/python3.10/dist-packages/map_manager/srv/_add_victim_s.c
[2.944s] -- Up-to-date: /home/aqib/ros_learning/ros2_3/install/map_manager/local/lib/python3.10/dist-packages/map_manager/map_manager_s__rosidl_typesupport_c.cpython-310-x86_64-linux-gnu.so
[2.944s] -- Up-to-date: /home/aqib/ros_learning/ros2_3/install/map_manager/local/lib/python3.10/dist-packages/map_manager/_map_manager_s.ep.rosidl_typesupport_introspection_c.c
[2.944s] -- Up-to-date: /home/aqib/ros_learning/ros2_3/install/map_manager/local/lib/python3.10/dist-packages/map_manager/msg
[2.944s] -- Up-to-date: /home/aqib/ros_learning/ros2_3/install/map_manager/local/lib/python3.10/dist-packages/map_manager/msg/__init__.py
[2.944s] -- Up-to-date: /home/aqib/ros_learning/ros2_3/install/map_manager/local/lib/python3.10/dist-packages/map_manager/msg/_map_state_s.c
[2.944s] -- Up-to-date: /home/aqib/ros_learning/ros2_3/install/map_manager/local/lib/python3.10/dist-packages/map_manager/msg/_map_state.py
[2.970s] Listing '/home/aqib/ros_learning/ros2_3/install/map_manager/local/lib/python3.10/dist-packages/map_manager'...
[2.970s] Compiling '/home/aqib/ros_learning/ros2_3/install/map_manager/local/lib/python3.10/dist-packages/map_manager/__init__.py'...
[2.971s] Listing '/home/aqib/ros_learning/ros2_3/install/map_manager/local/lib/python3.10/dist-packages/map_manager/msg'...
[2.971s] Listing '/home/aqib/ros_learning/ros2_3/install/map_manager/local/lib/python3.10/dist-packages/map_manager/srv'...
[2.973s] -- Up-to-date: /home/aqib/ros_learning/ros2_3/install/map_manager/local/lib/python3.10/dist-packages/map_manager/map_manager_s__rosidl_typesupport_fastrtps_c.cpython-310-x86_64-linux-gnu.so
[2.973s] -- Up-to-date: /home/aqib/ros_learning/ros2_3/install/map_manager/local/lib/python3.10/dist-packages/map_manager/map_manager_s__rosidl_typesupport_introspection_c.cpython-310-x86_64-linux-gnu.so
[2.974s] -- Up-to-date: /home/aqib/ros_learning/ros2_3/install/map_manager/local/lib/python3.10/dist-packages/map_manager/map_manager_s__rosidl_typesupport_c.cpython-310-x86_64-linux-gnu.so
[2.974s] -- Up-to-date: /home/aqib/ros_learning/ros2_3/install/map_manager/lib/libmap_manager__rosidl_generator_py.so
[2.974s] -- Up-to-date: /home/aqib/ros_learning/ros2_3/install/map_manager/share/map_manager/msg/MapState.idl
[2.974s] -- Up-to-date: /home/aqib/ros_learning/ros2_3/install/map_manager/share/map_manager/srv/AddObstacle.idl
[2.974s] -- Up-to-date: /home/aqib/ros_learning/ros2_3/install/map_manager/share/map_manager/srv/AddVictim.idl
[2.974s] -- Up-to-date: /home/aqib/ros_learning/ros2_3/install/map_manager/share/map_manager/msg/MapState.msg
[2.974s] -- Up-to-date: /home/aqib/ros_learning/ros2_3/install/map_manager/share/map_manager/srv/AddObstacle.srv
[2.974s] -- Up-to-date: /home/aqib/ros_learning/ros2_3/install/map_manager/share/map_manager/srv/AddObstacle_Request.msg
[2.974s] -- Up-to-date: /home/aqib/ros_learning/ros2_3/install/map_manager/share/map_manager/srv/AddObstacle_Response.msg
[2.974s] -- Up-to-date: /home/aqib/ros_learning/ros2_3/install/map_manager/share/map_manager/srv/AddVictim.srv
[2.974s] -- Up-to-date: /home/aqib/ros_learning/ros2_3/install/map_manager/share/map_manager/srv/AddVictim_Request.msg
[2.974s] -- Up-to-date: /home/aqib/ros_learning/ros2_3/install/map_manager/share/map_manager/srv/AddVictim_Response.msg
[2.974s] -- Installing: /home/aqib/ros_learning/ros2_3/install/map_manager/lib/map_manager/map_publish
[2.975s] -- Set runtime path of "/home/aqib/ros_learning/ros2_3/install/map_manager/lib/map_manager/map_publish" to ""
[2.975s] -- Up-to-date: /home/aqib/ros_learning/ros2_3/install/map_manager/lib/map_manager/map_subscribe
[2.975s] -- Up-to-date: /home/aqib/ros_learning/ros2_3/install/map_manager/share/ament_index/resource_index/package_run_dependencies/map_manager
[2.975s] -- Up-to-date: /home/aqib/ros_learning/ros2_3/install/map_manager/share/ament_index/resource_index/parent_prefix_path/map_manager
[2.975s] -- Up-to-date: /home/aqib/ros_learning/ros2_3/install/map_manager/share/map_manager/environment/ament_prefix_path.sh
[2.975s] -- Installing: /home/aqib/ros_learning/ros2_3/install/map_manager/share/map_manager/environment/ament_prefix_path.dsv
[2.975s] -- Up-to-date: /home/aqib/ros_learning/ros2_3/install/map_manager/share/map_manager/environment/path.sh
[2.975s] -- Installing: /home/aqib/ros_learning/ros2_3/install/map_manager/share/map_manager/environment/path.dsv
[2.975s] -- Up-to-date: /home/aqib/ros_learning/ros2_3/install/map_manager/share/map_manager/local_setup.bash
[2.976s] -- Up-to-date: /home/aqib/ros_learning/ros2_3/install/map_manager/share/map_manager/local_setup.sh
[2.976s] -- Up-to-date: /home/aqib/ros_learning/ros2_3/install/map_manager/share/map_manager/local_setup.zsh
[2.976s] -- Installing: /home/aqib/ros_learning/ros2_3/install/map_manager/share/map_manager/local_setup.dsv
[2.976s] -- Up-to-date: /home/aqib/ros_learning/ros2_3/install/map_manager/share/map_manager/package.dsv
[2.976s] -- Up-to-date: /home/aqib/ros_learning/ros2_3/install/map_manager/share/ament_index/resource_index/packages/map_manager
[2.976s] -- Up-to-date: /home/aqib/ros_learning/ros2_3/install/map_manager/share/map_manager/cmake/export_map_manager__rosidl_generator_cExport.cmake
[2.976s] -- Up-to-date: /home/aqib/ros_learning/ros2_3/install/map_manager/share/map_manager/cmake/export_map_manager__rosidl_generator_cExport-noconfig.cmake
[2.976s] -- Up-to-date: /home/aqib/ros_learning/ros2_3/install/map_manager/share/map_manager/cmake/export_map_manager__rosidl_typesupport_fastrtps_cExport.cmake
[2.976s] -- Up-to-date: /home/aqib/ros_learning/ros2_3/install/map_manager/share/map_manager/cmake/export_map_manager__rosidl_typesupport_fastrtps_cExport-noconfig.cmake
[2.976s] -- Up-to-date: /home/aqib/ros_learning/ros2_3/install/map_manager/share/map_manager/cmake/export_map_manager__rosidl_generator_cppExport.cmake
[2.976s] -- Up-to-date: /home/aqib/ros_learning/ros2_3/install/map_manager/share/map_manager/cmake/export_map_manager__rosidl_typesupport_fastrtps_cppExport.cmake
[2.976s] -- Up-to-date: /home/aqib/ros_learning/ros2_3/install/map_manager/share/map_manager/cmake/export_map_manager__rosidl_typesupport_fastrtps_cppExport-noconfig.cmake
[2.976s] -- Up-to-date: /home/aqib/ros_learning/ros2_3/install/map_manager/share/map_manager/cmake/map_manager__rosidl_typesupport_introspection_cExport.cmake
[2.976s] -- Up-to-date: /home/aqib/ros_learning/ros2_3/install/map_manager/share/map_manager/cmake/map_manager__rosidl_typesupport_introspection_cExport-noconfig.cmake
[2.976s] -- Up-to-date: /home/aqib/ros_learning/ros2_3/install/map_manager/share/map_manager/cmake/map_manager__rosidl_typesupport_cExport.cmake
[2.976s] -- Up-to-date: /home/aqib/ros_learning/ros2_3/install/map_manager/share/map_manager/cmake/map_manager__rosidl_typesupport_cExport-noconfig.cmake
[2.976s] -- Up-to-date: /home/aqib/ros_learning/ros2_3/install/map_manager/share/map_manager/cmake/map_manager__rosidl_typesupport_introspection_cppExport.cmake
[2.976s] -- Up-to-date: /home/aqib/ros_learning/ros2_3/install/map_manager/share/map_manager/cmake/map_manager__rosidl_typesupport_introspection_cppExport-noconfig.cmake
[2.976s] -- Up-to-date: /home/aqib/ros_learning/ros2_3/install/map_manager/share/map_manager/cmake/map_manager__rosidl_typesupport_cppExport.cmake
[2.976s] -- Up-to-date: /home/aqib/ros_learning/ros2_3/install/map_manager/share/map_manager/cmake/map_manager__rosidl_typesupport_cppExport-noconfig.cmake
[2.976s] -- Up-to-date: /home/aqib/ros_learning/ros2_3/install/map_manager/share/map_manager/cmake/export_map_manager__rosidl_generator_pyExport.cmake
[2.976s] -- Up-to-date: /home/aqib/ros_learning/ros2_3/install/map_manager/share/map_manager/cmake/export_map_manager__rosidl_generator_pyExport-noconfig.cmake
[2.976s] -- Up-to-date: /home/aqib/ros_learning/ros2_3/install/map_manager/share/map_manager/cmake/rosidl_cmake-extras.cmake
[2.976s] -- Up-to-date: /home/aqib/ros_learning/ros2_3/install/map_manager/share/map_manager/cmake/ament_cmake_export_dependencies-extras.cmake
[2.977s] -- Up-to-date: /home/aqib/ros_learning/ros2_3/install/map_manager/share/map_manager/cmake/ament_cmake_export_include_directories-extras.cmake
[2.977s] -- Up-to-date: /home/aqib/ros_learning/ros2_3/install/map_manager/share/map_manager/cmake/ament_cmake_export_libraries-extras.cmake
[2.977s] -- Up-to-date: /home/aqib/ros_learning/ros2_3/install/map_manager/share/map_manager/cmake/ament_cmake_export_targets-extras.cmake
[2.977s] -- Up-to-date: /home/aqib/ros_learning/ros2_3/install/map_manager/share/map_manager/cmake/rosidl_cmake_export_typesupport_targets-extras.cmake
[2.977s] -- Up-to-date: /home/aqib/ros_learning/ros2_3/install/map_manager/share/map_manager/cmake/rosidl_cmake_export_typesupport_libraries-extras.cmake
[2.977s] -- Up-to-date: /home/aqib/ros_learning/ros2_3/install/map_manager/share/map_manager/cmake/map_managerConfig.cmake
[2.977s] -- Up-to-date: /home/aqib/ros_learning/ros2_3/install/map_manager/share/map_manager/cmake/map_managerConfig-version.cmake
[2.977s] -- Up-to-date: /home/aqib/ros_learning/ros2_3/install/map_manager/share/map_manager/package.xml
[2.978s] Invoked command in '/home/aqib/ros_learning/ros2_3/build/map_manager' returned '0': CMAKE_PREFIX_PATH=${CMAKE_PREFIX_PATH}:/home/aqib/ros_learning/ros2_test/install/launch_testing_examples:/home/aqib/ros_learning/ros2_test/install/examples_rclpy_pointcloud_publisher:/home/aqib/ros_learning/ros2_test/install/examples_rclpy_minimal_subscriber:/home/aqib/ros_learning/ros2_test/install/examples_rclpy_minimal_service:/home/aqib/ros_learning/ros2_test/install/examples_rclpy_minimal_publisher:/home/aqib/ros_learning/ros2_test/install/examples_rclpy_minimal_client:/home/aqib/ros_learning/ros2_test/install/examples_rclpy_minimal_action_server:/home/aqib/ros_learning/ros2_test/install/examples_rclpy_minimal_action_client:/home/aqib/ros_learning/ros2_test/install/examples_rclpy_guard_conditions:/home/aqib/ros_learning/ros2_test/install/examples_rclpy_executors:/home/aqib/ros2_ws/install/my_robot_controller:/opt/ros/humble /usr/bin/cmake --install /home/aqib/ros_learning/ros2_3/build/map_manager
