[  3%] Built target map_manager__cpp
[  3%] [32mBuilding CXX object CMakeFiles/add_obstacle.dir/src/add_obstacle.cpp.o[0m
[ 13%] Built target map_manager__rosidl_generator_c
[ 16%] Built target map_subscribe
[ 16%] Built target ament_cmake_python_copy_map_manager
[ 26%] Built target map_manager__rosidl_typesupport_fastrtps_cpp
[ 35%] Built target map_manager__rosidl_typesupport_cpp
[ 45%] Built target map_manager__rosidl_typesupport_introspection_cpp
[ 54%] Built target map_manager__rosidl_typesupport_introspection_c
[ 64%] Built target map_manager__rosidl_typesupport_fastrtps_c
[ 73%] Built target map_manager__rosidl_typesupport_c
[ 77%] Built target map_publish
[ 77%] Built target map_manager
[ 79%] Built target map_manager__py
[ 86%] Built target map_manager__rosidl_generator_py
[ 98%] Built target map_manager__rosidl_typesupport_c__pyext
[ 98%] Built target map_manager__rosidl_typesupport_introspection_c__pyext
[ 98%] Built target map_manager__rosidl_typesupport_fastrtps_c__pyext
running egg_info
writing map_manager.egg-info/PKG-INFO
writing dependency_links to map_manager.egg-info/dependency_links.txt
writing top-level names to map_manager.egg-info/top_level.txt
reading manifest file 'map_manager.egg-info/SOURCES.txt'
writing manifest file 'map_manager.egg-info/SOURCES.txt'
[ 98%] Built target ament_cmake_python_build_map_manager_egg
