[0.058s] DEBUG:colcon:Command line arguments: ['/usr/bin/colcon', 'build']
[0.058s] DEBUG:colcon:Parsed command line arguments: Namespace(log_base=None, log_level=None, verb_name='build', build_base='build', install_base='install', merge_install=False, symlink_install=False, test_result_base=None, continue_on_error=False, executor='parallel', parallel_workers=16, event_handlers=None, ignore_user_meta=False, metas=['./colcon.meta'], base_paths=['.'], packages_ignore=None, packages_ignore_regex=None, paths=None, packages_up_to=None, packages_up_to_regex=None, packages_above=None, packages_above_and_dependencies=None, packages_above_depth=None, packages_select_by_dep=None, packages_skip_by_dep=None, packages_skip_up_to=None, packages_select_build_failed=False, packages_skip_build_finished=False, packages_select_test_failures=False, packages_skip_test_passed=False, packages_select=None, packages_skip=None, packages_select_regex=None, packages_skip_regex=None, packages_start=None, packages_end=None, allow_overriding=[], cmake_args=None, cmake_target=None, cmake_target_skip_unavailable=False, cmake_clean_cache=False, cmake_clean_first=False, cmake_force_configure=False, ament_cmake_args=None, catkin_cmake_args=None, catkin_skip_building_tests=False, verb_parser=<colcon_defaults.argument_parser.defaults.DefaultArgumentsDecorator object at 0x779852436590>, verb_extension=<colcon_core.verb.build.BuildVerb object at 0x77985252fa00>, main=<bound method BuildVerb.main of <colcon_core.verb.build.BuildVerb object at 0x77985252fa00>>)
[0.131s] Level 1:colcon.colcon_core.package_discovery:discover_packages(colcon_meta) check parameters
[0.131s] Level 1:colcon.colcon_core.package_discovery:discover_packages(recursive) check parameters
[0.131s] Level 1:colcon.colcon_core.package_discovery:discover_packages(ignore) check parameters
[0.131s] Level 1:colcon.colcon_core.package_discovery:discover_packages(path) check parameters
[0.131s] Level 1:colcon.colcon_core.package_discovery:discover_packages(colcon_meta) discover
[0.131s] Level 1:colcon.colcon_core.package_discovery:discover_packages(recursive) discover
[0.131s] INFO:colcon.colcon_core.package_discovery:Crawling recursively for packages in '/home/audric/Documents/GitHub/Tugas-Aksantara'
[0.131s] Level 1:colcon.colcon_core.package_identification:_identify(.) by extensions ['ignore', 'ignore_ament_install']
[0.131s] Level 1:colcon.colcon_core.package_identification:_identify(.) by extension 'ignore'
[0.131s] Level 1:colcon.colcon_core.package_identification:_identify(.) by extension 'ignore_ament_install'
[0.131s] Level 1:colcon.colcon_core.package_identification:_identify(.) by extensions ['colcon_pkg']
[0.131s] Level 1:colcon.colcon_core.package_identification:_identify(.) by extension 'colcon_pkg'
[0.131s] Level 1:colcon.colcon_core.package_identification:_identify(.) by extensions ['colcon_meta']
[0.131s] Level 1:colcon.colcon_core.package_identification:_identify(.) by extension 'colcon_meta'
[0.131s] Level 1:colcon.colcon_core.package_identification:_identify(.) by extensions ['ros']
[0.131s] Level 1:colcon.colcon_core.package_identification:_identify(.) by extension 'ros'
[0.137s] Level 1:colcon.colcon_core.package_identification:_identify(.) by extensions ['cmake', 'python']
[0.137s] Level 1:colcon.colcon_core.package_identification:_identify(.) by extension 'cmake'
[0.137s] Level 1:colcon.colcon_core.package_identification:_identify(.) by extension 'python'
[0.137s] Level 1:colcon.colcon_core.package_identification:_identify(.) by extensions ['python_setup_py']
[0.137s] Level 1:colcon.colcon_core.package_identification:_identify(.) by extension 'python_setup_py'
[0.137s] Level 1:colcon.colcon_core.package_identification:_identify(build) by extensions ['ignore', 'ignore_ament_install']
[0.137s] Level 1:colcon.colcon_core.package_identification:_identify(build) by extension 'ignore'
[0.137s] Level 1:colcon.colcon_core.package_identification:_identify(build) ignored
[0.137s] Level 1:colcon.colcon_core.package_identification:_identify(install) by extensions ['ignore', 'ignore_ament_install']
[0.137s] Level 1:colcon.colcon_core.package_identification:_identify(install) by extension 'ignore'
[0.137s] Level 1:colcon.colcon_core.package_identification:_identify(install) ignored
[0.137s] Level 1:colcon.colcon_core.package_identification:_identify(log) by extensions ['ignore', 'ignore_ament_install']
[0.137s] Level 1:colcon.colcon_core.package_identification:_identify(log) by extension 'ignore'
[0.137s] Level 1:colcon.colcon_core.package_identification:_identify(log) ignored
[0.137s] Level 1:colcon.colcon_core.package_identification:_identify(src) by extensions ['ignore', 'ignore_ament_install']
[0.137s] Level 1:colcon.colcon_core.package_identification:_identify(src) by extension 'ignore'
[0.137s] Level 1:colcon.colcon_core.package_identification:_identify(src) by extension 'ignore_ament_install'
[0.137s] Level 1:colcon.colcon_core.package_identification:_identify(src) by extensions ['colcon_pkg']
[0.137s] Level 1:colcon.colcon_core.package_identification:_identify(src) by extension 'colcon_pkg'
[0.137s] Level 1:colcon.colcon_core.package_identification:_identify(src) by extensions ['colcon_meta']
[0.137s] Level 1:colcon.colcon_core.package_identification:_identify(src) by extension 'colcon_meta'
[0.137s] Level 1:colcon.colcon_core.package_identification:_identify(src) by extensions ['ros']
[0.138s] Level 1:colcon.colcon_core.package_identification:_identify(src) by extension 'ros'
[0.138s] Level 1:colcon.colcon_core.package_identification:_identify(src) by extensions ['cmake', 'python']
[0.138s] Level 1:colcon.colcon_core.package_identification:_identify(src) by extension 'cmake'
[0.138s] Level 1:colcon.colcon_core.package_identification:_identify(src) by extension 'python'
[0.138s] Level 1:colcon.colcon_core.package_identification:_identify(src) by extensions ['python_setup_py']
[0.138s] Level 1:colcon.colcon_core.package_identification:_identify(src) by extension 'python_setup_py'
[0.138s] Level 1:colcon.colcon_core.package_identification:_identify(src/drone_controller) by extensions ['ignore', 'ignore_ament_install']
[0.138s] Level 1:colcon.colcon_core.package_identification:_identify(src/drone_controller) by extension 'ignore'
[0.138s] Level 1:colcon.colcon_core.package_identification:_identify(src/drone_controller) by extension 'ignore_ament_install'
[0.138s] Level 1:colcon.colcon_core.package_identification:_identify(src/drone_controller) by extensions ['colcon_pkg']
[0.138s] Level 1:colcon.colcon_core.package_identification:_identify(src/drone_controller) by extension 'colcon_pkg'
[0.138s] Level 1:colcon.colcon_core.package_identification:_identify(src/drone_controller) by extensions ['colcon_meta']
[0.138s] Level 1:colcon.colcon_core.package_identification:_identify(src/drone_controller) by extension 'colcon_meta'
[0.138s] Level 1:colcon.colcon_core.package_identification:_identify(src/drone_controller) by extensions ['ros']
[0.138s] Level 1:colcon.colcon_core.package_identification:_identify(src/drone_controller) by extension 'ros'
[0.139s] DEBUG:colcon.colcon_core.package_identification:Package 'src/drone_controller' with type 'ros.ament_cmake' and name 'drone_controller'
[0.139s] Level 1:colcon.colcon_core.package_identification:_identify(src/map_manager) by extensions ['ignore', 'ignore_ament_install']
[0.139s] Level 1:colcon.colcon_core.package_identification:_identify(src/map_manager) by extension 'ignore'
[0.139s] Level 1:colcon.colcon_core.package_identification:_identify(src/map_manager) by extension 'ignore_ament_install'
[0.139s] Level 1:colcon.colcon_core.package_identification:_identify(src/map_manager) by extensions ['colcon_pkg']
[0.139s] Level 1:colcon.colcon_core.package_identification:_identify(src/map_manager) by extension 'colcon_pkg'
[0.139s] Level 1:colcon.colcon_core.package_identification:_identify(src/map_manager) by extensions ['colcon_meta']
[0.139s] Level 1:colcon.colcon_core.package_identification:_identify(src/map_manager) by extension 'colcon_meta'
[0.139s] Level 1:colcon.colcon_core.package_identification:_identify(src/map_manager) by extensions ['ros']
[0.139s] Level 1:colcon.colcon_core.package_identification:_identify(src/map_manager) by extension 'ros'
[0.139s] DEBUG:colcon.colcon_core.package_identification:Package 'src/map_manager' with type 'ros.ament_cmake' and name 'map_manager'
[0.139s] Level 1:colcon.colcon_core.package_discovery:discover_packages(recursive) using defaults
[0.139s] Level 1:colcon.colcon_core.package_discovery:discover_packages(ignore) discover
[0.140s] Level 1:colcon.colcon_core.package_discovery:discover_packages(ignore) using defaults
[0.140s] Level 1:colcon.colcon_core.package_discovery:discover_packages(path) discover
[0.140s] Level 1:colcon.colcon_core.package_discovery:discover_packages(path) using defaults
[0.149s] Level 1:colcon.colcon_core.package_discovery:discover_packages(prefix_path) check parameters
[0.149s] Level 1:colcon.colcon_core.package_discovery:discover_packages(prefix_path) discover
[0.150s] DEBUG:colcon.colcon_installed_package_information.package_discovery:Found 1 installed packages in /home/audric/handson1_ws/install
[0.151s] DEBUG:colcon.colcon_installed_package_information.package_discovery:Found 271 installed packages in /opt/ros/humble
[0.151s] Level 1:colcon.colcon_core.package_discovery:discover_packages(prefix_path) using defaults
[0.176s] Level 5:colcon.colcon_core.verb:set package 'drone_controller' build argument 'cmake_args' from command line to 'None'
[0.176s] Level 5:colcon.colcon_core.verb:set package 'drone_controller' build argument 'cmake_target' from command line to 'None'
[0.176s] Level 5:colcon.colcon_core.verb:set package 'drone_controller' build argument 'cmake_target_skip_unavailable' from command line to 'False'
[0.176s] Level 5:colcon.colcon_core.verb:set package 'drone_controller' build argument 'cmake_clean_cache' from command line to 'False'
[0.176s] Level 5:colcon.colcon_core.verb:set package 'drone_controller' build argument 'cmake_clean_first' from command line to 'False'
[0.176s] Level 5:colcon.colcon_core.verb:set package 'drone_controller' build argument 'cmake_force_configure' from command line to 'False'
[0.176s] Level 5:colcon.colcon_core.verb:set package 'drone_controller' build argument 'ament_cmake_args' from command line to 'None'
[0.176s] Level 5:colcon.colcon_core.verb:set package 'drone_controller' build argument 'catkin_cmake_args' from command line to 'None'
[0.176s] Level 5:colcon.colcon_core.verb:set package 'drone_controller' build argument 'catkin_skip_building_tests' from command line to 'False'
[0.176s] DEBUG:colcon.colcon_core.verb:Building package 'drone_controller' with the following arguments: {'ament_cmake_args': None, 'build_base': '/home/audric/Documents/GitHub/Tugas-Aksantara/build/drone_controller', 'catkin_cmake_args': None, 'catkin_skip_building_tests': False, 'cmake_args': None, 'cmake_clean_cache': False, 'cmake_clean_first': False, 'cmake_force_configure': False, 'cmake_target': None, 'cmake_target_skip_unavailable': False, 'install_base': '/home/audric/Documents/GitHub/Tugas-Aksantara/install/drone_controller', 'merge_install': False, 'path': '/home/audric/Documents/GitHub/Tugas-Aksantara/src/drone_controller', 'symlink_install': False, 'test_result_base': None}
[0.177s] Level 5:colcon.colcon_core.verb:set package 'map_manager' build argument 'cmake_args' from command line to 'None'
[0.177s] Level 5:colcon.colcon_core.verb:set package 'map_manager' build argument 'cmake_target' from command line to 'None'
[0.177s] Level 5:colcon.colcon_core.verb:set package 'map_manager' build argument 'cmake_target_skip_unavailable' from command line to 'False'
[0.177s] Level 5:colcon.colcon_core.verb:set package 'map_manager' build argument 'cmake_clean_cache' from command line to 'False'
[0.177s] Level 5:colcon.colcon_core.verb:set package 'map_manager' build argument 'cmake_clean_first' from command line to 'False'
[0.177s] Level 5:colcon.colcon_core.verb:set package 'map_manager' build argument 'cmake_force_configure' from command line to 'False'
[0.177s] Level 5:colcon.colcon_core.verb:set package 'map_manager' build argument 'ament_cmake_args' from command line to 'None'
[0.177s] Level 5:colcon.colcon_core.verb:set package 'map_manager' build argument 'catkin_cmake_args' from command line to 'None'
[0.177s] Level 5:colcon.colcon_core.verb:set package 'map_manager' build argument 'catkin_skip_building_tests' from command line to 'False'
[0.177s] DEBUG:colcon.colcon_core.verb:Building package 'map_manager' with the following arguments: {'ament_cmake_args': None, 'build_base': '/home/audric/Documents/GitHub/Tugas-Aksantara/build/map_manager', 'catkin_cmake_args': None, 'catkin_skip_building_tests': False, 'cmake_args': None, 'cmake_clean_cache': False, 'cmake_clean_first': False, 'cmake_force_configure': False, 'cmake_target': None, 'cmake_target_skip_unavailable': False, 'install_base': '/home/audric/Documents/GitHub/Tugas-Aksantara/install/map_manager', 'merge_install': False, 'path': '/home/audric/Documents/GitHub/Tugas-Aksantara/src/map_manager', 'symlink_install': False, 'test_result_base': None}
[0.177s] INFO:colcon.colcon_core.executor:Executing jobs using 'parallel' executor
[0.178s] DEBUG:colcon.colcon_parallel_executor.executor.parallel:run_until_complete
[0.178s] INFO:colcon.colcon_ros.task.ament_cmake.build:Building ROS package in '/home/audric/Documents/GitHub/Tugas-Aksantara/src/drone_controller' with build type 'ament_cmake'
[0.178s] INFO:colcon.colcon_cmake.task.cmake.build:Building CMake package in '/home/audric/Documents/GitHub/Tugas-Aksantara/src/drone_controller'
[0.180s] INFO:colcon.colcon_core.plugin_system:Skipping extension 'colcon_core.shell.bat': Not used on non-Windows systems
[0.180s] INFO:colcon.colcon_core.shell:Skip shell extension 'powershell' for command environment: Not usable outside of PowerShell
[0.180s] DEBUG:colcon.colcon_core.shell:Skip shell extension 'dsv' for command environment
[0.182s] INFO:colcon.colcon_ros.task.ament_cmake.build:Building ROS package in '/home/audric/Documents/GitHub/Tugas-Aksantara/src/map_manager' with build type 'ament_cmake'
[0.182s] INFO:colcon.colcon_cmake.task.cmake.build:Building CMake package in '/home/audric/Documents/GitHub/Tugas-Aksantara/src/map_manager'
[0.182s] INFO:colcon.colcon_core.shell:Skip shell extension 'powershell' for command environment: Not usable outside of PowerShell
[0.182s] DEBUG:colcon.colcon_core.shell:Skip shell extension 'dsv' for command environment
[0.187s] DEBUG:colcon.colcon_core.event_handler.log_command:Invoking command in '/home/audric/Documents/GitHub/Tugas-Aksantara/build/drone_controller': CMAKE_PREFIX_PATH=${CMAKE_PREFIX_PATH}:/opt/ros/humble /usr/bin/cmake --build /home/audric/Documents/GitHub/Tugas-Aksantara/build/drone_controller -- -j16 -l16
[0.190s] DEBUG:colcon.colcon_core.event_handler.log_command:Invoking command in '/home/audric/Documents/GitHub/Tugas-Aksantara/build/map_manager': CMAKE_PREFIX_PATH=${CMAKE_PREFIX_PATH}:/opt/ros/humble /usr/bin/cmake --build /home/audric/Documents/GitHub/Tugas-Aksantara/build/map_manager -- -j16 -l16
[0.224s] DEBUG:colcon.colcon_core.event_handler.log_command:Invoked command in '/home/audric/Documents/GitHub/Tugas-Aksantara/build/drone_controller' returned '0': CMAKE_PREFIX_PATH=${CMAKE_PREFIX_PATH}:/opt/ros/humble /usr/bin/cmake --build /home/audric/Documents/GitHub/Tugas-Aksantara/build/drone_controller -- -j16 -l16
[0.232s] DEBUG:colcon.colcon_core.event_handler.log_command:Invoking command in '/home/audric/Documents/GitHub/Tugas-Aksantara/build/drone_controller': CMAKE_PREFIX_PATH=${CMAKE_PREFIX_PATH}:/opt/ros/humble /usr/bin/cmake --install /home/audric/Documents/GitHub/Tugas-Aksantara/build/drone_controller
[0.239s] Level 1:colcon.colcon_core.environment:create_environment_scripts_only(drone_controller)
[0.240s] DEBUG:colcon.colcon_core.event_handler.log_command:Invoked command in '/home/audric/Documents/GitHub/Tugas-Aksantara/build/drone_controller' returned '0': CMAKE_PREFIX_PATH=${CMAKE_PREFIX_PATH}:/opt/ros/humble /usr/bin/cmake --install /home/audric/Documents/GitHub/Tugas-Aksantara/build/drone_controller
[0.241s] Level 1:colcon.colcon_core.environment:checking '/home/audric/Documents/GitHub/Tugas-Aksantara/install/drone_controller' for CMake module files
[0.242s] Level 1:colcon.colcon_core.environment:checking '/home/audric/Documents/GitHub/Tugas-Aksantara/install/drone_controller' for CMake config files
[0.242s] Level 1:colcon.colcon_core.shell:create_environment_hook('drone_controller', 'cmake_prefix_path')
[0.242s] INFO:colcon.colcon_core.shell:Creating environment hook '/home/audric/Documents/GitHub/Tugas-Aksantara/install/drone_controller/share/drone_controller/hook/cmake_prefix_path.ps1'
[0.242s] INFO:colcon.colcon_core.shell:Creating environment descriptor '/home/audric/Documents/GitHub/Tugas-Aksantara/install/drone_controller/share/drone_controller/hook/cmake_prefix_path.dsv'
[0.243s] INFO:colcon.colcon_core.shell:Creating environment hook '/home/audric/Documents/GitHub/Tugas-Aksantara/install/drone_controller/share/drone_controller/hook/cmake_prefix_path.sh'
[0.243s] Level 1:colcon.colcon_core.environment:checking '/home/audric/Documents/GitHub/Tugas-Aksantara/install/drone_controller/bin'
[0.243s] Level 1:colcon.colcon_core.environment:checking '/home/audric/Documents/GitHub/Tugas-Aksantara/install/drone_controller/lib/pkgconfig/drone_controller.pc'
[0.244s] Level 1:colcon.colcon_core.environment:checking '/home/audric/Documents/GitHub/Tugas-Aksantara/install/drone_controller/lib/python3.10/site-packages'
[0.244s] Level 1:colcon.colcon_core.environment:checking '/home/audric/Documents/GitHub/Tugas-Aksantara/install/drone_controller/bin'
[0.244s] INFO:colcon.colcon_core.shell:Creating package script '/home/audric/Documents/GitHub/Tugas-Aksantara/install/drone_controller/share/drone_controller/package.ps1'
[0.245s] INFO:colcon.colcon_core.shell:Creating package descriptor '/home/audric/Documents/GitHub/Tugas-Aksantara/install/drone_controller/share/drone_controller/package.dsv'
[0.245s] INFO:colcon.colcon_core.shell:Creating package script '/home/audric/Documents/GitHub/Tugas-Aksantara/install/drone_controller/share/drone_controller/package.sh'
[0.245s] INFO:colcon.colcon_core.shell:Creating package script '/home/audric/Documents/GitHub/Tugas-Aksantara/install/drone_controller/share/drone_controller/package.bash'
[0.246s] INFO:colcon.colcon_core.shell:Creating package script '/home/audric/Documents/GitHub/Tugas-Aksantara/install/drone_controller/share/drone_controller/package.zsh'
[0.246s] Level 1:colcon.colcon_core.environment:create_file_with_runtime_dependencies(/home/audric/Documents/GitHub/Tugas-Aksantara/install/drone_controller/share/colcon-core/packages/drone_controller)
[0.247s] Level 1:colcon.colcon_core.environment:create_environment_scripts_only(drone_controller)
[0.247s] Level 1:colcon.colcon_core.environment:checking '/home/audric/Documents/GitHub/Tugas-Aksantara/install/drone_controller' for CMake module files
[0.247s] Level 1:colcon.colcon_core.environment:checking '/home/audric/Documents/GitHub/Tugas-Aksantara/install/drone_controller' for CMake config files
[0.247s] Level 1:colcon.colcon_core.shell:create_environment_hook('drone_controller', 'cmake_prefix_path')
[0.248s] INFO:colcon.colcon_core.shell:Creating environment hook '/home/audric/Documents/GitHub/Tugas-Aksantara/install/drone_controller/share/drone_controller/hook/cmake_prefix_path.ps1'
[0.248s] INFO:colcon.colcon_core.shell:Creating environment descriptor '/home/audric/Documents/GitHub/Tugas-Aksantara/install/drone_controller/share/drone_controller/hook/cmake_prefix_path.dsv'
[0.248s] INFO:colcon.colcon_core.shell:Creating environment hook '/home/audric/Documents/GitHub/Tugas-Aksantara/install/drone_controller/share/drone_controller/hook/cmake_prefix_path.sh'
[0.248s] Level 1:colcon.colcon_core.environment:checking '/home/audric/Documents/GitHub/Tugas-Aksantara/install/drone_controller/bin'
[0.248s] Level 1:colcon.colcon_core.environment:checking '/home/audric/Documents/GitHub/Tugas-Aksantara/install/drone_controller/lib/pkgconfig/drone_controller.pc'
[0.249s] Level 1:colcon.colcon_core.environment:checking '/home/audric/Documents/GitHub/Tugas-Aksantara/install/drone_controller/lib/python3.10/site-packages'
[0.249s] Level 1:colcon.colcon_core.environment:checking '/home/audric/Documents/GitHub/Tugas-Aksantara/install/drone_controller/bin'
[0.249s] INFO:colcon.colcon_core.shell:Creating package script '/home/audric/Documents/GitHub/Tugas-Aksantara/install/drone_controller/share/drone_controller/package.ps1'
[0.250s] INFO:colcon.colcon_core.shell:Creating package descriptor '/home/audric/Documents/GitHub/Tugas-Aksantara/install/drone_controller/share/drone_controller/package.dsv'
[0.250s] INFO:colcon.colcon_core.shell:Creating package script '/home/audric/Documents/GitHub/Tugas-Aksantara/install/drone_controller/share/drone_controller/package.sh'
[0.250s] INFO:colcon.colcon_core.shell:Creating package script '/home/audric/Documents/GitHub/Tugas-Aksantara/install/drone_controller/share/drone_controller/package.bash'
[0.251s] INFO:colcon.colcon_core.shell:Creating package script '/home/audric/Documents/GitHub/Tugas-Aksantara/install/drone_controller/share/drone_controller/package.zsh'
[0.251s] Level 1:colcon.colcon_core.environment:create_file_with_runtime_dependencies(/home/audric/Documents/GitHub/Tugas-Aksantara/install/drone_controller/share/colcon-core/packages/drone_controller)
[0.393s] DEBUG:colcon.colcon_core.event_handler.log_command:Invoked command in '/home/audric/Documents/GitHub/Tugas-Aksantara/build/map_manager' returned '0': CMAKE_PREFIX_PATH=${CMAKE_PREFIX_PATH}:/opt/ros/humble /usr/bin/cmake --build /home/audric/Documents/GitHub/Tugas-Aksantara/build/map_manager -- -j16 -l16
[0.393s] DEBUG:colcon.colcon_core.event_handler.log_command:Invoking command in '/home/audric/Documents/GitHub/Tugas-Aksantara/build/map_manager': CMAKE_PREFIX_PATH=${CMAKE_PREFIX_PATH}:/opt/ros/humble /usr/bin/cmake --install /home/audric/Documents/GitHub/Tugas-Aksantara/build/map_manager
[0.430s] Level 1:colcon.colcon_core.environment:create_environment_scripts_only(map_manager)
[0.431s] Level 1:colcon.colcon_core.environment:checking '/home/audric/Documents/GitHub/Tugas-Aksantara/install/map_manager' for CMake module files
[0.431s] DEBUG:colcon.colcon_core.event_handler.log_command:Invoked command in '/home/audric/Documents/GitHub/Tugas-Aksantara/build/map_manager' returned '0': CMAKE_PREFIX_PATH=${CMAKE_PREFIX_PATH}:/opt/ros/humble /usr/bin/cmake --install /home/audric/Documents/GitHub/Tugas-Aksantara/build/map_manager
[0.432s] Level 1:colcon.colcon_core.environment:checking '/home/audric/Documents/GitHub/Tugas-Aksantara/install/map_manager' for CMake config files
[0.432s] Level 1:colcon.colcon_core.shell:create_environment_hook('map_manager', 'cmake_prefix_path')
[0.432s] INFO:colcon.colcon_core.shell:Creating environment hook '/home/audric/Documents/GitHub/Tugas-Aksantara/install/map_manager/share/map_manager/hook/cmake_prefix_path.ps1'
[0.433s] INFO:colcon.colcon_core.shell:Creating environment descriptor '/home/audric/Documents/GitHub/Tugas-Aksantara/install/map_manager/share/map_manager/hook/cmake_prefix_path.dsv'
[0.433s] INFO:colcon.colcon_core.shell:Creating environment hook '/home/audric/Documents/GitHub/Tugas-Aksantara/install/map_manager/share/map_manager/hook/cmake_prefix_path.sh'
[0.433s] Level 1:colcon.colcon_core.environment:checking '/home/audric/Documents/GitHub/Tugas-Aksantara/install/map_manager/lib'
[0.433s] Level 1:colcon.colcon_core.shell:create_environment_hook('map_manager', 'ld_library_path_lib')
[0.433s] INFO:colcon.colcon_core.shell:Creating environment hook '/home/audric/Documents/GitHub/Tugas-Aksantara/install/map_manager/share/map_manager/hook/ld_library_path_lib.ps1'
[0.434s] INFO:colcon.colcon_core.shell:Creating environment descriptor '/home/audric/Documents/GitHub/Tugas-Aksantara/install/map_manager/share/map_manager/hook/ld_library_path_lib.dsv'
[0.434s] INFO:colcon.colcon_core.shell:Creating environment hook '/home/audric/Documents/GitHub/Tugas-Aksantara/install/map_manager/share/map_manager/hook/ld_library_path_lib.sh'
[0.434s] Level 1:colcon.colcon_core.environment:checking '/home/audric/Documents/GitHub/Tugas-Aksantara/install/map_manager/bin'
[0.434s] Level 1:colcon.colcon_core.environment:checking '/home/audric/Documents/GitHub/Tugas-Aksantara/install/map_manager/lib/pkgconfig/map_manager.pc'
[0.434s] Level 1:colcon.colcon_core.environment:checking '/home/audric/Documents/GitHub/Tugas-Aksantara/install/map_manager/lib/python3.10/site-packages'
[0.434s] Level 1:colcon.colcon_core.environment:checking '/home/audric/Documents/GitHub/Tugas-Aksantara/install/map_manager/bin'
[0.434s] INFO:colcon.colcon_core.shell:Creating package script '/home/audric/Documents/GitHub/Tugas-Aksantara/install/map_manager/share/map_manager/package.ps1'
[0.435s] INFO:colcon.colcon_core.shell:Creating package descriptor '/home/audric/Documents/GitHub/Tugas-Aksantara/install/map_manager/share/map_manager/package.dsv'
[0.435s] INFO:colcon.colcon_core.shell:Creating package script '/home/audric/Documents/GitHub/Tugas-Aksantara/install/map_manager/share/map_manager/package.sh'
[0.435s] INFO:colcon.colcon_core.shell:Creating package script '/home/audric/Documents/GitHub/Tugas-Aksantara/install/map_manager/share/map_manager/package.bash'
[0.435s] INFO:colcon.colcon_core.shell:Creating package script '/home/audric/Documents/GitHub/Tugas-Aksantara/install/map_manager/share/map_manager/package.zsh'
[0.435s] Level 1:colcon.colcon_core.environment:create_file_with_runtime_dependencies(/home/audric/Documents/GitHub/Tugas-Aksantara/install/map_manager/share/colcon-core/packages/map_manager)
[0.436s] Level 1:colcon.colcon_core.environment:create_environment_scripts_only(map_manager)
[0.436s] Level 1:colcon.colcon_core.environment:checking '/home/audric/Documents/GitHub/Tugas-Aksantara/install/map_manager' for CMake module files
[0.436s] Level 1:colcon.colcon_core.environment:checking '/home/audric/Documents/GitHub/Tugas-Aksantara/install/map_manager' for CMake config files
[0.437s] Level 1:colcon.colcon_core.shell:create_environment_hook('map_manager', 'cmake_prefix_path')
[0.437s] INFO:colcon.colcon_core.shell:Creating environment hook '/home/audric/Documents/GitHub/Tugas-Aksantara/install/map_manager/share/map_manager/hook/cmake_prefix_path.ps1'
[0.437s] INFO:colcon.colcon_core.shell:Creating environment descriptor '/home/audric/Documents/GitHub/Tugas-Aksantara/install/map_manager/share/map_manager/hook/cmake_prefix_path.dsv'
[0.437s] INFO:colcon.colcon_core.shell:Creating environment hook '/home/audric/Documents/GitHub/Tugas-Aksantara/install/map_manager/share/map_manager/hook/cmake_prefix_path.sh'
[0.437s] Level 1:colcon.colcon_core.environment:checking '/home/audric/Documents/GitHub/Tugas-Aksantara/install/map_manager/lib'
[0.437s] Level 1:colcon.colcon_core.shell:create_environment_hook('map_manager', 'ld_library_path_lib')
[0.437s] INFO:colcon.colcon_core.shell:Creating environment hook '/home/audric/Documents/GitHub/Tugas-Aksantara/install/map_manager/share/map_manager/hook/ld_library_path_lib.ps1'
[0.438s] INFO:colcon.colcon_core.shell:Creating environment descriptor '/home/audric/Documents/GitHub/Tugas-Aksantara/install/map_manager/share/map_manager/hook/ld_library_path_lib.dsv'
[0.438s] INFO:colcon.colcon_core.shell:Creating environment hook '/home/audric/Documents/GitHub/Tugas-Aksantara/install/map_manager/share/map_manager/hook/ld_library_path_lib.sh'
[0.438s] Level 1:colcon.colcon_core.environment:checking '/home/audric/Documents/GitHub/Tugas-Aksantara/install/map_manager/bin'
[0.438s] Level 1:colcon.colcon_core.environment:checking '/home/audric/Documents/GitHub/Tugas-Aksantara/install/map_manager/lib/pkgconfig/map_manager.pc'
[0.438s] Level 1:colcon.colcon_core.environment:checking '/home/audric/Documents/GitHub/Tugas-Aksantara/install/map_manager/lib/python3.10/site-packages'
[0.438s] Level 1:colcon.colcon_core.environment:checking '/home/audric/Documents/GitHub/Tugas-Aksantara/install/map_manager/bin'
[0.438s] INFO:colcon.colcon_core.shell:Creating package script '/home/audric/Documents/GitHub/Tugas-Aksantara/install/map_manager/share/map_manager/package.ps1'
[0.439s] INFO:colcon.colcon_core.shell:Creating package descriptor '/home/audric/Documents/GitHub/Tugas-Aksantara/install/map_manager/share/map_manager/package.dsv'
[0.439s] INFO:colcon.colcon_core.shell:Creating package script '/home/audric/Documents/GitHub/Tugas-Aksantara/install/map_manager/share/map_manager/package.sh'
[0.439s] INFO:colcon.colcon_core.shell:Creating package script '/home/audric/Documents/GitHub/Tugas-Aksantara/install/map_manager/share/map_manager/package.bash'
[0.439s] INFO:colcon.colcon_core.shell:Creating package script '/home/audric/Documents/GitHub/Tugas-Aksantara/install/map_manager/share/map_manager/package.zsh'
[0.439s] Level 1:colcon.colcon_core.environment:create_file_with_runtime_dependencies(/home/audric/Documents/GitHub/Tugas-Aksantara/install/map_manager/share/colcon-core/packages/map_manager)
[0.440s] DEBUG:colcon.colcon_parallel_executor.executor.parallel:closing loop
[0.440s] DEBUG:colcon.colcon_parallel_executor.executor.parallel:loop closed
[0.440s] DEBUG:colcon.colcon_parallel_executor.executor.parallel:run_until_complete finished with '0'
[0.440s] DEBUG:colcon.colcon_core.event_reactor:joining thread
[0.444s] INFO:colcon.colcon_core.plugin_system:Skipping extension 'colcon_notification.desktop_notification.terminal_notifier': Not used on non-Darwin systems
[0.444s] INFO:colcon.colcon_core.plugin_system:Skipping extension 'colcon_notification.desktop_notification.win32': Not used on non-Windows systems
[0.444s] INFO:colcon.colcon_notification.desktop_notification:Sending desktop notification using 'notify2'
[0.453s] DEBUG:colcon.colcon_core.event_reactor:joined thread
[0.454s] INFO:colcon.colcon_core.shell:Creating prefix script '/home/audric/Documents/GitHub/Tugas-Aksantara/install/local_setup.ps1'
[0.455s] INFO:colcon.colcon_core.shell:Creating prefix util module '/home/audric/Documents/GitHub/Tugas-Aksantara/install/_local_setup_util_ps1.py'
[0.456s] INFO:colcon.colcon_core.shell:Creating prefix chain script '/home/audric/Documents/GitHub/Tugas-Aksantara/install/setup.ps1'
[0.457s] INFO:colcon.colcon_core.shell:Creating prefix script '/home/audric/Documents/GitHub/Tugas-Aksantara/install/local_setup.sh'
[0.457s] INFO:colcon.colcon_core.shell:Creating prefix util module '/home/audric/Documents/GitHub/Tugas-Aksantara/install/_local_setup_util_sh.py'
[0.457s] INFO:colcon.colcon_core.shell:Creating prefix chain script '/home/audric/Documents/GitHub/Tugas-Aksantara/install/setup.sh'
[0.458s] INFO:colcon.colcon_core.shell:Creating prefix script '/home/audric/Documents/GitHub/Tugas-Aksantara/install/local_setup.bash'
[0.458s] INFO:colcon.colcon_core.shell:Creating prefix chain script '/home/audric/Documents/GitHub/Tugas-Aksantara/install/setup.bash'
[0.459s] INFO:colcon.colcon_core.shell:Creating prefix script '/home/audric/Documents/GitHub/Tugas-Aksantara/install/local_setup.zsh'
[0.459s] INFO:colcon.colcon_core.shell:Creating prefix chain script '/home/audric/Documents/GitHub/Tugas-Aksantara/install/setup.zsh'
