[  1%] Built target map_manager__cpp
[ 11%] Built target map_manager__rosidl_generator_c
[ 15%] Built target map_subscribe
[ 15%] Built target ament_cmake_python_copy_map_manager
[ 24%] Built target map_manager__rosidl_typesupport_introspection_cpp
[ 33%] Built target map_manager__rosidl_typesupport_cpp
[ 43%] Built target map_manager__rosidl_typesupport_fastrtps_cpp
[ 52%] Built target map_manager__rosidl_typesupport_fastrtps_c
[ 71%] Built target map_manager__rosidl_typesupport_introspection_c
[ 71%] Built target map_manager__rosidl_typesupport_c
[35m[1mConsolidate compiler generated dependencies of target add_obstacle[0m
[ 71%] Built target map_manager
[ 75%] Built target map_publish
[ 77%] [32mBuilding CXX object CMakeFiles/add_obstacle.dir/src/add_obstacle.cpp.o[0m
[ 79%] Built target map_manager__py
[ 86%] Built target map_manager__rosidl_generator_py
[ 98%] Built target map_manager__rosidl_typesupport_fastrtps_c__pyext
[ 98%] Built target map_manager__rosidl_typesupport_c__pyext
[ 98%] Built target map_manager__rosidl_typesupport_introspection_c__pyext
running egg_info
writing map_manager.egg-info/PKG-INFO
writing dependency_links to map_manager.egg-info/dependency_links.txt
writing top-level names to map_manager.egg-info/top_level.txt
reading manifest file 'map_manager.egg-info/SOURCES.txt'
writing manifest file 'map_manager.egg-info/SOURCES.txt'
[ 98%] Built target ament_cmake_python_build_map_manager_egg
[100%] [32m[1mLinking CXX executable add_obstacle[0m
[100%] Built target add_obstacle
-- Install configuration: ""
-- Up-to-date: /home/aqib/ros_learning/ros2_3/install/map_manager/share/ament_index/resource_index/rosidl_interfaces/map_manager
-- Up-to-date: /home/aqib/ros_learning/ros2_3/install/map_manager/include/map_manager/map_manager
-- Up-to-date: /home/aqib/ros_learning/ros2_3/install/map_manager/include/map_manager/map_manager/srv
-- Up-to-date: /home/aqib/ros_learning/ros2_3/install/map_manager/include/map_manager/map_manager/srv/add_obstacle.h
-- Up-to-date: /home/aqib/ros_learning/ros2_3/install/map_manager/include/map_manager/map_manager/srv/add_victim.h
-- Up-to-date: /home/aqib/ros_learning/ros2_3/install/map_manager/include/map_manager/map_manager/srv/detail
-- Up-to-date: /home/aqib/ros_learning/ros2_3/install/map_manager/include/map_manager/map_manager/srv/detail/add_victim__type_support.h
-- Up-to-date: /home/aqib/ros_learning/ros2_3/install/map_manager/include/map_manager/map_manager/srv/detail/add_victim__functions.c
-- Up-to-date: /home/aqib/ros_learning/ros2_3/install/map_manager/include/map_manager/map_manager/srv/detail/add_obstacle__functions.c
-- Up-to-date: /home/aqib/ros_learning/ros2_3/install/map_manager/include/map_manager/map_manager/srv/detail/add_obstacle__type_support.h
-- Up-to-date: /home/aqib/ros_learning/ros2_3/install/map_manager/include/map_manager/map_manager/srv/detail/add_obstacle__struct.h
-- Up-to-date: /home/aqib/ros_learning/ros2_3/install/map_manager/include/map_manager/map_manager/srv/detail/add_victim__struct.h
-- Up-to-date: /home/aqib/ros_learning/ros2_3/install/map_manager/include/map_manager/map_manager/srv/detail/add_victim__functions.h
-- Up-to-date: /home/aqib/ros_learning/ros2_3/install/map_manager/include/map_manager/map_manager/srv/detail/add_obstacle__functions.h
-- Up-to-date: /home/aqib/ros_learning/ros2_3/install/map_manager/include/map_manager/map_manager/msg
-- Up-to-date: /home/aqib/ros_learning/ros2_3/install/map_manager/include/map_manager/map_manager/msg/map_state.h
-- Up-to-date: /home/aqib/ros_learning/ros2_3/install/map_manager/include/map_manager/map_manager/msg/detail
-- Up-to-date: /home/aqib/ros_learning/ros2_3/install/map_manager/include/map_manager/map_manager/msg/detail/map_state__type_support.h
-- Up-to-date: /home/aqib/ros_learning/ros2_3/install/map_manager/include/map_manager/map_manager/msg/detail/map_state__struct.h
-- Up-to-date: /home/aqib/ros_learning/ros2_3/install/map_manager/include/map_manager/map_manager/msg/detail/map_state__functions.c
-- Up-to-date: /home/aqib/ros_learning/ros2_3/install/map_manager/include/map_manager/map_manager/msg/detail/map_state__functions.h
-- Up-to-date: /home/aqib/ros_learning/ros2_3/install/map_manager/include/map_manager/map_manager/msg/rosidl_generator_c__visibility_control.h
-- Up-to-date: /home/aqib/ros_learning/ros2_3/install/map_manager/share/map_manager/environment/library_path.sh
-- Installing: /home/aqib/ros_learning/ros2_3/install/map_manager/share/map_manager/environment/library_path.dsv
-- Up-to-date: /home/aqib/ros_learning/ros2_3/install/map_manager/lib/libmap_manager__rosidl_generator_c.so
-- Up-to-date: /home/aqib/ros_learning/ros2_3/install/map_manager/include/map_manager/map_manager
-- Up-to-date: /home/aqib/ros_learning/ros2_3/install/map_manager/include/map_manager/map_manager/srv
-- Up-to-date: /home/aqib/ros_learning/ros2_3/install/map_manager/include/map_manager/map_manager/srv/detail
-- Up-to-date: /home/aqib/ros_learning/ros2_3/install/map_manager/include/map_manager/map_manager/srv/detail/add_victim__rosidl_typesupport_fastrtps_c.h
-- Up-to-date: /home/aqib/ros_learning/ros2_3/install/map_manager/include/map_manager/map_manager/srv/detail/add_obstacle__rosidl_typesupport_fastrtps_c.h
-- Up-to-date: /home/aqib/ros_learning/ros2_3/install/map_manager/include/map_manager/map_manager/msg
-- Up-to-date: /home/aqib/ros_learning/ros2_3/install/map_manager/include/map_manager/map_manager/msg/rosidl_typesupport_fastrtps_c__visibility_control.h
-- Up-to-date: /home/aqib/ros_learning/ros2_3/install/map_manager/include/map_manager/map_manager/msg/detail
-- Up-to-date: /home/aqib/ros_learning/ros2_3/install/map_manager/include/map_manager/map_manager/msg/detail/map_state__rosidl_typesupport_fastrtps_c.h
-- Up-to-date: /home/aqib/ros_learning/ros2_3/install/map_manager/lib/libmap_manager__rosidl_typesupport_fastrtps_c.so
-- Up-to-date: /home/aqib/ros_learning/ros2_3/install/map_manager/include/map_manager/map_manager
-- Up-to-date: /home/aqib/ros_learning/ros2_3/install/map_manager/include/map_manager/map_manager/srv
-- Up-to-date: /home/aqib/ros_learning/ros2_3/install/map_manager/include/map_manager/map_manager/srv/add_obstacle.hpp
-- Up-to-date: /home/aqib/ros_learning/ros2_3/install/map_manager/include/map_manager/map_manager/srv/detail
-- Up-to-date: /home/aqib/ros_learning/ros2_3/install/map_manager/include/map_manager/map_manager/srv/detail/add_obstacle__traits.hpp
-- Up-to-date: /home/aqib/ros_learning/ros2_3/install/map_manager/include/map_manager/map_manager/srv/detail/add_victim__builder.hpp
-- Up-to-date: /home/aqib/ros_learning/ros2_3/install/map_manager/include/map_manager/map_manager/srv/detail/add_obstacle__builder.hpp
-- Up-to-date: /home/aqib/ros_learning/ros2_3/install/map_manager/include/map_manager/map_manager/srv/detail/add_victim__traits.hpp
-- Up-to-date: /home/aqib/ros_learning/ros2_3/install/map_manager/include/map_manager/map_manager/srv/detail/add_victim__type_support.hpp
-- Up-to-date: /home/aqib/ros_learning/ros2_3/install/map_manager/include/map_manager/map_manager/srv/detail/add_obstacle__struct.hpp
-- Up-to-date: /home/aqib/ros_learning/ros2_3/install/map_manager/include/map_manager/map_manager/srv/detail/add_obstacle__type_support.hpp
-- Up-to-date: /home/aqib/ros_learning/ros2_3/install/map_manager/include/map_manager/map_manager/srv/detail/add_victim__struct.hpp
-- Up-to-date: /home/aqib/ros_learning/ros2_3/install/map_manager/include/map_manager/map_manager/srv/add_victim.hpp
-- Up-to-date: /home/aqib/ros_learning/ros2_3/install/map_manager/include/map_manager/map_manager/msg
-- Up-to-date: /home/aqib/ros_learning/ros2_3/install/map_manager/include/map_manager/map_manager/msg/map_state.hpp
-- Up-to-date: /home/aqib/ros_learning/ros2_3/install/map_manager/include/map_manager/map_manager/msg/rosidl_generator_cpp__visibility_control.hpp
-- Up-to-date: /home/aqib/ros_learning/ros2_3/install/map_manager/include/map_manager/map_manager/msg/detail
-- Up-to-date: /home/aqib/ros_learning/ros2_3/install/map_manager/include/map_manager/map_manager/msg/detail/map_state__struct.hpp
-- Up-to-date: /home/aqib/ros_learning/ros2_3/install/map_manager/include/map_manager/map_manager/msg/detail/map_state__builder.hpp
-- Up-to-date: /home/aqib/ros_learning/ros2_3/install/map_manager/include/map_manager/map_manager/msg/detail/map_state__traits.hpp
-- Up-to-date: /home/aqib/ros_learning/ros2_3/install/map_manager/include/map_manager/map_manager/msg/detail/map_state__type_support.hpp
-- Up-to-date: /home/aqib/ros_learning/ros2_3/install/map_manager/include/map_manager/map_manager
-- Up-to-date: /home/aqib/ros_learning/ros2_3/install/map_manager/include/map_manager/map_manager/srv
-- Up-to-date: /home/aqib/ros_learning/ros2_3/install/map_manager/include/map_manager/map_manager/srv/detail
-- Up-to-date: /home/aqib/ros_learning/ros2_3/install/map_manager/include/map_manager/map_manager/srv/detail/dds_fastrtps
-- Up-to-date: /home/aqib/ros_learning/ros2_3/install/map_manager/include/map_manager/map_manager/srv/detail/add_obstacle__rosidl_typesupport_fastrtps_cpp.hpp
-- Up-to-date: /home/aqib/ros_learning/ros2_3/install/map_manager/include/map_manager/map_manager/srv/detail/add_victim__rosidl_typesupport_fastrtps_cpp.hpp
-- Up-to-date: /home/aqib/ros_learning/ros2_3/install/map_manager/include/map_manager/map_manager/msg
-- Up-to-date: /home/aqib/ros_learning/ros2_3/install/map_manager/include/map_manager/map_manager/msg/rosidl_typesupport_fastrtps_cpp__visibility_control.h
-- Up-to-date: /home/aqib/ros_learning/ros2_3/install/map_manager/include/map_manager/map_manager/msg/detail
-- Up-to-date: /home/aqib/ros_learning/ros2_3/install/map_manager/include/map_manager/map_manager/msg/detail/map_state__rosidl_typesupport_fastrtps_cpp.hpp
-- Up-to-date: /home/aqib/ros_learning/ros2_3/install/map_manager/include/map_manager/map_manager/msg/detail/dds_fastrtps
-- Up-to-date: /home/aqib/ros_learning/ros2_3/install/map_manager/lib/libmap_manager__rosidl_typesupport_fastrtps_cpp.so
-- Up-to-date: /home/aqib/ros_learning/ros2_3/install/map_manager/include/map_manager/map_manager
-- Up-to-date: /home/aqib/ros_learning/ros2_3/install/map_manager/include/map_manager/map_manager/srv
-- Up-to-date: /home/aqib/ros_learning/ros2_3/install/map_manager/include/map_manager/map_manager/srv/detail
-- Up-to-date: /home/aqib/ros_learning/ros2_3/install/map_manager/include/map_manager/map_manager/srv/detail/add_victim__rosidl_typesupport_introspection_c.h
-- Up-to-date: /home/aqib/ros_learning/ros2_3/install/map_manager/include/map_manager/map_manager/srv/detail/add_obstacle__rosidl_typesupport_introspection_c.h
-- Up-to-date: /home/aqib/ros_learning/ros2_3/install/map_manager/include/map_manager/map_manager/srv/detail/add_victim__type_support.c
-- Up-to-date: /home/aqib/ros_learning/ros2_3/install/map_manager/include/map_manager/map_manager/srv/detail/add_obstacle__type_support.c
-- Up-to-date: /home/aqib/ros_learning/ros2_3/install/map_manager/include/map_manager/map_manager/msg
-- Up-to-date: /home/aqib/ros_learning/ros2_3/install/map_manager/include/map_manager/map_manager/msg/detail
-- Up-to-date: /home/aqib/ros_learning/ros2_3/install/map_manager/include/map_manager/map_manager/msg/detail/map_state__type_support.c
-- Up-to-date: /home/aqib/ros_learning/ros2_3/install/map_manager/include/map_manager/map_manager/msg/detail/map_state__rosidl_typesupport_introspection_c.h
-- Up-to-date: /home/aqib/ros_learning/ros2_3/install/map_manager/include/map_manager/map_manager/msg/rosidl_typesupport_introspection_c__visibility_control.h
-- Up-to-date: /home/aqib/ros_learning/ros2_3/install/map_manager/lib/libmap_manager__rosidl_typesupport_introspection_c.so
-- Up-to-date: /home/aqib/ros_learning/ros2_3/install/map_manager/lib/libmap_manager__rosidl_typesupport_c.so
-- Up-to-date: /home/aqib/ros_learning/ros2_3/install/map_manager/include/map_manager/map_manager
-- Up-to-date: /home/aqib/ros_learning/ros2_3/install/map_manager/include/map_manager/map_manager/srv
-- Up-to-date: /home/aqib/ros_learning/ros2_3/install/map_manager/include/map_manager/map_manager/srv/detail
-- Up-to-date: /home/aqib/ros_learning/ros2_3/install/map_manager/include/map_manager/map_manager/srv/detail/add_victim__type_support.cpp
-- Up-to-date: /home/aqib/ros_learning/ros2_3/install/map_manager/include/map_manager/map_manager/srv/detail/add_victim__rosidl_typesupport_introspection_cpp.hpp
-- Up-to-date: /home/aqib/ros_learning/ros2_3/install/map_manager/include/map_manager/map_manager/srv/detail/add_obstacle__rosidl_typesupport_introspection_cpp.hpp
-- Up-to-date: /home/aqib/ros_learning/ros2_3/install/map_manager/include/map_manager/map_manager/srv/detail/add_obstacle__type_support.cpp
-- Up-to-date: /home/aqib/ros_learning/ros2_3/install/map_manager/include/map_manager/map_manager/msg
-- Up-to-date: /home/aqib/ros_learning/ros2_3/install/map_manager/include/map_manager/map_manager/msg/detail
-- Up-to-date: /home/aqib/ros_learning/ros2_3/install/map_manager/include/map_manager/map_manager/msg/detail/map_state__type_support.cpp
-- Up-to-date: /home/aqib/ros_learning/ros2_3/install/map_manager/include/map_manager/map_manager/msg/detail/map_state__rosidl_typesupport_introspection_cpp.hpp
-- Up-to-date: /home/aqib/ros_learning/ros2_3/install/map_manager/lib/libmap_manager__rosidl_typesupport_introspection_cpp.so
-- Up-to-date: /home/aqib/ros_learning/ros2_3/install/map_manager/lib/libmap_manager__rosidl_typesupport_cpp.so
-- Up-to-date: /home/aqib/ros_learning/ros2_3/install/map_manager/share/map_manager/environment/pythonpath.sh
-- Installing: /home/aqib/ros_learning/ros2_3/install/map_manager/share/map_manager/environment/pythonpath.dsv
-- Up-to-date: /home/aqib/ros_learning/ros2_3/install/map_manager/local/lib/python3.10/dist-packages/map_manager-0.0.0-py3.10.egg-info
-- Installing: /home/aqib/ros_learning/ros2_3/install/map_manager/local/lib/python3.10/dist-packages/map_manager-0.0.0-py3.10.egg-info/top_level.txt
-- Installing: /home/aqib/ros_learning/ros2_3/install/map_manager/local/lib/python3.10/dist-packages/map_manager-0.0.0-py3.10.egg-info/dependency_links.txt
-- Installing: /home/aqib/ros_learning/ros2_3/install/map_manager/local/lib/python3.10/dist-packages/map_manager-0.0.0-py3.10.egg-info/SOURCES.txt
-- Installing: /home/aqib/ros_learning/ros2_3/install/map_manager/local/lib/python3.10/dist-packages/map_manager-0.0.0-py3.10.egg-info/PKG-INFO
-- Up-to-date: /home/aqib/ros_learning/ros2_3/install/map_manager/local/lib/python3.10/dist-packages/map_manager
-- Installing: /home/aqib/ros_learning/ros2_3/install/map_manager/local/lib/python3.10/dist-packages/map_manager/__init__.py
-- Up-to-date: /home/aqib/ros_learning/ros2_3/install/map_manager/local/lib/python3.10/dist-packages/map_manager/map_manager_s__rosidl_typesupport_fastrtps_c.cpython-310-x86_64-linux-gnu.so
-- Up-to-date: /home/aqib/ros_learning/ros2_3/install/map_manager/local/lib/python3.10/dist-packages/map_manager/_map_manager_s.ep.rosidl_typesupport_c.c
-- Up-to-date: /home/aqib/ros_learning/ros2_3/install/map_manager/local/lib/python3.10/dist-packages/map_manager/_map_manager_s.ep.rosidl_typesupport_fastrtps_c.c
-- Up-to-date: /home/aqib/ros_learning/ros2_3/install/map_manager/local/lib/python3.10/dist-packages/map_manager/map_manager_s__rosidl_typesupport_introspection_c.cpython-310-x86_64-linux-gnu.so
-- Up-to-date: /home/aqib/ros_learning/ros2_3/install/map_manager/local/lib/python3.10/dist-packages/map_manager/libmap_manager__rosidl_generator_py.so
-- Up-to-date: /home/aqib/ros_learning/ros2_3/install/map_manager/local/lib/python3.10/dist-packages/map_manager/srv
-- Up-to-date: /home/aqib/ros_learning/ros2_3/install/map_manager/local/lib/python3.10/dist-packages/map_manager/srv/__init__.py
-- Up-to-date: /home/aqib/ros_learning/ros2_3/install/map_manager/local/lib/python3.10/dist-packages/map_manager/srv/_add_obstacle.py
-- Up-to-date: /home/aqib/ros_learning/ros2_3/install/map_manager/local/lib/python3.10/dist-packages/map_manager/srv/_add_obstacle_s.c
-- Up-to-date: /home/aqib/ros_learning/ros2_3/install/map_manager/local/lib/python3.10/dist-packages/map_manager/srv/_add_victim.py
-- Up-to-date: /home/aqib/ros_learning/ros2_3/install/map_manager/local/lib/python3.10/dist-packages/map_manager/srv/_add_victim_s.c
-- Up-to-date: /home/aqib/ros_learning/ros2_3/install/map_manager/local/lib/python3.10/dist-packages/map_manager/map_manager_s__rosidl_typesupport_c.cpython-310-x86_64-linux-gnu.so
-- Up-to-date: /home/aqib/ros_learning/ros2_3/install/map_manager/local/lib/python3.10/dist-packages/map_manager/_map_manager_s.ep.rosidl_typesupport_introspection_c.c
-- Up-to-date: /home/aqib/ros_learning/ros2_3/install/map_manager/local/lib/python3.10/dist-packages/map_manager/msg
-- Up-to-date: /home/aqib/ros_learning/ros2_3/install/map_manager/local/lib/python3.10/dist-packages/map_manager/msg/__init__.py
-- Up-to-date: /home/aqib/ros_learning/ros2_3/install/map_manager/local/lib/python3.10/dist-packages/map_manager/msg/_map_state_s.c
-- Up-to-date: /home/aqib/ros_learning/ros2_3/install/map_manager/local/lib/python3.10/dist-packages/map_manager/msg/_map_state.py
Listing '/home/aqib/ros_learning/ros2_3/install/map_manager/local/lib/python3.10/dist-packages/map_manager'...
Compiling '/home/aqib/ros_learning/ros2_3/install/map_manager/local/lib/python3.10/dist-packages/map_manager/__init__.py'...
Listing '/home/aqib/ros_learning/ros2_3/install/map_manager/local/lib/python3.10/dist-packages/map_manager/msg'...
Listing '/home/aqib/ros_learning/ros2_3/install/map_manager/local/lib/python3.10/dist-packages/map_manager/srv'...
-- Up-to-date: /home/aqib/ros_learning/ros2_3/install/map_manager/local/lib/python3.10/dist-packages/map_manager/map_manager_s__rosidl_typesupport_fastrtps_c.cpython-310-x86_64-linux-gnu.so
-- Up-to-date: /home/aqib/ros_learning/ros2_3/install/map_manager/local/lib/python3.10/dist-packages/map_manager/map_manager_s__rosidl_typesupport_introspection_c.cpython-310-x86_64-linux-gnu.so
-- Up-to-date: /home/aqib/ros_learning/ros2_3/install/map_manager/local/lib/python3.10/dist-packages/map_manager/map_manager_s__rosidl_typesupport_c.cpython-310-x86_64-linux-gnu.so
-- Up-to-date: /home/aqib/ros_learning/ros2_3/install/map_manager/lib/libmap_manager__rosidl_generator_py.so
-- Up-to-date: /home/aqib/ros_learning/ros2_3/install/map_manager/share/map_manager/msg/MapState.idl
-- Up-to-date: /home/aqib/ros_learning/ros2_3/install/map_manager/share/map_manager/srv/AddObstacle.idl
-- Up-to-date: /home/aqib/ros_learning/ros2_3/install/map_manager/share/map_manager/srv/AddVictim.idl
-- Up-to-date: /home/aqib/ros_learning/ros2_3/install/map_manager/share/map_manager/msg/MapState.msg
-- Up-to-date: /home/aqib/ros_learning/ros2_3/install/map_manager/share/map_manager/srv/AddObstacle.srv
-- Up-to-date: /home/aqib/ros_learning/ros2_3/install/map_manager/share/map_manager/srv/AddObstacle_Request.msg
-- Up-to-date: /home/aqib/ros_learning/ros2_3/install/map_manager/share/map_manager/srv/AddObstacle_Response.msg
-- Up-to-date: /home/aqib/ros_learning/ros2_3/install/map_manager/share/map_manager/srv/AddVictim.srv
-- Up-to-date: /home/aqib/ros_learning/ros2_3/install/map_manager/share/map_manager/srv/AddVictim_Request.msg
-- Up-to-date: /home/aqib/ros_learning/ros2_3/install/map_manager/share/map_manager/srv/AddVictim_Response.msg
-- Installing: /home/aqib/ros_learning/ros2_3/install/map_manager/lib/map_manager/map_publish
-- Set runtime path of "/home/aqib/ros_learning/ros2_3/install/map_manager/lib/map_manager/map_publish" to ""
-- Up-to-date: /home/aqib/ros_learning/ros2_3/install/map_manager/lib/map_manager/map_subscribe
-- Installing: /home/aqib/ros_learning/ros2_3/install/map_manager/lib/map_manager/add_obstacle
-- Set runtime path of "/home/aqib/ros_learning/ros2_3/install/map_manager/lib/map_manager/add_obstacle" to ""
-- Up-to-date: /home/aqib/ros_learning/ros2_3/install/map_manager/share/ament_index/resource_index/package_run_dependencies/map_manager
-- Up-to-date: /home/aqib/ros_learning/ros2_3/install/map_manager/share/ament_index/resource_index/parent_prefix_path/map_manager
-- Up-to-date: /home/aqib/ros_learning/ros2_3/install/map_manager/share/map_manager/environment/ament_prefix_path.sh
-- Installing: /home/aqib/ros_learning/ros2_3/install/map_manager/share/map_manager/environment/ament_prefix_path.dsv
-- Up-to-date: /home/aqib/ros_learning/ros2_3/install/map_manager/share/map_manager/environment/path.sh
-- Installing: /home/aqib/ros_learning/ros2_3/install/map_manager/share/map_manager/environment/path.dsv
-- Up-to-date: /home/aqib/ros_learning/ros2_3/install/map_manager/share/map_manager/local_setup.bash
-- Up-to-date: /home/aqib/ros_learning/ros2_3/install/map_manager/share/map_manager/local_setup.sh
-- Up-to-date: /home/aqib/ros_learning/ros2_3/install/map_manager/share/map_manager/local_setup.zsh
-- Installing: /home/aqib/ros_learning/ros2_3/install/map_manager/share/map_manager/local_setup.dsv
-- Installing: /home/aqib/ros_learning/ros2_3/install/map_manager/share/map_manager/package.dsv
-- Up-to-date: /home/aqib/ros_learning/ros2_3/install/map_manager/share/ament_index/resource_index/packages/map_manager
-- Up-to-date: /home/aqib/ros_learning/ros2_3/install/map_manager/share/map_manager/cmake/export_map_manager__rosidl_generator_cExport.cmake
-- Up-to-date: /home/aqib/ros_learning/ros2_3/install/map_manager/share/map_manager/cmake/export_map_manager__rosidl_generator_cExport-noconfig.cmake
-- Up-to-date: /home/aqib/ros_learning/ros2_3/install/map_manager/share/map_manager/cmake/export_map_manager__rosidl_typesupport_fastrtps_cExport.cmake
-- Up-to-date: /home/aqib/ros_learning/ros2_3/install/map_manager/share/map_manager/cmake/export_map_manager__rosidl_typesupport_fastrtps_cExport-noconfig.cmake
-- Up-to-date: /home/aqib/ros_learning/ros2_3/install/map_manager/share/map_manager/cmake/export_map_manager__rosidl_generator_cppExport.cmake
-- Up-to-date: /home/aqib/ros_learning/ros2_3/install/map_manager/share/map_manager/cmake/export_map_manager__rosidl_typesupport_fastrtps_cppExport.cmake
-- Up-to-date: /home/aqib/ros_learning/ros2_3/install/map_manager/share/map_manager/cmake/export_map_manager__rosidl_typesupport_fastrtps_cppExport-noconfig.cmake
-- Up-to-date: /home/aqib/ros_learning/ros2_3/install/map_manager/share/map_manager/cmake/map_manager__rosidl_typesupport_introspection_cExport.cmake
-- Up-to-date: /home/aqib/ros_learning/ros2_3/install/map_manager/share/map_manager/cmake/map_manager__rosidl_typesupport_introspection_cExport-noconfig.cmake
-- Up-to-date: /home/aqib/ros_learning/ros2_3/install/map_manager/share/map_manager/cmake/map_manager__rosidl_typesupport_cExport.cmake
-- Up-to-date: /home/aqib/ros_learning/ros2_3/install/map_manager/share/map_manager/cmake/map_manager__rosidl_typesupport_cExport-noconfig.cmake
-- Up-to-date: /home/aqib/ros_learning/ros2_3/install/map_manager/share/map_manager/cmake/map_manager__rosidl_typesupport_introspection_cppExport.cmake
-- Up-to-date: /home/aqib/ros_learning/ros2_3/install/map_manager/share/map_manager/cmake/map_manager__rosidl_typesupport_introspection_cppExport-noconfig.cmake
-- Up-to-date: /home/aqib/ros_learning/ros2_3/install/map_manager/share/map_manager/cmake/map_manager__rosidl_typesupport_cppExport.cmake
-- Up-to-date: /home/aqib/ros_learning/ros2_3/install/map_manager/share/map_manager/cmake/map_manager__rosidl_typesupport_cppExport-noconfig.cmake
-- Up-to-date: /home/aqib/ros_learning/ros2_3/install/map_manager/share/map_manager/cmake/export_map_manager__rosidl_generator_pyExport.cmake
-- Up-to-date: /home/aqib/ros_learning/ros2_3/install/map_manager/share/map_manager/cmake/export_map_manager__rosidl_generator_pyExport-noconfig.cmake
-- Up-to-date: /home/aqib/ros_learning/ros2_3/install/map_manager/share/map_manager/cmake/rosidl_cmake-extras.cmake
-- Up-to-date: /home/aqib/ros_learning/ros2_3/install/map_manager/share/map_manager/cmake/ament_cmake_export_dependencies-extras.cmake
-- Up-to-date: /home/aqib/ros_learning/ros2_3/install/map_manager/share/map_manager/cmake/ament_cmake_export_include_directories-extras.cmake
-- Up-to-date: /home/aqib/ros_learning/ros2_3/install/map_manager/share/map_manager/cmake/ament_cmake_export_libraries-extras.cmake
-- Up-to-date: /home/aqib/ros_learning/ros2_3/install/map_manager/share/map_manager/cmake/ament_cmake_export_targets-extras.cmake
-- Up-to-date: /home/aqib/ros_learning/ros2_3/install/map_manager/share/map_manager/cmake/rosidl_cmake_export_typesupport_targets-extras.cmake
-- Up-to-date: /home/aqib/ros_learning/ros2_3/install/map_manager/share/map_manager/cmake/rosidl_cmake_export_typesupport_libraries-extras.cmake
-- Up-to-date: /home/aqib/ros_learning/ros2_3/install/map_manager/share/map_manager/cmake/map_managerConfig.cmake
-- Up-to-date: /home/aqib/ros_learning/ros2_3/install/map_manager/share/map_manager/cmake/map_managerConfig-version.cmake
-- Up-to-date: /home/aqib/ros_learning/ros2_3/install/map_manager/share/map_manager/package.xml
