[0.007s] Invoking command in '/home/audric/Documents/GitHub/Tugas-Aksantara/build/map_manager': CMAKE_PREFIX_PATH=${CMAKE_PREFIX_PATH}:/opt/ros/humble /usr/bin/cmake --build /home/audric/Documents/GitHub/Tugas-Aksantara/build/map_manager -- -j16 -l16
[0.040s] [35m[1mConsolidate compiler generated dependencies of target map_manager__rosidl_generator_c[0m
[0.042s] [35m[1mConsolidate compiler generated dependencies of target map_subscribe[0m
[0.047s] [  1%] Built target map_manager__cpp
[0.048s] [ 10%] Built target map_manager__rosidl_generator_c
[0.054s] [ 14%] Built target map_subscribe
[0.054s] [ 14%] Built target ament_cmake_python_copy_map_manager
[0.055s] [35m[1mConsolidate compiler generated dependencies of target map_manager__rosidl_typesupport_fastrtps_cpp[0m
[0.055s] [35m[1mConsolidate compiler generated dependencies of target map_manager__rosidl_typesupport_introspection_c[0m
[0.055s] [35m[1mConsolidate compiler generated dependencies of target map_manager__rosidl_typesupport_fastrtps_c[0m
[0.055s] [35m[1mConsolidate compiler generated dependencies of target map_manager__rosidl_typesupport_introspection_cpp[0m
[0.056s] [35m[1mConsolidate compiler generated dependencies of target map_manager__rosidl_typesupport_cpp[0m
[0.057s] [35m[1mConsolidate compiler generated dependencies of target map_manager__rosidl_typesupport_c[0m
[0.067s] [ 52%] Built target map_manager__rosidl_typesupport_fastrtps_cpp
[0.067s] [ 52%] Built target map_manager__rosidl_typesupport_fastrtps_c
[0.067s] [ 52%] Built target map_manager__rosidl_typesupport_introspection_c
[0.067s] [ 52%] Built target map_manager__rosidl_typesupport_c
[0.067s] [ 60%] Built target map_manager__rosidl_typesupport_cpp
[0.067s] [ 69%] Built target map_manager__rosidl_typesupport_introspection_cpp
[0.074s] [35m[1mConsolidate compiler generated dependencies of target add_victim[0m
[0.075s] [35m[1mConsolidate compiler generated dependencies of target add_obstacle[0m
[0.075s] [35m[1mConsolidate compiler generated dependencies of target map_publish[0m
[0.085s] [ 69%] Built target map_manager
[0.088s] [ 76%] Built target add_obstacle
[0.088s] [ 76%] Built target map_publish
[0.089s] [ 80%] Built target add_victim
[0.103s] [ 81%] Built target map_manager__py
[0.113s] [35m[1mConsolidate compiler generated dependencies of target map_manager__rosidl_generator_py[0m
[0.125s] [ 89%] Built target map_manager__rosidl_generator_py
[0.134s] [35m[1mConsolidate compiler generated dependencies of target map_manager__rosidl_typesupport_fastrtps_c__pyext[0m
[0.134s] [35m[1mConsolidate compiler generated dependencies of target map_manager__rosidl_typesupport_c__pyext[0m
[0.134s] [35m[1mConsolidate compiler generated dependencies of target map_manager__rosidl_typesupport_introspection_c__pyext[0m
[0.145s] [ 96%] Built target map_manager__rosidl_typesupport_fastrtps_c__pyext
[0.145s] [ 96%] Built target map_manager__rosidl_typesupport_introspection_c__pyext
[0.145s] [100%] Built target map_manager__rosidl_typesupport_c__pyext
[0.179s] running egg_info
[0.180s] writing map_manager.egg-info/PKG-INFO
[0.180s] writing dependency_links to map_manager.egg-info/dependency_links.txt
[0.180s] writing top-level names to map_manager.egg-info/top_level.txt
[0.181s] reading manifest file 'map_manager.egg-info/SOURCES.txt'
[0.181s] writing manifest file 'map_manager.egg-info/SOURCES.txt'
[0.200s] [100%] Built target ament_cmake_python_build_map_manager_egg
[0.210s] Invoked command in '/home/audric/Documents/GitHub/Tugas-Aksantara/build/map_manager' returned '0': CMAKE_PREFIX_PATH=${CMAKE_PREFIX_PATH}:/opt/ros/humble /usr/bin/cmake --build /home/audric/Documents/GitHub/Tugas-Aksantara/build/map_manager -- -j16 -l16
[0.211s] Invoking command in '/home/audric/Documents/GitHub/Tugas-Aksantara/build/map_manager': CMAKE_PREFIX_PATH=${CMAKE_PREFIX_PATH}:/opt/ros/humble /usr/bin/cmake --install /home/audric/Documents/GitHub/Tugas-Aksantara/build/map_manager
[0.217s] -- Install configuration: ""
[0.217s] -- Up-to-date: /home/audric/Documents/GitHub/Tugas-Aksantara/install/map_manager/share/ament_index/resource_index/rosidl_interfaces/map_manager
[0.217s] -- Up-to-date: /home/audric/Documents/GitHub/Tugas-Aksantara/install/map_manager/include/map_manager/map_manager
[0.217s] -- Up-to-date: /home/audric/Documents/GitHub/Tugas-Aksantara/install/map_manager/include/map_manager/map_manager/msg
[0.217s] -- Up-to-date: /home/audric/Documents/GitHub/Tugas-Aksantara/install/map_manager/include/map_manager/map_manager/msg/detail
[0.217s] -- Up-to-date: /home/audric/Documents/GitHub/Tugas-Aksantara/install/map_manager/include/map_manager/map_manager/msg/detail/map_state__functions.c
[0.217s] -- Up-to-date: /home/audric/Documents/GitHub/Tugas-Aksantara/install/map_manager/include/map_manager/map_manager/msg/detail/map_state__type_support.h
[0.217s] -- Up-to-date: /home/audric/Documents/GitHub/Tugas-Aksantara/install/map_manager/include/map_manager/map_manager/msg/detail/map_state__functions.h
[0.217s] -- Up-to-date: /home/audric/Documents/GitHub/Tugas-Aksantara/install/map_manager/include/map_manager/map_manager/msg/detail/map_state__struct.h
[0.217s] -- Up-to-date: /home/audric/Documents/GitHub/Tugas-Aksantara/install/map_manager/include/map_manager/map_manager/msg/rosidl_generator_c__visibility_control.h
[0.218s] -- Up-to-date: /home/audric/Documents/GitHub/Tugas-Aksantara/install/map_manager/include/map_manager/map_manager/msg/map_state.h
[0.218s] -- Up-to-date: /home/audric/Documents/GitHub/Tugas-Aksantara/install/map_manager/include/map_manager/map_manager/srv
[0.218s] -- Up-to-date: /home/audric/Documents/GitHub/Tugas-Aksantara/install/map_manager/include/map_manager/map_manager/srv/detail
[0.218s] -- Up-to-date: /home/audric/Documents/GitHub/Tugas-Aksantara/install/map_manager/include/map_manager/map_manager/srv/detail/add_obstacle__functions.h
[0.218s] -- Up-to-date: /home/audric/Documents/GitHub/Tugas-Aksantara/install/map_manager/include/map_manager/map_manager/srv/detail/add_obstacle__struct.h
[0.218s] -- Up-to-date: /home/audric/Documents/GitHub/Tugas-Aksantara/install/map_manager/include/map_manager/map_manager/srv/detail/add_obstacle__functions.c
[0.218s] -- Up-to-date: /home/audric/Documents/GitHub/Tugas-Aksantara/install/map_manager/include/map_manager/map_manager/srv/detail/add_victim__type_support.h
[0.218s] -- Up-to-date: /home/audric/Documents/GitHub/Tugas-Aksantara/install/map_manager/include/map_manager/map_manager/srv/detail/add_obstacle__type_support.h
[0.218s] -- Up-to-date: /home/audric/Documents/GitHub/Tugas-Aksantara/install/map_manager/include/map_manager/map_manager/srv/detail/add_victim__struct.h
[0.218s] -- Up-to-date: /home/audric/Documents/GitHub/Tugas-Aksantara/install/map_manager/include/map_manager/map_manager/srv/detail/add_victim__functions.h
[0.218s] -- Up-to-date: /home/audric/Documents/GitHub/Tugas-Aksantara/install/map_manager/include/map_manager/map_manager/srv/detail/add_victim__functions.c
[0.218s] -- Up-to-date: /home/audric/Documents/GitHub/Tugas-Aksantara/install/map_manager/include/map_manager/map_manager/srv/add_obstacle.h
[0.218s] -- Up-to-date: /home/audric/Documents/GitHub/Tugas-Aksantara/install/map_manager/include/map_manager/map_manager/srv/add_victim.h
[0.218s] -- Up-to-date: /home/audric/Documents/GitHub/Tugas-Aksantara/install/map_manager/share/map_manager/environment/library_path.sh
[0.218s] -- Up-to-date: /home/audric/Documents/GitHub/Tugas-Aksantara/install/map_manager/share/map_manager/environment/library_path.dsv
[0.218s] -- Up-to-date: /home/audric/Documents/GitHub/Tugas-Aksantara/install/map_manager/lib/libmap_manager__rosidl_generator_c.so
[0.218s] -- Up-to-date: /home/audric/Documents/GitHub/Tugas-Aksantara/install/map_manager/include/map_manager/map_manager
[0.218s] -- Up-to-date: /home/audric/Documents/GitHub/Tugas-Aksantara/install/map_manager/include/map_manager/map_manager/msg
[0.218s] -- Up-to-date: /home/audric/Documents/GitHub/Tugas-Aksantara/install/map_manager/include/map_manager/map_manager/msg/detail
[0.218s] -- Up-to-date: /home/audric/Documents/GitHub/Tugas-Aksantara/install/map_manager/include/map_manager/map_manager/msg/detail/map_state__rosidl_typesupport_fastrtps_c.h
[0.218s] -- Up-to-date: /home/audric/Documents/GitHub/Tugas-Aksantara/install/map_manager/include/map_manager/map_manager/msg/rosidl_typesupport_fastrtps_c__visibility_control.h
[0.218s] -- Up-to-date: /home/audric/Documents/GitHub/Tugas-Aksantara/install/map_manager/include/map_manager/map_manager/srv
[0.219s] -- Up-to-date: /home/audric/Documents/GitHub/Tugas-Aksantara/install/map_manager/include/map_manager/map_manager/srv/detail
[0.219s] -- Up-to-date: /home/audric/Documents/GitHub/Tugas-Aksantara/install/map_manager/include/map_manager/map_manager/srv/detail/add_victim__rosidl_typesupport_fastrtps_c.h
[0.219s] -- Up-to-date: /home/audric/Documents/GitHub/Tugas-Aksantara/install/map_manager/include/map_manager/map_manager/srv/detail/add_obstacle__rosidl_typesupport_fastrtps_c.h
[0.219s] -- Up-to-date: /home/audric/Documents/GitHub/Tugas-Aksantara/install/map_manager/lib/libmap_manager__rosidl_typesupport_fastrtps_c.so
[0.219s] -- Up-to-date: /home/audric/Documents/GitHub/Tugas-Aksantara/install/map_manager/include/map_manager/map_manager
[0.219s] -- Up-to-date: /home/audric/Documents/GitHub/Tugas-Aksantara/install/map_manager/include/map_manager/map_manager/msg
[0.219s] -- Up-to-date: /home/audric/Documents/GitHub/Tugas-Aksantara/install/map_manager/include/map_manager/map_manager/msg/detail
[0.219s] -- Up-to-date: /home/audric/Documents/GitHub/Tugas-Aksantara/install/map_manager/include/map_manager/map_manager/msg/detail/map_state__builder.hpp
[0.219s] -- Up-to-date: /home/audric/Documents/GitHub/Tugas-Aksantara/install/map_manager/include/map_manager/map_manager/msg/detail/map_state__traits.hpp
[0.219s] -- Up-to-date: /home/audric/Documents/GitHub/Tugas-Aksantara/install/map_manager/include/map_manager/map_manager/msg/detail/map_state__type_support.hpp
[0.219s] -- Up-to-date: /home/audric/Documents/GitHub/Tugas-Aksantara/install/map_manager/include/map_manager/map_manager/msg/detail/map_state__struct.hpp
[0.219s] -- Up-to-date: /home/audric/Documents/GitHub/Tugas-Aksantara/install/map_manager/include/map_manager/map_manager/msg/rosidl_generator_cpp__visibility_control.hpp
[0.219s] -- Up-to-date: /home/audric/Documents/GitHub/Tugas-Aksantara/install/map_manager/include/map_manager/map_manager/msg/map_state.hpp
[0.219s] -- Up-to-date: /home/audric/Documents/GitHub/Tugas-Aksantara/install/map_manager/include/map_manager/map_manager/srv
[0.219s] -- Up-to-date: /home/audric/Documents/GitHub/Tugas-Aksantara/install/map_manager/include/map_manager/map_manager/srv/detail
[0.219s] -- Up-to-date: /home/audric/Documents/GitHub/Tugas-Aksantara/install/map_manager/include/map_manager/map_manager/srv/detail/add_obstacle__traits.hpp
[0.219s] -- Up-to-date: /home/audric/Documents/GitHub/Tugas-Aksantara/install/map_manager/include/map_manager/map_manager/srv/detail/add_victim__struct.hpp
[0.219s] -- Up-to-date: /home/audric/Documents/GitHub/Tugas-Aksantara/install/map_manager/include/map_manager/map_manager/srv/detail/add_victim__traits.hpp
[0.219s] -- Up-to-date: /home/audric/Documents/GitHub/Tugas-Aksantara/install/map_manager/include/map_manager/map_manager/srv/detail/add_obstacle__type_support.hpp
[0.219s] -- Up-to-date: /home/audric/Documents/GitHub/Tugas-Aksantara/install/map_manager/include/map_manager/map_manager/srv/detail/add_obstacle__builder.hpp
[0.219s] -- Up-to-date: /home/audric/Documents/GitHub/Tugas-Aksantara/install/map_manager/include/map_manager/map_manager/srv/detail/add_obstacle__struct.hpp
[0.219s] -- Up-to-date: /home/audric/Documents/GitHub/Tugas-Aksantara/install/map_manager/include/map_manager/map_manager/srv/detail/add_victim__builder.hpp
[0.219s] -- Up-to-date: /home/audric/Documents/GitHub/Tugas-Aksantara/install/map_manager/include/map_manager/map_manager/srv/detail/add_victim__type_support.hpp
[0.219s] -- Up-to-date: /home/audric/Documents/GitHub/Tugas-Aksantara/install/map_manager/include/map_manager/map_manager/srv/add_obstacle.hpp
[0.219s] -- Up-to-date: /home/audric/Documents/GitHub/Tugas-Aksantara/install/map_manager/include/map_manager/map_manager/srv/add_victim.hpp
[0.219s] -- Up-to-date: /home/audric/Documents/GitHub/Tugas-Aksantara/install/map_manager/include/map_manager/map_manager
[0.219s] -- Up-to-date: /home/audric/Documents/GitHub/Tugas-Aksantara/install/map_manager/include/map_manager/map_manager/msg
[0.219s] -- Up-to-date: /home/audric/Documents/GitHub/Tugas-Aksantara/install/map_manager/include/map_manager/map_manager/msg/detail
[0.219s] -- Up-to-date: /home/audric/Documents/GitHub/Tugas-Aksantara/install/map_manager/include/map_manager/map_manager/msg/detail/dds_fastrtps
[0.219s] -- Up-to-date: /home/audric/Documents/GitHub/Tugas-Aksantara/install/map_manager/include/map_manager/map_manager/msg/detail/map_state__rosidl_typesupport_fastrtps_cpp.hpp
[0.219s] -- Up-to-date: /home/audric/Documents/GitHub/Tugas-Aksantara/install/map_manager/include/map_manager/map_manager/msg/rosidl_typesupport_fastrtps_cpp__visibility_control.h
[0.219s] -- Up-to-date: /home/audric/Documents/GitHub/Tugas-Aksantara/install/map_manager/include/map_manager/map_manager/srv
[0.219s] -- Up-to-date: /home/audric/Documents/GitHub/Tugas-Aksantara/install/map_manager/include/map_manager/map_manager/srv/detail
[0.219s] -- Up-to-date: /home/audric/Documents/GitHub/Tugas-Aksantara/install/map_manager/include/map_manager/map_manager/srv/detail/dds_fastrtps
[0.219s] -- Up-to-date: /home/audric/Documents/GitHub/Tugas-Aksantara/install/map_manager/include/map_manager/map_manager/srv/detail/add_victim__rosidl_typesupport_fastrtps_cpp.hpp
[0.220s] -- Up-to-date: /home/audric/Documents/GitHub/Tugas-Aksantara/install/map_manager/include/map_manager/map_manager/srv/detail/add_obstacle__rosidl_typesupport_fastrtps_cpp.hpp
[0.220s] -- Up-to-date: /home/audric/Documents/GitHub/Tugas-Aksantara/install/map_manager/lib/libmap_manager__rosidl_typesupport_fastrtps_cpp.so
[0.220s] -- Up-to-date: /home/audric/Documents/GitHub/Tugas-Aksantara/install/map_manager/include/map_manager/map_manager
[0.220s] -- Up-to-date: /home/audric/Documents/GitHub/Tugas-Aksantara/install/map_manager/include/map_manager/map_manager/msg
[0.220s] -- Up-to-date: /home/audric/Documents/GitHub/Tugas-Aksantara/install/map_manager/include/map_manager/map_manager/msg/detail
[0.220s] -- Up-to-date: /home/audric/Documents/GitHub/Tugas-Aksantara/install/map_manager/include/map_manager/map_manager/msg/detail/map_state__type_support.c
[0.220s] -- Up-to-date: /home/audric/Documents/GitHub/Tugas-Aksantara/install/map_manager/include/map_manager/map_manager/msg/detail/map_state__rosidl_typesupport_introspection_c.h
[0.220s] -- Up-to-date: /home/audric/Documents/GitHub/Tugas-Aksantara/install/map_manager/include/map_manager/map_manager/msg/rosidl_typesupport_introspection_c__visibility_control.h
[0.220s] -- Up-to-date: /home/audric/Documents/GitHub/Tugas-Aksantara/install/map_manager/include/map_manager/map_manager/srv
[0.220s] -- Up-to-date: /home/audric/Documents/GitHub/Tugas-Aksantara/install/map_manager/include/map_manager/map_manager/srv/detail
[0.220s] -- Up-to-date: /home/audric/Documents/GitHub/Tugas-Aksantara/install/map_manager/include/map_manager/map_manager/srv/detail/add_obstacle__type_support.c
[0.220s] -- Up-to-date: /home/audric/Documents/GitHub/Tugas-Aksantara/install/map_manager/include/map_manager/map_manager/srv/detail/add_victim__type_support.c
[0.220s] -- Up-to-date: /home/audric/Documents/GitHub/Tugas-Aksantara/install/map_manager/include/map_manager/map_manager/srv/detail/add_victim__rosidl_typesupport_introspection_c.h
[0.220s] -- Up-to-date: /home/audric/Documents/GitHub/Tugas-Aksantara/install/map_manager/include/map_manager/map_manager/srv/detail/add_obstacle__rosidl_typesupport_introspection_c.h
[0.220s] -- Up-to-date: /home/audric/Documents/GitHub/Tugas-Aksantara/install/map_manager/lib/libmap_manager__rosidl_typesupport_introspection_c.so
[0.220s] -- Up-to-date: /home/audric/Documents/GitHub/Tugas-Aksantara/install/map_manager/lib/libmap_manager__rosidl_typesupport_c.so
[0.220s] -- Up-to-date: /home/audric/Documents/GitHub/Tugas-Aksantara/install/map_manager/include/map_manager/map_manager
[0.220s] -- Up-to-date: /home/audric/Documents/GitHub/Tugas-Aksantara/install/map_manager/include/map_manager/map_manager/msg
[0.220s] -- Up-to-date: /home/audric/Documents/GitHub/Tugas-Aksantara/install/map_manager/include/map_manager/map_manager/msg/detail
[0.220s] -- Up-to-date: /home/audric/Documents/GitHub/Tugas-Aksantara/install/map_manager/include/map_manager/map_manager/msg/detail/map_state__rosidl_typesupport_introspection_cpp.hpp
[0.220s] -- Up-to-date: /home/audric/Documents/GitHub/Tugas-Aksantara/install/map_manager/include/map_manager/map_manager/msg/detail/map_state__type_support.cpp
[0.220s] -- Up-to-date: /home/audric/Documents/GitHub/Tugas-Aksantara/install/map_manager/include/map_manager/map_manager/srv
[0.220s] -- Up-to-date: /home/audric/Documents/GitHub/Tugas-Aksantara/install/map_manager/include/map_manager/map_manager/srv/detail
[0.220s] -- Up-to-date: /home/audric/Documents/GitHub/Tugas-Aksantara/install/map_manager/include/map_manager/map_manager/srv/detail/add_victim__rosidl_typesupport_introspection_cpp.hpp
[0.220s] -- Up-to-date: /home/audric/Documents/GitHub/Tugas-Aksantara/install/map_manager/include/map_manager/map_manager/srv/detail/add_victim__type_support.cpp
[0.220s] -- Up-to-date: /home/audric/Documents/GitHub/Tugas-Aksantara/install/map_manager/include/map_manager/map_manager/srv/detail/add_obstacle__type_support.cpp
[0.220s] -- Up-to-date: /home/audric/Documents/GitHub/Tugas-Aksantara/install/map_manager/include/map_manager/map_manager/srv/detail/add_obstacle__rosidl_typesupport_introspection_cpp.hpp
[0.220s] -- Up-to-date: /home/audric/Documents/GitHub/Tugas-Aksantara/install/map_manager/lib/libmap_manager__rosidl_typesupport_introspection_cpp.so
[0.220s] -- Up-to-date: /home/audric/Documents/GitHub/Tugas-Aksantara/install/map_manager/lib/libmap_manager__rosidl_typesupport_cpp.so
[0.220s] -- Up-to-date: /home/audric/Documents/GitHub/Tugas-Aksantara/install/map_manager/share/map_manager/environment/pythonpath.sh
[0.221s] -- Up-to-date: /home/audric/Documents/GitHub/Tugas-Aksantara/install/map_manager/share/map_manager/environment/pythonpath.dsv
[0.221s] -- Up-to-date: /home/audric/Documents/GitHub/Tugas-Aksantara/install/map_manager/local/lib/python3.10/dist-packages/map_manager-0.0.0-py3.10.egg-info
[0.221s] -- Installing: /home/audric/Documents/GitHub/Tugas-Aksantara/install/map_manager/local/lib/python3.10/dist-packages/map_manager-0.0.0-py3.10.egg-info/PKG-INFO
[0.221s] -- Installing: /home/audric/Documents/GitHub/Tugas-Aksantara/install/map_manager/local/lib/python3.10/dist-packages/map_manager-0.0.0-py3.10.egg-info/top_level.txt
[0.221s] -- Installing: /home/audric/Documents/GitHub/Tugas-Aksantara/install/map_manager/local/lib/python3.10/dist-packages/map_manager-0.0.0-py3.10.egg-info/SOURCES.txt
[0.221s] -- Installing: /home/audric/Documents/GitHub/Tugas-Aksantara/install/map_manager/local/lib/python3.10/dist-packages/map_manager-0.0.0-py3.10.egg-info/dependency_links.txt
[0.221s] -- Up-to-date: /home/audric/Documents/GitHub/Tugas-Aksantara/install/map_manager/local/lib/python3.10/dist-packages/map_manager
[0.221s] -- Up-to-date: /home/audric/Documents/GitHub/Tugas-Aksantara/install/map_manager/local/lib/python3.10/dist-packages/map_manager/_map_manager_s.ep.rosidl_typesupport_fastrtps_c.c
[0.221s] -- Up-to-date: /home/audric/Documents/GitHub/Tugas-Aksantara/install/map_manager/local/lib/python3.10/dist-packages/map_manager/map_manager_s__rosidl_typesupport_fastrtps_c.cpython-310-x86_64-linux-gnu.so
[0.221s] -- Up-to-date: /home/audric/Documents/GitHub/Tugas-Aksantara/install/map_manager/local/lib/python3.10/dist-packages/map_manager/_map_manager_s.ep.rosidl_typesupport_c.c
[0.221s] -- Up-to-date: /home/audric/Documents/GitHub/Tugas-Aksantara/install/map_manager/local/lib/python3.10/dist-packages/map_manager/map_manager_s__rosidl_typesupport_c.cpython-310-x86_64-linux-gnu.so
[0.221s] -- Up-to-date: /home/audric/Documents/GitHub/Tugas-Aksantara/install/map_manager/local/lib/python3.10/dist-packages/map_manager/msg
[0.221s] -- Up-to-date: /home/audric/Documents/GitHub/Tugas-Aksantara/install/map_manager/local/lib/python3.10/dist-packages/map_manager/msg/_map_state.py
[0.221s] -- Up-to-date: /home/audric/Documents/GitHub/Tugas-Aksantara/install/map_manager/local/lib/python3.10/dist-packages/map_manager/msg/__init__.py
[0.221s] -- Up-to-date: /home/audric/Documents/GitHub/Tugas-Aksantara/install/map_manager/local/lib/python3.10/dist-packages/map_manager/msg/_map_state_s.c
[0.221s] -- Up-to-date: /home/audric/Documents/GitHub/Tugas-Aksantara/install/map_manager/local/lib/python3.10/dist-packages/map_manager/__init__.py
[0.221s] -- Up-to-date: /home/audric/Documents/GitHub/Tugas-Aksantara/install/map_manager/local/lib/python3.10/dist-packages/map_manager/map_manager_s__rosidl_typesupport_introspection_c.cpython-310-x86_64-linux-gnu.so
[0.221s] -- Up-to-date: /home/audric/Documents/GitHub/Tugas-Aksantara/install/map_manager/local/lib/python3.10/dist-packages/map_manager/srv
[0.221s] -- Up-to-date: /home/audric/Documents/GitHub/Tugas-Aksantara/install/map_manager/local/lib/python3.10/dist-packages/map_manager/srv/_add_obstacle.py
[0.221s] -- Up-to-date: /home/audric/Documents/GitHub/Tugas-Aksantara/install/map_manager/local/lib/python3.10/dist-packages/map_manager/srv/_add_victim.py
[0.221s] -- Up-to-date: /home/audric/Documents/GitHub/Tugas-Aksantara/install/map_manager/local/lib/python3.10/dist-packages/map_manager/srv/__init__.py
[0.221s] -- Up-to-date: /home/audric/Documents/GitHub/Tugas-Aksantara/install/map_manager/local/lib/python3.10/dist-packages/map_manager/srv/_add_victim_s.c
[0.221s] -- Up-to-date: /home/audric/Documents/GitHub/Tugas-Aksantara/install/map_manager/local/lib/python3.10/dist-packages/map_manager/srv/_add_obstacle_s.c
[0.221s] -- Up-to-date: /home/audric/Documents/GitHub/Tugas-Aksantara/install/map_manager/local/lib/python3.10/dist-packages/map_manager/_map_manager_s.ep.rosidl_typesupport_introspection_c.c
[0.221s] -- Up-to-date: /home/audric/Documents/GitHub/Tugas-Aksantara/install/map_manager/local/lib/python3.10/dist-packages/map_manager/libmap_manager__rosidl_generator_py.so
[0.240s] Listing '/home/audric/Documents/GitHub/Tugas-Aksantara/install/map_manager/local/lib/python3.10/dist-packages/map_manager'...
[0.240s] Listing '/home/audric/Documents/GitHub/Tugas-Aksantara/install/map_manager/local/lib/python3.10/dist-packages/map_manager/msg'...
[0.240s] Listing '/home/audric/Documents/GitHub/Tugas-Aksantara/install/map_manager/local/lib/python3.10/dist-packages/map_manager/srv'...
[0.243s] -- Up-to-date: /home/audric/Documents/GitHub/Tugas-Aksantara/install/map_manager/local/lib/python3.10/dist-packages/map_manager/map_manager_s__rosidl_typesupport_fastrtps_c.cpython-310-x86_64-linux-gnu.so
[0.243s] -- Up-to-date: /home/audric/Documents/GitHub/Tugas-Aksantara/install/map_manager/local/lib/python3.10/dist-packages/map_manager/map_manager_s__rosidl_typesupport_introspection_c.cpython-310-x86_64-linux-gnu.so
[0.244s] -- Up-to-date: /home/audric/Documents/GitHub/Tugas-Aksantara/install/map_manager/local/lib/python3.10/dist-packages/map_manager/map_manager_s__rosidl_typesupport_c.cpython-310-x86_64-linux-gnu.so
[0.244s] -- Up-to-date: /home/audric/Documents/GitHub/Tugas-Aksantara/install/map_manager/lib/libmap_manager__rosidl_generator_py.so
[0.244s] -- Up-to-date: /home/audric/Documents/GitHub/Tugas-Aksantara/install/map_manager/share/map_manager/msg/MapState.idl
[0.244s] -- Up-to-date: /home/audric/Documents/GitHub/Tugas-Aksantara/install/map_manager/share/map_manager/srv/AddObstacle.idl
[0.244s] -- Up-to-date: /home/audric/Documents/GitHub/Tugas-Aksantara/install/map_manager/share/map_manager/srv/AddVictim.idl
[0.244s] -- Up-to-date: /home/audric/Documents/GitHub/Tugas-Aksantara/install/map_manager/share/map_manager/msg/MapState.msg
[0.244s] -- Up-to-date: /home/audric/Documents/GitHub/Tugas-Aksantara/install/map_manager/share/map_manager/srv/AddObstacle.srv
[0.244s] -- Up-to-date: /home/audric/Documents/GitHub/Tugas-Aksantara/install/map_manager/share/map_manager/srv/AddObstacle_Request.msg
[0.244s] -- Up-to-date: /home/audric/Documents/GitHub/Tugas-Aksantara/install/map_manager/share/map_manager/srv/AddObstacle_Response.msg
[0.245s] -- Up-to-date: /home/audric/Documents/GitHub/Tugas-Aksantara/install/map_manager/share/map_manager/srv/AddVictim.srv
[0.245s] -- Up-to-date: /home/audric/Documents/GitHub/Tugas-Aksantara/install/map_manager/share/map_manager/srv/AddVictim_Request.msg
[0.245s] -- Up-to-date: /home/audric/Documents/GitHub/Tugas-Aksantara/install/map_manager/share/map_manager/srv/AddVictim_Response.msg
[0.245s] -- Up-to-date: /home/audric/Documents/GitHub/Tugas-Aksantara/install/map_manager/lib/map_manager/map_publish
[0.245s] -- Up-to-date: /home/audric/Documents/GitHub/Tugas-Aksantara/install/map_manager/lib/map_manager/map_subscribe
[0.245s] -- Up-to-date: /home/audric/Documents/GitHub/Tugas-Aksantara/install/map_manager/lib/map_manager/add_obstacle
[0.245s] -- Up-to-date: /home/audric/Documents/GitHub/Tugas-Aksantara/install/map_manager/lib/map_manager/add_victim
[0.245s] -- Up-to-date: /home/audric/Documents/GitHub/Tugas-Aksantara/install/map_manager/share/ament_index/resource_index/package_run_dependencies/map_manager
[0.245s] -- Up-to-date: /home/audric/Documents/GitHub/Tugas-Aksantara/install/map_manager/share/ament_index/resource_index/parent_prefix_path/map_manager
[0.245s] -- Up-to-date: /home/audric/Documents/GitHub/Tugas-Aksantara/install/map_manager/share/map_manager/environment/ament_prefix_path.sh
[0.245s] -- Up-to-date: /home/audric/Documents/GitHub/Tugas-Aksantara/install/map_manager/share/map_manager/environment/ament_prefix_path.dsv
[0.245s] -- Up-to-date: /home/audric/Documents/GitHub/Tugas-Aksantara/install/map_manager/share/map_manager/environment/path.sh
[0.245s] -- Up-to-date: /home/audric/Documents/GitHub/Tugas-Aksantara/install/map_manager/share/map_manager/environment/path.dsv
[0.245s] -- Up-to-date: /home/audric/Documents/GitHub/Tugas-Aksantara/install/map_manager/share/map_manager/local_setup.bash
[0.245s] -- Up-to-date: /home/audric/Documents/GitHub/Tugas-Aksantara/install/map_manager/share/map_manager/local_setup.sh
[0.245s] -- Up-to-date: /home/audric/Documents/GitHub/Tugas-Aksantara/install/map_manager/share/map_manager/local_setup.zsh
[0.245s] -- Up-to-date: /home/audric/Documents/GitHub/Tugas-Aksantara/install/map_manager/share/map_manager/local_setup.dsv
[0.245s] -- Installing: /home/audric/Documents/GitHub/Tugas-Aksantara/install/map_manager/share/map_manager/package.dsv
[0.245s] -- Up-to-date: /home/audric/Documents/GitHub/Tugas-Aksantara/install/map_manager/share/ament_index/resource_index/packages/map_manager
[0.245s] -- Up-to-date: /home/audric/Documents/GitHub/Tugas-Aksantara/install/map_manager/share/map_manager/cmake/export_map_manager__rosidl_generator_cExport.cmake
[0.245s] -- Up-to-date: /home/audric/Documents/GitHub/Tugas-Aksantara/install/map_manager/share/map_manager/cmake/export_map_manager__rosidl_generator_cExport-noconfig.cmake
[0.245s] -- Up-to-date: /home/audric/Documents/GitHub/Tugas-Aksantara/install/map_manager/share/map_manager/cmake/export_map_manager__rosidl_typesupport_fastrtps_cExport.cmake
[0.245s] -- Up-to-date: /home/audric/Documents/GitHub/Tugas-Aksantara/install/map_manager/share/map_manager/cmake/export_map_manager__rosidl_typesupport_fastrtps_cExport-noconfig.cmake
[0.245s] -- Up-to-date: /home/audric/Documents/GitHub/Tugas-Aksantara/install/map_manager/share/map_manager/cmake/export_map_manager__rosidl_generator_cppExport.cmake
[0.245s] -- Up-to-date: /home/audric/Documents/GitHub/Tugas-Aksantara/install/map_manager/share/map_manager/cmake/export_map_manager__rosidl_typesupport_fastrtps_cppExport.cmake
[0.245s] -- Up-to-date: /home/audric/Documents/GitHub/Tugas-Aksantara/install/map_manager/share/map_manager/cmake/export_map_manager__rosidl_typesupport_fastrtps_cppExport-noconfig.cmake
[0.245s] -- Up-to-date: /home/audric/Documents/GitHub/Tugas-Aksantara/install/map_manager/share/map_manager/cmake/map_manager__rosidl_typesupport_introspection_cExport.cmake
[0.245s] -- Up-to-date: /home/audric/Documents/GitHub/Tugas-Aksantara/install/map_manager/share/map_manager/cmake/map_manager__rosidl_typesupport_introspection_cExport-noconfig.cmake
[0.246s] -- Up-to-date: /home/audric/Documents/GitHub/Tugas-Aksantara/install/map_manager/share/map_manager/cmake/map_manager__rosidl_typesupport_cExport.cmake
[0.246s] -- Up-to-date: /home/audric/Documents/GitHub/Tugas-Aksantara/install/map_manager/share/map_manager/cmake/map_manager__rosidl_typesupport_cExport-noconfig.cmake
[0.246s] -- Up-to-date: /home/audric/Documents/GitHub/Tugas-Aksantara/install/map_manager/share/map_manager/cmake/map_manager__rosidl_typesupport_introspection_cppExport.cmake
[0.246s] -- Up-to-date: /home/audric/Documents/GitHub/Tugas-Aksantara/install/map_manager/share/map_manager/cmake/map_manager__rosidl_typesupport_introspection_cppExport-noconfig.cmake
[0.246s] -- Up-to-date: /home/audric/Documents/GitHub/Tugas-Aksantara/install/map_manager/share/map_manager/cmake/map_manager__rosidl_typesupport_cppExport.cmake
[0.246s] -- Up-to-date: /home/audric/Documents/GitHub/Tugas-Aksantara/install/map_manager/share/map_manager/cmake/map_manager__rosidl_typesupport_cppExport-noconfig.cmake
[0.246s] -- Up-to-date: /home/audric/Documents/GitHub/Tugas-Aksantara/install/map_manager/share/map_manager/cmake/export_map_manager__rosidl_generator_pyExport.cmake
[0.246s] -- Up-to-date: /home/audric/Documents/GitHub/Tugas-Aksantara/install/map_manager/share/map_manager/cmake/export_map_manager__rosidl_generator_pyExport-noconfig.cmake
[0.246s] -- Up-to-date: /home/audric/Documents/GitHub/Tugas-Aksantara/install/map_manager/share/map_manager/cmake/rosidl_cmake-extras.cmake
[0.246s] -- Up-to-date: /home/audric/Documents/GitHub/Tugas-Aksantara/install/map_manager/share/map_manager/cmake/ament_cmake_export_dependencies-extras.cmake
[0.246s] -- Up-to-date: /home/audric/Documents/GitHub/Tugas-Aksantara/install/map_manager/share/map_manager/cmake/ament_cmake_export_include_directories-extras.cmake
[0.246s] -- Up-to-date: /home/audric/Documents/GitHub/Tugas-Aksantara/install/map_manager/share/map_manager/cmake/ament_cmake_export_libraries-extras.cmake
[0.246s] -- Up-to-date: /home/audric/Documents/GitHub/Tugas-Aksantara/install/map_manager/share/map_manager/cmake/ament_cmake_export_targets-extras.cmake
[0.246s] -- Up-to-date: /home/audric/Documents/GitHub/Tugas-Aksantara/install/map_manager/share/map_manager/cmake/rosidl_cmake_export_typesupport_targets-extras.cmake
[0.246s] -- Up-to-date: /home/audric/Documents/GitHub/Tugas-Aksantara/install/map_manager/share/map_manager/cmake/rosidl_cmake_export_typesupport_libraries-extras.cmake
[0.246s] -- Up-to-date: /home/audric/Documents/GitHub/Tugas-Aksantara/install/map_manager/share/map_manager/cmake/map_managerConfig.cmake
[0.246s] -- Up-to-date: /home/audric/Documents/GitHub/Tugas-Aksantara/install/map_manager/share/map_manager/cmake/map_managerConfig-version.cmake
[0.246s] -- Up-to-date: /home/audric/Documents/GitHub/Tugas-Aksantara/install/map_manager/share/map_manager/package.xml
[0.249s] Invoked command in '/home/audric/Documents/GitHub/Tugas-Aksantara/build/map_manager' returned '0': CMAKE_PREFIX_PATH=${CMAKE_PREFIX_PATH}:/opt/ros/humble /usr/bin/cmake --install /home/audric/Documents/GitHub/Tugas-Aksantara/build/map_manager
