[0.009s] Invoking command in '/home/aqib/ros_learning/ros2_3/build/map_manager': CMAKE_PREFIX_PATH=${CMAKE_PREFIX_PATH}:/home/aqib/ros_learning/ros2_test/install/launch_testing_examples:/home/aqib/ros_learning/ros2_test/install/examples_rclpy_pointcloud_publisher:/home/aqib/ros_learning/ros2_test/install/examples_rclpy_minimal_subscriber:/home/aqib/ros_learning/ros2_test/install/examples_rclpy_minimal_service:/home/aqib/ros_learning/ros2_test/install/examples_rclpy_minimal_publisher:/home/aqib/ros_learning/ros2_test/install/examples_rclpy_minimal_client:/home/aqib/ros_learning/ros2_test/install/examples_rclpy_minimal_action_server:/home/aqib/ros_learning/ros2_test/install/examples_rclpy_minimal_action_client:/home/aqib/ros_learning/ros2_test/install/examples_rclpy_guard_conditions:/home/aqib/ros_learning/ros2_test/install/examples_rclpy_executors:/home/aqib/ros2_ws/install/my_robot_controller:/opt/ros/humble /usr/bin/cmake --build /home/aqib/ros_learning/ros2_3/build/map_manager -- -j12 -l12
[0.027s] -- Found ament_cmake: 1.3.11 (/opt/ros/humble/share/ament_cmake/cmake)
[0.120s] -- Found rclcpp: 16.0.11 (/opt/ros/humble/share/rclcpp/cmake)
[0.138s] -- Found rosidl_generator_c: 3.1.6 (/opt/ros/humble/share/rosidl_generator_c/cmake)
[0.139s] -- Found rosidl_adapter: 3.1.6 (/opt/ros/humble/share/rosidl_adapter/cmake)
[0.143s] -- Found rosidl_generator_cpp: 3.1.6 (/opt/ros/humble/share/rosidl_generator_cpp/cmake)
[0.149s] -- Using all available rosidl_typesupport_c: rosidl_typesupport_fastrtps_c;rosidl_typesupport_introspection_c
[0.157s] -- Using all available rosidl_typesupport_cpp: rosidl_typesupport_fastrtps_cpp;rosidl_typesupport_introspection_cpp
[0.177s] -- Found rmw_implementation_cmake: 6.1.2 (/opt/ros/humble/share/rmw_implementation_cmake/cmake)
[0.179s] -- Found rmw_fastrtps_cpp: 6.2.7 (/opt/ros/humble/share/rmw_fastrtps_cpp/cmake)
[0.250s] -- Using RMW implementation 'rmw_fastrtps_cpp' as default
[0.279s] -- Found rosidl_default_generators: 1.2.0 (/opt/ros/humble/share/rosidl_default_generators/cmake)
[0.492s] -- Found ament_cmake_ros: 0.10.0 (/opt/ros/humble/share/ament_cmake_ros/cmake)
[0.759s] -- Using all available rosidl_typesupport_c: rosidl_typesupport_fastrtps_c;rosidl_typesupport_introspection_c
[0.867s] -- Using all available rosidl_typesupport_cpp: rosidl_typesupport_fastrtps_cpp;rosidl_typesupport_introspection_cpp
[0.885s] -- Found python_cmake_module: 0.10.0 (/opt/ros/humble/share/python_cmake_module/cmake)
[0.902s] -- Using PYTHON_EXECUTABLE: /usr/bin/python3
[0.902s] -- Using PYTHON_INCLUDE_DIRS: /usr/include/python3.10
[0.902s] -- Using PYTHON_LIBRARIES: /usr/lib/x86_64-linux-gnu/libpython3.10.so
[0.929s] -- Found ament_lint_auto: 0.12.11 (/opt/ros/humble/share/ament_lint_auto/cmake)
[0.934s] -- Added test 'cppcheck' to perform static code analysis on C / C++ code
[0.934s] -- Configured cppcheck include dirs: 
[0.934s] -- Configured cppcheck exclude dirs and/or files: 
[0.934s] -- Added test 'lint_cmake' to check CMake code style
[0.935s] -- Added test 'uncrustify' to check C / C++ code style
[0.935s] -- Configured uncrustify additional arguments: 
[0.935s] -- Added test 'xmllint' to check XML markup files
[0.936s] -- Configuring done
[0.960s] -- Generating done
[0.969s] -- Build files have been written to: /home/aqib/ros_learning/ros2_3/build/map_manager
[0.988s] [35m[1mConsolidate compiler generated dependencies of target map_manager__rosidl_generator_c[0m
[0.988s] [35m[1mConsolidate compiler generated dependencies of target map_subscribe[0m
[0.994s] [  1%] Built target map_manager__cpp
[0.995s] [ 11%] Built target map_manager__rosidl_generator_c
[1.001s] [ 15%] Built target map_subscribe
[1.001s] [ 15%] Built target ament_cmake_python_copy_map_manager
[1.002s] [35m[1mConsolidate compiler generated dependencies of target map_manager__rosidl_typesupport_cpp[0m
[1.002s] [35m[1mConsolidate compiler generated dependencies of target map_manager__rosidl_typesupport_introspection_cpp[0m
[1.002s] [35m[1mConsolidate compiler generated dependencies of target map_manager__rosidl_typesupport_c[0m
[1.004s] [35m[1mConsolidate compiler generated dependencies of target map_manager__rosidl_typesupport_fastrtps_cpp[0m
[1.004s] [35m[1mConsolidate compiler generated dependencies of target map_manager__rosidl_typesupport_fastrtps_c[0m
[1.004s] [35m[1mConsolidate compiler generated dependencies of target map_manager__rosidl_typesupport_introspection_c[0m
[1.010s] [ 25%] Built target map_manager__rosidl_typesupport_c
[1.012s] [ 35%] Built target map_manager__rosidl_typesupport_cpp
[1.014s] [ 45%] Built target map_manager__rosidl_typesupport_introspection_cpp
[1.014s] [ 62%] Built target map_manager__rosidl_typesupport_introspection_c
[1.014s] [ 64%] Built target map_manager__rosidl_typesupport_fastrtps_c
[1.017s] [ 74%] Built target map_manager__rosidl_typesupport_fastrtps_cpp
[1.020s] [35m[1mConsolidate compiler generated dependencies of target map_publish[0m
[1.030s] [ 76%] Built target map_manager
[1.031s] [ 78%] Built target map_publish
[1.044s] [ 80%] Built target map_manager__py
[1.052s] [35m[1mConsolidate compiler generated dependencies of target map_manager__rosidl_generator_py[0m
[1.061s] [ 88%] Built target map_manager__rosidl_generator_py
[1.068s] [35m[1mConsolidate compiler generated dependencies of target map_manager__rosidl_typesupport_c__pyext[0m
[1.068s] [35m[1mConsolidate compiler generated dependencies of target map_manager__rosidl_typesupport_introspection_c__pyext[0m
[1.069s] [35m[1mConsolidate compiler generated dependencies of target map_manager__rosidl_typesupport_fastrtps_c__pyext[0m
[1.077s] [ 92%] Built target map_manager__rosidl_typesupport_fastrtps_c__pyext
[1.078s] [100%] Built target map_manager__rosidl_typesupport_introspection_c__pyext
[1.078s] [100%] Built target map_manager__rosidl_typesupport_c__pyext
[1.191s] running egg_info
[1.192s] writing map_manager.egg-info/PKG-INFO
[1.192s] writing dependency_links to map_manager.egg-info/dependency_links.txt
[1.192s] writing top-level names to map_manager.egg-info/top_level.txt
[1.195s] reading manifest file 'map_manager.egg-info/SOURCES.txt'
[1.195s] writing manifest file 'map_manager.egg-info/SOURCES.txt'
[1.213s] [100%] Built target ament_cmake_python_build_map_manager_egg
[1.222s] Invoked command in '/home/aqib/ros_learning/ros2_3/build/map_manager' returned '0': CMAKE_PREFIX_PATH=${CMAKE_PREFIX_PATH}:/home/aqib/ros_learning/ros2_test/install/launch_testing_examples:/home/aqib/ros_learning/ros2_test/install/examples_rclpy_pointcloud_publisher:/home/aqib/ros_learning/ros2_test/install/examples_rclpy_minimal_subscriber:/home/aqib/ros_learning/ros2_test/install/examples_rclpy_minimal_service:/home/aqib/ros_learning/ros2_test/install/examples_rclpy_minimal_publisher:/home/aqib/ros_learning/ros2_test/install/examples_rclpy_minimal_client:/home/aqib/ros_learning/ros2_test/install/examples_rclpy_minimal_action_server:/home/aqib/ros_learning/ros2_test/install/examples_rclpy_minimal_action_client:/home/aqib/ros_learning/ros2_test/install/examples_rclpy_guard_conditions:/home/aqib/ros_learning/ros2_test/install/examples_rclpy_executors:/home/aqib/ros2_ws/install/my_robot_controller:/opt/ros/humble /usr/bin/cmake --build /home/aqib/ros_learning/ros2_3/build/map_manager -- -j12 -l12
[1.228s] Invoking command in '/home/aqib/ros_learning/ros2_3/build/map_manager': CMAKE_PREFIX_PATH=${CMAKE_PREFIX_PATH}:/home/aqib/ros_learning/ros2_test/install/launch_testing_examples:/home/aqib/ros_learning/ros2_test/install/examples_rclpy_pointcloud_publisher:/home/aqib/ros_learning/ros2_test/install/examples_rclpy_minimal_subscriber:/home/aqib/ros_learning/ros2_test/install/examples_rclpy_minimal_service:/home/aqib/ros_learning/ros2_test/install/examples_rclpy_minimal_publisher:/home/aqib/ros_learning/ros2_test/install/examples_rclpy_minimal_client:/home/aqib/ros_learning/ros2_test/install/examples_rclpy_minimal_action_server:/home/aqib/ros_learning/ros2_test/install/examples_rclpy_minimal_action_client:/home/aqib/ros_learning/ros2_test/install/examples_rclpy_guard_conditions:/home/aqib/ros_learning/ros2_test/install/examples_rclpy_executors:/home/aqib/ros2_ws/install/my_robot_controller:/opt/ros/humble /usr/bin/cmake --install /home/aqib/ros_learning/ros2_3/build/map_manager
[1.233s] -- Install configuration: ""
[1.233s] -- Up-to-date: /home/aqib/ros_learning/ros2_3/install/map_manager/share/ament_index/resource_index/rosidl_interfaces/map_manager
[1.234s] -- Up-to-date: /home/aqib/ros_learning/ros2_3/install/map_manager/include/map_manager/map_manager
[1.234s] -- Up-to-date: /home/aqib/ros_learning/ros2_3/install/map_manager/include/map_manager/map_manager/srv
[1.234s] -- Up-to-date: /home/aqib/ros_learning/ros2_3/install/map_manager/include/map_manager/map_manager/srv/add_obstacle.h
[1.234s] -- Up-to-date: /home/aqib/ros_learning/ros2_3/install/map_manager/include/map_manager/map_manager/srv/add_victim.h
[1.234s] -- Up-to-date: /home/aqib/ros_learning/ros2_3/install/map_manager/include/map_manager/map_manager/srv/detail
[1.234s] -- Up-to-date: /home/aqib/ros_learning/ros2_3/install/map_manager/include/map_manager/map_manager/srv/detail/add_victim__type_support.h
[1.234s] -- Up-to-date: /home/aqib/ros_learning/ros2_3/install/map_manager/include/map_manager/map_manager/srv/detail/add_victim__functions.c
[1.234s] -- Up-to-date: /home/aqib/ros_learning/ros2_3/install/map_manager/include/map_manager/map_manager/srv/detail/add_obstacle__functions.c
[1.234s] -- Up-to-date: /home/aqib/ros_learning/ros2_3/install/map_manager/include/map_manager/map_manager/srv/detail/add_obstacle__type_support.h
[1.234s] -- Up-to-date: /home/aqib/ros_learning/ros2_3/install/map_manager/include/map_manager/map_manager/srv/detail/add_obstacle__struct.h
[1.234s] -- Up-to-date: /home/aqib/ros_learning/ros2_3/install/map_manager/include/map_manager/map_manager/srv/detail/add_victim__struct.h
[1.234s] -- Up-to-date: /home/aqib/ros_learning/ros2_3/install/map_manager/include/map_manager/map_manager/srv/detail/add_victim__functions.h
[1.234s] -- Up-to-date: /home/aqib/ros_learning/ros2_3/install/map_manager/include/map_manager/map_manager/srv/detail/add_obstacle__functions.h
[1.234s] -- Up-to-date: /home/aqib/ros_learning/ros2_3/install/map_manager/include/map_manager/map_manager/msg
[1.234s] -- Up-to-date: /home/aqib/ros_learning/ros2_3/install/map_manager/include/map_manager/map_manager/msg/map_state.h
[1.234s] -- Up-to-date: /home/aqib/ros_learning/ros2_3/install/map_manager/include/map_manager/map_manager/msg/detail
[1.235s] -- Up-to-date: /home/aqib/ros_learning/ros2_3/install/map_manager/include/map_manager/map_manager/msg/detail/map_state__type_support.h
[1.235s] -- Up-to-date: /home/aqib/ros_learning/ros2_3/install/map_manager/include/map_manager/map_manager/msg/detail/map_state__struct.h
[1.235s] -- Up-to-date: /home/aqib/ros_learning/ros2_3/install/map_manager/include/map_manager/map_manager/msg/detail/map_state__functions.c
[1.235s] -- Up-to-date: /home/aqib/ros_learning/ros2_3/install/map_manager/include/map_manager/map_manager/msg/detail/map_state__functions.h
[1.235s] -- Up-to-date: /home/aqib/ros_learning/ros2_3/install/map_manager/include/map_manager/map_manager/msg/rosidl_generator_c__visibility_control.h
[1.235s] -- Up-to-date: /home/aqib/ros_learning/ros2_3/install/map_manager/share/map_manager/environment/library_path.sh
[1.235s] -- Installing: /home/aqib/ros_learning/ros2_3/install/map_manager/share/map_manager/environment/library_path.dsv
[1.235s] -- Up-to-date: /home/aqib/ros_learning/ros2_3/install/map_manager/lib/libmap_manager__rosidl_generator_c.so
[1.235s] -- Up-to-date: /home/aqib/ros_learning/ros2_3/install/map_manager/include/map_manager/map_manager
[1.235s] -- Up-to-date: /home/aqib/ros_learning/ros2_3/install/map_manager/include/map_manager/map_manager/srv
[1.235s] -- Up-to-date: /home/aqib/ros_learning/ros2_3/install/map_manager/include/map_manager/map_manager/srv/detail
[1.235s] -- Up-to-date: /home/aqib/ros_learning/ros2_3/install/map_manager/include/map_manager/map_manager/srv/detail/add_victim__rosidl_typesupport_fastrtps_c.h
[1.236s] -- Up-to-date: /home/aqib/ros_learning/ros2_3/install/map_manager/include/map_manager/map_manager/srv/detail/add_obstacle__rosidl_typesupport_fastrtps_c.h
[1.236s] -- Up-to-date: /home/aqib/ros_learning/ros2_3/install/map_manager/include/map_manager/map_manager/msg
[1.236s] -- Up-to-date: /home/aqib/ros_learning/ros2_3/install/map_manager/include/map_manager/map_manager/msg/rosidl_typesupport_fastrtps_c__visibility_control.h
[1.236s] -- Up-to-date: /home/aqib/ros_learning/ros2_3/install/map_manager/include/map_manager/map_manager/msg/detail
[1.236s] -- Up-to-date: /home/aqib/ros_learning/ros2_3/install/map_manager/include/map_manager/map_manager/msg/detail/map_state__rosidl_typesupport_fastrtps_c.h
[1.236s] -- Up-to-date: /home/aqib/ros_learning/ros2_3/install/map_manager/lib/libmap_manager__rosidl_typesupport_fastrtps_c.so
[1.236s] -- Up-to-date: /home/aqib/ros_learning/ros2_3/install/map_manager/include/map_manager/map_manager
[1.236s] -- Up-to-date: /home/aqib/ros_learning/ros2_3/install/map_manager/include/map_manager/map_manager/srv
[1.236s] -- Up-to-date: /home/aqib/ros_learning/ros2_3/install/map_manager/include/map_manager/map_manager/srv/add_obstacle.hpp
[1.236s] -- Up-to-date: /home/aqib/ros_learning/ros2_3/install/map_manager/include/map_manager/map_manager/srv/detail
[1.236s] -- Up-to-date: /home/aqib/ros_learning/ros2_3/install/map_manager/include/map_manager/map_manager/srv/detail/add_obstacle__traits.hpp
[1.236s] -- Up-to-date: /home/aqib/ros_learning/ros2_3/install/map_manager/include/map_manager/map_manager/srv/detail/add_victim__builder.hpp
[1.236s] -- Up-to-date: /home/aqib/ros_learning/ros2_3/install/map_manager/include/map_manager/map_manager/srv/detail/add_obstacle__builder.hpp
[1.236s] -- Up-to-date: /home/aqib/ros_learning/ros2_3/install/map_manager/include/map_manager/map_manager/srv/detail/add_victim__traits.hpp
[1.236s] -- Up-to-date: /home/aqib/ros_learning/ros2_3/install/map_manager/include/map_manager/map_manager/srv/detail/add_victim__type_support.hpp
[1.236s] -- Up-to-date: /home/aqib/ros_learning/ros2_3/install/map_manager/include/map_manager/map_manager/srv/detail/add_obstacle__struct.hpp
[1.237s] -- Up-to-date: /home/aqib/ros_learning/ros2_3/install/map_manager/include/map_manager/map_manager/srv/detail/add_obstacle__type_support.hpp
[1.237s] -- Up-to-date: /home/aqib/ros_learning/ros2_3/install/map_manager/include/map_manager/map_manager/srv/detail/add_victim__struct.hpp
[1.237s] -- Up-to-date: /home/aqib/ros_learning/ros2_3/install/map_manager/include/map_manager/map_manager/srv/add_victim.hpp
[1.237s] -- Up-to-date: /home/aqib/ros_learning/ros2_3/install/map_manager/include/map_manager/map_manager/msg
[1.237s] -- Up-to-date: /home/aqib/ros_learning/ros2_3/install/map_manager/include/map_manager/map_manager/msg/map_state.hpp
[1.237s] -- Up-to-date: /home/aqib/ros_learning/ros2_3/install/map_manager/include/map_manager/map_manager/msg/rosidl_generator_cpp__visibility_control.hpp
[1.237s] -- Up-to-date: /home/aqib/ros_learning/ros2_3/install/map_manager/include/map_manager/map_manager/msg/detail
[1.237s] -- Up-to-date: /home/aqib/ros_learning/ros2_3/install/map_manager/include/map_manager/map_manager/msg/detail/map_state__struct.hpp
[1.237s] -- Up-to-date: /home/aqib/ros_learning/ros2_3/install/map_manager/include/map_manager/map_manager/msg/detail/map_state__builder.hpp
[1.237s] -- Up-to-date: /home/aqib/ros_learning/ros2_3/install/map_manager/include/map_manager/map_manager/msg/detail/map_state__traits.hpp
[1.237s] -- Up-to-date: /home/aqib/ros_learning/ros2_3/install/map_manager/include/map_manager/map_manager/msg/detail/map_state__type_support.hpp
[1.237s] -- Up-to-date: /home/aqib/ros_learning/ros2_3/install/map_manager/include/map_manager/map_manager
[1.237s] -- Up-to-date: /home/aqib/ros_learning/ros2_3/install/map_manager/include/map_manager/map_manager/srv
[1.237s] -- Up-to-date: /home/aqib/ros_learning/ros2_3/install/map_manager/include/map_manager/map_manager/srv/detail
[1.237s] -- Up-to-date: /home/aqib/ros_learning/ros2_3/install/map_manager/include/map_manager/map_manager/srv/detail/dds_fastrtps
[1.238s] -- Up-to-date: /home/aqib/ros_learning/ros2_3/install/map_manager/include/map_manager/map_manager/srv/detail/add_obstacle__rosidl_typesupport_fastrtps_cpp.hpp
[1.238s] -- Up-to-date: /home/aqib/ros_learning/ros2_3/install/map_manager/include/map_manager/map_manager/srv/detail/add_victim__rosidl_typesupport_fastrtps_cpp.hpp
[1.238s] -- Up-to-date: /home/aqib/ros_learning/ros2_3/install/map_manager/include/map_manager/map_manager/msg
[1.238s] -- Up-to-date: /home/aqib/ros_learning/ros2_3/install/map_manager/include/map_manager/map_manager/msg/rosidl_typesupport_fastrtps_cpp__visibility_control.h
[1.238s] -- Up-to-date: /home/aqib/ros_learning/ros2_3/install/map_manager/include/map_manager/map_manager/msg/detail
[1.238s] -- Up-to-date: /home/aqib/ros_learning/ros2_3/install/map_manager/include/map_manager/map_manager/msg/detail/map_state__rosidl_typesupport_fastrtps_cpp.hpp
[1.238s] -- Up-to-date: /home/aqib/ros_learning/ros2_3/install/map_manager/include/map_manager/map_manager/msg/detail/dds_fastrtps
[1.238s] -- Up-to-date: /home/aqib/ros_learning/ros2_3/install/map_manager/lib/libmap_manager__rosidl_typesupport_fastrtps_cpp.so
[1.238s] -- Up-to-date: /home/aqib/ros_learning/ros2_3/install/map_manager/include/map_manager/map_manager
[1.238s] -- Up-to-date: /home/aqib/ros_learning/ros2_3/install/map_manager/include/map_manager/map_manager/srv
[1.238s] -- Up-to-date: /home/aqib/ros_learning/ros2_3/install/map_manager/include/map_manager/map_manager/srv/detail
[1.238s] -- Up-to-date: /home/aqib/ros_learning/ros2_3/install/map_manager/include/map_manager/map_manager/srv/detail/add_victim__rosidl_typesupport_introspection_c.h
[1.238s] -- Up-to-date: /home/aqib/ros_learning/ros2_3/install/map_manager/include/map_manager/map_manager/srv/detail/add_obstacle__rosidl_typesupport_introspection_c.h
[1.238s] -- Up-to-date: /home/aqib/ros_learning/ros2_3/install/map_manager/include/map_manager/map_manager/srv/detail/add_victim__type_support.c
[1.238s] -- Up-to-date: /home/aqib/ros_learning/ros2_3/install/map_manager/include/map_manager/map_manager/srv/detail/add_obstacle__type_support.c
[1.238s] -- Up-to-date: /home/aqib/ros_learning/ros2_3/install/map_manager/include/map_manager/map_manager/msg
[1.238s] -- Up-to-date: /home/aqib/ros_learning/ros2_3/install/map_manager/include/map_manager/map_manager/msg/detail
[1.239s] -- Up-to-date: /home/aqib/ros_learning/ros2_3/install/map_manager/include/map_manager/map_manager/msg/detail/map_state__type_support.c
[1.239s] -- Up-to-date: /home/aqib/ros_learning/ros2_3/install/map_manager/include/map_manager/map_manager/msg/detail/map_state__rosidl_typesupport_introspection_c.h
[1.239s] -- Up-to-date: /home/aqib/ros_learning/ros2_3/install/map_manager/include/map_manager/map_manager/msg/rosidl_typesupport_introspection_c__visibility_control.h
[1.239s] -- Up-to-date: /home/aqib/ros_learning/ros2_3/install/map_manager/lib/libmap_manager__rosidl_typesupport_introspection_c.so
[1.239s] -- Up-to-date: /home/aqib/ros_learning/ros2_3/install/map_manager/lib/libmap_manager__rosidl_typesupport_c.so
[1.239s] -- Up-to-date: /home/aqib/ros_learning/ros2_3/install/map_manager/include/map_manager/map_manager
[1.239s] -- Up-to-date: /home/aqib/ros_learning/ros2_3/install/map_manager/include/map_manager/map_manager/srv
[1.239s] -- Up-to-date: /home/aqib/ros_learning/ros2_3/install/map_manager/include/map_manager/map_manager/srv/detail
[1.239s] -- Up-to-date: /home/aqib/ros_learning/ros2_3/install/map_manager/include/map_manager/map_manager/srv/detail/add_victim__type_support.cpp
[1.239s] -- Up-to-date: /home/aqib/ros_learning/ros2_3/install/map_manager/include/map_manager/map_manager/srv/detail/add_victim__rosidl_typesupport_introspection_cpp.hpp
[1.239s] -- Up-to-date: /home/aqib/ros_learning/ros2_3/install/map_manager/include/map_manager/map_manager/srv/detail/add_obstacle__rosidl_typesupport_introspection_cpp.hpp
[1.239s] -- Up-to-date: /home/aqib/ros_learning/ros2_3/install/map_manager/include/map_manager/map_manager/srv/detail/add_obstacle__type_support.cpp
[1.239s] -- Up-to-date: /home/aqib/ros_learning/ros2_3/install/map_manager/include/map_manager/map_manager/msg
[1.239s] -- Up-to-date: /home/aqib/ros_learning/ros2_3/install/map_manager/include/map_manager/map_manager/msg/detail
[1.239s] -- Up-to-date: /home/aqib/ros_learning/ros2_3/install/map_manager/include/map_manager/map_manager/msg/detail/map_state__type_support.cpp
[1.239s] -- Up-to-date: /home/aqib/ros_learning/ros2_3/install/map_manager/include/map_manager/map_manager/msg/detail/map_state__rosidl_typesupport_introspection_cpp.hpp
[1.239s] -- Up-to-date: /home/aqib/ros_learning/ros2_3/install/map_manager/lib/libmap_manager__rosidl_typesupport_introspection_cpp.so
[1.240s] -- Up-to-date: /home/aqib/ros_learning/ros2_3/install/map_manager/lib/libmap_manager__rosidl_typesupport_cpp.so
[1.240s] -- Up-to-date: /home/aqib/ros_learning/ros2_3/install/map_manager/share/map_manager/environment/pythonpath.sh
[1.240s] -- Installing: /home/aqib/ros_learning/ros2_3/install/map_manager/share/map_manager/environment/pythonpath.dsv
[1.240s] -- Up-to-date: /home/aqib/ros_learning/ros2_3/install/map_manager/local/lib/python3.10/dist-packages/map_manager-0.0.0-py3.10.egg-info
[1.240s] -- Installing: /home/aqib/ros_learning/ros2_3/install/map_manager/local/lib/python3.10/dist-packages/map_manager-0.0.0-py3.10.egg-info/top_level.txt
[1.240s] -- Installing: /home/aqib/ros_learning/ros2_3/install/map_manager/local/lib/python3.10/dist-packages/map_manager-0.0.0-py3.10.egg-info/dependency_links.txt
[1.240s] -- Installing: /home/aqib/ros_learning/ros2_3/install/map_manager/local/lib/python3.10/dist-packages/map_manager-0.0.0-py3.10.egg-info/SOURCES.txt
[1.240s] -- Installing: /home/aqib/ros_learning/ros2_3/install/map_manager/local/lib/python3.10/dist-packages/map_manager-0.0.0-py3.10.egg-info/PKG-INFO
[1.240s] -- Up-to-date: /home/aqib/ros_learning/ros2_3/install/map_manager/local/lib/python3.10/dist-packages/map_manager
[1.240s] -- Installing: /home/aqib/ros_learning/ros2_3/install/map_manager/local/lib/python3.10/dist-packages/map_manager/__init__.py
[1.240s] -- Up-to-date: /home/aqib/ros_learning/ros2_3/install/map_manager/local/lib/python3.10/dist-packages/map_manager/map_manager_s__rosidl_typesupport_fastrtps_c.cpython-310-x86_64-linux-gnu.so
[1.240s] -- Up-to-date: /home/aqib/ros_learning/ros2_3/install/map_manager/local/lib/python3.10/dist-packages/map_manager/_map_manager_s.ep.rosidl_typesupport_c.c
[1.240s] -- Up-to-date: /home/aqib/ros_learning/ros2_3/install/map_manager/local/lib/python3.10/dist-packages/map_manager/_map_manager_s.ep.rosidl_typesupport_fastrtps_c.c
[1.240s] -- Up-to-date: /home/aqib/ros_learning/ros2_3/install/map_manager/local/lib/python3.10/dist-packages/map_manager/map_manager_s__rosidl_typesupport_introspection_c.cpython-310-x86_64-linux-gnu.so
[1.240s] -- Up-to-date: /home/aqib/ros_learning/ros2_3/install/map_manager/local/lib/python3.10/dist-packages/map_manager/libmap_manager__rosidl_generator_py.so
[1.240s] -- Up-to-date: /home/aqib/ros_learning/ros2_3/install/map_manager/local/lib/python3.10/dist-packages/map_manager/srv
[1.240s] -- Up-to-date: /home/aqib/ros_learning/ros2_3/install/map_manager/local/lib/python3.10/dist-packages/map_manager/srv/__init__.py
[1.241s] -- Up-to-date: /home/aqib/ros_learning/ros2_3/install/map_manager/local/lib/python3.10/dist-packages/map_manager/srv/_add_obstacle.py
[1.241s] -- Up-to-date: /home/aqib/ros_learning/ros2_3/install/map_manager/local/lib/python3.10/dist-packages/map_manager/srv/_add_obstacle_s.c
[1.241s] -- Up-to-date: /home/aqib/ros_learning/ros2_3/install/map_manager/local/lib/python3.10/dist-packages/map_manager/srv/_add_victim.py
[1.241s] -- Up-to-date: /home/aqib/ros_learning/ros2_3/install/map_manager/local/lib/python3.10/dist-packages/map_manager/srv/_add_victim_s.c
[1.241s] -- Up-to-date: /home/aqib/ros_learning/ros2_3/install/map_manager/local/lib/python3.10/dist-packages/map_manager/map_manager_s__rosidl_typesupport_c.cpython-310-x86_64-linux-gnu.so
[1.241s] -- Up-to-date: /home/aqib/ros_learning/ros2_3/install/map_manager/local/lib/python3.10/dist-packages/map_manager/_map_manager_s.ep.rosidl_typesupport_introspection_c.c
[1.241s] -- Up-to-date: /home/aqib/ros_learning/ros2_3/install/map_manager/local/lib/python3.10/dist-packages/map_manager/msg
[1.241s] -- Up-to-date: /home/aqib/ros_learning/ros2_3/install/map_manager/local/lib/python3.10/dist-packages/map_manager/msg/__init__.py
[1.241s] -- Up-to-date: /home/aqib/ros_learning/ros2_3/install/map_manager/local/lib/python3.10/dist-packages/map_manager/msg/_map_state_s.c
[1.241s] -- Up-to-date: /home/aqib/ros_learning/ros2_3/install/map_manager/local/lib/python3.10/dist-packages/map_manager/msg/_map_state.py
[1.265s] Listing '/home/aqib/ros_learning/ros2_3/install/map_manager/local/lib/python3.10/dist-packages/map_manager'...
[1.265s] Compiling '/home/aqib/ros_learning/ros2_3/install/map_manager/local/lib/python3.10/dist-packages/map_manager/__init__.py'...
[1.265s] Listing '/home/aqib/ros_learning/ros2_3/install/map_manager/local/lib/python3.10/dist-packages/map_manager/msg'...
[1.265s] Listing '/home/aqib/ros_learning/ros2_3/install/map_manager/local/lib/python3.10/dist-packages/map_manager/srv'...
[1.268s] -- Up-to-date: /home/aqib/ros_learning/ros2_3/install/map_manager/local/lib/python3.10/dist-packages/map_manager/map_manager_s__rosidl_typesupport_fastrtps_c.cpython-310-x86_64-linux-gnu.so
[1.268s] -- Up-to-date: /home/aqib/ros_learning/ros2_3/install/map_manager/local/lib/python3.10/dist-packages/map_manager/map_manager_s__rosidl_typesupport_introspection_c.cpython-310-x86_64-linux-gnu.so
[1.268s] -- Up-to-date: /home/aqib/ros_learning/ros2_3/install/map_manager/local/lib/python3.10/dist-packages/map_manager/map_manager_s__rosidl_typesupport_c.cpython-310-x86_64-linux-gnu.so
[1.269s] -- Up-to-date: /home/aqib/ros_learning/ros2_3/install/map_manager/lib/libmap_manager__rosidl_generator_py.so
[1.269s] -- Up-to-date: /home/aqib/ros_learning/ros2_3/install/map_manager/share/map_manager/msg/MapState.idl
[1.269s] -- Up-to-date: /home/aqib/ros_learning/ros2_3/install/map_manager/share/map_manager/srv/AddObstacle.idl
[1.269s] -- Up-to-date: /home/aqib/ros_learning/ros2_3/install/map_manager/share/map_manager/srv/AddVictim.idl
[1.269s] -- Up-to-date: /home/aqib/ros_learning/ros2_3/install/map_manager/share/map_manager/msg/MapState.msg
[1.269s] -- Up-to-date: /home/aqib/ros_learning/ros2_3/install/map_manager/share/map_manager/srv/AddObstacle.srv
[1.269s] -- Up-to-date: /home/aqib/ros_learning/ros2_3/install/map_manager/share/map_manager/srv/AddObstacle_Request.msg
[1.269s] -- Up-to-date: /home/aqib/ros_learning/ros2_3/install/map_manager/share/map_manager/srv/AddObstacle_Response.msg
[1.269s] -- Up-to-date: /home/aqib/ros_learning/ros2_3/install/map_manager/share/map_manager/srv/AddVictim.srv
[1.269s] -- Up-to-date: /home/aqib/ros_learning/ros2_3/install/map_manager/share/map_manager/srv/AddVictim_Request.msg
[1.269s] -- Up-to-date: /home/aqib/ros_learning/ros2_3/install/map_manager/share/map_manager/srv/AddVictim_Response.msg
[1.269s] -- Up-to-date: /home/aqib/ros_learning/ros2_3/install/map_manager/lib/map_manager/map_publish
[1.269s] -- Up-to-date: /home/aqib/ros_learning/ros2_3/install/map_manager/lib/map_manager/map_subscribe
[1.269s] -- Up-to-date: /home/aqib/ros_learning/ros2_3/install/map_manager/share/ament_index/resource_index/package_run_dependencies/map_manager
[1.270s] -- Up-to-date: /home/aqib/ros_learning/ros2_3/install/map_manager/share/ament_index/resource_index/parent_prefix_path/map_manager
[1.270s] -- Up-to-date: /home/aqib/ros_learning/ros2_3/install/map_manager/share/map_manager/environment/ament_prefix_path.sh
[1.270s] -- Installing: /home/aqib/ros_learning/ros2_3/install/map_manager/share/map_manager/environment/ament_prefix_path.dsv
[1.270s] -- Up-to-date: /home/aqib/ros_learning/ros2_3/install/map_manager/share/map_manager/environment/path.sh
[1.270s] -- Installing: /home/aqib/ros_learning/ros2_3/install/map_manager/share/map_manager/environment/path.dsv
[1.270s] -- Up-to-date: /home/aqib/ros_learning/ros2_3/install/map_manager/share/map_manager/local_setup.bash
[1.270s] -- Up-to-date: /home/aqib/ros_learning/ros2_3/install/map_manager/share/map_manager/local_setup.sh
[1.270s] -- Up-to-date: /home/aqib/ros_learning/ros2_3/install/map_manager/share/map_manager/local_setup.zsh
[1.270s] -- Installing: /home/aqib/ros_learning/ros2_3/install/map_manager/share/map_manager/local_setup.dsv
[1.270s] -- Installing: /home/aqib/ros_learning/ros2_3/install/map_manager/share/map_manager/package.dsv
[1.270s] -- Up-to-date: /home/aqib/ros_learning/ros2_3/install/map_manager/share/ament_index/resource_index/packages/map_manager
[1.270s] -- Up-to-date: /home/aqib/ros_learning/ros2_3/install/map_manager/share/map_manager/cmake/export_map_manager__rosidl_generator_cExport.cmake
[1.270s] -- Up-to-date: /home/aqib/ros_learning/ros2_3/install/map_manager/share/map_manager/cmake/export_map_manager__rosidl_generator_cExport-noconfig.cmake
[1.270s] -- Up-to-date: /home/aqib/ros_learning/ros2_3/install/map_manager/share/map_manager/cmake/export_map_manager__rosidl_typesupport_fastrtps_cExport.cmake
[1.271s] -- Up-to-date: /home/aqib/ros_learning/ros2_3/install/map_manager/share/map_manager/cmake/export_map_manager__rosidl_typesupport_fastrtps_cExport-noconfig.cmake
[1.271s] -- Up-to-date: /home/aqib/ros_learning/ros2_3/install/map_manager/share/map_manager/cmake/export_map_manager__rosidl_generator_cppExport.cmake
[1.271s] -- Up-to-date: /home/aqib/ros_learning/ros2_3/install/map_manager/share/map_manager/cmake/export_map_manager__rosidl_typesupport_fastrtps_cppExport.cmake
[1.271s] -- Up-to-date: /home/aqib/ros_learning/ros2_3/install/map_manager/share/map_manager/cmake/export_map_manager__rosidl_typesupport_fastrtps_cppExport-noconfig.cmake
[1.271s] -- Up-to-date: /home/aqib/ros_learning/ros2_3/install/map_manager/share/map_manager/cmake/map_manager__rosidl_typesupport_introspection_cExport.cmake
[1.271s] -- Up-to-date: /home/aqib/ros_learning/ros2_3/install/map_manager/share/map_manager/cmake/map_manager__rosidl_typesupport_introspection_cExport-noconfig.cmake
[1.271s] -- Up-to-date: /home/aqib/ros_learning/ros2_3/install/map_manager/share/map_manager/cmake/map_manager__rosidl_typesupport_cExport.cmake
[1.271s] -- Up-to-date: /home/aqib/ros_learning/ros2_3/install/map_manager/share/map_manager/cmake/map_manager__rosidl_typesupport_cExport-noconfig.cmake
[1.271s] -- Up-to-date: /home/aqib/ros_learning/ros2_3/install/map_manager/share/map_manager/cmake/map_manager__rosidl_typesupport_introspection_cppExport.cmake
[1.271s] -- Up-to-date: /home/aqib/ros_learning/ros2_3/install/map_manager/share/map_manager/cmake/map_manager__rosidl_typesupport_introspection_cppExport-noconfig.cmake
[1.271s] -- Up-to-date: /home/aqib/ros_learning/ros2_3/install/map_manager/share/map_manager/cmake/map_manager__rosidl_typesupport_cppExport.cmake
[1.271s] -- Up-to-date: /home/aqib/ros_learning/ros2_3/install/map_manager/share/map_manager/cmake/map_manager__rosidl_typesupport_cppExport-noconfig.cmake
[1.271s] -- Up-to-date: /home/aqib/ros_learning/ros2_3/install/map_manager/share/map_manager/cmake/export_map_manager__rosidl_generator_pyExport.cmake
[1.271s] -- Up-to-date: /home/aqib/ros_learning/ros2_3/install/map_manager/share/map_manager/cmake/export_map_manager__rosidl_generator_pyExport-noconfig.cmake
[1.271s] -- Up-to-date: /home/aqib/ros_learning/ros2_3/install/map_manager/share/map_manager/cmake/rosidl_cmake-extras.cmake
[1.271s] -- Up-to-date: /home/aqib/ros_learning/ros2_3/install/map_manager/share/map_manager/cmake/ament_cmake_export_dependencies-extras.cmake
[1.271s] -- Up-to-date: /home/aqib/ros_learning/ros2_3/install/map_manager/share/map_manager/cmake/ament_cmake_export_include_directories-extras.cmake
[1.272s] -- Up-to-date: /home/aqib/ros_learning/ros2_3/install/map_manager/share/map_manager/cmake/ament_cmake_export_libraries-extras.cmake
[1.272s] -- Up-to-date: /home/aqib/ros_learning/ros2_3/install/map_manager/share/map_manager/cmake/ament_cmake_export_targets-extras.cmake
[1.272s] -- Up-to-date: /home/aqib/ros_learning/ros2_3/install/map_manager/share/map_manager/cmake/rosidl_cmake_export_typesupport_targets-extras.cmake
[1.272s] -- Up-to-date: /home/aqib/ros_learning/ros2_3/install/map_manager/share/map_manager/cmake/rosidl_cmake_export_typesupport_libraries-extras.cmake
[1.272s] -- Up-to-date: /home/aqib/ros_learning/ros2_3/install/map_manager/share/map_manager/cmake/map_managerConfig.cmake
[1.272s] -- Up-to-date: /home/aqib/ros_learning/ros2_3/install/map_manager/share/map_manager/cmake/map_managerConfig-version.cmake
[1.272s] -- Up-to-date: /home/aqib/ros_learning/ros2_3/install/map_manager/share/map_manager/package.xml
[1.273s] Invoked command in '/home/aqib/ros_learning/ros2_3/build/map_manager' returned '0': CMAKE_PREFIX_PATH=${CMAKE_PREFIX_PATH}:/home/aqib/ros_learning/ros2_test/install/launch_testing_examples:/home/aqib/ros_learning/ros2_test/install/examples_rclpy_pointcloud_publisher:/home/aqib/ros_learning/ros2_test/install/examples_rclpy_minimal_subscriber:/home/aqib/ros_learning/ros2_test/install/examples_rclpy_minimal_service:/home/aqib/ros_learning/ros2_test/install/examples_rclpy_minimal_publisher:/home/aqib/ros_learning/ros2_test/install/examples_rclpy_minimal_client:/home/aqib/ros_learning/ros2_test/install/examples_rclpy_minimal_action_server:/home/aqib/ros_learning/ros2_test/install/examples_rclpy_minimal_action_client:/home/aqib/ros_learning/ros2_test/install/examples_rclpy_guard_conditions:/home/aqib/ros_learning/ros2_test/install/examples_rclpy_executors:/home/aqib/ros2_ws/install/my_robot_controller:/opt/ros/humble /usr/bin/cmake --install /home/aqib/ros_learning/ros2_3/build/map_manager
